[2025-01-26T18:42:25.654+0000] {local_task_job_runner.py:123} INFO - ::group::Pre task execution logs
[2025-01-26T18:42:25.676+0000] {taskinstance.py:2613} INFO - Dependencies all met for dep_context=non-requeueable deps ti=<TaskInstance: simulative_example_basic_dag.print_hello scheduled__2025-01-25T00:00:00+00:00 [queued]>
[2025-01-26T18:42:25.686+0000] {taskinstance.py:2613} INFO - Dependencies all met for dep_context=requeueable deps ti=<TaskInstance: simulative_example_basic_dag.print_hello scheduled__2025-01-25T00:00:00+00:00 [queued]>
[2025-01-26T18:42:25.688+0000] {taskinstance.py:2866} INFO - Starting attempt 1 of 1
[2025-01-26T18:42:25.707+0000] {taskinstance.py:2889} INFO - Executing <Task(_PythonDecoratedOperator): print_hello> on 2025-01-25 00:00:00+00:00
[2025-01-26T18:42:25.717+0000] {warnings.py:112} WARNING - /home/***/.local/lib/python3.12/site-packages/***/task/task_runner/standard_task_runner.py:70: DeprecationWarning: This process (pid=74) is multi-threaded, use of fork() may lead to deadlocks in the child.
  pid = os.fork()

[2025-01-26T18:42:25.720+0000] {standard_task_runner.py:72} INFO - Started process 84 to run task
[2025-01-26T18:42:25.729+0000] {standard_task_runner.py:104} INFO - Running: ['***', 'tasks', 'run', 'simulative_example_basic_dag', 'print_hello', 'scheduled__2025-01-25T00:00:00+00:00', '--job-id', '6', '--raw', '--subdir', 'DAGS_FOLDER/simulative_example_basic_dag.py', '--cfg-path', '/tmp/tmp3a8d93ro']
[2025-01-26T18:42:25.730+0000] {standard_task_runner.py:105} INFO - Job 6: Subtask print_hello
[2025-01-26T18:42:26.807+0000] {task_command.py:467} INFO - Running <TaskInstance: simulative_example_basic_dag.print_hello scheduled__2025-01-25T00:00:00+00:00 [running]> on host 3cfc25a6c20c
[2025-01-26T18:42:27.024+0000] {taskinstance.py:3132} INFO - Exporting env vars: AIRFLOW_CTX_DAG_OWNER='***' AIRFLOW_CTX_DAG_ID='simulative_example_basic_dag' AIRFLOW_CTX_TASK_ID='print_hello' AIRFLOW_CTX_EXECUTION_DATE='2025-01-25T00:00:00+00:00' AIRFLOW_CTX_TRY_NUMBER='1' AIRFLOW_CTX_DAG_RUN_ID='scheduled__2025-01-25T00:00:00+00:00'
[2025-01-26T18:42:27.029+0000] {logging_mixin.py:190} INFO - Task instance is in running state
[2025-01-26T18:42:27.032+0000] {logging_mixin.py:190} INFO -  Previous state of the Task instance: queued
[2025-01-26T18:42:27.033+0000] {logging_mixin.py:190} INFO - Current task name:print_hello state:running start_date:2025-01-26 18:42:25.678521+00:00
[2025-01-26T18:42:27.034+0000] {logging_mixin.py:190} INFO - Dag name:simulative_example_basic_dag and current dag run status:running
[2025-01-26T18:42:27.035+0000] {taskinstance.py:731} INFO - ::endgroup::
[2025-01-26T18:42:27.038+0000] {logging_mixin.py:190} INFO - Hello, Simulative!
[2025-01-26T18:42:27.046+0000] {python.py:240} INFO - Done. Returned value was: None
[2025-01-26T18:42:27.096+0000] {taskinstance.py:340} INFO - ::group::Post task execution logs
[2025-01-26T18:42:27.099+0000] {taskinstance.py:352} INFO - Marking task as SUCCESS. dag_id=simulative_example_basic_dag, task_id=print_hello, run_id=scheduled__2025-01-25T00:00:00+00:00, execution_date=20250125T000000, start_date=20250126T184225, end_date=20250126T184227
[2025-01-26T18:42:27.117+0000] {logging_mixin.py:190} INFO - Task instance in success state
[2025-01-26T18:42:27.119+0000] {logging_mixin.py:190} INFO -  Previous state of the Task instance: running
[2025-01-26T18:42:27.119+0000] {logging_mixin.py:190} INFO - Dag name:simulative_example_basic_dag queued_at:2025-01-26 18:42:18.367876+00:00
[2025-01-26T18:42:27.122+0000] {logging_mixin.py:190} INFO - Task hostname:3cfc25a6c20c operator:_PythonDecoratedOperator
[2025-01-26T18:42:27.184+0000] {local_task_job_runner.py:266} INFO - Task exited with return code 0
[2025-01-26T18:42:27.262+0000] {local_task_job_runner.py:245} INFO - ::endgroup::
[2025-01-26T18:46:38.064+0000] {local_task_job_runner.py:123} INFO - ::group::Pre task execution logs
[2025-01-26T18:46:38.085+0000] {taskinstance.py:2613} INFO - Dependencies all met for dep_context=non-requeueable deps ti=<TaskInstance: simulative_example_basic_dag.print_hello scheduled__2025-01-25T00:00:00+00:00 [queued]>
[2025-01-26T18:46:38.091+0000] {taskinstance.py:2613} INFO - Dependencies all met for dep_context=requeueable deps ti=<TaskInstance: simulative_example_basic_dag.print_hello scheduled__2025-01-25T00:00:00+00:00 [queued]>
[2025-01-26T18:46:38.091+0000] {taskinstance.py:2866} INFO - Starting attempt 1 of 1
[2025-01-26T18:46:38.104+0000] {taskinstance.py:2889} INFO - Executing <Task(_PythonDecoratedOperator): print_hello> on 2025-01-25 00:00:00+00:00
[2025-01-26T18:46:38.110+0000] {warnings.py:112} WARNING - /home/***/.local/lib/python3.12/site-packages/***/task/task_runner/standard_task_runner.py:70: DeprecationWarning: This process (pid=74) is multi-threaded, use of fork() may lead to deadlocks in the child.
  pid = os.fork()

[2025-01-26T18:46:38.113+0000] {standard_task_runner.py:72} INFO - Started process 79 to run task
[2025-01-26T18:46:38.118+0000] {standard_task_runner.py:104} INFO - Running: ['***', 'tasks', 'run', 'simulative_example_basic_dag', 'print_hello', 'scheduled__2025-01-25T00:00:00+00:00', '--job-id', '8', '--raw', '--subdir', 'DAGS_FOLDER/simulative_example_basic_dag.py', '--cfg-path', '/tmp/tmps7g1ww3t']
[2025-01-26T18:46:38.124+0000] {standard_task_runner.py:105} INFO - Job 8: Subtask print_hello
[2025-01-26T18:46:39.281+0000] {task_command.py:467} INFO - Running <TaskInstance: simulative_example_basic_dag.print_hello scheduled__2025-01-25T00:00:00+00:00 [running]> on host f0b50da05317
[2025-01-26T18:46:39.399+0000] {taskinstance.py:3132} INFO - Exporting env vars: AIRFLOW_CTX_DAG_OWNER='***' AIRFLOW_CTX_DAG_ID='simulative_example_basic_dag' AIRFLOW_CTX_TASK_ID='print_hello' AIRFLOW_CTX_EXECUTION_DATE='2025-01-25T00:00:00+00:00' AIRFLOW_CTX_TRY_NUMBER='1' AIRFLOW_CTX_DAG_RUN_ID='scheduled__2025-01-25T00:00:00+00:00'
[2025-01-26T18:46:39.400+0000] {logging_mixin.py:190} INFO - Task instance is in running state
[2025-01-26T18:46:39.401+0000] {logging_mixin.py:190} INFO -  Previous state of the Task instance: queued
[2025-01-26T18:46:39.401+0000] {logging_mixin.py:190} INFO - Current task name:print_hello state:running start_date:2025-01-26 18:46:38.086153+00:00
[2025-01-26T18:46:39.402+0000] {logging_mixin.py:190} INFO - Dag name:simulative_example_basic_dag and current dag run status:running
[2025-01-26T18:46:39.402+0000] {taskinstance.py:731} INFO - ::endgroup::
[2025-01-26T18:46:39.406+0000] {logging_mixin.py:190} INFO - Hello, Simulative!
[2025-01-26T18:46:39.407+0000] {python.py:240} INFO - Done. Returned value was: None
[2025-01-26T18:46:39.421+0000] {taskinstance.py:340} INFO - ::group::Post task execution logs
[2025-01-26T18:46:39.422+0000] {taskinstance.py:352} INFO - Marking task as SUCCESS. dag_id=simulative_example_basic_dag, task_id=print_hello, run_id=scheduled__2025-01-25T00:00:00+00:00, execution_date=20250125T000000, start_date=20250126T184638, end_date=20250126T184639
[2025-01-26T18:46:39.438+0000] {logging_mixin.py:190} INFO - Task instance in success state
[2025-01-26T18:46:39.440+0000] {logging_mixin.py:190} INFO -  Previous state of the Task instance: running
[2025-01-26T18:46:39.440+0000] {logging_mixin.py:190} INFO - Dag name:simulative_example_basic_dag queued_at:2025-01-26 18:46:33.970706+00:00
[2025-01-26T18:46:39.441+0000] {logging_mixin.py:190} INFO - Task hostname:f0b50da05317 operator:_PythonDecoratedOperator
[2025-01-26T18:46:39.475+0000] {local_task_job_runner.py:266} INFO - Task exited with return code 0
[2025-01-26T18:46:39.766+0000] {taskinstance.py:3895} INFO - 0 downstream tasks scheduled from follow-on schedule check
[2025-01-26T18:46:39.768+0000] {local_task_job_runner.py:245} INFO - ::endgroup::
[2025-01-26T18:52:12.664+0000] {local_task_job_runner.py:123} INFO - ::group::Pre task execution logs
[2025-01-26T18:52:12.673+0000] {taskinstance.py:2613} INFO - Dependencies all met for dep_context=non-requeueable deps ti=<TaskInstance: simulative_example_basic_dag.print_hello scheduled__2025-01-25T00:00:00+00:00 [queued]>
[2025-01-26T18:52:12.678+0000] {taskinstance.py:2613} INFO - Dependencies all met for dep_context=requeueable deps ti=<TaskInstance: simulative_example_basic_dag.print_hello scheduled__2025-01-25T00:00:00+00:00 [queued]>
[2025-01-26T18:52:12.678+0000] {taskinstance.py:2866} INFO - Starting attempt 1 of 1
[2025-01-26T18:52:12.685+0000] {taskinstance.py:2889} INFO - Executing <Task(_PythonDecoratedOperator): print_hello> on 2025-01-25 00:00:00+00:00
[2025-01-26T18:52:12.692+0000] {warnings.py:112} WARNING - /home/***/.local/lib/python3.12/site-packages/***/task/task_runner/standard_task_runner.py:70: DeprecationWarning: This process (pid=70) is multi-threaded, use of fork() may lead to deadlocks in the child.
  pid = os.fork()

[2025-01-26T18:52:12.694+0000] {standard_task_runner.py:72} INFO - Started process 79 to run task
[2025-01-26T18:52:12.698+0000] {standard_task_runner.py:104} INFO - Running: ['***', 'tasks', 'run', 'simulative_example_basic_dag', 'print_hello', 'scheduled__2025-01-25T00:00:00+00:00', '--job-id', '6', '--raw', '--subdir', 'DAGS_FOLDER/simulative_example_basic_dag.py', '--cfg-path', '/tmp/tmp4o_ujrmo']
[2025-01-26T18:52:12.700+0000] {standard_task_runner.py:105} INFO - Job 6: Subtask print_hello
[2025-01-26T18:52:12.733+0000] {task_command.py:467} INFO - Running <TaskInstance: simulative_example_basic_dag.print_hello scheduled__2025-01-25T00:00:00+00:00 [running]> on host 7f022d612633
[2025-01-26T18:52:13.184+0000] {taskinstance.py:3132} INFO - Exporting env vars: AIRFLOW_CTX_DAG_OWNER='***' AIRFLOW_CTX_DAG_ID='simulative_example_basic_dag' AIRFLOW_CTX_TASK_ID='print_hello' AIRFLOW_CTX_EXECUTION_DATE='2025-01-25T00:00:00+00:00' AIRFLOW_CTX_TRY_NUMBER='1' AIRFLOW_CTX_DAG_RUN_ID='scheduled__2025-01-25T00:00:00+00:00'
[2025-01-26T18:52:13.184+0000] {logging_mixin.py:190} INFO - Task instance is in running state
[2025-01-26T18:52:13.185+0000] {logging_mixin.py:190} INFO -  Previous state of the Task instance: queued
[2025-01-26T18:52:13.185+0000] {logging_mixin.py:190} INFO - Current task name:print_hello state:running start_date:2025-01-26 18:52:12.673962+00:00
[2025-01-26T18:52:13.185+0000] {logging_mixin.py:190} INFO - Dag name:simulative_example_basic_dag and current dag run status:running
[2025-01-26T18:52:13.186+0000] {taskinstance.py:731} INFO - ::endgroup::
[2025-01-26T18:52:13.187+0000] {logging_mixin.py:190} INFO - Hello, Simulative!
[2025-01-26T18:52:13.187+0000] {python.py:240} INFO - Done. Returned value was: None
[2025-01-26T18:52:13.194+0000] {taskinstance.py:340} INFO - ::group::Post task execution logs
[2025-01-26T18:52:13.195+0000] {taskinstance.py:352} INFO - Marking task as SUCCESS. dag_id=simulative_example_basic_dag, task_id=print_hello, run_id=scheduled__2025-01-25T00:00:00+00:00, execution_date=20250125T000000, start_date=20250126T185212, end_date=20250126T185213
[2025-01-26T18:52:13.202+0000] {logging_mixin.py:190} INFO - Task instance in success state
[2025-01-26T18:52:13.203+0000] {logging_mixin.py:190} INFO -  Previous state of the Task instance: running
[2025-01-26T18:52:13.204+0000] {logging_mixin.py:190} INFO - Dag name:simulative_example_basic_dag queued_at:2025-01-26 18:52:09.254469+00:00
[2025-01-26T18:52:13.205+0000] {logging_mixin.py:190} INFO - Task hostname:7f022d612633 operator:_PythonDecoratedOperator
[2025-01-26T18:52:13.245+0000] {local_task_job_runner.py:266} INFO - Task exited with return code 0
[2025-01-26T18:52:13.264+0000] {local_task_job_runner.py:245} INFO - ::endgroup::
[2025-01-26T18:53:58.823+0000] {local_task_job_runner.py:123} INFO - ::group::Pre task execution logs
[2025-01-26T18:53:58.832+0000] {taskinstance.py:2613} INFO - Dependencies all met for dep_context=non-requeueable deps ti=<TaskInstance: simulative_example_basic_dag.print_hello scheduled__2025-01-25T00:00:00+00:00 [queued]>
[2025-01-26T18:53:58.836+0000] {taskinstance.py:2613} INFO - Dependencies all met for dep_context=requeueable deps ti=<TaskInstance: simulative_example_basic_dag.print_hello scheduled__2025-01-25T00:00:00+00:00 [queued]>
[2025-01-26T18:53:58.837+0000] {taskinstance.py:2866} INFO - Starting attempt 1 of 1
[2025-01-26T18:53:58.845+0000] {taskinstance.py:2889} INFO - Executing <Task(_PythonDecoratedOperator): print_hello> on 2025-01-25 00:00:00+00:00
[2025-01-26T18:53:58.852+0000] {warnings.py:112} WARNING - /home/***/.local/lib/python3.12/site-packages/***/task/task_runner/standard_task_runner.py:70: DeprecationWarning: This process (pid=70) is multi-threaded, use of fork() may lead to deadlocks in the child.
  pid = os.fork()

[2025-01-26T18:53:58.853+0000] {standard_task_runner.py:72} INFO - Started process 75 to run task
[2025-01-26T18:53:58.853+0000] {standard_task_runner.py:104} INFO - Running: ['***', 'tasks', 'run', 'simulative_example_basic_dag', 'print_hello', 'scheduled__2025-01-25T00:00:00+00:00', '--job-id', '3', '--raw', '--subdir', 'DAGS_FOLDER/simulative_example_basic_dag.py', '--cfg-path', '/tmp/tmper9cxjv0']
[2025-01-26T18:53:58.854+0000] {standard_task_runner.py:105} INFO - Job 3: Subtask print_hello
[2025-01-26T18:53:58.893+0000] {task_command.py:467} INFO - Running <TaskInstance: simulative_example_basic_dag.print_hello scheduled__2025-01-25T00:00:00+00:00 [running]> on host b82bd748d7ce
[2025-01-26T18:53:59.378+0000] {taskinstance.py:3132} INFO - Exporting env vars: AIRFLOW_CTX_DAG_OWNER='***' AIRFLOW_CTX_DAG_ID='simulative_example_basic_dag' AIRFLOW_CTX_TASK_ID='print_hello' AIRFLOW_CTX_EXECUTION_DATE='2025-01-25T00:00:00+00:00' AIRFLOW_CTX_TRY_NUMBER='1' AIRFLOW_CTX_DAG_RUN_ID='scheduled__2025-01-25T00:00:00+00:00'
[2025-01-26T18:53:59.379+0000] {logging_mixin.py:190} INFO - Task instance is in running state
[2025-01-26T18:53:59.379+0000] {logging_mixin.py:190} INFO -  Previous state of the Task instance: queued
[2025-01-26T18:53:59.379+0000] {logging_mixin.py:190} INFO - Current task name:print_hello state:running start_date:2025-01-26 18:53:58.832711+00:00
[2025-01-26T18:53:59.380+0000] {logging_mixin.py:190} INFO - Dag name:simulative_example_basic_dag and current dag run status:running
[2025-01-26T18:53:59.381+0000] {taskinstance.py:731} INFO - ::endgroup::
[2025-01-26T18:53:59.381+0000] {logging_mixin.py:190} INFO - Hello, Simulative!
[2025-01-26T18:53:59.381+0000] {python.py:240} INFO - Done. Returned value was: None
[2025-01-26T18:53:59.386+0000] {taskinstance.py:340} INFO - ::group::Post task execution logs
[2025-01-26T18:53:59.387+0000] {taskinstance.py:352} INFO - Marking task as SUCCESS. dag_id=simulative_example_basic_dag, task_id=print_hello, run_id=scheduled__2025-01-25T00:00:00+00:00, execution_date=20250125T000000, start_date=20250126T185358, end_date=20250126T185359
[2025-01-26T18:53:59.393+0000] {logging_mixin.py:190} INFO - Task instance in success state
[2025-01-26T18:53:59.393+0000] {logging_mixin.py:190} INFO -  Previous state of the Task instance: running
[2025-01-26T18:53:59.394+0000] {logging_mixin.py:190} INFO - Dag name:simulative_example_basic_dag queued_at:2025-01-26 18:53:55.413788+00:00
[2025-01-26T18:53:59.394+0000] {logging_mixin.py:190} INFO - Task hostname:b82bd748d7ce operator:_PythonDecoratedOperator
[2025-01-26T18:53:59.444+0000] {local_task_job_runner.py:266} INFO - Task exited with return code 0
[2025-01-26T18:53:59.452+0000] {local_task_job_runner.py:245} INFO - ::endgroup::
