[2025-01-26T13:54:37.941+0000] {processor.py:186} INFO - Started process (PID=94) to work on /home/airflow/.local/lib/python3.12/site-packages/airflow/example_dags/example_bash_operator.py
[2025-01-26T13:54:37.941+0000] {processor.py:914} INFO - Processing file /home/airflow/.local/lib/python3.12/site-packages/airflow/example_dags/example_bash_operator.py for tasks to queue
[2025-01-26T13:54:37.942+0000] {logging_mixin.py:190} INFO - [2025-01-26T13:54:37.942+0000] {dagbag.py:588} INFO - Filling up the DagBag from /home/airflow/.local/lib/python3.12/site-packages/airflow/example_dags/example_bash_operator.py
[2025-01-26T13:54:37.950+0000] {processor.py:925} INFO - DAG(s) 'example_bash_operator' retrieved from /home/airflow/.local/lib/python3.12/site-packages/airflow/example_dags/example_bash_operator.py
[2025-01-26T13:54:38.007+0000] {logging_mixin.py:190} INFO - [2025-01-26T13:54:38.006+0000] {override.py:1911} INFO - Created Permission View: can delete on DAG:example_bash_operator
[2025-01-26T13:54:38.012+0000] {logging_mixin.py:190} INFO - [2025-01-26T13:54:38.012+0000] {override.py:1911} INFO - Created Permission View: can read on DAG:example_bash_operator
[2025-01-26T13:54:38.019+0000] {logging_mixin.py:190} INFO - [2025-01-26T13:54:38.019+0000] {override.py:1911} INFO - Created Permission View: can edit on DAG:example_bash_operator
[2025-01-26T13:54:38.023+0000] {logging_mixin.py:190} INFO - [2025-01-26T13:54:38.023+0000] {override.py:1911} INFO - Created Permission View: can create on DAG Run:example_bash_operator
[2025-01-26T13:54:38.025+0000] {logging_mixin.py:190} INFO - [2025-01-26T13:54:38.025+0000] {override.py:1911} INFO - Created Permission View: can delete on DAG Run:example_bash_operator
[2025-01-26T13:54:38.028+0000] {logging_mixin.py:190} INFO - [2025-01-26T13:54:38.028+0000] {override.py:1911} INFO - Created Permission View: can read on DAG Run:example_bash_operator
[2025-01-26T13:54:38.031+0000] {logging_mixin.py:190} INFO - [2025-01-26T13:54:38.031+0000] {override.py:1911} INFO - Created Permission View: menu access on DAG Run:example_bash_operator
[2025-01-26T13:54:38.031+0000] {logging_mixin.py:190} INFO - [2025-01-26T13:54:38.031+0000] {dag.py:3239} INFO - Sync 1 DAGs
[2025-01-26T13:54:38.038+0000] {logging_mixin.py:190} INFO - [2025-01-26T13:54:38.038+0000] {dag.py:3262} INFO - Creating ORM DAG for example_bash_operator
[2025-01-26T13:54:38.043+0000] {logging_mixin.py:190} INFO - [2025-01-26T13:54:38.043+0000] {dag.py:4180} INFO - Setting next_dagrun for example_bash_operator to 2025-01-25 00:00:00+00:00, run_after=2025-01-26 00:00:00+00:00
[2025-01-26T13:54:38.052+0000] {processor.py:208} INFO - Processing /home/airflow/.local/lib/python3.12/site-packages/airflow/example_dags/example_bash_operator.py took 0.114 seconds
[2025-01-26T13:55:08.206+0000] {processor.py:186} INFO - Started process (PID=157) to work on /home/airflow/.local/lib/python3.12/site-packages/airflow/example_dags/example_bash_operator.py
[2025-01-26T13:55:08.208+0000] {processor.py:914} INFO - Processing file /home/airflow/.local/lib/python3.12/site-packages/airflow/example_dags/example_bash_operator.py for tasks to queue
[2025-01-26T13:55:08.209+0000] {logging_mixin.py:190} INFO - [2025-01-26T13:55:08.209+0000] {dagbag.py:588} INFO - Filling up the DagBag from /home/airflow/.local/lib/python3.12/site-packages/airflow/example_dags/example_bash_operator.py
[2025-01-26T13:55:08.218+0000] {processor.py:925} INFO - DAG(s) 'example_bash_operator' retrieved from /home/airflow/.local/lib/python3.12/site-packages/airflow/example_dags/example_bash_operator.py
[2025-01-26T13:55:08.233+0000] {logging_mixin.py:190} INFO - [2025-01-26T13:55:08.233+0000] {dag.py:3239} INFO - Sync 1 DAGs
[2025-01-26T13:55:08.249+0000] {logging_mixin.py:190} INFO - [2025-01-26T13:55:08.249+0000] {dag.py:4180} INFO - Setting next_dagrun for example_bash_operator to 2025-01-25 00:00:00+00:00, run_after=2025-01-26 00:00:00+00:00
[2025-01-26T13:55:08.258+0000] {processor.py:208} INFO - Processing /home/airflow/.local/lib/python3.12/site-packages/airflow/example_dags/example_bash_operator.py took 0.056 seconds
[2025-01-26T13:55:38.399+0000] {processor.py:186} INFO - Started process (PID=219) to work on /home/airflow/.local/lib/python3.12/site-packages/airflow/example_dags/example_bash_operator.py
[2025-01-26T13:55:38.399+0000] {processor.py:914} INFO - Processing file /home/airflow/.local/lib/python3.12/site-packages/airflow/example_dags/example_bash_operator.py for tasks to queue
[2025-01-26T13:55:38.401+0000] {logging_mixin.py:190} INFO - [2025-01-26T13:55:38.401+0000] {dagbag.py:588} INFO - Filling up the DagBag from /home/airflow/.local/lib/python3.12/site-packages/airflow/example_dags/example_bash_operator.py
[2025-01-26T13:55:38.408+0000] {processor.py:925} INFO - DAG(s) 'example_bash_operator' retrieved from /home/airflow/.local/lib/python3.12/site-packages/airflow/example_dags/example_bash_operator.py
[2025-01-26T13:55:38.424+0000] {logging_mixin.py:190} INFO - [2025-01-26T13:55:38.424+0000] {dag.py:3239} INFO - Sync 1 DAGs
[2025-01-26T13:55:38.438+0000] {logging_mixin.py:190} INFO - [2025-01-26T13:55:38.438+0000] {dag.py:4180} INFO - Setting next_dagrun for example_bash_operator to 2025-01-25 00:00:00+00:00, run_after=2025-01-26 00:00:00+00:00
[2025-01-26T13:55:38.449+0000] {processor.py:208} INFO - Processing /home/airflow/.local/lib/python3.12/site-packages/airflow/example_dags/example_bash_operator.py took 0.055 seconds
[2025-01-26T13:56:08.626+0000] {processor.py:186} INFO - Started process (PID=281) to work on /home/airflow/.local/lib/python3.12/site-packages/airflow/example_dags/example_bash_operator.py
[2025-01-26T13:56:08.630+0000] {processor.py:914} INFO - Processing file /home/airflow/.local/lib/python3.12/site-packages/airflow/example_dags/example_bash_operator.py for tasks to queue
[2025-01-26T13:56:08.631+0000] {logging_mixin.py:190} INFO - [2025-01-26T13:56:08.631+0000] {dagbag.py:588} INFO - Filling up the DagBag from /home/airflow/.local/lib/python3.12/site-packages/airflow/example_dags/example_bash_operator.py
[2025-01-26T13:56:08.638+0000] {processor.py:925} INFO - DAG(s) 'example_bash_operator' retrieved from /home/airflow/.local/lib/python3.12/site-packages/airflow/example_dags/example_bash_operator.py
[2025-01-26T13:56:08.652+0000] {logging_mixin.py:190} INFO - [2025-01-26T13:56:08.652+0000] {dag.py:3239} INFO - Sync 1 DAGs
[2025-01-26T13:56:08.664+0000] {logging_mixin.py:190} INFO - [2025-01-26T13:56:08.664+0000] {dag.py:4180} INFO - Setting next_dagrun for example_bash_operator to 2025-01-25 00:00:00+00:00, run_after=2025-01-26 00:00:00+00:00
[2025-01-26T13:56:08.673+0000] {processor.py:208} INFO - Processing /home/airflow/.local/lib/python3.12/site-packages/airflow/example_dags/example_bash_operator.py took 0.050 seconds
[2025-01-26T13:56:40.237+0000] {processor.py:186} INFO - Started process (PID=345) to work on /home/airflow/.local/lib/python3.12/site-packages/airflow/example_dags/example_bash_operator.py
[2025-01-26T13:56:40.242+0000] {processor.py:914} INFO - Processing file /home/airflow/.local/lib/python3.12/site-packages/airflow/example_dags/example_bash_operator.py for tasks to queue
[2025-01-26T13:56:40.243+0000] {logging_mixin.py:190} INFO - [2025-01-26T13:56:40.243+0000] {dagbag.py:588} INFO - Filling up the DagBag from /home/airflow/.local/lib/python3.12/site-packages/airflow/example_dags/example_bash_operator.py
[2025-01-26T13:56:40.251+0000] {processor.py:925} INFO - DAG(s) 'example_bash_operator' retrieved from /home/airflow/.local/lib/python3.12/site-packages/airflow/example_dags/example_bash_operator.py
[2025-01-26T13:56:40.267+0000] {logging_mixin.py:190} INFO - [2025-01-26T13:56:40.267+0000] {dag.py:3239} INFO - Sync 1 DAGs
[2025-01-26T13:56:40.280+0000] {logging_mixin.py:190} INFO - [2025-01-26T13:56:40.280+0000] {dag.py:4180} INFO - Setting next_dagrun for example_bash_operator to 2025-01-25 00:00:00+00:00, run_after=2025-01-26 00:00:00+00:00
[2025-01-26T13:56:40.290+0000] {processor.py:208} INFO - Processing /home/airflow/.local/lib/python3.12/site-packages/airflow/example_dags/example_bash_operator.py took 0.057 seconds
[2025-01-26T13:57:11.212+0000] {processor.py:186} INFO - Started process (PID=408) to work on /home/airflow/.local/lib/python3.12/site-packages/airflow/example_dags/example_bash_operator.py
[2025-01-26T13:57:11.213+0000] {processor.py:914} INFO - Processing file /home/airflow/.local/lib/python3.12/site-packages/airflow/example_dags/example_bash_operator.py for tasks to queue
[2025-01-26T13:57:11.217+0000] {logging_mixin.py:190} INFO - [2025-01-26T13:57:11.216+0000] {dagbag.py:588} INFO - Filling up the DagBag from /home/airflow/.local/lib/python3.12/site-packages/airflow/example_dags/example_bash_operator.py
[2025-01-26T13:57:11.229+0000] {processor.py:925} INFO - DAG(s) 'example_bash_operator' retrieved from /home/airflow/.local/lib/python3.12/site-packages/airflow/example_dags/example_bash_operator.py
[2025-01-26T13:57:11.256+0000] {logging_mixin.py:190} INFO - [2025-01-26T13:57:11.256+0000] {dag.py:3239} INFO - Sync 1 DAGs
[2025-01-26T13:57:11.271+0000] {logging_mixin.py:190} INFO - [2025-01-26T13:57:11.270+0000] {dag.py:4180} INFO - Setting next_dagrun for example_bash_operator to 2025-01-25 00:00:00+00:00, run_after=2025-01-26 00:00:00+00:00
[2025-01-26T13:57:11.281+0000] {processor.py:208} INFO - Processing /home/airflow/.local/lib/python3.12/site-packages/airflow/example_dags/example_bash_operator.py took 0.074 seconds
[2025-01-26T13:57:41.760+0000] {processor.py:186} INFO - Started process (PID=471) to work on /home/airflow/.local/lib/python3.12/site-packages/airflow/example_dags/example_bash_operator.py
[2025-01-26T13:57:41.761+0000] {processor.py:914} INFO - Processing file /home/airflow/.local/lib/python3.12/site-packages/airflow/example_dags/example_bash_operator.py for tasks to queue
[2025-01-26T13:57:41.762+0000] {logging_mixin.py:190} INFO - [2025-01-26T13:57:41.762+0000] {dagbag.py:588} INFO - Filling up the DagBag from /home/airflow/.local/lib/python3.12/site-packages/airflow/example_dags/example_bash_operator.py
[2025-01-26T13:57:41.769+0000] {processor.py:925} INFO - DAG(s) 'example_bash_operator' retrieved from /home/airflow/.local/lib/python3.12/site-packages/airflow/example_dags/example_bash_operator.py
[2025-01-26T13:57:41.781+0000] {logging_mixin.py:190} INFO - [2025-01-26T13:57:41.781+0000] {dag.py:3239} INFO - Sync 1 DAGs
[2025-01-26T13:57:41.792+0000] {logging_mixin.py:190} INFO - [2025-01-26T13:57:41.792+0000] {dag.py:4180} INFO - Setting next_dagrun for example_bash_operator to 2025-01-25 00:00:00+00:00, run_after=2025-01-26 00:00:00+00:00
[2025-01-26T13:57:41.801+0000] {processor.py:208} INFO - Processing /home/airflow/.local/lib/python3.12/site-packages/airflow/example_dags/example_bash_operator.py took 0.044 seconds
[2025-01-26T13:58:12.904+0000] {processor.py:186} INFO - Started process (PID=534) to work on /home/airflow/.local/lib/python3.12/site-packages/airflow/example_dags/example_bash_operator.py
[2025-01-26T13:58:12.907+0000] {processor.py:914} INFO - Processing file /home/airflow/.local/lib/python3.12/site-packages/airflow/example_dags/example_bash_operator.py for tasks to queue
[2025-01-26T13:58:12.908+0000] {logging_mixin.py:190} INFO - [2025-01-26T13:58:12.908+0000] {dagbag.py:588} INFO - Filling up the DagBag from /home/airflow/.local/lib/python3.12/site-packages/airflow/example_dags/example_bash_operator.py
[2025-01-26T13:58:12.917+0000] {processor.py:925} INFO - DAG(s) 'example_bash_operator' retrieved from /home/airflow/.local/lib/python3.12/site-packages/airflow/example_dags/example_bash_operator.py
[2025-01-26T13:58:12.932+0000] {logging_mixin.py:190} INFO - [2025-01-26T13:58:12.932+0000] {dag.py:3239} INFO - Sync 1 DAGs
[2025-01-26T13:58:12.945+0000] {logging_mixin.py:190} INFO - [2025-01-26T13:58:12.944+0000] {dag.py:4180} INFO - Setting next_dagrun for example_bash_operator to 2025-01-25 00:00:00+00:00, run_after=2025-01-26 00:00:00+00:00
[2025-01-26T13:58:12.958+0000] {processor.py:208} INFO - Processing /home/airflow/.local/lib/python3.12/site-packages/airflow/example_dags/example_bash_operator.py took 0.057 seconds
[2025-01-26T13:58:44.421+0000] {processor.py:186} INFO - Started process (PID=597) to work on /home/airflow/.local/lib/python3.12/site-packages/airflow/example_dags/example_bash_operator.py
[2025-01-26T13:58:44.422+0000] {processor.py:914} INFO - Processing file /home/airflow/.local/lib/python3.12/site-packages/airflow/example_dags/example_bash_operator.py for tasks to queue
[2025-01-26T13:58:44.424+0000] {logging_mixin.py:190} INFO - [2025-01-26T13:58:44.423+0000] {dagbag.py:588} INFO - Filling up the DagBag from /home/airflow/.local/lib/python3.12/site-packages/airflow/example_dags/example_bash_operator.py
[2025-01-26T13:58:44.431+0000] {processor.py:925} INFO - DAG(s) 'example_bash_operator' retrieved from /home/airflow/.local/lib/python3.12/site-packages/airflow/example_dags/example_bash_operator.py
[2025-01-26T13:58:44.445+0000] {logging_mixin.py:190} INFO - [2025-01-26T13:58:44.444+0000] {dag.py:3239} INFO - Sync 1 DAGs
[2025-01-26T13:58:44.456+0000] {logging_mixin.py:190} INFO - [2025-01-26T13:58:44.456+0000] {dag.py:4180} INFO - Setting next_dagrun for example_bash_operator to 2025-01-25 00:00:00+00:00, run_after=2025-01-26 00:00:00+00:00
[2025-01-26T13:58:44.466+0000] {processor.py:208} INFO - Processing /home/airflow/.local/lib/python3.12/site-packages/airflow/example_dags/example_bash_operator.py took 0.048 seconds
[2025-01-26T13:59:15.685+0000] {processor.py:186} INFO - Started process (PID=660) to work on /home/airflow/.local/lib/python3.12/site-packages/airflow/example_dags/example_bash_operator.py
[2025-01-26T13:59:15.686+0000] {processor.py:914} INFO - Processing file /home/airflow/.local/lib/python3.12/site-packages/airflow/example_dags/example_bash_operator.py for tasks to queue
[2025-01-26T13:59:15.687+0000] {logging_mixin.py:190} INFO - [2025-01-26T13:59:15.687+0000] {dagbag.py:588} INFO - Filling up the DagBag from /home/airflow/.local/lib/python3.12/site-packages/airflow/example_dags/example_bash_operator.py
[2025-01-26T13:59:15.693+0000] {processor.py:925} INFO - DAG(s) 'example_bash_operator' retrieved from /home/airflow/.local/lib/python3.12/site-packages/airflow/example_dags/example_bash_operator.py
[2025-01-26T13:59:15.706+0000] {logging_mixin.py:190} INFO - [2025-01-26T13:59:15.706+0000] {dag.py:3239} INFO - Sync 1 DAGs
[2025-01-26T13:59:15.717+0000] {logging_mixin.py:190} INFO - [2025-01-26T13:59:15.717+0000] {dag.py:4180} INFO - Setting next_dagrun for example_bash_operator to 2025-01-25 00:00:00+00:00, run_after=2025-01-26 00:00:00+00:00
[2025-01-26T13:59:15.726+0000] {processor.py:208} INFO - Processing /home/airflow/.local/lib/python3.12/site-packages/airflow/example_dags/example_bash_operator.py took 0.044 seconds
