[2025-01-26T13:54:38.137+0000] {processor.py:186} INFO - Started process (PID=97) to work on /home/airflow/.local/lib/python3.12/site-packages/airflow/example_dags/example_external_task_marker_dag.py
[2025-01-26T13:54:38.138+0000] {processor.py:914} INFO - Processing file /home/airflow/.local/lib/python3.12/site-packages/airflow/example_dags/example_external_task_marker_dag.py for tasks to queue
[2025-01-26T13:54:38.139+0000] {logging_mixin.py:190} INFO - [2025-01-26T13:54:38.139+0000] {dagbag.py:588} INFO - Filling up the DagBag from /home/airflow/.local/lib/python3.12/site-packages/airflow/example_dags/example_external_task_marker_dag.py
[2025-01-26T13:54:38.144+0000] {processor.py:925} INFO - DAG(s) 'example_external_task_marker_parent', 'example_external_task_marker_child' retrieved from /home/airflow/.local/lib/python3.12/site-packages/airflow/example_dags/example_external_task_marker_dag.py
[2025-01-26T13:54:38.194+0000] {logging_mixin.py:190} INFO - [2025-01-26T13:54:38.194+0000] {override.py:1911} INFO - Created Permission View: can delete on DAG:example_external_task_marker_parent
[2025-01-26T13:54:38.199+0000] {logging_mixin.py:190} INFO - [2025-01-26T13:54:38.199+0000] {override.py:1911} INFO - Created Permission View: can read on DAG:example_external_task_marker_parent
[2025-01-26T13:54:38.202+0000] {logging_mixin.py:190} INFO - [2025-01-26T13:54:38.202+0000] {override.py:1911} INFO - Created Permission View: can edit on DAG:example_external_task_marker_parent
[2025-01-26T13:54:38.205+0000] {logging_mixin.py:190} INFO - [2025-01-26T13:54:38.205+0000] {override.py:1911} INFO - Created Permission View: can create on DAG Run:example_external_task_marker_parent
[2025-01-26T13:54:38.213+0000] {logging_mixin.py:190} INFO - [2025-01-26T13:54:38.213+0000] {override.py:1911} INFO - Created Permission View: can delete on DAG Run:example_external_task_marker_parent
[2025-01-26T13:54:38.217+0000] {logging_mixin.py:190} INFO - [2025-01-26T13:54:38.217+0000] {override.py:1911} INFO - Created Permission View: can read on DAG Run:example_external_task_marker_parent
[2025-01-26T13:54:38.226+0000] {logging_mixin.py:190} INFO - [2025-01-26T13:54:38.226+0000] {override.py:1911} INFO - Created Permission View: menu access on DAG Run:example_external_task_marker_parent
[2025-01-26T13:54:38.239+0000] {logging_mixin.py:190} INFO - [2025-01-26T13:54:38.239+0000] {override.py:1911} INFO - Created Permission View: can delete on DAG:example_external_task_marker_child
[2025-01-26T13:54:38.244+0000] {logging_mixin.py:190} INFO - [2025-01-26T13:54:38.244+0000] {override.py:1911} INFO - Created Permission View: can read on DAG:example_external_task_marker_child
[2025-01-26T13:54:38.254+0000] {logging_mixin.py:190} INFO - [2025-01-26T13:54:38.254+0000] {override.py:1911} INFO - Created Permission View: can edit on DAG:example_external_task_marker_child
[2025-01-26T13:54:38.268+0000] {logging_mixin.py:190} INFO - [2025-01-26T13:54:38.267+0000] {override.py:1911} INFO - Created Permission View: can create on DAG Run:example_external_task_marker_child
[2025-01-26T13:54:38.272+0000] {logging_mixin.py:190} INFO - [2025-01-26T13:54:38.271+0000] {override.py:1911} INFO - Created Permission View: can delete on DAG Run:example_external_task_marker_child
[2025-01-26T13:54:38.275+0000] {logging_mixin.py:190} INFO - [2025-01-26T13:54:38.275+0000] {override.py:1911} INFO - Created Permission View: can read on DAG Run:example_external_task_marker_child
[2025-01-26T13:54:38.279+0000] {logging_mixin.py:190} INFO - [2025-01-26T13:54:38.279+0000] {override.py:1911} INFO - Created Permission View: menu access on DAG Run:example_external_task_marker_child
[2025-01-26T13:54:38.280+0000] {logging_mixin.py:190} INFO - [2025-01-26T13:54:38.280+0000] {dag.py:3239} INFO - Sync 2 DAGs
[2025-01-26T13:54:38.291+0000] {logging_mixin.py:190} INFO - [2025-01-26T13:54:38.291+0000] {dag.py:3262} INFO - Creating ORM DAG for example_external_task_marker_child
[2025-01-26T13:54:38.292+0000] {logging_mixin.py:190} INFO - [2025-01-26T13:54:38.292+0000] {dag.py:3262} INFO - Creating ORM DAG for example_external_task_marker_parent
[2025-01-26T13:54:38.293+0000] {logging_mixin.py:190} INFO - [2025-01-26T13:54:38.293+0000] {dag.py:4180} INFO - Setting next_dagrun for example_external_task_marker_child to None, run_after=None
[2025-01-26T13:54:38.293+0000] {logging_mixin.py:190} INFO - [2025-01-26T13:54:38.293+0000] {dag.py:4180} INFO - Setting next_dagrun for example_external_task_marker_parent to None, run_after=None
[2025-01-26T13:54:38.305+0000] {processor.py:208} INFO - Processing /home/airflow/.local/lib/python3.12/site-packages/airflow/example_dags/example_external_task_marker_dag.py took 0.172 seconds
[2025-01-26T13:55:09.308+0000] {processor.py:186} INFO - Started process (PID=160) to work on /home/airflow/.local/lib/python3.12/site-packages/airflow/example_dags/example_external_task_marker_dag.py
[2025-01-26T13:55:09.311+0000] {processor.py:914} INFO - Processing file /home/airflow/.local/lib/python3.12/site-packages/airflow/example_dags/example_external_task_marker_dag.py for tasks to queue
[2025-01-26T13:55:09.313+0000] {logging_mixin.py:190} INFO - [2025-01-26T13:55:09.312+0000] {dagbag.py:588} INFO - Filling up the DagBag from /home/airflow/.local/lib/python3.12/site-packages/airflow/example_dags/example_external_task_marker_dag.py
[2025-01-26T13:55:09.319+0000] {processor.py:925} INFO - DAG(s) 'example_external_task_marker_parent', 'example_external_task_marker_child' retrieved from /home/airflow/.local/lib/python3.12/site-packages/airflow/example_dags/example_external_task_marker_dag.py
[2025-01-26T13:55:09.336+0000] {logging_mixin.py:190} INFO - [2025-01-26T13:55:09.336+0000] {dag.py:3239} INFO - Sync 2 DAGs
[2025-01-26T13:55:09.347+0000] {logging_mixin.py:190} INFO - [2025-01-26T13:55:09.347+0000] {dag.py:4180} INFO - Setting next_dagrun for example_external_task_marker_child to None, run_after=None
[2025-01-26T13:55:09.349+0000] {logging_mixin.py:190} INFO - [2025-01-26T13:55:09.349+0000] {dag.py:4180} INFO - Setting next_dagrun for example_external_task_marker_parent to None, run_after=None
[2025-01-26T13:55:09.361+0000] {processor.py:208} INFO - Processing /home/airflow/.local/lib/python3.12/site-packages/airflow/example_dags/example_external_task_marker_dag.py took 0.058 seconds
[2025-01-26T13:55:39.554+0000] {processor.py:186} INFO - Started process (PID=221) to work on /home/airflow/.local/lib/python3.12/site-packages/airflow/example_dags/example_external_task_marker_dag.py
[2025-01-26T13:55:39.555+0000] {processor.py:914} INFO - Processing file /home/airflow/.local/lib/python3.12/site-packages/airflow/example_dags/example_external_task_marker_dag.py for tasks to queue
[2025-01-26T13:55:39.557+0000] {logging_mixin.py:190} INFO - [2025-01-26T13:55:39.557+0000] {dagbag.py:588} INFO - Filling up the DagBag from /home/airflow/.local/lib/python3.12/site-packages/airflow/example_dags/example_external_task_marker_dag.py
[2025-01-26T13:55:39.564+0000] {processor.py:925} INFO - DAG(s) 'example_external_task_marker_child', 'example_external_task_marker_parent' retrieved from /home/airflow/.local/lib/python3.12/site-packages/airflow/example_dags/example_external_task_marker_dag.py
[2025-01-26T13:55:39.581+0000] {logging_mixin.py:190} INFO - [2025-01-26T13:55:39.581+0000] {dag.py:3239} INFO - Sync 2 DAGs
[2025-01-26T13:55:39.589+0000] {logging_mixin.py:190} INFO - [2025-01-26T13:55:39.589+0000] {dag.py:4180} INFO - Setting next_dagrun for example_external_task_marker_child to None, run_after=None
[2025-01-26T13:55:39.591+0000] {logging_mixin.py:190} INFO - [2025-01-26T13:55:39.591+0000] {dag.py:4180} INFO - Setting next_dagrun for example_external_task_marker_parent to None, run_after=None
[2025-01-26T13:55:39.600+0000] {processor.py:208} INFO - Processing /home/airflow/.local/lib/python3.12/site-packages/airflow/example_dags/example_external_task_marker_dag.py took 0.052 seconds
[2025-01-26T13:56:09.749+0000] {processor.py:186} INFO - Started process (PID=284) to work on /home/airflow/.local/lib/python3.12/site-packages/airflow/example_dags/example_external_task_marker_dag.py
[2025-01-26T13:56:09.750+0000] {processor.py:914} INFO - Processing file /home/airflow/.local/lib/python3.12/site-packages/airflow/example_dags/example_external_task_marker_dag.py for tasks to queue
[2025-01-26T13:56:09.751+0000] {logging_mixin.py:190} INFO - [2025-01-26T13:56:09.751+0000] {dagbag.py:588} INFO - Filling up the DagBag from /home/airflow/.local/lib/python3.12/site-packages/airflow/example_dags/example_external_task_marker_dag.py
[2025-01-26T13:56:09.756+0000] {processor.py:925} INFO - DAG(s) 'example_external_task_marker_parent', 'example_external_task_marker_child' retrieved from /home/airflow/.local/lib/python3.12/site-packages/airflow/example_dags/example_external_task_marker_dag.py
[2025-01-26T13:56:09.770+0000] {logging_mixin.py:190} INFO - [2025-01-26T13:56:09.770+0000] {dag.py:3239} INFO - Sync 2 DAGs
[2025-01-26T13:56:09.778+0000] {logging_mixin.py:190} INFO - [2025-01-26T13:56:09.778+0000] {dag.py:4180} INFO - Setting next_dagrun for example_external_task_marker_child to None, run_after=None
[2025-01-26T13:56:09.780+0000] {logging_mixin.py:190} INFO - [2025-01-26T13:56:09.780+0000] {dag.py:4180} INFO - Setting next_dagrun for example_external_task_marker_parent to None, run_after=None
[2025-01-26T13:56:09.789+0000] {processor.py:208} INFO - Processing /home/airflow/.local/lib/python3.12/site-packages/airflow/example_dags/example_external_task_marker_dag.py took 0.044 seconds
[2025-01-26T13:56:40.312+0000] {processor.py:186} INFO - Started process (PID=347) to work on /home/airflow/.local/lib/python3.12/site-packages/airflow/example_dags/example_external_task_marker_dag.py
[2025-01-26T13:56:40.313+0000] {processor.py:914} INFO - Processing file /home/airflow/.local/lib/python3.12/site-packages/airflow/example_dags/example_external_task_marker_dag.py for tasks to queue
[2025-01-26T13:56:40.314+0000] {logging_mixin.py:190} INFO - [2025-01-26T13:56:40.314+0000] {dagbag.py:588} INFO - Filling up the DagBag from /home/airflow/.local/lib/python3.12/site-packages/airflow/example_dags/example_external_task_marker_dag.py
[2025-01-26T13:56:40.319+0000] {processor.py:925} INFO - DAG(s) 'example_external_task_marker_child', 'example_external_task_marker_parent' retrieved from /home/airflow/.local/lib/python3.12/site-packages/airflow/example_dags/example_external_task_marker_dag.py
[2025-01-26T13:56:40.334+0000] {logging_mixin.py:190} INFO - [2025-01-26T13:56:40.333+0000] {dag.py:3239} INFO - Sync 2 DAGs
[2025-01-26T13:56:40.343+0000] {logging_mixin.py:190} INFO - [2025-01-26T13:56:40.342+0000] {dag.py:4180} INFO - Setting next_dagrun for example_external_task_marker_child to None, run_after=None
[2025-01-26T13:56:40.345+0000] {logging_mixin.py:190} INFO - [2025-01-26T13:56:40.345+0000] {dag.py:4180} INFO - Setting next_dagrun for example_external_task_marker_parent to None, run_after=None
[2025-01-26T13:56:40.353+0000] {processor.py:208} INFO - Processing /home/airflow/.local/lib/python3.12/site-packages/airflow/example_dags/example_external_task_marker_dag.py took 0.044 seconds
[2025-01-26T13:57:11.304+0000] {processor.py:186} INFO - Started process (PID=410) to work on /home/airflow/.local/lib/python3.12/site-packages/airflow/example_dags/example_external_task_marker_dag.py
[2025-01-26T13:57:11.306+0000] {processor.py:914} INFO - Processing file /home/airflow/.local/lib/python3.12/site-packages/airflow/example_dags/example_external_task_marker_dag.py for tasks to queue
[2025-01-26T13:57:11.308+0000] {logging_mixin.py:190} INFO - [2025-01-26T13:57:11.308+0000] {dagbag.py:588} INFO - Filling up the DagBag from /home/airflow/.local/lib/python3.12/site-packages/airflow/example_dags/example_external_task_marker_dag.py
[2025-01-26T13:57:11.313+0000] {processor.py:925} INFO - DAG(s) 'example_external_task_marker_child', 'example_external_task_marker_parent' retrieved from /home/airflow/.local/lib/python3.12/site-packages/airflow/example_dags/example_external_task_marker_dag.py
[2025-01-26T13:57:11.330+0000] {logging_mixin.py:190} INFO - [2025-01-26T13:57:11.330+0000] {dag.py:3239} INFO - Sync 2 DAGs
[2025-01-26T13:57:11.343+0000] {logging_mixin.py:190} INFO - [2025-01-26T13:57:11.342+0000] {dag.py:4180} INFO - Setting next_dagrun for example_external_task_marker_child to None, run_after=None
[2025-01-26T13:57:11.346+0000] {logging_mixin.py:190} INFO - [2025-01-26T13:57:11.346+0000] {dag.py:4180} INFO - Setting next_dagrun for example_external_task_marker_parent to None, run_after=None
[2025-01-26T13:57:11.361+0000] {processor.py:208} INFO - Processing /home/airflow/.local/lib/python3.12/site-packages/airflow/example_dags/example_external_task_marker_dag.py took 0.061 seconds
[2025-01-26T13:57:41.823+0000] {processor.py:186} INFO - Started process (PID=473) to work on /home/airflow/.local/lib/python3.12/site-packages/airflow/example_dags/example_external_task_marker_dag.py
[2025-01-26T13:57:41.823+0000] {processor.py:914} INFO - Processing file /home/airflow/.local/lib/python3.12/site-packages/airflow/example_dags/example_external_task_marker_dag.py for tasks to queue
[2025-01-26T13:57:41.828+0000] {logging_mixin.py:190} INFO - [2025-01-26T13:57:41.827+0000] {dagbag.py:588} INFO - Filling up the DagBag from /home/airflow/.local/lib/python3.12/site-packages/airflow/example_dags/example_external_task_marker_dag.py
[2025-01-26T13:57:41.833+0000] {processor.py:925} INFO - DAG(s) 'example_external_task_marker_parent', 'example_external_task_marker_child' retrieved from /home/airflow/.local/lib/python3.12/site-packages/airflow/example_dags/example_external_task_marker_dag.py
[2025-01-26T13:57:41.848+0000] {logging_mixin.py:190} INFO - [2025-01-26T13:57:41.848+0000] {dag.py:3239} INFO - Sync 2 DAGs
[2025-01-26T13:57:41.856+0000] {logging_mixin.py:190} INFO - [2025-01-26T13:57:41.856+0000] {dag.py:4180} INFO - Setting next_dagrun for example_external_task_marker_child to None, run_after=None
[2025-01-26T13:57:41.859+0000] {logging_mixin.py:190} INFO - [2025-01-26T13:57:41.859+0000] {dag.py:4180} INFO - Setting next_dagrun for example_external_task_marker_parent to None, run_after=None
[2025-01-26T13:57:41.871+0000] {processor.py:208} INFO - Processing /home/airflow/.local/lib/python3.12/site-packages/airflow/example_dags/example_external_task_marker_dag.py took 0.051 seconds
[2025-01-26T13:58:12.976+0000] {processor.py:186} INFO - Started process (PID=536) to work on /home/airflow/.local/lib/python3.12/site-packages/airflow/example_dags/example_external_task_marker_dag.py
[2025-01-26T13:58:12.978+0000] {processor.py:914} INFO - Processing file /home/airflow/.local/lib/python3.12/site-packages/airflow/example_dags/example_external_task_marker_dag.py for tasks to queue
[2025-01-26T13:58:12.980+0000] {logging_mixin.py:190} INFO - [2025-01-26T13:58:12.979+0000] {dagbag.py:588} INFO - Filling up the DagBag from /home/airflow/.local/lib/python3.12/site-packages/airflow/example_dags/example_external_task_marker_dag.py
[2025-01-26T13:58:12.986+0000] {processor.py:925} INFO - DAG(s) 'example_external_task_marker_child', 'example_external_task_marker_parent' retrieved from /home/airflow/.local/lib/python3.12/site-packages/airflow/example_dags/example_external_task_marker_dag.py
[2025-01-26T13:58:13.003+0000] {logging_mixin.py:190} INFO - [2025-01-26T13:58:13.003+0000] {dag.py:3239} INFO - Sync 2 DAGs
[2025-01-26T13:58:13.014+0000] {logging_mixin.py:190} INFO - [2025-01-26T13:58:13.014+0000] {dag.py:4180} INFO - Setting next_dagrun for example_external_task_marker_child to None, run_after=None
[2025-01-26T13:58:13.017+0000] {logging_mixin.py:190} INFO - [2025-01-26T13:58:13.016+0000] {dag.py:4180} INFO - Setting next_dagrun for example_external_task_marker_parent to None, run_after=None
[2025-01-26T13:58:13.025+0000] {processor.py:208} INFO - Processing /home/airflow/.local/lib/python3.12/site-packages/airflow/example_dags/example_external_task_marker_dag.py took 0.052 seconds
[2025-01-26T13:58:44.486+0000] {processor.py:186} INFO - Started process (PID=599) to work on /home/airflow/.local/lib/python3.12/site-packages/airflow/example_dags/example_external_task_marker_dag.py
[2025-01-26T13:58:44.489+0000] {processor.py:914} INFO - Processing file /home/airflow/.local/lib/python3.12/site-packages/airflow/example_dags/example_external_task_marker_dag.py for tasks to queue
[2025-01-26T13:58:44.491+0000] {logging_mixin.py:190} INFO - [2025-01-26T13:58:44.491+0000] {dagbag.py:588} INFO - Filling up the DagBag from /home/airflow/.local/lib/python3.12/site-packages/airflow/example_dags/example_external_task_marker_dag.py
[2025-01-26T13:58:44.498+0000] {processor.py:925} INFO - DAG(s) 'example_external_task_marker_parent', 'example_external_task_marker_child' retrieved from /home/airflow/.local/lib/python3.12/site-packages/airflow/example_dags/example_external_task_marker_dag.py
[2025-01-26T13:58:44.513+0000] {logging_mixin.py:190} INFO - [2025-01-26T13:58:44.512+0000] {dag.py:3239} INFO - Sync 2 DAGs
[2025-01-26T13:58:44.521+0000] {logging_mixin.py:190} INFO - [2025-01-26T13:58:44.521+0000] {dag.py:4180} INFO - Setting next_dagrun for example_external_task_marker_child to None, run_after=None
[2025-01-26T13:58:44.524+0000] {logging_mixin.py:190} INFO - [2025-01-26T13:58:44.523+0000] {dag.py:4180} INFO - Setting next_dagrun for example_external_task_marker_parent to None, run_after=None
[2025-01-26T13:58:44.532+0000] {processor.py:208} INFO - Processing /home/airflow/.local/lib/python3.12/site-packages/airflow/example_dags/example_external_task_marker_dag.py took 0.051 seconds
[2025-01-26T13:59:15.742+0000] {processor.py:186} INFO - Started process (PID=662) to work on /home/airflow/.local/lib/python3.12/site-packages/airflow/example_dags/example_external_task_marker_dag.py
[2025-01-26T13:59:15.745+0000] {processor.py:914} INFO - Processing file /home/airflow/.local/lib/python3.12/site-packages/airflow/example_dags/example_external_task_marker_dag.py for tasks to queue
[2025-01-26T13:59:15.746+0000] {logging_mixin.py:190} INFO - [2025-01-26T13:59:15.746+0000] {dagbag.py:588} INFO - Filling up the DagBag from /home/airflow/.local/lib/python3.12/site-packages/airflow/example_dags/example_external_task_marker_dag.py
[2025-01-26T13:59:15.752+0000] {processor.py:925} INFO - DAG(s) 'example_external_task_marker_child', 'example_external_task_marker_parent' retrieved from /home/airflow/.local/lib/python3.12/site-packages/airflow/example_dags/example_external_task_marker_dag.py
[2025-01-26T13:59:15.765+0000] {logging_mixin.py:190} INFO - [2025-01-26T13:59:15.765+0000] {dag.py:3239} INFO - Sync 2 DAGs
[2025-01-26T13:59:15.773+0000] {logging_mixin.py:190} INFO - [2025-01-26T13:59:15.773+0000] {dag.py:4180} INFO - Setting next_dagrun for example_external_task_marker_child to None, run_after=None
[2025-01-26T13:59:15.775+0000] {logging_mixin.py:190} INFO - [2025-01-26T13:59:15.775+0000] {dag.py:4180} INFO - Setting next_dagrun for example_external_task_marker_parent to None, run_after=None
[2025-01-26T13:59:15.785+0000] {processor.py:208} INFO - Processing /home/airflow/.local/lib/python3.12/site-packages/airflow/example_dags/example_external_task_marker_dag.py took 0.047 seconds
