[2025-01-26T13:54:37.791+0000] {processor.py:186} INFO - Started process (PID=92) to work on /home/airflow/.local/lib/python3.12/site-packages/airflow/example_dags/example_branch_operator_decorator.py
[2025-01-26T13:54:37.795+0000] {processor.py:914} INFO - Processing file /home/airflow/.local/lib/python3.12/site-packages/airflow/example_dags/example_branch_operator_decorator.py for tasks to queue
[2025-01-26T13:54:37.797+0000] {logging_mixin.py:190} INFO - [2025-01-26T13:54:37.797+0000] {dagbag.py:588} INFO - Filling up the DagBag from /home/airflow/.local/lib/python3.12/site-packages/airflow/example_dags/example_branch_operator_decorator.py
[2025-01-26T13:54:37.811+0000] {processor.py:925} INFO - DAG(s) 'example_branch_python_operator_decorator' retrieved from /home/airflow/.local/lib/python3.12/site-packages/airflow/example_dags/example_branch_operator_decorator.py
[2025-01-26T13:54:37.870+0000] {logging_mixin.py:190} INFO - [2025-01-26T13:54:37.870+0000] {override.py:1911} INFO - Created Permission View: can delete on DAG:example_branch_python_operator_decorator
[2025-01-26T13:54:37.875+0000] {logging_mixin.py:190} INFO - [2025-01-26T13:54:37.875+0000] {override.py:1911} INFO - Created Permission View: can read on DAG:example_branch_python_operator_decorator
[2025-01-26T13:54:37.879+0000] {logging_mixin.py:190} INFO - [2025-01-26T13:54:37.879+0000] {override.py:1911} INFO - Created Permission View: can edit on DAG:example_branch_python_operator_decorator
[2025-01-26T13:54:37.884+0000] {logging_mixin.py:190} INFO - [2025-01-26T13:54:37.883+0000] {override.py:1911} INFO - Created Permission View: can create on DAG Run:example_branch_python_operator_decorator
[2025-01-26T13:54:37.889+0000] {logging_mixin.py:190} INFO - [2025-01-26T13:54:37.889+0000] {override.py:1911} INFO - Created Permission View: can delete on DAG Run:example_branch_python_operator_decorator
[2025-01-26T13:54:37.896+0000] {logging_mixin.py:190} INFO - [2025-01-26T13:54:37.896+0000] {override.py:1911} INFO - Created Permission View: can read on DAG Run:example_branch_python_operator_decorator
[2025-01-26T13:54:37.900+0000] {logging_mixin.py:190} INFO - [2025-01-26T13:54:37.899+0000] {override.py:1911} INFO - Created Permission View: menu access on DAG Run:example_branch_python_operator_decorator
[2025-01-26T13:54:37.900+0000] {logging_mixin.py:190} INFO - [2025-01-26T13:54:37.900+0000] {dag.py:3239} INFO - Sync 1 DAGs
[2025-01-26T13:54:37.908+0000] {logging_mixin.py:190} INFO - [2025-01-26T13:54:37.907+0000] {dag.py:3262} INFO - Creating ORM DAG for example_branch_python_operator_decorator
[2025-01-26T13:54:37.913+0000] {logging_mixin.py:190} INFO - [2025-01-26T13:54:37.913+0000] {dag.py:4180} INFO - Setting next_dagrun for example_branch_python_operator_decorator to 2025-01-25 00:00:00+00:00, run_after=2025-01-26 00:00:00+00:00
[2025-01-26T13:54:37.923+0000] {processor.py:208} INFO - Processing /home/airflow/.local/lib/python3.12/site-packages/airflow/example_dags/example_branch_operator_decorator.py took 0.135 seconds
[2025-01-26T13:55:08.132+0000] {processor.py:186} INFO - Started process (PID=155) to work on /home/airflow/.local/lib/python3.12/site-packages/airflow/example_dags/example_branch_operator_decorator.py
[2025-01-26T13:55:08.133+0000] {processor.py:914} INFO - Processing file /home/airflow/.local/lib/python3.12/site-packages/airflow/example_dags/example_branch_operator_decorator.py for tasks to queue
[2025-01-26T13:55:08.138+0000] {logging_mixin.py:190} INFO - [2025-01-26T13:55:08.138+0000] {dagbag.py:588} INFO - Filling up the DagBag from /home/airflow/.local/lib/python3.12/site-packages/airflow/example_dags/example_branch_operator_decorator.py
[2025-01-26T13:55:08.149+0000] {processor.py:925} INFO - DAG(s) 'example_branch_python_operator_decorator' retrieved from /home/airflow/.local/lib/python3.12/site-packages/airflow/example_dags/example_branch_operator_decorator.py
[2025-01-26T13:55:08.164+0000] {logging_mixin.py:190} INFO - [2025-01-26T13:55:08.164+0000] {dag.py:3239} INFO - Sync 1 DAGs
[2025-01-26T13:55:08.177+0000] {logging_mixin.py:190} INFO - [2025-01-26T13:55:08.176+0000] {dag.py:4180} INFO - Setting next_dagrun for example_branch_python_operator_decorator to 2025-01-25 00:00:00+00:00, run_after=2025-01-26 00:00:00+00:00
[2025-01-26T13:55:08.186+0000] {processor.py:208} INFO - Processing /home/airflow/.local/lib/python3.12/site-packages/airflow/example_dags/example_branch_operator_decorator.py took 0.057 seconds
[2025-01-26T13:55:38.266+0000] {processor.py:186} INFO - Started process (PID=217) to work on /home/airflow/.local/lib/python3.12/site-packages/airflow/example_dags/example_branch_operator_decorator.py
[2025-01-26T13:55:38.267+0000] {processor.py:914} INFO - Processing file /home/airflow/.local/lib/python3.12/site-packages/airflow/example_dags/example_branch_operator_decorator.py for tasks to queue
[2025-01-26T13:55:38.268+0000] {logging_mixin.py:190} INFO - [2025-01-26T13:55:38.268+0000] {dagbag.py:588} INFO - Filling up the DagBag from /home/airflow/.local/lib/python3.12/site-packages/airflow/example_dags/example_branch_operator_decorator.py
[2025-01-26T13:55:38.279+0000] {processor.py:925} INFO - DAG(s) 'example_branch_python_operator_decorator' retrieved from /home/airflow/.local/lib/python3.12/site-packages/airflow/example_dags/example_branch_operator_decorator.py
[2025-01-26T13:55:38.295+0000] {logging_mixin.py:190} INFO - [2025-01-26T13:55:38.295+0000] {dag.py:3239} INFO - Sync 1 DAGs
[2025-01-26T13:55:38.309+0000] {logging_mixin.py:190} INFO - [2025-01-26T13:55:38.308+0000] {dag.py:4180} INFO - Setting next_dagrun for example_branch_python_operator_decorator to 2025-01-25 00:00:00+00:00, run_after=2025-01-26 00:00:00+00:00
[2025-01-26T13:55:38.318+0000] {processor.py:208} INFO - Processing /home/airflow/.local/lib/python3.12/site-packages/airflow/example_dags/example_branch_operator_decorator.py took 0.055 seconds
[2025-01-26T13:56:08.553+0000] {processor.py:186} INFO - Started process (PID=279) to work on /home/airflow/.local/lib/python3.12/site-packages/airflow/example_dags/example_branch_operator_decorator.py
[2025-01-26T13:56:08.555+0000] {processor.py:914} INFO - Processing file /home/airflow/.local/lib/python3.12/site-packages/airflow/example_dags/example_branch_operator_decorator.py for tasks to queue
[2025-01-26T13:56:08.556+0000] {logging_mixin.py:190} INFO - [2025-01-26T13:56:08.556+0000] {dagbag.py:588} INFO - Filling up the DagBag from /home/airflow/.local/lib/python3.12/site-packages/airflow/example_dags/example_branch_operator_decorator.py
[2025-01-26T13:56:08.567+0000] {processor.py:925} INFO - DAG(s) 'example_branch_python_operator_decorator' retrieved from /home/airflow/.local/lib/python3.12/site-packages/airflow/example_dags/example_branch_operator_decorator.py
[2025-01-26T13:56:08.581+0000] {logging_mixin.py:190} INFO - [2025-01-26T13:56:08.581+0000] {dag.py:3239} INFO - Sync 1 DAGs
[2025-01-26T13:56:08.593+0000] {logging_mixin.py:190} INFO - [2025-01-26T13:56:08.593+0000] {dag.py:4180} INFO - Setting next_dagrun for example_branch_python_operator_decorator to 2025-01-25 00:00:00+00:00, run_after=2025-01-26 00:00:00+00:00
[2025-01-26T13:56:08.606+0000] {processor.py:208} INFO - Processing /home/airflow/.local/lib/python3.12/site-packages/airflow/example_dags/example_branch_operator_decorator.py took 0.055 seconds
[2025-01-26T13:56:40.133+0000] {processor.py:186} INFO - Started process (PID=343) to work on /home/airflow/.local/lib/python3.12/site-packages/airflow/example_dags/example_branch_operator_decorator.py
[2025-01-26T13:56:40.134+0000] {processor.py:914} INFO - Processing file /home/airflow/.local/lib/python3.12/site-packages/airflow/example_dags/example_branch_operator_decorator.py for tasks to queue
[2025-01-26T13:56:40.135+0000] {logging_mixin.py:190} INFO - [2025-01-26T13:56:40.135+0000] {dagbag.py:588} INFO - Filling up the DagBag from /home/airflow/.local/lib/python3.12/site-packages/airflow/example_dags/example_branch_operator_decorator.py
[2025-01-26T13:56:40.150+0000] {processor.py:925} INFO - DAG(s) 'example_branch_python_operator_decorator' retrieved from /home/airflow/.local/lib/python3.12/site-packages/airflow/example_dags/example_branch_operator_decorator.py
[2025-01-26T13:56:40.172+0000] {logging_mixin.py:190} INFO - [2025-01-26T13:56:40.171+0000] {dag.py:3239} INFO - Sync 1 DAGs
[2025-01-26T13:56:40.186+0000] {logging_mixin.py:190} INFO - [2025-01-26T13:56:40.186+0000] {dag.py:4180} INFO - Setting next_dagrun for example_branch_python_operator_decorator to 2025-01-25 00:00:00+00:00, run_after=2025-01-26 00:00:00+00:00
[2025-01-26T13:56:40.199+0000] {processor.py:208} INFO - Processing /home/airflow/.local/lib/python3.12/site-packages/airflow/example_dags/example_branch_operator_decorator.py took 0.070 seconds
[2025-01-26T13:57:11.047+0000] {processor.py:186} INFO - Started process (PID=406) to work on /home/airflow/.local/lib/python3.12/site-packages/airflow/example_dags/example_branch_operator_decorator.py
[2025-01-26T13:57:11.048+0000] {processor.py:914} INFO - Processing file /home/airflow/.local/lib/python3.12/site-packages/airflow/example_dags/example_branch_operator_decorator.py for tasks to queue
[2025-01-26T13:57:11.051+0000] {logging_mixin.py:190} INFO - [2025-01-26T13:57:11.051+0000] {dagbag.py:588} INFO - Filling up the DagBag from /home/airflow/.local/lib/python3.12/site-packages/airflow/example_dags/example_branch_operator_decorator.py
[2025-01-26T13:57:11.074+0000] {processor.py:925} INFO - DAG(s) 'example_branch_python_operator_decorator' retrieved from /home/airflow/.local/lib/python3.12/site-packages/airflow/example_dags/example_branch_operator_decorator.py
[2025-01-26T13:57:11.109+0000] {logging_mixin.py:190} INFO - [2025-01-26T13:57:11.109+0000] {dag.py:3239} INFO - Sync 1 DAGs
[2025-01-26T13:57:11.122+0000] {logging_mixin.py:190} INFO - [2025-01-26T13:57:11.122+0000] {dag.py:4180} INFO - Setting next_dagrun for example_branch_python_operator_decorator to 2025-01-25 00:00:00+00:00, run_after=2025-01-26 00:00:00+00:00
[2025-01-26T13:57:11.133+0000] {processor.py:208} INFO - Processing /home/airflow/.local/lib/python3.12/site-packages/airflow/example_dags/example_branch_operator_decorator.py took 0.091 seconds
[2025-01-26T13:57:41.634+0000] {processor.py:186} INFO - Started process (PID=469) to work on /home/airflow/.local/lib/python3.12/site-packages/airflow/example_dags/example_branch_operator_decorator.py
[2025-01-26T13:57:41.635+0000] {processor.py:914} INFO - Processing file /home/airflow/.local/lib/python3.12/site-packages/airflow/example_dags/example_branch_operator_decorator.py for tasks to queue
[2025-01-26T13:57:41.636+0000] {logging_mixin.py:190} INFO - [2025-01-26T13:57:41.636+0000] {dagbag.py:588} INFO - Filling up the DagBag from /home/airflow/.local/lib/python3.12/site-packages/airflow/example_dags/example_branch_operator_decorator.py
[2025-01-26T13:57:41.648+0000] {processor.py:925} INFO - DAG(s) 'example_branch_python_operator_decorator' retrieved from /home/airflow/.local/lib/python3.12/site-packages/airflow/example_dags/example_branch_operator_decorator.py
[2025-01-26T13:57:41.669+0000] {logging_mixin.py:190} INFO - [2025-01-26T13:57:41.669+0000] {dag.py:3239} INFO - Sync 1 DAGs
[2025-01-26T13:57:41.680+0000] {logging_mixin.py:190} INFO - [2025-01-26T13:57:41.680+0000] {dag.py:4180} INFO - Setting next_dagrun for example_branch_python_operator_decorator to 2025-01-25 00:00:00+00:00, run_after=2025-01-26 00:00:00+00:00
[2025-01-26T13:57:41.689+0000] {processor.py:208} INFO - Processing /home/airflow/.local/lib/python3.12/site-packages/airflow/example_dags/example_branch_operator_decorator.py took 0.059 seconds
[2025-01-26T13:58:12.840+0000] {processor.py:186} INFO - Started process (PID=532) to work on /home/airflow/.local/lib/python3.12/site-packages/airflow/example_dags/example_branch_operator_decorator.py
[2025-01-26T13:58:12.840+0000] {processor.py:914} INFO - Processing file /home/airflow/.local/lib/python3.12/site-packages/airflow/example_dags/example_branch_operator_decorator.py for tasks to queue
[2025-01-26T13:58:12.842+0000] {logging_mixin.py:190} INFO - [2025-01-26T13:58:12.841+0000] {dagbag.py:588} INFO - Filling up the DagBag from /home/airflow/.local/lib/python3.12/site-packages/airflow/example_dags/example_branch_operator_decorator.py
[2025-01-26T13:58:12.852+0000] {processor.py:925} INFO - DAG(s) 'example_branch_python_operator_decorator' retrieved from /home/airflow/.local/lib/python3.12/site-packages/airflow/example_dags/example_branch_operator_decorator.py
[2025-01-26T13:58:12.867+0000] {logging_mixin.py:190} INFO - [2025-01-26T13:58:12.866+0000] {dag.py:3239} INFO - Sync 1 DAGs
[2025-01-26T13:58:12.878+0000] {logging_mixin.py:190} INFO - [2025-01-26T13:58:12.877+0000] {dag.py:4180} INFO - Setting next_dagrun for example_branch_python_operator_decorator to 2025-01-25 00:00:00+00:00, run_after=2025-01-26 00:00:00+00:00
[2025-01-26T13:58:12.887+0000] {processor.py:208} INFO - Processing /home/airflow/.local/lib/python3.12/site-packages/airflow/example_dags/example_branch_operator_decorator.py took 0.050 seconds
[2025-01-26T13:58:44.328+0000] {processor.py:186} INFO - Started process (PID=595) to work on /home/airflow/.local/lib/python3.12/site-packages/airflow/example_dags/example_branch_operator_decorator.py
[2025-01-26T13:58:44.329+0000] {processor.py:914} INFO - Processing file /home/airflow/.local/lib/python3.12/site-packages/airflow/example_dags/example_branch_operator_decorator.py for tasks to queue
[2025-01-26T13:58:44.332+0000] {logging_mixin.py:190} INFO - [2025-01-26T13:58:44.331+0000] {dagbag.py:588} INFO - Filling up the DagBag from /home/airflow/.local/lib/python3.12/site-packages/airflow/example_dags/example_branch_operator_decorator.py
[2025-01-26T13:58:44.352+0000] {processor.py:925} INFO - DAG(s) 'example_branch_python_operator_decorator' retrieved from /home/airflow/.local/lib/python3.12/site-packages/airflow/example_dags/example_branch_operator_decorator.py
[2025-01-26T13:58:44.374+0000] {logging_mixin.py:190} INFO - [2025-01-26T13:58:44.374+0000] {dag.py:3239} INFO - Sync 1 DAGs
[2025-01-26T13:58:44.392+0000] {logging_mixin.py:190} INFO - [2025-01-26T13:58:44.392+0000] {dag.py:4180} INFO - Setting next_dagrun for example_branch_python_operator_decorator to 2025-01-25 00:00:00+00:00, run_after=2025-01-26 00:00:00+00:00
[2025-01-26T13:58:44.403+0000] {processor.py:208} INFO - Processing /home/airflow/.local/lib/python3.12/site-packages/airflow/example_dags/example_branch_operator_decorator.py took 0.081 seconds
[2025-01-26T13:59:15.610+0000] {processor.py:186} INFO - Started process (PID=658) to work on /home/airflow/.local/lib/python3.12/site-packages/airflow/example_dags/example_branch_operator_decorator.py
[2025-01-26T13:59:15.610+0000] {processor.py:914} INFO - Processing file /home/airflow/.local/lib/python3.12/site-packages/airflow/example_dags/example_branch_operator_decorator.py for tasks to queue
[2025-01-26T13:59:15.612+0000] {logging_mixin.py:190} INFO - [2025-01-26T13:59:15.612+0000] {dagbag.py:588} INFO - Filling up the DagBag from /home/airflow/.local/lib/python3.12/site-packages/airflow/example_dags/example_branch_operator_decorator.py
[2025-01-26T13:59:15.623+0000] {processor.py:925} INFO - DAG(s) 'example_branch_python_operator_decorator' retrieved from /home/airflow/.local/lib/python3.12/site-packages/airflow/example_dags/example_branch_operator_decorator.py
[2025-01-26T13:59:15.640+0000] {logging_mixin.py:190} INFO - [2025-01-26T13:59:15.640+0000] {dag.py:3239} INFO - Sync 1 DAGs
[2025-01-26T13:59:15.655+0000] {logging_mixin.py:190} INFO - [2025-01-26T13:59:15.655+0000] {dag.py:4180} INFO - Setting next_dagrun for example_branch_python_operator_decorator to 2025-01-25 00:00:00+00:00, run_after=2025-01-26 00:00:00+00:00
[2025-01-26T13:59:15.666+0000] {processor.py:208} INFO - Processing /home/airflow/.local/lib/python3.12/site-packages/airflow/example_dags/example_branch_operator_decorator.py took 0.059 seconds
