[2025-01-26T13:54:33.795+0000] {processor.py:186} INFO - Started process (PID=63) to work on /home/airflow/.local/lib/python3.12/site-packages/airflow/example_dags/example_outlet_event_extra.py
[2025-01-26T13:54:33.796+0000] {processor.py:914} INFO - Processing file /home/airflow/.local/lib/python3.12/site-packages/airflow/example_dags/example_outlet_event_extra.py for tasks to queue
[2025-01-26T13:54:33.798+0000] {logging_mixin.py:190} INFO - [2025-01-26T13:54:33.797+0000] {dagbag.py:588} INFO - Filling up the DagBag from /home/airflow/.local/lib/python3.12/site-packages/airflow/example_dags/example_outlet_event_extra.py
[2025-01-26T13:54:34.610+0000] {processor.py:925} INFO - DAG(s) 'dataset_with_extra_by_context', 'dataset_with_extra_by_yield', 'dataset_with_extra_from_classic_operator' retrieved from /home/airflow/.local/lib/python3.12/site-packages/airflow/example_dags/example_outlet_event_extra.py
[2025-01-26T13:54:34.663+0000] {logging_mixin.py:190} INFO - [2025-01-26T13:54:34.663+0000] {override.py:1911} INFO - Created Permission View: can delete on DAG:dataset_with_extra_by_context
[2025-01-26T13:54:34.672+0000] {logging_mixin.py:190} INFO - [2025-01-26T13:54:34.671+0000] {override.py:1911} INFO - Created Permission View: can read on DAG:dataset_with_extra_by_context
[2025-01-26T13:54:34.678+0000] {logging_mixin.py:190} INFO - [2025-01-26T13:54:34.678+0000] {override.py:1911} INFO - Created Permission View: can edit on DAG:dataset_with_extra_by_context
[2025-01-26T13:54:34.682+0000] {logging_mixin.py:190} INFO - [2025-01-26T13:54:34.682+0000] {override.py:1911} INFO - Created Permission View: can create on DAG Run:dataset_with_extra_by_context
[2025-01-26T13:54:34.686+0000] {logging_mixin.py:190} INFO - [2025-01-26T13:54:34.685+0000] {override.py:1911} INFO - Created Permission View: can delete on DAG Run:dataset_with_extra_by_context
[2025-01-26T13:54:34.690+0000] {logging_mixin.py:190} INFO - [2025-01-26T13:54:34.690+0000] {override.py:1911} INFO - Created Permission View: can read on DAG Run:dataset_with_extra_by_context
[2025-01-26T13:54:34.694+0000] {logging_mixin.py:190} INFO - [2025-01-26T13:54:34.694+0000] {override.py:1911} INFO - Created Permission View: menu access on DAG Run:dataset_with_extra_by_context
[2025-01-26T13:54:34.701+0000] {logging_mixin.py:190} INFO - [2025-01-26T13:54:34.701+0000] {override.py:1911} INFO - Created Permission View: can delete on DAG:dataset_with_extra_by_yield
[2025-01-26T13:54:34.704+0000] {logging_mixin.py:190} INFO - [2025-01-26T13:54:34.704+0000] {override.py:1911} INFO - Created Permission View: can read on DAG:dataset_with_extra_by_yield
[2025-01-26T13:54:34.708+0000] {logging_mixin.py:190} INFO - [2025-01-26T13:54:34.708+0000] {override.py:1911} INFO - Created Permission View: can edit on DAG:dataset_with_extra_by_yield
[2025-01-26T13:54:34.723+0000] {logging_mixin.py:190} INFO - [2025-01-26T13:54:34.722+0000] {override.py:1911} INFO - Created Permission View: can create on DAG Run:dataset_with_extra_by_yield
[2025-01-26T13:54:34.728+0000] {logging_mixin.py:190} INFO - [2025-01-26T13:54:34.727+0000] {override.py:1911} INFO - Created Permission View: can delete on DAG Run:dataset_with_extra_by_yield
[2025-01-26T13:54:34.731+0000] {logging_mixin.py:190} INFO - [2025-01-26T13:54:34.731+0000] {override.py:1911} INFO - Created Permission View: can read on DAG Run:dataset_with_extra_by_yield
[2025-01-26T13:54:34.734+0000] {logging_mixin.py:190} INFO - [2025-01-26T13:54:34.734+0000] {override.py:1911} INFO - Created Permission View: menu access on DAG Run:dataset_with_extra_by_yield
[2025-01-26T13:54:34.744+0000] {logging_mixin.py:190} INFO - [2025-01-26T13:54:34.743+0000] {override.py:1911} INFO - Created Permission View: can delete on DAG:dataset_with_extra_from_classic_operator
[2025-01-26T13:54:34.747+0000] {logging_mixin.py:190} INFO - [2025-01-26T13:54:34.747+0000] {override.py:1911} INFO - Created Permission View: can read on DAG:dataset_with_extra_from_classic_operator
[2025-01-26T13:54:34.752+0000] {logging_mixin.py:190} INFO - [2025-01-26T13:54:34.752+0000] {override.py:1911} INFO - Created Permission View: can edit on DAG:dataset_with_extra_from_classic_operator
[2025-01-26T13:54:34.756+0000] {logging_mixin.py:190} INFO - [2025-01-26T13:54:34.755+0000] {override.py:1911} INFO - Created Permission View: can create on DAG Run:dataset_with_extra_from_classic_operator
[2025-01-26T13:54:34.759+0000] {logging_mixin.py:190} INFO - [2025-01-26T13:54:34.759+0000] {override.py:1911} INFO - Created Permission View: can delete on DAG Run:dataset_with_extra_from_classic_operator
[2025-01-26T13:54:34.762+0000] {logging_mixin.py:190} INFO - [2025-01-26T13:54:34.762+0000] {override.py:1911} INFO - Created Permission View: can read on DAG Run:dataset_with_extra_from_classic_operator
[2025-01-26T13:54:34.765+0000] {logging_mixin.py:190} INFO - [2025-01-26T13:54:34.765+0000] {override.py:1911} INFO - Created Permission View: menu access on DAG Run:dataset_with_extra_from_classic_operator
[2025-01-26T13:54:34.765+0000] {logging_mixin.py:190} INFO - [2025-01-26T13:54:34.765+0000] {dag.py:3239} INFO - Sync 3 DAGs
[2025-01-26T13:54:34.778+0000] {logging_mixin.py:190} INFO - [2025-01-26T13:54:34.778+0000] {dag.py:3262} INFO - Creating ORM DAG for dataset_with_extra_from_classic_operator
[2025-01-26T13:54:34.779+0000] {logging_mixin.py:190} INFO - [2025-01-26T13:54:34.779+0000] {dag.py:3262} INFO - Creating ORM DAG for dataset_with_extra_by_context
[2025-01-26T13:54:34.779+0000] {logging_mixin.py:190} INFO - [2025-01-26T13:54:34.779+0000] {dag.py:3262} INFO - Creating ORM DAG for dataset_with_extra_by_yield
[2025-01-26T13:54:34.789+0000] {logging_mixin.py:190} INFO - [2025-01-26T13:54:34.789+0000] {dag.py:4180} INFO - Setting next_dagrun for dataset_with_extra_by_context to 2025-01-25 00:00:00+00:00, run_after=2025-01-26 00:00:00+00:00
[2025-01-26T13:54:34.790+0000] {logging_mixin.py:190} INFO - [2025-01-26T13:54:34.790+0000] {dag.py:4180} INFO - Setting next_dagrun for dataset_with_extra_by_yield to 2025-01-25 00:00:00+00:00, run_after=2025-01-26 00:00:00+00:00
[2025-01-26T13:54:34.791+0000] {logging_mixin.py:190} INFO - [2025-01-26T13:54:34.791+0000] {dag.py:4180} INFO - Setting next_dagrun for dataset_with_extra_from_classic_operator to 2025-01-25 00:00:00+00:00, run_after=2025-01-26 00:00:00+00:00
[2025-01-26T13:54:34.809+0000] {processor.py:208} INFO - Processing /home/airflow/.local/lib/python3.12/site-packages/airflow/example_dags/example_outlet_event_extra.py took 1.021 seconds
[2025-01-26T13:55:04.983+0000] {processor.py:186} INFO - Started process (PID=126) to work on /home/airflow/.local/lib/python3.12/site-packages/airflow/example_dags/example_outlet_event_extra.py
[2025-01-26T13:55:04.984+0000] {processor.py:914} INFO - Processing file /home/airflow/.local/lib/python3.12/site-packages/airflow/example_dags/example_outlet_event_extra.py for tasks to queue
[2025-01-26T13:55:04.987+0000] {logging_mixin.py:190} INFO - [2025-01-26T13:55:04.987+0000] {dagbag.py:588} INFO - Filling up the DagBag from /home/airflow/.local/lib/python3.12/site-packages/airflow/example_dags/example_outlet_event_extra.py
[2025-01-26T13:55:05.639+0000] {processor.py:925} INFO - DAG(s) 'dataset_with_extra_from_classic_operator', 'dataset_with_extra_by_yield', 'dataset_with_extra_by_context' retrieved from /home/airflow/.local/lib/python3.12/site-packages/airflow/example_dags/example_outlet_event_extra.py
[2025-01-26T13:55:05.697+0000] {logging_mixin.py:190} INFO - [2025-01-26T13:55:05.697+0000] {dag.py:3239} INFO - Sync 3 DAGs
[2025-01-26T13:55:05.722+0000] {logging_mixin.py:190} INFO - [2025-01-26T13:55:05.721+0000] {dag.py:4180} INFO - Setting next_dagrun for dataset_with_extra_by_context to 2025-01-25 00:00:00+00:00, run_after=2025-01-26 00:00:00+00:00
[2025-01-26T13:55:05.729+0000] {logging_mixin.py:190} INFO - [2025-01-26T13:55:05.729+0000] {dag.py:4180} INFO - Setting next_dagrun for dataset_with_extra_by_yield to 2025-01-25 00:00:00+00:00, run_after=2025-01-26 00:00:00+00:00
[2025-01-26T13:55:05.733+0000] {logging_mixin.py:190} INFO - [2025-01-26T13:55:05.733+0000] {dag.py:4180} INFO - Setting next_dagrun for dataset_with_extra_from_classic_operator to 2025-01-25 00:00:00+00:00, run_after=2025-01-26 00:00:00+00:00
[2025-01-26T13:55:05.771+0000] {processor.py:208} INFO - Processing /home/airflow/.local/lib/python3.12/site-packages/airflow/example_dags/example_outlet_event_extra.py took 0.791 seconds
[2025-01-26T13:55:36.602+0000] {processor.py:186} INFO - Started process (PID=189) to work on /home/airflow/.local/lib/python3.12/site-packages/airflow/example_dags/example_outlet_event_extra.py
[2025-01-26T13:55:36.605+0000] {processor.py:914} INFO - Processing file /home/airflow/.local/lib/python3.12/site-packages/airflow/example_dags/example_outlet_event_extra.py for tasks to queue
[2025-01-26T13:55:36.606+0000] {logging_mixin.py:190} INFO - [2025-01-26T13:55:36.606+0000] {dagbag.py:588} INFO - Filling up the DagBag from /home/airflow/.local/lib/python3.12/site-packages/airflow/example_dags/example_outlet_event_extra.py
[2025-01-26T13:55:37.073+0000] {processor.py:925} INFO - DAG(s) 'dataset_with_extra_by_yield', 'dataset_with_extra_from_classic_operator', 'dataset_with_extra_by_context' retrieved from /home/airflow/.local/lib/python3.12/site-packages/airflow/example_dags/example_outlet_event_extra.py
[2025-01-26T13:55:37.087+0000] {logging_mixin.py:190} INFO - [2025-01-26T13:55:37.087+0000] {dag.py:3239} INFO - Sync 3 DAGs
[2025-01-26T13:55:37.100+0000] {logging_mixin.py:190} INFO - [2025-01-26T13:55:37.100+0000] {dag.py:4180} INFO - Setting next_dagrun for dataset_with_extra_by_context to 2025-01-25 00:00:00+00:00, run_after=2025-01-26 00:00:00+00:00
[2025-01-26T13:55:37.104+0000] {logging_mixin.py:190} INFO - [2025-01-26T13:55:37.104+0000] {dag.py:4180} INFO - Setting next_dagrun for dataset_with_extra_by_yield to 2025-01-25 00:00:00+00:00, run_after=2025-01-26 00:00:00+00:00
[2025-01-26T13:55:37.106+0000] {logging_mixin.py:190} INFO - [2025-01-26T13:55:37.106+0000] {dag.py:4180} INFO - Setting next_dagrun for dataset_with_extra_from_classic_operator to 2025-01-25 00:00:00+00:00, run_after=2025-01-26 00:00:00+00:00
[2025-01-26T13:55:37.119+0000] {processor.py:208} INFO - Processing /home/airflow/.local/lib/python3.12/site-packages/airflow/example_dags/example_outlet_event_extra.py took 0.521 seconds
[2025-01-26T13:56:07.143+0000] {processor.py:186} INFO - Started process (PID=250) to work on /home/airflow/.local/lib/python3.12/site-packages/airflow/example_dags/example_outlet_event_extra.py
[2025-01-26T13:56:07.144+0000] {processor.py:914} INFO - Processing file /home/airflow/.local/lib/python3.12/site-packages/airflow/example_dags/example_outlet_event_extra.py for tasks to queue
[2025-01-26T13:56:07.145+0000] {logging_mixin.py:190} INFO - [2025-01-26T13:56:07.145+0000] {dagbag.py:588} INFO - Filling up the DagBag from /home/airflow/.local/lib/python3.12/site-packages/airflow/example_dags/example_outlet_event_extra.py
[2025-01-26T13:56:07.633+0000] {processor.py:925} INFO - DAG(s) 'dataset_with_extra_from_classic_operator', 'dataset_with_extra_by_context', 'dataset_with_extra_by_yield' retrieved from /home/airflow/.local/lib/python3.12/site-packages/airflow/example_dags/example_outlet_event_extra.py
[2025-01-26T13:56:07.651+0000] {logging_mixin.py:190} INFO - [2025-01-26T13:56:07.650+0000] {dag.py:3239} INFO - Sync 3 DAGs
[2025-01-26T13:56:07.670+0000] {logging_mixin.py:190} INFO - [2025-01-26T13:56:07.670+0000] {dag.py:4180} INFO - Setting next_dagrun for dataset_with_extra_by_context to 2025-01-25 00:00:00+00:00, run_after=2025-01-26 00:00:00+00:00
[2025-01-26T13:56:07.673+0000] {logging_mixin.py:190} INFO - [2025-01-26T13:56:07.673+0000] {dag.py:4180} INFO - Setting next_dagrun for dataset_with_extra_by_yield to 2025-01-25 00:00:00+00:00, run_after=2025-01-26 00:00:00+00:00
[2025-01-26T13:56:07.674+0000] {logging_mixin.py:190} INFO - [2025-01-26T13:56:07.674+0000] {dag.py:4180} INFO - Setting next_dagrun for dataset_with_extra_from_classic_operator to 2025-01-25 00:00:00+00:00, run_after=2025-01-26 00:00:00+00:00
[2025-01-26T13:56:07.685+0000] {processor.py:208} INFO - Processing /home/airflow/.local/lib/python3.12/site-packages/airflow/example_dags/example_outlet_event_extra.py took 0.547 seconds
[2025-01-26T13:56:38.152+0000] {processor.py:186} INFO - Started process (PID=320) to work on /home/airflow/.local/lib/python3.12/site-packages/airflow/example_dags/example_outlet_event_extra.py
[2025-01-26T13:56:38.153+0000] {processor.py:914} INFO - Processing file /home/airflow/.local/lib/python3.12/site-packages/airflow/example_dags/example_outlet_event_extra.py for tasks to queue
[2025-01-26T13:56:38.155+0000] {logging_mixin.py:190} INFO - [2025-01-26T13:56:38.154+0000] {dagbag.py:588} INFO - Filling up the DagBag from /home/airflow/.local/lib/python3.12/site-packages/airflow/example_dags/example_outlet_event_extra.py
[2025-01-26T13:56:38.731+0000] {processor.py:925} INFO - DAG(s) 'dataset_with_extra_by_context', 'dataset_with_extra_by_yield', 'dataset_with_extra_from_classic_operator' retrieved from /home/airflow/.local/lib/python3.12/site-packages/airflow/example_dags/example_outlet_event_extra.py
[2025-01-26T13:56:38.752+0000] {logging_mixin.py:190} INFO - [2025-01-26T13:56:38.752+0000] {dag.py:3239} INFO - Sync 3 DAGs
[2025-01-26T13:56:38.766+0000] {logging_mixin.py:190} INFO - [2025-01-26T13:56:38.766+0000] {dag.py:4180} INFO - Setting next_dagrun for dataset_with_extra_by_context to 2025-01-25 00:00:00+00:00, run_after=2025-01-26 00:00:00+00:00
[2025-01-26T13:56:38.768+0000] {logging_mixin.py:190} INFO - [2025-01-26T13:56:38.768+0000] {dag.py:4180} INFO - Setting next_dagrun for dataset_with_extra_by_yield to 2025-01-25 00:00:00+00:00, run_after=2025-01-26 00:00:00+00:00
[2025-01-26T13:56:38.769+0000] {logging_mixin.py:190} INFO - [2025-01-26T13:56:38.769+0000] {dag.py:4180} INFO - Setting next_dagrun for dataset_with_extra_from_classic_operator to 2025-01-25 00:00:00+00:00, run_after=2025-01-26 00:00:00+00:00
[2025-01-26T13:56:38.779+0000] {processor.py:208} INFO - Processing /home/airflow/.local/lib/python3.12/site-packages/airflow/example_dags/example_outlet_event_extra.py took 0.632 seconds
[2025-01-26T13:57:08.988+0000] {processor.py:186} INFO - Started process (PID=383) to work on /home/airflow/.local/lib/python3.12/site-packages/airflow/example_dags/example_outlet_event_extra.py
[2025-01-26T13:57:08.989+0000] {processor.py:914} INFO - Processing file /home/airflow/.local/lib/python3.12/site-packages/airflow/example_dags/example_outlet_event_extra.py for tasks to queue
[2025-01-26T13:57:08.992+0000] {logging_mixin.py:190} INFO - [2025-01-26T13:57:08.992+0000] {dagbag.py:588} INFO - Filling up the DagBag from /home/airflow/.local/lib/python3.12/site-packages/airflow/example_dags/example_outlet_event_extra.py
[2025-01-26T13:57:09.670+0000] {processor.py:925} INFO - DAG(s) 'dataset_with_extra_by_yield', 'dataset_with_extra_by_context', 'dataset_with_extra_from_classic_operator' retrieved from /home/airflow/.local/lib/python3.12/site-packages/airflow/example_dags/example_outlet_event_extra.py
[2025-01-26T13:57:09.690+0000] {logging_mixin.py:190} INFO - [2025-01-26T13:57:09.690+0000] {dag.py:3239} INFO - Sync 3 DAGs
[2025-01-26T13:57:09.706+0000] {logging_mixin.py:190} INFO - [2025-01-26T13:57:09.706+0000] {dag.py:4180} INFO - Setting next_dagrun for dataset_with_extra_by_context to 2025-01-25 00:00:00+00:00, run_after=2025-01-26 00:00:00+00:00
[2025-01-26T13:57:09.708+0000] {logging_mixin.py:190} INFO - [2025-01-26T13:57:09.708+0000] {dag.py:4180} INFO - Setting next_dagrun for dataset_with_extra_by_yield to 2025-01-25 00:00:00+00:00, run_after=2025-01-26 00:00:00+00:00
[2025-01-26T13:57:09.711+0000] {logging_mixin.py:190} INFO - [2025-01-26T13:57:09.711+0000] {dag.py:4180} INFO - Setting next_dagrun for dataset_with_extra_from_classic_operator to 2025-01-25 00:00:00+00:00, run_after=2025-01-26 00:00:00+00:00
[2025-01-26T13:57:09.728+0000] {processor.py:208} INFO - Processing /home/airflow/.local/lib/python3.12/site-packages/airflow/example_dags/example_outlet_event_extra.py took 0.746 seconds
[2025-01-26T13:57:39.951+0000] {processor.py:186} INFO - Started process (PID=446) to work on /home/airflow/.local/lib/python3.12/site-packages/airflow/example_dags/example_outlet_event_extra.py
[2025-01-26T13:57:39.951+0000] {processor.py:914} INFO - Processing file /home/airflow/.local/lib/python3.12/site-packages/airflow/example_dags/example_outlet_event_extra.py for tasks to queue
[2025-01-26T13:57:39.953+0000] {logging_mixin.py:190} INFO - [2025-01-26T13:57:39.952+0000] {dagbag.py:588} INFO - Filling up the DagBag from /home/airflow/.local/lib/python3.12/site-packages/airflow/example_dags/example_outlet_event_extra.py
[2025-01-26T13:57:40.517+0000] {processor.py:925} INFO - DAG(s) 'dataset_with_extra_by_yield', 'dataset_with_extra_by_context', 'dataset_with_extra_from_classic_operator' retrieved from /home/airflow/.local/lib/python3.12/site-packages/airflow/example_dags/example_outlet_event_extra.py
[2025-01-26T13:57:40.532+0000] {logging_mixin.py:190} INFO - [2025-01-26T13:57:40.532+0000] {dag.py:3239} INFO - Sync 3 DAGs
[2025-01-26T13:57:40.546+0000] {logging_mixin.py:190} INFO - [2025-01-26T13:57:40.546+0000] {dag.py:4180} INFO - Setting next_dagrun for dataset_with_extra_by_context to 2025-01-25 00:00:00+00:00, run_after=2025-01-26 00:00:00+00:00
[2025-01-26T13:57:40.549+0000] {logging_mixin.py:190} INFO - [2025-01-26T13:57:40.549+0000] {dag.py:4180} INFO - Setting next_dagrun for dataset_with_extra_by_yield to 2025-01-25 00:00:00+00:00, run_after=2025-01-26 00:00:00+00:00
[2025-01-26T13:57:40.550+0000] {logging_mixin.py:190} INFO - [2025-01-26T13:57:40.550+0000] {dag.py:4180} INFO - Setting next_dagrun for dataset_with_extra_from_classic_operator to 2025-01-25 00:00:00+00:00, run_after=2025-01-26 00:00:00+00:00
[2025-01-26T13:57:40.560+0000] {processor.py:208} INFO - Processing /home/airflow/.local/lib/python3.12/site-packages/airflow/example_dags/example_outlet_event_extra.py took 0.613 seconds
[2025-01-26T13:58:11.177+0000] {processor.py:186} INFO - Started process (PID=509) to work on /home/airflow/.local/lib/python3.12/site-packages/airflow/example_dags/example_outlet_event_extra.py
[2025-01-26T13:58:11.178+0000] {processor.py:914} INFO - Processing file /home/airflow/.local/lib/python3.12/site-packages/airflow/example_dags/example_outlet_event_extra.py for tasks to queue
[2025-01-26T13:58:11.181+0000] {logging_mixin.py:190} INFO - [2025-01-26T13:58:11.181+0000] {dagbag.py:588} INFO - Filling up the DagBag from /home/airflow/.local/lib/python3.12/site-packages/airflow/example_dags/example_outlet_event_extra.py
[2025-01-26T13:58:11.716+0000] {processor.py:925} INFO - DAG(s) 'dataset_with_extra_by_yield', 'dataset_with_extra_from_classic_operator', 'dataset_with_extra_by_context' retrieved from /home/airflow/.local/lib/python3.12/site-packages/airflow/example_dags/example_outlet_event_extra.py
[2025-01-26T13:58:11.730+0000] {logging_mixin.py:190} INFO - [2025-01-26T13:58:11.730+0000] {dag.py:3239} INFO - Sync 3 DAGs
[2025-01-26T13:58:11.744+0000] {logging_mixin.py:190} INFO - [2025-01-26T13:58:11.744+0000] {dag.py:4180} INFO - Setting next_dagrun for dataset_with_extra_by_context to 2025-01-25 00:00:00+00:00, run_after=2025-01-26 00:00:00+00:00
[2025-01-26T13:58:11.748+0000] {logging_mixin.py:190} INFO - [2025-01-26T13:58:11.748+0000] {dag.py:4180} INFO - Setting next_dagrun for dataset_with_extra_by_yield to 2025-01-25 00:00:00+00:00, run_after=2025-01-26 00:00:00+00:00
[2025-01-26T13:58:11.749+0000] {logging_mixin.py:190} INFO - [2025-01-26T13:58:11.749+0000] {dag.py:4180} INFO - Setting next_dagrun for dataset_with_extra_from_classic_operator to 2025-01-25 00:00:00+00:00, run_after=2025-01-26 00:00:00+00:00
[2025-01-26T13:58:11.767+0000] {processor.py:208} INFO - Processing /home/airflow/.local/lib/python3.12/site-packages/airflow/example_dags/example_outlet_event_extra.py took 0.596 seconds
[2025-01-26T13:58:42.439+0000] {processor.py:186} INFO - Started process (PID=572) to work on /home/airflow/.local/lib/python3.12/site-packages/airflow/example_dags/example_outlet_event_extra.py
[2025-01-26T13:58:42.444+0000] {processor.py:914} INFO - Processing file /home/airflow/.local/lib/python3.12/site-packages/airflow/example_dags/example_outlet_event_extra.py for tasks to queue
[2025-01-26T13:58:42.449+0000] {logging_mixin.py:190} INFO - [2025-01-26T13:58:42.449+0000] {dagbag.py:588} INFO - Filling up the DagBag from /home/airflow/.local/lib/python3.12/site-packages/airflow/example_dags/example_outlet_event_extra.py
[2025-01-26T13:58:43.129+0000] {processor.py:925} INFO - DAG(s) 'dataset_with_extra_by_yield', 'dataset_with_extra_from_classic_operator', 'dataset_with_extra_by_context' retrieved from /home/airflow/.local/lib/python3.12/site-packages/airflow/example_dags/example_outlet_event_extra.py
[2025-01-26T13:58:43.144+0000] {logging_mixin.py:190} INFO - [2025-01-26T13:58:43.144+0000] {dag.py:3239} INFO - Sync 3 DAGs
[2025-01-26T13:58:43.158+0000] {logging_mixin.py:190} INFO - [2025-01-26T13:58:43.158+0000] {dag.py:4180} INFO - Setting next_dagrun for dataset_with_extra_by_context to 2025-01-25 00:00:00+00:00, run_after=2025-01-26 00:00:00+00:00
[2025-01-26T13:58:43.160+0000] {logging_mixin.py:190} INFO - [2025-01-26T13:58:43.160+0000] {dag.py:4180} INFO - Setting next_dagrun for dataset_with_extra_by_yield to 2025-01-25 00:00:00+00:00, run_after=2025-01-26 00:00:00+00:00
[2025-01-26T13:58:43.161+0000] {logging_mixin.py:190} INFO - [2025-01-26T13:58:43.161+0000] {dag.py:4180} INFO - Setting next_dagrun for dataset_with_extra_from_classic_operator to 2025-01-25 00:00:00+00:00, run_after=2025-01-26 00:00:00+00:00
[2025-01-26T13:58:43.174+0000] {processor.py:208} INFO - Processing /home/airflow/.local/lib/python3.12/site-packages/airflow/example_dags/example_outlet_event_extra.py took 0.741 seconds
[2025-01-26T13:59:13.977+0000] {processor.py:186} INFO - Started process (PID=635) to work on /home/airflow/.local/lib/python3.12/site-packages/airflow/example_dags/example_outlet_event_extra.py
[2025-01-26T13:59:13.980+0000] {processor.py:914} INFO - Processing file /home/airflow/.local/lib/python3.12/site-packages/airflow/example_dags/example_outlet_event_extra.py for tasks to queue
[2025-01-26T13:59:13.983+0000] {logging_mixin.py:190} INFO - [2025-01-26T13:59:13.983+0000] {dagbag.py:588} INFO - Filling up the DagBag from /home/airflow/.local/lib/python3.12/site-packages/airflow/example_dags/example_outlet_event_extra.py
[2025-01-26T13:59:14.512+0000] {processor.py:925} INFO - DAG(s) 'dataset_with_extra_by_context', 'dataset_with_extra_by_yield', 'dataset_with_extra_from_classic_operator' retrieved from /home/airflow/.local/lib/python3.12/site-packages/airflow/example_dags/example_outlet_event_extra.py
[2025-01-26T13:59:14.526+0000] {logging_mixin.py:190} INFO - [2025-01-26T13:59:14.526+0000] {dag.py:3239} INFO - Sync 3 DAGs
[2025-01-26T13:59:14.539+0000] {logging_mixin.py:190} INFO - [2025-01-26T13:59:14.539+0000] {dag.py:4180} INFO - Setting next_dagrun for dataset_with_extra_by_context to 2025-01-25 00:00:00+00:00, run_after=2025-01-26 00:00:00+00:00
[2025-01-26T13:59:14.542+0000] {logging_mixin.py:190} INFO - [2025-01-26T13:59:14.541+0000] {dag.py:4180} INFO - Setting next_dagrun for dataset_with_extra_by_yield to 2025-01-25 00:00:00+00:00, run_after=2025-01-26 00:00:00+00:00
[2025-01-26T13:59:14.543+0000] {logging_mixin.py:190} INFO - [2025-01-26T13:59:14.543+0000] {dag.py:4180} INFO - Setting next_dagrun for dataset_with_extra_from_classic_operator to 2025-01-25 00:00:00+00:00, run_after=2025-01-26 00:00:00+00:00
[2025-01-26T13:59:14.554+0000] {processor.py:208} INFO - Processing /home/airflow/.local/lib/python3.12/site-packages/airflow/example_dags/example_outlet_event_extra.py took 0.584 seconds
