[2025-01-26T13:54:35.374+0000] {processor.py:186} INFO - Started process (PID=68) to work on /home/airflow/.local/lib/python3.12/site-packages/airflow/example_dags/example_dag_decorator.py
[2025-01-26T13:54:35.376+0000] {processor.py:914} INFO - Processing file /home/airflow/.local/lib/python3.12/site-packages/airflow/example_dags/example_dag_decorator.py for tasks to queue
[2025-01-26T13:54:35.384+0000] {logging_mixin.py:190} INFO - [2025-01-26T13:54:35.384+0000] {dagbag.py:588} INFO - Filling up the DagBag from /home/airflow/.local/lib/python3.12/site-packages/airflow/example_dags/example_dag_decorator.py
[2025-01-26T13:54:35.433+0000] {processor.py:925} INFO - DAG(s) 'example_dag_decorator' retrieved from /home/airflow/.local/lib/python3.12/site-packages/airflow/example_dags/example_dag_decorator.py
[2025-01-26T13:54:35.642+0000] {logging_mixin.py:190} INFO - [2025-01-26T13:54:35.642+0000] {override.py:1911} INFO - Created Permission View: can delete on DAG:example_dag_decorator
[2025-01-26T13:54:35.666+0000] {logging_mixin.py:190} INFO - [2025-01-26T13:54:35.665+0000] {override.py:1911} INFO - Created Permission View: can read on DAG:example_dag_decorator
[2025-01-26T13:54:35.689+0000] {logging_mixin.py:190} INFO - [2025-01-26T13:54:35.689+0000] {override.py:1911} INFO - Created Permission View: can edit on DAG:example_dag_decorator
[2025-01-26T13:54:35.702+0000] {logging_mixin.py:190} INFO - [2025-01-26T13:54:35.701+0000] {override.py:1911} INFO - Created Permission View: can create on DAG Run:example_dag_decorator
[2025-01-26T13:54:35.715+0000] {logging_mixin.py:190} INFO - [2025-01-26T13:54:35.714+0000] {override.py:1911} INFO - Created Permission View: can delete on DAG Run:example_dag_decorator
[2025-01-26T13:54:35.725+0000] {logging_mixin.py:190} INFO - [2025-01-26T13:54:35.724+0000] {override.py:1911} INFO - Created Permission View: can read on DAG Run:example_dag_decorator
[2025-01-26T13:54:35.734+0000] {logging_mixin.py:190} INFO - [2025-01-26T13:54:35.734+0000] {override.py:1911} INFO - Created Permission View: menu access on DAG Run:example_dag_decorator
[2025-01-26T13:54:35.734+0000] {logging_mixin.py:190} INFO - [2025-01-26T13:54:35.734+0000] {dag.py:3239} INFO - Sync 1 DAGs
[2025-01-26T13:54:35.745+0000] {logging_mixin.py:190} INFO - [2025-01-26T13:54:35.745+0000] {dag.py:3262} INFO - Creating ORM DAG for example_dag_decorator
[2025-01-26T13:54:35.746+0000] {logging_mixin.py:190} INFO - [2025-01-26T13:54:35.745+0000] {dag.py:4180} INFO - Setting next_dagrun for example_dag_decorator to None, run_after=None
[2025-01-26T13:54:35.776+0000] {processor.py:208} INFO - Processing /home/airflow/.local/lib/python3.12/site-packages/airflow/example_dags/example_dag_decorator.py took 0.408 seconds
[2025-01-26T13:55:05.981+0000] {processor.py:186} INFO - Started process (PID=131) to work on /home/airflow/.local/lib/python3.12/site-packages/airflow/example_dags/example_dag_decorator.py
[2025-01-26T13:55:05.982+0000] {processor.py:914} INFO - Processing file /home/airflow/.local/lib/python3.12/site-packages/airflow/example_dags/example_dag_decorator.py for tasks to queue
[2025-01-26T13:55:05.984+0000] {logging_mixin.py:190} INFO - [2025-01-26T13:55:05.984+0000] {dagbag.py:588} INFO - Filling up the DagBag from /home/airflow/.local/lib/python3.12/site-packages/airflow/example_dags/example_dag_decorator.py
[2025-01-26T13:55:05.991+0000] {processor.py:925} INFO - DAG(s) 'example_dag_decorator' retrieved from /home/airflow/.local/lib/python3.12/site-packages/airflow/example_dags/example_dag_decorator.py
[2025-01-26T13:55:06.051+0000] {logging_mixin.py:190} INFO - [2025-01-26T13:55:06.051+0000] {dag.py:3239} INFO - Sync 1 DAGs
[2025-01-26T13:55:06.060+0000] {logging_mixin.py:190} INFO - [2025-01-26T13:55:06.059+0000] {dag.py:4180} INFO - Setting next_dagrun for example_dag_decorator to None, run_after=None
[2025-01-26T13:55:06.070+0000] {processor.py:208} INFO - Processing /home/airflow/.local/lib/python3.12/site-packages/airflow/example_dags/example_dag_decorator.py took 0.092 seconds
[2025-01-26T13:55:37.248+0000] {processor.py:186} INFO - Started process (PID=194) to work on /home/airflow/.local/lib/python3.12/site-packages/airflow/example_dags/example_dag_decorator.py
[2025-01-26T13:55:37.249+0000] {processor.py:914} INFO - Processing file /home/airflow/.local/lib/python3.12/site-packages/airflow/example_dags/example_dag_decorator.py for tasks to queue
[2025-01-26T13:55:37.251+0000] {logging_mixin.py:190} INFO - [2025-01-26T13:55:37.250+0000] {dagbag.py:588} INFO - Filling up the DagBag from /home/airflow/.local/lib/python3.12/site-packages/airflow/example_dags/example_dag_decorator.py
[2025-01-26T13:55:37.258+0000] {processor.py:925} INFO - DAG(s) 'example_dag_decorator' retrieved from /home/airflow/.local/lib/python3.12/site-packages/airflow/example_dags/example_dag_decorator.py
[2025-01-26T13:55:37.316+0000] {logging_mixin.py:190} INFO - [2025-01-26T13:55:37.316+0000] {dag.py:3239} INFO - Sync 1 DAGs
[2025-01-26T13:55:37.322+0000] {logging_mixin.py:190} INFO - [2025-01-26T13:55:37.322+0000] {dag.py:4180} INFO - Setting next_dagrun for example_dag_decorator to None, run_after=None
[2025-01-26T13:55:37.333+0000] {processor.py:208} INFO - Processing /home/airflow/.local/lib/python3.12/site-packages/airflow/example_dags/example_dag_decorator.py took 0.089 seconds
[2025-01-26T13:56:07.879+0000] {processor.py:186} INFO - Started process (PID=262) to work on /home/airflow/.local/lib/python3.12/site-packages/airflow/example_dags/example_dag_decorator.py
[2025-01-26T13:56:07.880+0000] {processor.py:914} INFO - Processing file /home/airflow/.local/lib/python3.12/site-packages/airflow/example_dags/example_dag_decorator.py for tasks to queue
[2025-01-26T13:56:07.882+0000] {logging_mixin.py:190} INFO - [2025-01-26T13:56:07.881+0000] {dagbag.py:588} INFO - Filling up the DagBag from /home/airflow/.local/lib/python3.12/site-packages/airflow/example_dags/example_dag_decorator.py
[2025-01-26T13:56:07.889+0000] {processor.py:925} INFO - DAG(s) 'example_dag_decorator' retrieved from /home/airflow/.local/lib/python3.12/site-packages/airflow/example_dags/example_dag_decorator.py
[2025-01-26T13:56:07.950+0000] {logging_mixin.py:190} INFO - [2025-01-26T13:56:07.950+0000] {dag.py:3239} INFO - Sync 1 DAGs
[2025-01-26T13:56:07.956+0000] {logging_mixin.py:190} INFO - [2025-01-26T13:56:07.956+0000] {dag.py:4180} INFO - Setting next_dagrun for example_dag_decorator to None, run_after=None
[2025-01-26T13:56:07.966+0000] {processor.py:208} INFO - Processing /home/airflow/.local/lib/python3.12/site-packages/airflow/example_dags/example_dag_decorator.py took 0.091 seconds
[2025-01-26T13:56:38.944+0000] {processor.py:186} INFO - Started process (PID=325) to work on /home/airflow/.local/lib/python3.12/site-packages/airflow/example_dags/example_dag_decorator.py
[2025-01-26T13:56:38.945+0000] {processor.py:914} INFO - Processing file /home/airflow/.local/lib/python3.12/site-packages/airflow/example_dags/example_dag_decorator.py for tasks to queue
[2025-01-26T13:56:38.948+0000] {logging_mixin.py:190} INFO - [2025-01-26T13:56:38.948+0000] {dagbag.py:588} INFO - Filling up the DagBag from /home/airflow/.local/lib/python3.12/site-packages/airflow/example_dags/example_dag_decorator.py
[2025-01-26T13:56:38.957+0000] {processor.py:925} INFO - DAG(s) 'example_dag_decorator' retrieved from /home/airflow/.local/lib/python3.12/site-packages/airflow/example_dags/example_dag_decorator.py
[2025-01-26T13:56:39.025+0000] {logging_mixin.py:190} INFO - [2025-01-26T13:56:39.025+0000] {dag.py:3239} INFO - Sync 1 DAGs
[2025-01-26T13:56:39.032+0000] {logging_mixin.py:190} INFO - [2025-01-26T13:56:39.032+0000] {dag.py:4180} INFO - Setting next_dagrun for example_dag_decorator to None, run_after=None
[2025-01-26T13:56:39.043+0000] {processor.py:208} INFO - Processing /home/airflow/.local/lib/python3.12/site-packages/airflow/example_dags/example_dag_decorator.py took 0.106 seconds
[2025-01-26T13:57:09.921+0000] {processor.py:186} INFO - Started process (PID=388) to work on /home/airflow/.local/lib/python3.12/site-packages/airflow/example_dags/example_dag_decorator.py
[2025-01-26T13:57:09.923+0000] {processor.py:914} INFO - Processing file /home/airflow/.local/lib/python3.12/site-packages/airflow/example_dags/example_dag_decorator.py for tasks to queue
[2025-01-26T13:57:09.926+0000] {logging_mixin.py:190} INFO - [2025-01-26T13:57:09.926+0000] {dagbag.py:588} INFO - Filling up the DagBag from /home/airflow/.local/lib/python3.12/site-packages/airflow/example_dags/example_dag_decorator.py
[2025-01-26T13:57:09.937+0000] {processor.py:925} INFO - DAG(s) 'example_dag_decorator' retrieved from /home/airflow/.local/lib/python3.12/site-packages/airflow/example_dags/example_dag_decorator.py
[2025-01-26T13:57:10.000+0000] {logging_mixin.py:190} INFO - [2025-01-26T13:57:10.000+0000] {dag.py:3239} INFO - Sync 1 DAGs
[2025-01-26T13:57:10.008+0000] {logging_mixin.py:190} INFO - [2025-01-26T13:57:10.008+0000] {dag.py:4180} INFO - Setting next_dagrun for example_dag_decorator to None, run_after=None
[2025-01-26T13:57:10.020+0000] {processor.py:208} INFO - Processing /home/airflow/.local/lib/python3.12/site-packages/airflow/example_dags/example_dag_decorator.py took 0.110 seconds
[2025-01-26T13:57:40.697+0000] {processor.py:186} INFO - Started process (PID=451) to work on /home/airflow/.local/lib/python3.12/site-packages/airflow/example_dags/example_dag_decorator.py
[2025-01-26T13:57:40.698+0000] {processor.py:914} INFO - Processing file /home/airflow/.local/lib/python3.12/site-packages/airflow/example_dags/example_dag_decorator.py for tasks to queue
[2025-01-26T13:57:40.700+0000] {logging_mixin.py:190} INFO - [2025-01-26T13:57:40.700+0000] {dagbag.py:588} INFO - Filling up the DagBag from /home/airflow/.local/lib/python3.12/site-packages/airflow/example_dags/example_dag_decorator.py
[2025-01-26T13:57:40.708+0000] {processor.py:925} INFO - DAG(s) 'example_dag_decorator' retrieved from /home/airflow/.local/lib/python3.12/site-packages/airflow/example_dags/example_dag_decorator.py
[2025-01-26T13:57:40.831+0000] {logging_mixin.py:190} INFO - [2025-01-26T13:57:40.830+0000] {dag.py:3239} INFO - Sync 1 DAGs
[2025-01-26T13:57:40.837+0000] {logging_mixin.py:190} INFO - [2025-01-26T13:57:40.837+0000] {dag.py:4180} INFO - Setting next_dagrun for example_dag_decorator to None, run_after=None
[2025-01-26T13:57:40.850+0000] {processor.py:208} INFO - Processing /home/airflow/.local/lib/python3.12/site-packages/airflow/example_dags/example_dag_decorator.py took 0.158 seconds
[2025-01-26T13:58:11.903+0000] {processor.py:186} INFO - Started process (PID=514) to work on /home/airflow/.local/lib/python3.12/site-packages/airflow/example_dags/example_dag_decorator.py
[2025-01-26T13:58:11.904+0000] {processor.py:914} INFO - Processing file /home/airflow/.local/lib/python3.12/site-packages/airflow/example_dags/example_dag_decorator.py for tasks to queue
[2025-01-26T13:58:11.906+0000] {logging_mixin.py:190} INFO - [2025-01-26T13:58:11.905+0000] {dagbag.py:588} INFO - Filling up the DagBag from /home/airflow/.local/lib/python3.12/site-packages/airflow/example_dags/example_dag_decorator.py
[2025-01-26T13:58:11.912+0000] {processor.py:925} INFO - DAG(s) 'example_dag_decorator' retrieved from /home/airflow/.local/lib/python3.12/site-packages/airflow/example_dags/example_dag_decorator.py
[2025-01-26T13:58:11.981+0000] {logging_mixin.py:190} INFO - [2025-01-26T13:58:11.981+0000] {dag.py:3239} INFO - Sync 1 DAGs
[2025-01-26T13:58:11.987+0000] {logging_mixin.py:190} INFO - [2025-01-26T13:58:11.987+0000] {dag.py:4180} INFO - Setting next_dagrun for example_dag_decorator to None, run_after=None
[2025-01-26T13:58:12.000+0000] {processor.py:208} INFO - Processing /home/airflow/.local/lib/python3.12/site-packages/airflow/example_dags/example_dag_decorator.py took 0.100 seconds
[2025-01-26T13:58:43.320+0000] {processor.py:186} INFO - Started process (PID=577) to work on /home/airflow/.local/lib/python3.12/site-packages/airflow/example_dags/example_dag_decorator.py
[2025-01-26T13:58:43.322+0000] {processor.py:914} INFO - Processing file /home/airflow/.local/lib/python3.12/site-packages/airflow/example_dags/example_dag_decorator.py for tasks to queue
[2025-01-26T13:58:43.323+0000] {logging_mixin.py:190} INFO - [2025-01-26T13:58:43.323+0000] {dagbag.py:588} INFO - Filling up the DagBag from /home/airflow/.local/lib/python3.12/site-packages/airflow/example_dags/example_dag_decorator.py
[2025-01-26T13:58:43.330+0000] {processor.py:925} INFO - DAG(s) 'example_dag_decorator' retrieved from /home/airflow/.local/lib/python3.12/site-packages/airflow/example_dags/example_dag_decorator.py
[2025-01-26T13:58:43.393+0000] {logging_mixin.py:190} INFO - [2025-01-26T13:58:43.393+0000] {dag.py:3239} INFO - Sync 1 DAGs
[2025-01-26T13:58:43.399+0000] {logging_mixin.py:190} INFO - [2025-01-26T13:58:43.398+0000] {dag.py:4180} INFO - Setting next_dagrun for example_dag_decorator to None, run_after=None
[2025-01-26T13:58:43.412+0000] {processor.py:208} INFO - Processing /home/airflow/.local/lib/python3.12/site-packages/airflow/example_dags/example_dag_decorator.py took 0.096 seconds
[2025-01-26T13:59:14.733+0000] {processor.py:186} INFO - Started process (PID=640) to work on /home/airflow/.local/lib/python3.12/site-packages/airflow/example_dags/example_dag_decorator.py
[2025-01-26T13:59:14.734+0000] {processor.py:914} INFO - Processing file /home/airflow/.local/lib/python3.12/site-packages/airflow/example_dags/example_dag_decorator.py for tasks to queue
[2025-01-26T13:59:14.735+0000] {logging_mixin.py:190} INFO - [2025-01-26T13:59:14.735+0000] {dagbag.py:588} INFO - Filling up the DagBag from /home/airflow/.local/lib/python3.12/site-packages/airflow/example_dags/example_dag_decorator.py
[2025-01-26T13:59:14.742+0000] {processor.py:925} INFO - DAG(s) 'example_dag_decorator' retrieved from /home/airflow/.local/lib/python3.12/site-packages/airflow/example_dags/example_dag_decorator.py
[2025-01-26T13:59:14.803+0000] {logging_mixin.py:190} INFO - [2025-01-26T13:59:14.803+0000] {dag.py:3239} INFO - Sync 1 DAGs
[2025-01-26T13:59:14.810+0000] {logging_mixin.py:190} INFO - [2025-01-26T13:59:14.810+0000] {dag.py:4180} INFO - Setting next_dagrun for example_dag_decorator to None, run_after=None
[2025-01-26T13:59:14.820+0000] {processor.py:208} INFO - Processing /home/airflow/.local/lib/python3.12/site-packages/airflow/example_dags/example_dag_decorator.py took 0.093 seconds
[2025-01-26T13:59:46.048+0000] {processor.py:186} INFO - Started process (PID=703) to work on /home/airflow/.local/lib/python3.12/site-packages/airflow/example_dags/example_dag_decorator.py
[2025-01-26T13:59:46.049+0000] {processor.py:914} INFO - Processing file /home/airflow/.local/lib/python3.12/site-packages/airflow/example_dags/example_dag_decorator.py for tasks to queue
[2025-01-26T13:59:46.050+0000] {logging_mixin.py:190} INFO - [2025-01-26T13:59:46.050+0000] {dagbag.py:588} INFO - Filling up the DagBag from /home/airflow/.local/lib/python3.12/site-packages/airflow/example_dags/example_dag_decorator.py
[2025-01-26T13:59:46.057+0000] {processor.py:925} INFO - DAG(s) 'example_dag_decorator' retrieved from /home/airflow/.local/lib/python3.12/site-packages/airflow/example_dags/example_dag_decorator.py
[2025-01-26T13:59:46.119+0000] {logging_mixin.py:190} INFO - [2025-01-26T13:59:46.119+0000] {dag.py:3239} INFO - Sync 1 DAGs
[2025-01-26T13:59:46.125+0000] {logging_mixin.py:190} INFO - [2025-01-26T13:59:46.125+0000] {dag.py:4180} INFO - Setting next_dagrun for example_dag_decorator to None, run_after=None
[2025-01-26T13:59:46.140+0000] {processor.py:208} INFO - Processing /home/airflow/.local/lib/python3.12/site-packages/airflow/example_dags/example_dag_decorator.py took 0.096 seconds
