[2025-01-26T13:54:36.174+0000] {processor.py:186} INFO - Started process (PID=73) to work on /home/airflow/.local/lib/python3.12/site-packages/airflow/example_dags/example_datasets.py
[2025-01-26T13:54:36.175+0000] {processor.py:914} INFO - Processing file /home/airflow/.local/lib/python3.12/site-packages/airflow/example_dags/example_datasets.py for tasks to queue
[2025-01-26T13:54:36.176+0000] {logging_mixin.py:190} INFO - [2025-01-26T13:54:36.176+0000] {dagbag.py:588} INFO - Filling up the DagBag from /home/airflow/.local/lib/python3.12/site-packages/airflow/example_dags/example_datasets.py
[2025-01-26T13:54:36.773+0000] {processor.py:925} INFO - DAG(s) 'dataset_consumes_unknown_never_scheduled', 'consume_1_or_2_with_dataset_expressions', 'dataset_consumes_1_never_scheduled', 'dataset_produces_2', 'consume_1_or_both_2_and_3_with_dataset_expressions', 'conditional_dataset_and_time_based_timetable', 'dataset_produces_1', 'consume_1_and_2_with_dataset_expressions', 'dataset_consumes_1_and_2', 'dataset_consumes_1' retrieved from /home/airflow/.local/lib/python3.12/site-packages/airflow/example_dags/example_datasets.py
[2025-01-26T13:54:36.831+0000] {logging_mixin.py:190} INFO - [2025-01-26T13:54:36.831+0000] {override.py:1911} INFO - Created Permission View: can delete on DAG:dataset_consumes_unknown_never_scheduled
[2025-01-26T13:54:36.838+0000] {logging_mixin.py:190} INFO - [2025-01-26T13:54:36.838+0000] {override.py:1911} INFO - Created Permission View: can read on DAG:dataset_consumes_unknown_never_scheduled
[2025-01-26T13:54:36.842+0000] {logging_mixin.py:190} INFO - [2025-01-26T13:54:36.842+0000] {override.py:1911} INFO - Created Permission View: can edit on DAG:dataset_consumes_unknown_never_scheduled
[2025-01-26T13:54:36.847+0000] {logging_mixin.py:190} INFO - [2025-01-26T13:54:36.847+0000] {override.py:1911} INFO - Created Permission View: can create on DAG Run:dataset_consumes_unknown_never_scheduled
[2025-01-26T13:54:36.853+0000] {logging_mixin.py:190} INFO - [2025-01-26T13:54:36.852+0000] {override.py:1911} INFO - Created Permission View: can delete on DAG Run:dataset_consumes_unknown_never_scheduled
[2025-01-26T13:54:36.858+0000] {logging_mixin.py:190} INFO - [2025-01-26T13:54:36.858+0000] {override.py:1911} INFO - Created Permission View: can read on DAG Run:dataset_consumes_unknown_never_scheduled
[2025-01-26T13:54:36.862+0000] {logging_mixin.py:190} INFO - [2025-01-26T13:54:36.861+0000] {override.py:1911} INFO - Created Permission View: menu access on DAG Run:dataset_consumes_unknown_never_scheduled
[2025-01-26T13:54:36.869+0000] {logging_mixin.py:190} INFO - [2025-01-26T13:54:36.869+0000] {override.py:1911} INFO - Created Permission View: can delete on DAG:consume_1_or_2_with_dataset_expressions
[2025-01-26T13:54:36.872+0000] {logging_mixin.py:190} INFO - [2025-01-26T13:54:36.872+0000] {override.py:1911} INFO - Created Permission View: can read on DAG:consume_1_or_2_with_dataset_expressions
[2025-01-26T13:54:36.876+0000] {logging_mixin.py:190} INFO - [2025-01-26T13:54:36.876+0000] {override.py:1911} INFO - Created Permission View: can edit on DAG:consume_1_or_2_with_dataset_expressions
[2025-01-26T13:54:36.880+0000] {logging_mixin.py:190} INFO - [2025-01-26T13:54:36.880+0000] {override.py:1911} INFO - Created Permission View: can create on DAG Run:consume_1_or_2_with_dataset_expressions
[2025-01-26T13:54:36.884+0000] {logging_mixin.py:190} INFO - [2025-01-26T13:54:36.883+0000] {override.py:1911} INFO - Created Permission View: can delete on DAG Run:consume_1_or_2_with_dataset_expressions
[2025-01-26T13:54:36.888+0000] {logging_mixin.py:190} INFO - [2025-01-26T13:54:36.888+0000] {override.py:1911} INFO - Created Permission View: can read on DAG Run:consume_1_or_2_with_dataset_expressions
[2025-01-26T13:54:36.892+0000] {logging_mixin.py:190} INFO - [2025-01-26T13:54:36.892+0000] {override.py:1911} INFO - Created Permission View: menu access on DAG Run:consume_1_or_2_with_dataset_expressions
[2025-01-26T13:54:36.901+0000] {logging_mixin.py:190} INFO - [2025-01-26T13:54:36.900+0000] {override.py:1911} INFO - Created Permission View: can delete on DAG:dataset_consumes_1_never_scheduled
[2025-01-26T13:54:36.905+0000] {logging_mixin.py:190} INFO - [2025-01-26T13:54:36.905+0000] {override.py:1911} INFO - Created Permission View: can read on DAG:dataset_consumes_1_never_scheduled
[2025-01-26T13:54:36.911+0000] {logging_mixin.py:190} INFO - [2025-01-26T13:54:36.911+0000] {override.py:1911} INFO - Created Permission View: can edit on DAG:dataset_consumes_1_never_scheduled
[2025-01-26T13:54:36.915+0000] {logging_mixin.py:190} INFO - [2025-01-26T13:54:36.914+0000] {override.py:1911} INFO - Created Permission View: can create on DAG Run:dataset_consumes_1_never_scheduled
[2025-01-26T13:54:36.919+0000] {logging_mixin.py:190} INFO - [2025-01-26T13:54:36.918+0000] {override.py:1911} INFO - Created Permission View: can delete on DAG Run:dataset_consumes_1_never_scheduled
[2025-01-26T13:54:36.923+0000] {logging_mixin.py:190} INFO - [2025-01-26T13:54:36.923+0000] {override.py:1911} INFO - Created Permission View: can read on DAG Run:dataset_consumes_1_never_scheduled
[2025-01-26T13:54:36.926+0000] {logging_mixin.py:190} INFO - [2025-01-26T13:54:36.926+0000] {override.py:1911} INFO - Created Permission View: menu access on DAG Run:dataset_consumes_1_never_scheduled
[2025-01-26T13:54:36.933+0000] {logging_mixin.py:190} INFO - [2025-01-26T13:54:36.933+0000] {override.py:1911} INFO - Created Permission View: can delete on DAG:dataset_produces_2
[2025-01-26T13:54:36.937+0000] {logging_mixin.py:190} INFO - [2025-01-26T13:54:36.936+0000] {override.py:1911} INFO - Created Permission View: can read on DAG:dataset_produces_2
[2025-01-26T13:54:36.939+0000] {logging_mixin.py:190} INFO - [2025-01-26T13:54:36.939+0000] {override.py:1911} INFO - Created Permission View: can edit on DAG:dataset_produces_2
[2025-01-26T13:54:36.943+0000] {logging_mixin.py:190} INFO - [2025-01-26T13:54:36.943+0000] {override.py:1911} INFO - Created Permission View: can create on DAG Run:dataset_produces_2
[2025-01-26T13:54:36.947+0000] {logging_mixin.py:190} INFO - [2025-01-26T13:54:36.947+0000] {override.py:1911} INFO - Created Permission View: can delete on DAG Run:dataset_produces_2
[2025-01-26T13:54:36.951+0000] {logging_mixin.py:190} INFO - [2025-01-26T13:54:36.951+0000] {override.py:1911} INFO - Created Permission View: can read on DAG Run:dataset_produces_2
[2025-01-26T13:54:36.955+0000] {logging_mixin.py:190} INFO - [2025-01-26T13:54:36.955+0000] {override.py:1911} INFO - Created Permission View: menu access on DAG Run:dataset_produces_2
[2025-01-26T13:54:36.962+0000] {logging_mixin.py:190} INFO - [2025-01-26T13:54:36.962+0000] {override.py:1911} INFO - Created Permission View: can delete on DAG:consume_1_or_both_2_and_3_with_dataset_expressions
[2025-01-26T13:54:36.966+0000] {logging_mixin.py:190} INFO - [2025-01-26T13:54:36.966+0000] {override.py:1911} INFO - Created Permission View: can read on DAG:consume_1_or_both_2_and_3_with_dataset_expressions
[2025-01-26T13:54:36.973+0000] {logging_mixin.py:190} INFO - [2025-01-26T13:54:36.973+0000] {override.py:1911} INFO - Created Permission View: can edit on DAG:consume_1_or_both_2_and_3_with_dataset_expressions
[2025-01-26T13:54:36.978+0000] {logging_mixin.py:190} INFO - [2025-01-26T13:54:36.978+0000] {override.py:1911} INFO - Created Permission View: can create on DAG Run:consume_1_or_both_2_and_3_with_dataset_expressions
[2025-01-26T13:54:36.981+0000] {logging_mixin.py:190} INFO - [2025-01-26T13:54:36.981+0000] {override.py:1911} INFO - Created Permission View: can delete on DAG Run:consume_1_or_both_2_and_3_with_dataset_expressions
[2025-01-26T13:54:36.984+0000] {logging_mixin.py:190} INFO - [2025-01-26T13:54:36.984+0000] {override.py:1911} INFO - Created Permission View: can read on DAG Run:consume_1_or_both_2_and_3_with_dataset_expressions
[2025-01-26T13:54:36.988+0000] {logging_mixin.py:190} INFO - [2025-01-26T13:54:36.988+0000] {override.py:1911} INFO - Created Permission View: menu access on DAG Run:consume_1_or_both_2_and_3_with_dataset_expressions
[2025-01-26T13:54:36.994+0000] {logging_mixin.py:190} INFO - [2025-01-26T13:54:36.994+0000] {override.py:1911} INFO - Created Permission View: can delete on DAG:conditional_dataset_and_time_based_timetable
[2025-01-26T13:54:36.998+0000] {logging_mixin.py:190} INFO - [2025-01-26T13:54:36.998+0000] {override.py:1911} INFO - Created Permission View: can read on DAG:conditional_dataset_and_time_based_timetable
[2025-01-26T13:54:37.002+0000] {logging_mixin.py:190} INFO - [2025-01-26T13:54:37.002+0000] {override.py:1911} INFO - Created Permission View: can edit on DAG:conditional_dataset_and_time_based_timetable
[2025-01-26T13:54:37.005+0000] {logging_mixin.py:190} INFO - [2025-01-26T13:54:37.005+0000] {override.py:1911} INFO - Created Permission View: can create on DAG Run:conditional_dataset_and_time_based_timetable
[2025-01-26T13:54:37.009+0000] {logging_mixin.py:190} INFO - [2025-01-26T13:54:37.009+0000] {override.py:1911} INFO - Created Permission View: can delete on DAG Run:conditional_dataset_and_time_based_timetable
[2025-01-26T13:54:37.012+0000] {logging_mixin.py:190} INFO - [2025-01-26T13:54:37.011+0000] {override.py:1911} INFO - Created Permission View: can read on DAG Run:conditional_dataset_and_time_based_timetable
[2025-01-26T13:54:37.015+0000] {logging_mixin.py:190} INFO - [2025-01-26T13:54:37.014+0000] {override.py:1911} INFO - Created Permission View: menu access on DAG Run:conditional_dataset_and_time_based_timetable
[2025-01-26T13:54:37.020+0000] {logging_mixin.py:190} INFO - [2025-01-26T13:54:37.020+0000] {override.py:1911} INFO - Created Permission View: can delete on DAG:dataset_produces_1
[2025-01-26T13:54:37.023+0000] {logging_mixin.py:190} INFO - [2025-01-26T13:54:37.023+0000] {override.py:1911} INFO - Created Permission View: can read on DAG:dataset_produces_1
[2025-01-26T13:54:37.026+0000] {logging_mixin.py:190} INFO - [2025-01-26T13:54:37.026+0000] {override.py:1911} INFO - Created Permission View: can edit on DAG:dataset_produces_1
[2025-01-26T13:54:37.030+0000] {logging_mixin.py:190} INFO - [2025-01-26T13:54:37.029+0000] {override.py:1911} INFO - Created Permission View: can create on DAG Run:dataset_produces_1
[2025-01-26T13:54:37.033+0000] {logging_mixin.py:190} INFO - [2025-01-26T13:54:37.033+0000] {override.py:1911} INFO - Created Permission View: can delete on DAG Run:dataset_produces_1
[2025-01-26T13:54:37.035+0000] {logging_mixin.py:190} INFO - [2025-01-26T13:54:37.035+0000] {override.py:1911} INFO - Created Permission View: can read on DAG Run:dataset_produces_1
[2025-01-26T13:54:37.040+0000] {logging_mixin.py:190} INFO - [2025-01-26T13:54:37.039+0000] {override.py:1911} INFO - Created Permission View: menu access on DAG Run:dataset_produces_1
[2025-01-26T13:54:37.047+0000] {logging_mixin.py:190} INFO - [2025-01-26T13:54:37.046+0000] {override.py:1911} INFO - Created Permission View: can delete on DAG:consume_1_and_2_with_dataset_expressions
[2025-01-26T13:54:37.050+0000] {logging_mixin.py:190} INFO - [2025-01-26T13:54:37.050+0000] {override.py:1911} INFO - Created Permission View: can read on DAG:consume_1_and_2_with_dataset_expressions
[2025-01-26T13:54:37.053+0000] {logging_mixin.py:190} INFO - [2025-01-26T13:54:37.053+0000] {override.py:1911} INFO - Created Permission View: can edit on DAG:consume_1_and_2_with_dataset_expressions
[2025-01-26T13:54:37.056+0000] {logging_mixin.py:190} INFO - [2025-01-26T13:54:37.056+0000] {override.py:1911} INFO - Created Permission View: can create on DAG Run:consume_1_and_2_with_dataset_expressions
[2025-01-26T13:54:37.060+0000] {logging_mixin.py:190} INFO - [2025-01-26T13:54:37.060+0000] {override.py:1911} INFO - Created Permission View: can delete on DAG Run:consume_1_and_2_with_dataset_expressions
[2025-01-26T13:54:37.064+0000] {logging_mixin.py:190} INFO - [2025-01-26T13:54:37.064+0000] {override.py:1911} INFO - Created Permission View: can read on DAG Run:consume_1_and_2_with_dataset_expressions
[2025-01-26T13:54:37.068+0000] {logging_mixin.py:190} INFO - [2025-01-26T13:54:37.068+0000] {override.py:1911} INFO - Created Permission View: menu access on DAG Run:consume_1_and_2_with_dataset_expressions
[2025-01-26T13:54:37.074+0000] {logging_mixin.py:190} INFO - [2025-01-26T13:54:37.073+0000] {override.py:1911} INFO - Created Permission View: can delete on DAG:dataset_consumes_1_and_2
[2025-01-26T13:54:37.076+0000] {logging_mixin.py:190} INFO - [2025-01-26T13:54:37.076+0000] {override.py:1911} INFO - Created Permission View: can read on DAG:dataset_consumes_1_and_2
[2025-01-26T13:54:37.079+0000] {logging_mixin.py:190} INFO - [2025-01-26T13:54:37.079+0000] {override.py:1911} INFO - Created Permission View: can edit on DAG:dataset_consumes_1_and_2
[2025-01-26T13:54:37.082+0000] {logging_mixin.py:190} INFO - [2025-01-26T13:54:37.082+0000] {override.py:1911} INFO - Created Permission View: can create on DAG Run:dataset_consumes_1_and_2
[2025-01-26T13:54:37.085+0000] {logging_mixin.py:190} INFO - [2025-01-26T13:54:37.085+0000] {override.py:1911} INFO - Created Permission View: can delete on DAG Run:dataset_consumes_1_and_2
[2025-01-26T13:54:37.088+0000] {logging_mixin.py:190} INFO - [2025-01-26T13:54:37.088+0000] {override.py:1911} INFO - Created Permission View: can read on DAG Run:dataset_consumes_1_and_2
[2025-01-26T13:54:37.091+0000] {logging_mixin.py:190} INFO - [2025-01-26T13:54:37.091+0000] {override.py:1911} INFO - Created Permission View: menu access on DAG Run:dataset_consumes_1_and_2
[2025-01-26T13:54:37.096+0000] {logging_mixin.py:190} INFO - [2025-01-26T13:54:37.096+0000] {override.py:1911} INFO - Created Permission View: can delete on DAG:dataset_consumes_1
[2025-01-26T13:54:37.101+0000] {logging_mixin.py:190} INFO - [2025-01-26T13:54:37.101+0000] {override.py:1911} INFO - Created Permission View: can read on DAG:dataset_consumes_1
[2025-01-26T13:54:37.108+0000] {logging_mixin.py:190} INFO - [2025-01-26T13:54:37.108+0000] {override.py:1911} INFO - Created Permission View: can edit on DAG:dataset_consumes_1
[2025-01-26T13:54:37.112+0000] {logging_mixin.py:190} INFO - [2025-01-26T13:54:37.112+0000] {override.py:1911} INFO - Created Permission View: can create on DAG Run:dataset_consumes_1
[2025-01-26T13:54:37.115+0000] {logging_mixin.py:190} INFO - [2025-01-26T13:54:37.115+0000] {override.py:1911} INFO - Created Permission View: can delete on DAG Run:dataset_consumes_1
[2025-01-26T13:54:37.118+0000] {logging_mixin.py:190} INFO - [2025-01-26T13:54:37.117+0000] {override.py:1911} INFO - Created Permission View: can read on DAG Run:dataset_consumes_1
[2025-01-26T13:54:37.120+0000] {logging_mixin.py:190} INFO - [2025-01-26T13:54:37.120+0000] {override.py:1911} INFO - Created Permission View: menu access on DAG Run:dataset_consumes_1
[2025-01-26T13:54:37.121+0000] {logging_mixin.py:190} INFO - [2025-01-26T13:54:37.121+0000] {dag.py:3239} INFO - Sync 10 DAGs
[2025-01-26T13:54:37.127+0000] {logging_mixin.py:190} INFO - [2025-01-26T13:54:37.127+0000] {dag.py:3262} INFO - Creating ORM DAG for dataset_produces_2
[2025-01-26T13:54:37.128+0000] {logging_mixin.py:190} INFO - [2025-01-26T13:54:37.128+0000] {dag.py:3262} INFO - Creating ORM DAG for dataset_consumes_unknown_never_scheduled
[2025-01-26T13:54:37.128+0000] {logging_mixin.py:190} INFO - [2025-01-26T13:54:37.128+0000] {dag.py:3262} INFO - Creating ORM DAG for consume_1_or_both_2_and_3_with_dataset_expressions
[2025-01-26T13:54:37.129+0000] {logging_mixin.py:190} INFO - [2025-01-26T13:54:37.129+0000] {dag.py:3262} INFO - Creating ORM DAG for consume_1_and_2_with_dataset_expressions
[2025-01-26T13:54:37.129+0000] {logging_mixin.py:190} INFO - [2025-01-26T13:54:37.129+0000] {dag.py:3262} INFO - Creating ORM DAG for conditional_dataset_and_time_based_timetable
[2025-01-26T13:54:37.130+0000] {logging_mixin.py:190} INFO - [2025-01-26T13:54:37.130+0000] {dag.py:3262} INFO - Creating ORM DAG for consume_1_or_2_with_dataset_expressions
[2025-01-26T13:54:37.130+0000] {logging_mixin.py:190} INFO - [2025-01-26T13:54:37.130+0000] {dag.py:3262} INFO - Creating ORM DAG for dataset_produces_1
[2025-01-26T13:54:37.130+0000] {logging_mixin.py:190} INFO - [2025-01-26T13:54:37.130+0000] {dag.py:3262} INFO - Creating ORM DAG for dataset_consumes_1_and_2
[2025-01-26T13:54:37.131+0000] {logging_mixin.py:190} INFO - [2025-01-26T13:54:37.130+0000] {dag.py:3262} INFO - Creating ORM DAG for dataset_consumes_1
[2025-01-26T13:54:37.131+0000] {logging_mixin.py:190} INFO - [2025-01-26T13:54:37.131+0000] {dag.py:3262} INFO - Creating ORM DAG for dataset_consumes_1_never_scheduled
[2025-01-26T13:54:37.137+0000] {logging_mixin.py:190} INFO - [2025-01-26T13:54:37.137+0000] {dag.py:4180} INFO - Setting next_dagrun for conditional_dataset_and_time_based_timetable to 2025-01-22 01:00:00+00:00, run_after=2025-01-22 01:00:00+00:00
[2025-01-26T13:54:37.137+0000] {logging_mixin.py:190} INFO - [2025-01-26T13:54:37.137+0000] {dag.py:4180} INFO - Setting next_dagrun for consume_1_and_2_with_dataset_expressions to None, run_after=None
[2025-01-26T13:54:37.137+0000] {logging_mixin.py:190} INFO - [2025-01-26T13:54:37.137+0000] {dag.py:4180} INFO - Setting next_dagrun for consume_1_or_2_with_dataset_expressions to None, run_after=None
[2025-01-26T13:54:37.138+0000] {logging_mixin.py:190} INFO - [2025-01-26T13:54:37.138+0000] {dag.py:4180} INFO - Setting next_dagrun for consume_1_or_both_2_and_3_with_dataset_expressions to None, run_after=None
[2025-01-26T13:54:37.138+0000] {logging_mixin.py:190} INFO - [2025-01-26T13:54:37.138+0000] {dag.py:4180} INFO - Setting next_dagrun for dataset_consumes_1 to None, run_after=None
[2025-01-26T13:54:37.138+0000] {logging_mixin.py:190} INFO - [2025-01-26T13:54:37.138+0000] {dag.py:4180} INFO - Setting next_dagrun for dataset_consumes_1_and_2 to None, run_after=None
[2025-01-26T13:54:37.138+0000] {logging_mixin.py:190} INFO - [2025-01-26T13:54:37.138+0000] {dag.py:4180} INFO - Setting next_dagrun for dataset_consumes_1_never_scheduled to None, run_after=None
[2025-01-26T13:54:37.139+0000] {logging_mixin.py:190} INFO - [2025-01-26T13:54:37.138+0000] {dag.py:4180} INFO - Setting next_dagrun for dataset_consumes_unknown_never_scheduled to None, run_after=None
[2025-01-26T13:54:37.139+0000] {logging_mixin.py:190} INFO - [2025-01-26T13:54:37.139+0000] {dag.py:4180} INFO - Setting next_dagrun for dataset_produces_1 to 2025-01-25 00:00:00+00:00, run_after=2025-01-26 00:00:00+00:00
[2025-01-26T13:54:37.140+0000] {logging_mixin.py:190} INFO - [2025-01-26T13:54:37.140+0000] {dag.py:4180} INFO - Setting next_dagrun for dataset_produces_2 to None, run_after=None
[2025-01-26T13:54:37.161+0000] {processor.py:208} INFO - Processing /home/airflow/.local/lib/python3.12/site-packages/airflow/example_dags/example_datasets.py took 0.994 seconds
[2025-01-26T13:55:07.339+0000] {processor.py:186} INFO - Started process (PID=140) to work on /home/airflow/.local/lib/python3.12/site-packages/airflow/example_dags/example_datasets.py
[2025-01-26T13:55:07.340+0000] {processor.py:914} INFO - Processing file /home/airflow/.local/lib/python3.12/site-packages/airflow/example_dags/example_datasets.py for tasks to queue
[2025-01-26T13:55:07.346+0000] {logging_mixin.py:190} INFO - [2025-01-26T13:55:07.345+0000] {dagbag.py:588} INFO - Filling up the DagBag from /home/airflow/.local/lib/python3.12/site-packages/airflow/example_dags/example_datasets.py
[2025-01-26T13:55:07.718+0000] {processor.py:925} INFO - DAG(s) 'dataset_consumes_1_never_scheduled', 'consume_1_or_2_with_dataset_expressions', 'consume_1_and_2_with_dataset_expressions', 'conditional_dataset_and_time_based_timetable', 'dataset_consumes_1', 'dataset_consumes_unknown_never_scheduled', 'dataset_produces_2', 'dataset_consumes_1_and_2', 'consume_1_or_both_2_and_3_with_dataset_expressions', 'dataset_produces_1' retrieved from /home/airflow/.local/lib/python3.12/site-packages/airflow/example_dags/example_datasets.py
[2025-01-26T13:55:07.740+0000] {logging_mixin.py:190} INFO - [2025-01-26T13:55:07.740+0000] {dag.py:3239} INFO - Sync 10 DAGs
[2025-01-26T13:55:07.752+0000] {logging_mixin.py:190} INFO - [2025-01-26T13:55:07.752+0000] {dag.py:4180} INFO - Setting next_dagrun for conditional_dataset_and_time_based_timetable to 2025-01-22 01:00:00+00:00, run_after=2025-01-22 01:00:00+00:00
[2025-01-26T13:55:07.754+0000] {logging_mixin.py:190} INFO - [2025-01-26T13:55:07.754+0000] {dag.py:4180} INFO - Setting next_dagrun for consume_1_and_2_with_dataset_expressions to None, run_after=None
[2025-01-26T13:55:07.756+0000] {logging_mixin.py:190} INFO - [2025-01-26T13:55:07.756+0000] {dag.py:4180} INFO - Setting next_dagrun for consume_1_or_2_with_dataset_expressions to None, run_after=None
[2025-01-26T13:55:07.756+0000] {logging_mixin.py:190} INFO - [2025-01-26T13:55:07.756+0000] {dag.py:4180} INFO - Setting next_dagrun for consume_1_or_both_2_and_3_with_dataset_expressions to None, run_after=None
[2025-01-26T13:55:07.757+0000] {logging_mixin.py:190} INFO - [2025-01-26T13:55:07.757+0000] {dag.py:4180} INFO - Setting next_dagrun for dataset_consumes_1 to None, run_after=None
[2025-01-26T13:55:07.758+0000] {logging_mixin.py:190} INFO - [2025-01-26T13:55:07.757+0000] {dag.py:4180} INFO - Setting next_dagrun for dataset_consumes_1_and_2 to None, run_after=None
[2025-01-26T13:55:07.758+0000] {logging_mixin.py:190} INFO - [2025-01-26T13:55:07.758+0000] {dag.py:4180} INFO - Setting next_dagrun for dataset_consumes_1_never_scheduled to None, run_after=None
[2025-01-26T13:55:07.759+0000] {logging_mixin.py:190} INFO - [2025-01-26T13:55:07.759+0000] {dag.py:4180} INFO - Setting next_dagrun for dataset_consumes_unknown_never_scheduled to None, run_after=None
[2025-01-26T13:55:07.760+0000] {logging_mixin.py:190} INFO - [2025-01-26T13:55:07.760+0000] {dag.py:4180} INFO - Setting next_dagrun for dataset_produces_1 to 2025-01-25 00:00:00+00:00, run_after=2025-01-26 00:00:00+00:00
[2025-01-26T13:55:07.760+0000] {logging_mixin.py:190} INFO - [2025-01-26T13:55:07.760+0000] {dag.py:4180} INFO - Setting next_dagrun for dataset_produces_2 to None, run_after=None
[2025-01-26T13:55:07.776+0000] {processor.py:208} INFO - Processing /home/airflow/.local/lib/python3.12/site-packages/airflow/example_dags/example_datasets.py took 0.443 seconds
[2025-01-26T13:55:37.803+0000] {processor.py:186} INFO - Started process (PID=212) to work on /home/airflow/.local/lib/python3.12/site-packages/airflow/example_dags/example_datasets.py
[2025-01-26T13:55:37.804+0000] {processor.py:914} INFO - Processing file /home/airflow/.local/lib/python3.12/site-packages/airflow/example_dags/example_datasets.py for tasks to queue
[2025-01-26T13:55:37.806+0000] {logging_mixin.py:190} INFO - [2025-01-26T13:55:37.805+0000] {dagbag.py:588} INFO - Filling up the DagBag from /home/airflow/.local/lib/python3.12/site-packages/airflow/example_dags/example_datasets.py
[2025-01-26T13:55:38.125+0000] {processor.py:925} INFO - DAG(s) 'dataset_consumes_1_never_scheduled', 'dataset_produces_1', 'consume_1_or_2_with_dataset_expressions', 'conditional_dataset_and_time_based_timetable', 'consume_1_and_2_with_dataset_expressions', 'dataset_consumes_unknown_never_scheduled', 'dataset_consumes_1_and_2', 'dataset_consumes_1', 'consume_1_or_both_2_and_3_with_dataset_expressions', 'dataset_produces_2' retrieved from /home/airflow/.local/lib/python3.12/site-packages/airflow/example_dags/example_datasets.py
[2025-01-26T13:55:38.151+0000] {logging_mixin.py:190} INFO - [2025-01-26T13:55:38.150+0000] {dag.py:3239} INFO - Sync 10 DAGs
[2025-01-26T13:55:38.163+0000] {logging_mixin.py:190} INFO - [2025-01-26T13:55:38.162+0000] {dag.py:4180} INFO - Setting next_dagrun for conditional_dataset_and_time_based_timetable to 2025-01-22 01:00:00+00:00, run_after=2025-01-22 01:00:00+00:00
[2025-01-26T13:55:38.164+0000] {logging_mixin.py:190} INFO - [2025-01-26T13:55:38.164+0000] {dag.py:4180} INFO - Setting next_dagrun for consume_1_and_2_with_dataset_expressions to None, run_after=None
[2025-01-26T13:55:38.165+0000] {logging_mixin.py:190} INFO - [2025-01-26T13:55:38.165+0000] {dag.py:4180} INFO - Setting next_dagrun for consume_1_or_2_with_dataset_expressions to None, run_after=None
[2025-01-26T13:55:38.166+0000] {logging_mixin.py:190} INFO - [2025-01-26T13:55:38.166+0000] {dag.py:4180} INFO - Setting next_dagrun for consume_1_or_both_2_and_3_with_dataset_expressions to None, run_after=None
[2025-01-26T13:55:38.166+0000] {logging_mixin.py:190} INFO - [2025-01-26T13:55:38.166+0000] {dag.py:4180} INFO - Setting next_dagrun for dataset_consumes_1 to None, run_after=None
[2025-01-26T13:55:38.167+0000] {logging_mixin.py:190} INFO - [2025-01-26T13:55:38.167+0000] {dag.py:4180} INFO - Setting next_dagrun for dataset_consumes_1_and_2 to None, run_after=None
[2025-01-26T13:55:38.167+0000] {logging_mixin.py:190} INFO - [2025-01-26T13:55:38.167+0000] {dag.py:4180} INFO - Setting next_dagrun for dataset_consumes_1_never_scheduled to None, run_after=None
[2025-01-26T13:55:38.168+0000] {logging_mixin.py:190} INFO - [2025-01-26T13:55:38.168+0000] {dag.py:4180} INFO - Setting next_dagrun for dataset_consumes_unknown_never_scheduled to None, run_after=None
[2025-01-26T13:55:38.169+0000] {logging_mixin.py:190} INFO - [2025-01-26T13:55:38.169+0000] {dag.py:4180} INFO - Setting next_dagrun for dataset_produces_1 to 2025-01-25 00:00:00+00:00, run_after=2025-01-26 00:00:00+00:00
[2025-01-26T13:55:38.169+0000] {logging_mixin.py:190} INFO - [2025-01-26T13:55:38.169+0000] {dag.py:4180} INFO - Setting next_dagrun for dataset_produces_2 to None, run_after=None
[2025-01-26T13:55:38.187+0000] {processor.py:208} INFO - Processing /home/airflow/.local/lib/python3.12/site-packages/airflow/example_dags/example_datasets.py took 0.387 seconds
[2025-01-26T13:56:08.223+0000] {processor.py:186} INFO - Started process (PID=273) to work on /home/airflow/.local/lib/python3.12/site-packages/airflow/example_dags/example_datasets.py
[2025-01-26T13:56:08.224+0000] {processor.py:914} INFO - Processing file /home/airflow/.local/lib/python3.12/site-packages/airflow/example_dags/example_datasets.py for tasks to queue
[2025-01-26T13:56:08.225+0000] {logging_mixin.py:190} INFO - [2025-01-26T13:56:08.224+0000] {dagbag.py:588} INFO - Filling up the DagBag from /home/airflow/.local/lib/python3.12/site-packages/airflow/example_dags/example_datasets.py
[2025-01-26T13:56:08.531+0000] {processor.py:925} INFO - DAG(s) 'dataset_consumes_unknown_never_scheduled', 'consume_1_or_2_with_dataset_expressions', 'dataset_consumes_1', 'dataset_produces_2', 'dataset_produces_1', 'conditional_dataset_and_time_based_timetable', 'dataset_consumes_1_and_2', 'dataset_consumes_1_never_scheduled', 'consume_1_and_2_with_dataset_expressions', 'consume_1_or_both_2_and_3_with_dataset_expressions' retrieved from /home/airflow/.local/lib/python3.12/site-packages/airflow/example_dags/example_datasets.py
[2025-01-26T13:56:08.551+0000] {logging_mixin.py:190} INFO - [2025-01-26T13:56:08.551+0000] {dag.py:3239} INFO - Sync 10 DAGs
[2025-01-26T13:56:08.563+0000] {logging_mixin.py:190} INFO - [2025-01-26T13:56:08.563+0000] {dag.py:4180} INFO - Setting next_dagrun for conditional_dataset_and_time_based_timetable to 2025-01-22 01:00:00+00:00, run_after=2025-01-22 01:00:00+00:00
[2025-01-26T13:56:08.565+0000] {logging_mixin.py:190} INFO - [2025-01-26T13:56:08.565+0000] {dag.py:4180} INFO - Setting next_dagrun for consume_1_and_2_with_dataset_expressions to None, run_after=None
[2025-01-26T13:56:08.566+0000] {logging_mixin.py:190} INFO - [2025-01-26T13:56:08.566+0000] {dag.py:4180} INFO - Setting next_dagrun for consume_1_or_2_with_dataset_expressions to None, run_after=None
[2025-01-26T13:56:08.567+0000] {logging_mixin.py:190} INFO - [2025-01-26T13:56:08.567+0000] {dag.py:4180} INFO - Setting next_dagrun for consume_1_or_both_2_and_3_with_dataset_expressions to None, run_after=None
[2025-01-26T13:56:08.568+0000] {logging_mixin.py:190} INFO - [2025-01-26T13:56:08.568+0000] {dag.py:4180} INFO - Setting next_dagrun for dataset_consumes_1 to None, run_after=None
[2025-01-26T13:56:08.569+0000] {logging_mixin.py:190} INFO - [2025-01-26T13:56:08.569+0000] {dag.py:4180} INFO - Setting next_dagrun for dataset_consumes_1_and_2 to None, run_after=None
[2025-01-26T13:56:08.570+0000] {logging_mixin.py:190} INFO - [2025-01-26T13:56:08.570+0000] {dag.py:4180} INFO - Setting next_dagrun for dataset_consumes_1_never_scheduled to None, run_after=None
[2025-01-26T13:56:08.571+0000] {logging_mixin.py:190} INFO - [2025-01-26T13:56:08.571+0000] {dag.py:4180} INFO - Setting next_dagrun for dataset_consumes_unknown_never_scheduled to None, run_after=None
[2025-01-26T13:56:08.572+0000] {logging_mixin.py:190} INFO - [2025-01-26T13:56:08.572+0000] {dag.py:4180} INFO - Setting next_dagrun for dataset_produces_1 to 2025-01-25 00:00:00+00:00, run_after=2025-01-26 00:00:00+00:00
[2025-01-26T13:56:08.572+0000] {logging_mixin.py:190} INFO - [2025-01-26T13:56:08.572+0000] {dag.py:4180} INFO - Setting next_dagrun for dataset_produces_2 to None, run_after=None
[2025-01-26T13:56:08.588+0000] {processor.py:208} INFO - Processing /home/airflow/.local/lib/python3.12/site-packages/airflow/example_dags/example_datasets.py took 0.368 seconds
[2025-01-26T13:56:39.348+0000] {processor.py:186} INFO - Started process (PID=332) to work on /home/airflow/.local/lib/python3.12/site-packages/airflow/example_dags/example_datasets.py
[2025-01-26T13:56:39.351+0000] {processor.py:914} INFO - Processing file /home/airflow/.local/lib/python3.12/site-packages/airflow/example_dags/example_datasets.py for tasks to queue
[2025-01-26T13:56:39.353+0000] {logging_mixin.py:190} INFO - [2025-01-26T13:56:39.353+0000] {dagbag.py:588} INFO - Filling up the DagBag from /home/airflow/.local/lib/python3.12/site-packages/airflow/example_dags/example_datasets.py
[2025-01-26T13:56:39.721+0000] {processor.py:925} INFO - DAG(s) 'dataset_produces_2', 'dataset_consumes_1_and_2', 'dataset_consumes_unknown_never_scheduled', 'consume_1_or_both_2_and_3_with_dataset_expressions', 'consume_1_and_2_with_dataset_expressions', 'conditional_dataset_and_time_based_timetable', 'consume_1_or_2_with_dataset_expressions', 'dataset_produces_1', 'dataset_consumes_1', 'dataset_consumes_1_never_scheduled' retrieved from /home/airflow/.local/lib/python3.12/site-packages/airflow/example_dags/example_datasets.py
[2025-01-26T13:56:39.751+0000] {logging_mixin.py:190} INFO - [2025-01-26T13:56:39.751+0000] {dag.py:3239} INFO - Sync 10 DAGs
[2025-01-26T13:56:39.763+0000] {logging_mixin.py:190} INFO - [2025-01-26T13:56:39.763+0000] {dag.py:4180} INFO - Setting next_dagrun for conditional_dataset_and_time_based_timetable to 2025-01-22 01:00:00+00:00, run_after=2025-01-22 01:00:00+00:00
[2025-01-26T13:56:39.766+0000] {logging_mixin.py:190} INFO - [2025-01-26T13:56:39.766+0000] {dag.py:4180} INFO - Setting next_dagrun for consume_1_and_2_with_dataset_expressions to None, run_after=None
[2025-01-26T13:56:39.767+0000] {logging_mixin.py:190} INFO - [2025-01-26T13:56:39.767+0000] {dag.py:4180} INFO - Setting next_dagrun for consume_1_or_2_with_dataset_expressions to None, run_after=None
[2025-01-26T13:56:39.768+0000] {logging_mixin.py:190} INFO - [2025-01-26T13:56:39.768+0000] {dag.py:4180} INFO - Setting next_dagrun for consume_1_or_both_2_and_3_with_dataset_expressions to None, run_after=None
[2025-01-26T13:56:39.769+0000] {logging_mixin.py:190} INFO - [2025-01-26T13:56:39.768+0000] {dag.py:4180} INFO - Setting next_dagrun for dataset_consumes_1 to None, run_after=None
[2025-01-26T13:56:39.769+0000] {logging_mixin.py:190} INFO - [2025-01-26T13:56:39.769+0000] {dag.py:4180} INFO - Setting next_dagrun for dataset_consumes_1_and_2 to None, run_after=None
[2025-01-26T13:56:39.770+0000] {logging_mixin.py:190} INFO - [2025-01-26T13:56:39.770+0000] {dag.py:4180} INFO - Setting next_dagrun for dataset_consumes_1_never_scheduled to None, run_after=None
[2025-01-26T13:56:39.770+0000] {logging_mixin.py:190} INFO - [2025-01-26T13:56:39.770+0000] {dag.py:4180} INFO - Setting next_dagrun for dataset_consumes_unknown_never_scheduled to None, run_after=None
[2025-01-26T13:56:39.772+0000] {logging_mixin.py:190} INFO - [2025-01-26T13:56:39.772+0000] {dag.py:4180} INFO - Setting next_dagrun for dataset_produces_1 to 2025-01-25 00:00:00+00:00, run_after=2025-01-26 00:00:00+00:00
[2025-01-26T13:56:39.774+0000] {logging_mixin.py:190} INFO - [2025-01-26T13:56:39.774+0000] {dag.py:4180} INFO - Setting next_dagrun for dataset_produces_2 to None, run_after=None
[2025-01-26T13:56:39.795+0000] {processor.py:208} INFO - Processing /home/airflow/.local/lib/python3.12/site-packages/airflow/example_dags/example_datasets.py took 0.451 seconds
[2025-01-26T13:57:10.133+0000] {processor.py:186} INFO - Started process (PID=393) to work on /home/airflow/.local/lib/python3.12/site-packages/airflow/example_dags/example_datasets.py
[2025-01-26T13:57:10.134+0000] {processor.py:914} INFO - Processing file /home/airflow/.local/lib/python3.12/site-packages/airflow/example_dags/example_datasets.py for tasks to queue
[2025-01-26T13:57:10.135+0000] {logging_mixin.py:190} INFO - [2025-01-26T13:57:10.135+0000] {dagbag.py:588} INFO - Filling up the DagBag from /home/airflow/.local/lib/python3.12/site-packages/airflow/example_dags/example_datasets.py
[2025-01-26T13:57:10.493+0000] {processor.py:925} INFO - DAG(s) 'dataset_consumes_1', 'dataset_consumes_1_never_scheduled', 'consume_1_or_both_2_and_3_with_dataset_expressions', 'dataset_consumes_1_and_2', 'conditional_dataset_and_time_based_timetable', 'dataset_consumes_unknown_never_scheduled', 'dataset_produces_1', 'dataset_produces_2', 'consume_1_and_2_with_dataset_expressions', 'consume_1_or_2_with_dataset_expressions' retrieved from /home/airflow/.local/lib/python3.12/site-packages/airflow/example_dags/example_datasets.py
[2025-01-26T13:57:10.565+0000] {logging_mixin.py:190} INFO - [2025-01-26T13:57:10.564+0000] {dag.py:3239} INFO - Sync 10 DAGs
[2025-01-26T13:57:10.588+0000] {logging_mixin.py:190} INFO - [2025-01-26T13:57:10.588+0000] {dag.py:4180} INFO - Setting next_dagrun for conditional_dataset_and_time_based_timetable to 2025-01-22 01:00:00+00:00, run_after=2025-01-22 01:00:00+00:00
[2025-01-26T13:57:10.593+0000] {logging_mixin.py:190} INFO - [2025-01-26T13:57:10.592+0000] {dag.py:4180} INFO - Setting next_dagrun for consume_1_and_2_with_dataset_expressions to None, run_after=None
[2025-01-26T13:57:10.595+0000] {logging_mixin.py:190} INFO - [2025-01-26T13:57:10.595+0000] {dag.py:4180} INFO - Setting next_dagrun for consume_1_or_2_with_dataset_expressions to None, run_after=None
[2025-01-26T13:57:10.600+0000] {logging_mixin.py:190} INFO - [2025-01-26T13:57:10.600+0000] {dag.py:4180} INFO - Setting next_dagrun for consume_1_or_both_2_and_3_with_dataset_expressions to None, run_after=None
[2025-01-26T13:57:10.607+0000] {logging_mixin.py:190} INFO - [2025-01-26T13:57:10.605+0000] {dag.py:4180} INFO - Setting next_dagrun for dataset_consumes_1 to None, run_after=None
[2025-01-26T13:57:10.613+0000] {logging_mixin.py:190} INFO - [2025-01-26T13:57:10.612+0000] {dag.py:4180} INFO - Setting next_dagrun for dataset_consumes_1_and_2 to None, run_after=None
[2025-01-26T13:57:10.616+0000] {logging_mixin.py:190} INFO - [2025-01-26T13:57:10.616+0000] {dag.py:4180} INFO - Setting next_dagrun for dataset_consumes_1_never_scheduled to None, run_after=None
[2025-01-26T13:57:10.618+0000] {logging_mixin.py:190} INFO - [2025-01-26T13:57:10.618+0000] {dag.py:4180} INFO - Setting next_dagrun for dataset_consumes_unknown_never_scheduled to None, run_after=None
[2025-01-26T13:57:10.622+0000] {logging_mixin.py:190} INFO - [2025-01-26T13:57:10.621+0000] {dag.py:4180} INFO - Setting next_dagrun for dataset_produces_1 to 2025-01-25 00:00:00+00:00, run_after=2025-01-26 00:00:00+00:00
[2025-01-26T13:57:10.627+0000] {logging_mixin.py:190} INFO - [2025-01-26T13:57:10.627+0000] {dag.py:4180} INFO - Setting next_dagrun for dataset_produces_2 to None, run_after=None
[2025-01-26T13:57:10.655+0000] {processor.py:208} INFO - Processing /home/airflow/.local/lib/python3.12/site-packages/airflow/example_dags/example_datasets.py took 0.526 seconds
[2025-01-26T13:57:40.956+0000] {processor.py:186} INFO - Started process (PID=456) to work on /home/airflow/.local/lib/python3.12/site-packages/airflow/example_dags/example_datasets.py
[2025-01-26T13:57:40.957+0000] {processor.py:914} INFO - Processing file /home/airflow/.local/lib/python3.12/site-packages/airflow/example_dags/example_datasets.py for tasks to queue
[2025-01-26T13:57:40.958+0000] {logging_mixin.py:190} INFO - [2025-01-26T13:57:40.958+0000] {dagbag.py:588} INFO - Filling up the DagBag from /home/airflow/.local/lib/python3.12/site-packages/airflow/example_dags/example_datasets.py
[2025-01-26T13:57:41.260+0000] {processor.py:925} INFO - DAG(s) 'consume_1_or_both_2_and_3_with_dataset_expressions', 'consume_1_and_2_with_dataset_expressions', 'conditional_dataset_and_time_based_timetable', 'consume_1_or_2_with_dataset_expressions', 'dataset_produces_2', 'dataset_produces_1', 'dataset_consumes_unknown_never_scheduled', 'dataset_consumes_1', 'dataset_consumes_1_and_2', 'dataset_consumes_1_never_scheduled' retrieved from /home/airflow/.local/lib/python3.12/site-packages/airflow/example_dags/example_datasets.py
[2025-01-26T13:57:41.282+0000] {logging_mixin.py:190} INFO - [2025-01-26T13:57:41.282+0000] {dag.py:3239} INFO - Sync 10 DAGs
[2025-01-26T13:57:41.293+0000] {logging_mixin.py:190} INFO - [2025-01-26T13:57:41.293+0000] {dag.py:4180} INFO - Setting next_dagrun for conditional_dataset_and_time_based_timetable to 2025-01-22 01:00:00+00:00, run_after=2025-01-22 01:00:00+00:00
[2025-01-26T13:57:41.295+0000] {logging_mixin.py:190} INFO - [2025-01-26T13:57:41.295+0000] {dag.py:4180} INFO - Setting next_dagrun for consume_1_and_2_with_dataset_expressions to None, run_after=None
[2025-01-26T13:57:41.296+0000] {logging_mixin.py:190} INFO - [2025-01-26T13:57:41.296+0000] {dag.py:4180} INFO - Setting next_dagrun for consume_1_or_2_with_dataset_expressions to None, run_after=None
[2025-01-26T13:57:41.297+0000] {logging_mixin.py:190} INFO - [2025-01-26T13:57:41.297+0000] {dag.py:4180} INFO - Setting next_dagrun for consume_1_or_both_2_and_3_with_dataset_expressions to None, run_after=None
[2025-01-26T13:57:41.297+0000] {logging_mixin.py:190} INFO - [2025-01-26T13:57:41.297+0000] {dag.py:4180} INFO - Setting next_dagrun for dataset_consumes_1 to None, run_after=None
[2025-01-26T13:57:41.298+0000] {logging_mixin.py:190} INFO - [2025-01-26T13:57:41.298+0000] {dag.py:4180} INFO - Setting next_dagrun for dataset_consumes_1_and_2 to None, run_after=None
[2025-01-26T13:57:41.299+0000] {logging_mixin.py:190} INFO - [2025-01-26T13:57:41.299+0000] {dag.py:4180} INFO - Setting next_dagrun for dataset_consumes_1_never_scheduled to None, run_after=None
[2025-01-26T13:57:41.299+0000] {logging_mixin.py:190} INFO - [2025-01-26T13:57:41.299+0000] {dag.py:4180} INFO - Setting next_dagrun for dataset_consumes_unknown_never_scheduled to None, run_after=None
[2025-01-26T13:57:41.300+0000] {logging_mixin.py:190} INFO - [2025-01-26T13:57:41.300+0000] {dag.py:4180} INFO - Setting next_dagrun for dataset_produces_1 to 2025-01-25 00:00:00+00:00, run_after=2025-01-26 00:00:00+00:00
[2025-01-26T13:57:41.301+0000] {logging_mixin.py:190} INFO - [2025-01-26T13:57:41.301+0000] {dag.py:4180} INFO - Setting next_dagrun for dataset_produces_2 to None, run_after=None
[2025-01-26T13:57:41.316+0000] {processor.py:208} INFO - Processing /home/airflow/.local/lib/python3.12/site-packages/airflow/example_dags/example_datasets.py took 0.363 seconds
[2025-01-26T13:58:12.184+0000] {processor.py:186} INFO - Started process (PID=522) to work on /home/airflow/.local/lib/python3.12/site-packages/airflow/example_dags/example_datasets.py
[2025-01-26T13:58:12.185+0000] {processor.py:914} INFO - Processing file /home/airflow/.local/lib/python3.12/site-packages/airflow/example_dags/example_datasets.py for tasks to queue
[2025-01-26T13:58:12.187+0000] {logging_mixin.py:190} INFO - [2025-01-26T13:58:12.187+0000] {dagbag.py:588} INFO - Filling up the DagBag from /home/airflow/.local/lib/python3.12/site-packages/airflow/example_dags/example_datasets.py
[2025-01-26T13:58:12.516+0000] {processor.py:925} INFO - DAG(s) 'dataset_consumes_1', 'dataset_consumes_unknown_never_scheduled', 'dataset_produces_1', 'dataset_consumes_1_and_2', 'consume_1_and_2_with_dataset_expressions', 'dataset_consumes_1_never_scheduled', 'conditional_dataset_and_time_based_timetable', 'dataset_produces_2', 'consume_1_or_both_2_and_3_with_dataset_expressions', 'consume_1_or_2_with_dataset_expressions' retrieved from /home/airflow/.local/lib/python3.12/site-packages/airflow/example_dags/example_datasets.py
[2025-01-26T13:58:12.535+0000] {logging_mixin.py:190} INFO - [2025-01-26T13:58:12.535+0000] {dag.py:3239} INFO - Sync 10 DAGs
[2025-01-26T13:58:12.547+0000] {logging_mixin.py:190} INFO - [2025-01-26T13:58:12.547+0000] {dag.py:4180} INFO - Setting next_dagrun for conditional_dataset_and_time_based_timetable to 2025-01-22 01:00:00+00:00, run_after=2025-01-22 01:00:00+00:00
[2025-01-26T13:58:12.549+0000] {logging_mixin.py:190} INFO - [2025-01-26T13:58:12.549+0000] {dag.py:4180} INFO - Setting next_dagrun for consume_1_and_2_with_dataset_expressions to None, run_after=None
[2025-01-26T13:58:12.550+0000] {logging_mixin.py:190} INFO - [2025-01-26T13:58:12.550+0000] {dag.py:4180} INFO - Setting next_dagrun for consume_1_or_2_with_dataset_expressions to None, run_after=None
[2025-01-26T13:58:12.550+0000] {logging_mixin.py:190} INFO - [2025-01-26T13:58:12.550+0000] {dag.py:4180} INFO - Setting next_dagrun for consume_1_or_both_2_and_3_with_dataset_expressions to None, run_after=None
[2025-01-26T13:58:12.551+0000] {logging_mixin.py:190} INFO - [2025-01-26T13:58:12.551+0000] {dag.py:4180} INFO - Setting next_dagrun for dataset_consumes_1 to None, run_after=None
[2025-01-26T13:58:12.551+0000] {logging_mixin.py:190} INFO - [2025-01-26T13:58:12.551+0000] {dag.py:4180} INFO - Setting next_dagrun for dataset_consumes_1_and_2 to None, run_after=None
[2025-01-26T13:58:12.552+0000] {logging_mixin.py:190} INFO - [2025-01-26T13:58:12.552+0000] {dag.py:4180} INFO - Setting next_dagrun for dataset_consumes_1_never_scheduled to None, run_after=None
[2025-01-26T13:58:12.552+0000] {logging_mixin.py:190} INFO - [2025-01-26T13:58:12.552+0000] {dag.py:4180} INFO - Setting next_dagrun for dataset_consumes_unknown_never_scheduled to None, run_after=None
[2025-01-26T13:58:12.553+0000] {logging_mixin.py:190} INFO - [2025-01-26T13:58:12.553+0000] {dag.py:4180} INFO - Setting next_dagrun for dataset_produces_1 to 2025-01-25 00:00:00+00:00, run_after=2025-01-26 00:00:00+00:00
[2025-01-26T13:58:12.554+0000] {logging_mixin.py:190} INFO - [2025-01-26T13:58:12.554+0000] {dag.py:4180} INFO - Setting next_dagrun for dataset_produces_2 to None, run_after=None
[2025-01-26T13:58:12.571+0000] {processor.py:208} INFO - Processing /home/airflow/.local/lib/python3.12/site-packages/airflow/example_dags/example_datasets.py took 0.391 seconds
[2025-01-26T13:58:43.689+0000] {processor.py:186} INFO - Started process (PID=588) to work on /home/airflow/.local/lib/python3.12/site-packages/airflow/example_dags/example_datasets.py
[2025-01-26T13:58:43.691+0000] {processor.py:914} INFO - Processing file /home/airflow/.local/lib/python3.12/site-packages/airflow/example_dags/example_datasets.py for tasks to queue
[2025-01-26T13:58:43.692+0000] {logging_mixin.py:190} INFO - [2025-01-26T13:58:43.692+0000] {dagbag.py:588} INFO - Filling up the DagBag from /home/airflow/.local/lib/python3.12/site-packages/airflow/example_dags/example_datasets.py
[2025-01-26T13:58:44.028+0000] {processor.py:925} INFO - DAG(s) 'dataset_consumes_1_and_2', 'consume_1_or_2_with_dataset_expressions', 'conditional_dataset_and_time_based_timetable', 'dataset_produces_2', 'dataset_produces_1', 'dataset_consumes_unknown_never_scheduled', 'consume_1_and_2_with_dataset_expressions', 'dataset_consumes_1', 'dataset_consumes_1_never_scheduled', 'consume_1_or_both_2_and_3_with_dataset_expressions' retrieved from /home/airflow/.local/lib/python3.12/site-packages/airflow/example_dags/example_datasets.py
[2025-01-26T13:58:44.051+0000] {logging_mixin.py:190} INFO - [2025-01-26T13:58:44.051+0000] {dag.py:3239} INFO - Sync 10 DAGs
[2025-01-26T13:58:44.082+0000] {logging_mixin.py:190} INFO - [2025-01-26T13:58:44.082+0000] {dag.py:4180} INFO - Setting next_dagrun for conditional_dataset_and_time_based_timetable to 2025-01-22 01:00:00+00:00, run_after=2025-01-22 01:00:00+00:00
[2025-01-26T13:58:44.083+0000] {logging_mixin.py:190} INFO - [2025-01-26T13:58:44.083+0000] {dag.py:4180} INFO - Setting next_dagrun for consume_1_and_2_with_dataset_expressions to None, run_after=None
[2025-01-26T13:58:44.084+0000] {logging_mixin.py:190} INFO - [2025-01-26T13:58:44.084+0000] {dag.py:4180} INFO - Setting next_dagrun for consume_1_or_2_with_dataset_expressions to None, run_after=None
[2025-01-26T13:58:44.085+0000] {logging_mixin.py:190} INFO - [2025-01-26T13:58:44.085+0000] {dag.py:4180} INFO - Setting next_dagrun for consume_1_or_both_2_and_3_with_dataset_expressions to None, run_after=None
[2025-01-26T13:58:44.086+0000] {logging_mixin.py:190} INFO - [2025-01-26T13:58:44.085+0000] {dag.py:4180} INFO - Setting next_dagrun for dataset_consumes_1 to None, run_after=None
[2025-01-26T13:58:44.086+0000] {logging_mixin.py:190} INFO - [2025-01-26T13:58:44.086+0000] {dag.py:4180} INFO - Setting next_dagrun for dataset_consumes_1_and_2 to None, run_after=None
[2025-01-26T13:58:44.087+0000] {logging_mixin.py:190} INFO - [2025-01-26T13:58:44.087+0000] {dag.py:4180} INFO - Setting next_dagrun for dataset_consumes_1_never_scheduled to None, run_after=None
[2025-01-26T13:58:44.087+0000] {logging_mixin.py:190} INFO - [2025-01-26T13:58:44.087+0000] {dag.py:4180} INFO - Setting next_dagrun for dataset_consumes_unknown_never_scheduled to None, run_after=None
[2025-01-26T13:58:44.088+0000] {logging_mixin.py:190} INFO - [2025-01-26T13:58:44.088+0000] {dag.py:4180} INFO - Setting next_dagrun for dataset_produces_1 to 2025-01-25 00:00:00+00:00, run_after=2025-01-26 00:00:00+00:00
[2025-01-26T13:58:44.089+0000] {logging_mixin.py:190} INFO - [2025-01-26T13:58:44.089+0000] {dag.py:4180} INFO - Setting next_dagrun for dataset_produces_2 to None, run_after=None
[2025-01-26T13:58:44.105+0000] {processor.py:208} INFO - Processing /home/airflow/.local/lib/python3.12/site-packages/airflow/example_dags/example_datasets.py took 0.419 seconds
[2025-01-26T13:59:15.123+0000] {processor.py:186} INFO - Started process (PID=652) to work on /home/airflow/.local/lib/python3.12/site-packages/airflow/example_dags/example_datasets.py
[2025-01-26T13:59:15.123+0000] {processor.py:914} INFO - Processing file /home/airflow/.local/lib/python3.12/site-packages/airflow/example_dags/example_datasets.py for tasks to queue
[2025-01-26T13:59:15.125+0000] {logging_mixin.py:190} INFO - [2025-01-26T13:59:15.125+0000] {dagbag.py:588} INFO - Filling up the DagBag from /home/airflow/.local/lib/python3.12/site-packages/airflow/example_dags/example_datasets.py
[2025-01-26T13:59:15.426+0000] {processor.py:925} INFO - DAG(s) 'dataset_consumes_1_never_scheduled', 'consume_1_and_2_with_dataset_expressions', 'consume_1_or_both_2_and_3_with_dataset_expressions', 'dataset_produces_1', 'conditional_dataset_and_time_based_timetable', 'dataset_consumes_1_and_2', 'dataset_consumes_1', 'consume_1_or_2_with_dataset_expressions', 'dataset_consumes_unknown_never_scheduled', 'dataset_produces_2' retrieved from /home/airflow/.local/lib/python3.12/site-packages/airflow/example_dags/example_datasets.py
[2025-01-26T13:59:15.446+0000] {logging_mixin.py:190} INFO - [2025-01-26T13:59:15.445+0000] {dag.py:3239} INFO - Sync 10 DAGs
[2025-01-26T13:59:15.456+0000] {logging_mixin.py:190} INFO - [2025-01-26T13:59:15.456+0000] {dag.py:4180} INFO - Setting next_dagrun for conditional_dataset_and_time_based_timetable to 2025-01-22 01:00:00+00:00, run_after=2025-01-22 01:00:00+00:00
[2025-01-26T13:59:15.458+0000] {logging_mixin.py:190} INFO - [2025-01-26T13:59:15.458+0000] {dag.py:4180} INFO - Setting next_dagrun for consume_1_and_2_with_dataset_expressions to None, run_after=None
[2025-01-26T13:59:15.459+0000] {logging_mixin.py:190} INFO - [2025-01-26T13:59:15.459+0000] {dag.py:4180} INFO - Setting next_dagrun for consume_1_or_2_with_dataset_expressions to None, run_after=None
[2025-01-26T13:59:15.460+0000] {logging_mixin.py:190} INFO - [2025-01-26T13:59:15.460+0000] {dag.py:4180} INFO - Setting next_dagrun for consume_1_or_both_2_and_3_with_dataset_expressions to None, run_after=None
[2025-01-26T13:59:15.461+0000] {logging_mixin.py:190} INFO - [2025-01-26T13:59:15.460+0000] {dag.py:4180} INFO - Setting next_dagrun for dataset_consumes_1 to None, run_after=None
[2025-01-26T13:59:15.461+0000] {logging_mixin.py:190} INFO - [2025-01-26T13:59:15.461+0000] {dag.py:4180} INFO - Setting next_dagrun for dataset_consumes_1_and_2 to None, run_after=None
[2025-01-26T13:59:15.462+0000] {logging_mixin.py:190} INFO - [2025-01-26T13:59:15.462+0000] {dag.py:4180} INFO - Setting next_dagrun for dataset_consumes_1_never_scheduled to None, run_after=None
[2025-01-26T13:59:15.462+0000] {logging_mixin.py:190} INFO - [2025-01-26T13:59:15.462+0000] {dag.py:4180} INFO - Setting next_dagrun for dataset_consumes_unknown_never_scheduled to None, run_after=None
[2025-01-26T13:59:15.463+0000] {logging_mixin.py:190} INFO - [2025-01-26T13:59:15.463+0000] {dag.py:4180} INFO - Setting next_dagrun for dataset_produces_1 to 2025-01-25 00:00:00+00:00, run_after=2025-01-26 00:00:00+00:00
[2025-01-26T13:59:15.464+0000] {logging_mixin.py:190} INFO - [2025-01-26T13:59:15.464+0000] {dag.py:4180} INFO - Setting next_dagrun for dataset_produces_2 to None, run_after=None
[2025-01-26T13:59:15.480+0000] {processor.py:208} INFO - Processing /home/airflow/.local/lib/python3.12/site-packages/airflow/example_dags/example_datasets.py took 0.361 seconds
