[2025-01-26T13:54:39.231+0000] {processor.py:186} INFO - Started process (PID=110) to work on /home/airflow/.local/lib/python3.12/site-packages/airflow/example_dags/example_latest_only.py
[2025-01-26T13:54:39.232+0000] {processor.py:914} INFO - Processing file /home/airflow/.local/lib/python3.12/site-packages/airflow/example_dags/example_latest_only.py for tasks to queue
[2025-01-26T13:54:39.234+0000] {logging_mixin.py:190} INFO - [2025-01-26T13:54:39.233+0000] {dagbag.py:588} INFO - Filling up the DagBag from /home/airflow/.local/lib/python3.12/site-packages/airflow/example_dags/example_latest_only.py
[2025-01-26T13:54:39.238+0000] {processor.py:925} INFO - DAG(s) 'latest_only' retrieved from /home/airflow/.local/lib/python3.12/site-packages/airflow/example_dags/example_latest_only.py
[2025-01-26T13:54:39.293+0000] {logging_mixin.py:190} INFO - [2025-01-26T13:54:39.293+0000] {override.py:1911} INFO - Created Permission View: can delete on DAG:latest_only
[2025-01-26T13:54:39.299+0000] {logging_mixin.py:190} INFO - [2025-01-26T13:54:39.298+0000] {override.py:1911} INFO - Created Permission View: can read on DAG:latest_only
[2025-01-26T13:54:39.305+0000] {logging_mixin.py:190} INFO - [2025-01-26T13:54:39.304+0000] {override.py:1911} INFO - Created Permission View: can edit on DAG:latest_only
[2025-01-26T13:54:39.309+0000] {logging_mixin.py:190} INFO - [2025-01-26T13:54:39.309+0000] {override.py:1911} INFO - Created Permission View: can create on DAG Run:latest_only
[2025-01-26T13:54:39.312+0000] {logging_mixin.py:190} INFO - [2025-01-26T13:54:39.312+0000] {override.py:1911} INFO - Created Permission View: can delete on DAG Run:latest_only
[2025-01-26T13:54:39.315+0000] {logging_mixin.py:190} INFO - [2025-01-26T13:54:39.315+0000] {override.py:1911} INFO - Created Permission View: can read on DAG Run:latest_only
[2025-01-26T13:54:39.318+0000] {logging_mixin.py:190} INFO - [2025-01-26T13:54:39.318+0000] {override.py:1911} INFO - Created Permission View: menu access on DAG Run:latest_only
[2025-01-26T13:54:39.318+0000] {logging_mixin.py:190} INFO - [2025-01-26T13:54:39.318+0000] {dag.py:3239} INFO - Sync 1 DAGs
[2025-01-26T13:54:39.324+0000] {logging_mixin.py:190} INFO - [2025-01-26T13:54:39.324+0000] {dag.py:3262} INFO - Creating ORM DAG for latest_only
[2025-01-26T13:54:39.329+0000] {logging_mixin.py:190} INFO - [2025-01-26T13:54:39.329+0000] {dag.py:4180} INFO - Setting next_dagrun for latest_only to 2025-01-26 08:00:00+00:00, run_after=2025-01-26 12:00:00+00:00
[2025-01-26T13:54:39.339+0000] {processor.py:208} INFO - Processing /home/airflow/.local/lib/python3.12/site-packages/airflow/example_dags/example_latest_only.py took 0.111 seconds
[2025-01-26T13:55:09.928+0000] {processor.py:186} INFO - Started process (PID=173) to work on /home/airflow/.local/lib/python3.12/site-packages/airflow/example_dags/example_latest_only.py
[2025-01-26T13:55:09.930+0000] {processor.py:914} INFO - Processing file /home/airflow/.local/lib/python3.12/site-packages/airflow/example_dags/example_latest_only.py for tasks to queue
[2025-01-26T13:55:09.931+0000] {logging_mixin.py:190} INFO - [2025-01-26T13:55:09.931+0000] {dagbag.py:588} INFO - Filling up the DagBag from /home/airflow/.local/lib/python3.12/site-packages/airflow/example_dags/example_latest_only.py
[2025-01-26T13:55:09.936+0000] {processor.py:925} INFO - DAG(s) 'latest_only' retrieved from /home/airflow/.local/lib/python3.12/site-packages/airflow/example_dags/example_latest_only.py
[2025-01-26T13:55:09.947+0000] {logging_mixin.py:190} INFO - [2025-01-26T13:55:09.947+0000] {dag.py:3239} INFO - Sync 1 DAGs
[2025-01-26T13:55:09.961+0000] {logging_mixin.py:190} INFO - [2025-01-26T13:55:09.961+0000] {dag.py:4180} INFO - Setting next_dagrun for latest_only to 2025-01-26 08:00:00+00:00, run_after=2025-01-26 12:00:00+00:00
[2025-01-26T13:55:09.974+0000] {processor.py:208} INFO - Processing /home/airflow/.local/lib/python3.12/site-packages/airflow/example_dags/example_latest_only.py took 0.049 seconds
[2025-01-26T13:55:40.295+0000] {processor.py:186} INFO - Started process (PID=235) to work on /home/airflow/.local/lib/python3.12/site-packages/airflow/example_dags/example_latest_only.py
[2025-01-26T13:55:40.296+0000] {processor.py:914} INFO - Processing file /home/airflow/.local/lib/python3.12/site-packages/airflow/example_dags/example_latest_only.py for tasks to queue
[2025-01-26T13:55:40.297+0000] {logging_mixin.py:190} INFO - [2025-01-26T13:55:40.297+0000] {dagbag.py:588} INFO - Filling up the DagBag from /home/airflow/.local/lib/python3.12/site-packages/airflow/example_dags/example_latest_only.py
[2025-01-26T13:55:40.302+0000] {processor.py:925} INFO - DAG(s) 'latest_only' retrieved from /home/airflow/.local/lib/python3.12/site-packages/airflow/example_dags/example_latest_only.py
[2025-01-26T13:55:40.314+0000] {logging_mixin.py:190} INFO - [2025-01-26T13:55:40.314+0000] {dag.py:3239} INFO - Sync 1 DAGs
[2025-01-26T13:55:40.325+0000] {logging_mixin.py:190} INFO - [2025-01-26T13:55:40.325+0000] {dag.py:4180} INFO - Setting next_dagrun for latest_only to 2025-01-26 08:00:00+00:00, run_after=2025-01-26 12:00:00+00:00
[2025-01-26T13:55:40.335+0000] {processor.py:208} INFO - Processing /home/airflow/.local/lib/python3.12/site-packages/airflow/example_dags/example_latest_only.py took 0.043 seconds
[2025-01-26T13:56:11.290+0000] {processor.py:186} INFO - Started process (PID=298) to work on /home/airflow/.local/lib/python3.12/site-packages/airflow/example_dags/example_latest_only.py
[2025-01-26T13:56:11.290+0000] {processor.py:914} INFO - Processing file /home/airflow/.local/lib/python3.12/site-packages/airflow/example_dags/example_latest_only.py for tasks to queue
[2025-01-26T13:56:11.292+0000] {logging_mixin.py:190} INFO - [2025-01-26T13:56:11.291+0000] {dagbag.py:588} INFO - Filling up the DagBag from /home/airflow/.local/lib/python3.12/site-packages/airflow/example_dags/example_latest_only.py
[2025-01-26T13:56:11.296+0000] {processor.py:925} INFO - DAG(s) 'latest_only' retrieved from /home/airflow/.local/lib/python3.12/site-packages/airflow/example_dags/example_latest_only.py
[2025-01-26T13:56:11.307+0000] {logging_mixin.py:190} INFO - [2025-01-26T13:56:11.307+0000] {dag.py:3239} INFO - Sync 1 DAGs
[2025-01-26T13:56:11.319+0000] {logging_mixin.py:190} INFO - [2025-01-26T13:56:11.319+0000] {dag.py:4180} INFO - Setting next_dagrun for latest_only to 2025-01-26 08:00:00+00:00, run_after=2025-01-26 12:00:00+00:00
[2025-01-26T13:56:11.329+0000] {processor.py:208} INFO - Processing /home/airflow/.local/lib/python3.12/site-packages/airflow/example_dags/example_latest_only.py took 0.043 seconds
[2025-01-26T13:56:41.904+0000] {processor.py:186} INFO - Started process (PID=361) to work on /home/airflow/.local/lib/python3.12/site-packages/airflow/example_dags/example_latest_only.py
[2025-01-26T13:56:41.905+0000] {processor.py:914} INFO - Processing file /home/airflow/.local/lib/python3.12/site-packages/airflow/example_dags/example_latest_only.py for tasks to queue
[2025-01-26T13:56:41.908+0000] {logging_mixin.py:190} INFO - [2025-01-26T13:56:41.907+0000] {dagbag.py:588} INFO - Filling up the DagBag from /home/airflow/.local/lib/python3.12/site-packages/airflow/example_dags/example_latest_only.py
[2025-01-26T13:56:41.917+0000] {processor.py:925} INFO - DAG(s) 'latest_only' retrieved from /home/airflow/.local/lib/python3.12/site-packages/airflow/example_dags/example_latest_only.py
[2025-01-26T13:56:41.936+0000] {logging_mixin.py:190} INFO - [2025-01-26T13:56:41.936+0000] {dag.py:3239} INFO - Sync 1 DAGs
[2025-01-26T13:56:41.956+0000] {logging_mixin.py:190} INFO - [2025-01-26T13:56:41.955+0000] {dag.py:4180} INFO - Setting next_dagrun for latest_only to 2025-01-26 08:00:00+00:00, run_after=2025-01-26 12:00:00+00:00
[2025-01-26T13:56:41.970+0000] {processor.py:208} INFO - Processing /home/airflow/.local/lib/python3.12/site-packages/airflow/example_dags/example_latest_only.py took 0.072 seconds
[2025-01-26T13:57:12.924+0000] {processor.py:186} INFO - Started process (PID=424) to work on /home/airflow/.local/lib/python3.12/site-packages/airflow/example_dags/example_latest_only.py
[2025-01-26T13:57:12.925+0000] {processor.py:914} INFO - Processing file /home/airflow/.local/lib/python3.12/site-packages/airflow/example_dags/example_latest_only.py for tasks to queue
[2025-01-26T13:57:12.928+0000] {logging_mixin.py:190} INFO - [2025-01-26T13:57:12.927+0000] {dagbag.py:588} INFO - Filling up the DagBag from /home/airflow/.local/lib/python3.12/site-packages/airflow/example_dags/example_latest_only.py
[2025-01-26T13:57:12.936+0000] {processor.py:925} INFO - DAG(s) 'latest_only' retrieved from /home/airflow/.local/lib/python3.12/site-packages/airflow/example_dags/example_latest_only.py
[2025-01-26T13:57:12.954+0000] {logging_mixin.py:190} INFO - [2025-01-26T13:57:12.953+0000] {dag.py:3239} INFO - Sync 1 DAGs
[2025-01-26T13:57:12.971+0000] {logging_mixin.py:190} INFO - [2025-01-26T13:57:12.971+0000] {dag.py:4180} INFO - Setting next_dagrun for latest_only to 2025-01-26 08:00:00+00:00, run_after=2025-01-26 12:00:00+00:00
[2025-01-26T13:57:12.983+0000] {processor.py:208} INFO - Processing /home/airflow/.local/lib/python3.12/site-packages/airflow/example_dags/example_latest_only.py took 0.064 seconds
[2025-01-26T13:57:43.314+0000] {processor.py:186} INFO - Started process (PID=486) to work on /home/airflow/.local/lib/python3.12/site-packages/airflow/example_dags/example_latest_only.py
[2025-01-26T13:57:43.315+0000] {processor.py:914} INFO - Processing file /home/airflow/.local/lib/python3.12/site-packages/airflow/example_dags/example_latest_only.py for tasks to queue
[2025-01-26T13:57:43.328+0000] {logging_mixin.py:190} INFO - [2025-01-26T13:57:43.327+0000] {dagbag.py:588} INFO - Filling up the DagBag from /home/airflow/.local/lib/python3.12/site-packages/airflow/example_dags/example_latest_only.py
[2025-01-26T13:57:43.354+0000] {processor.py:925} INFO - DAG(s) 'latest_only' retrieved from /home/airflow/.local/lib/python3.12/site-packages/airflow/example_dags/example_latest_only.py
[2025-01-26T13:57:43.394+0000] {logging_mixin.py:190} INFO - [2025-01-26T13:57:43.393+0000] {dag.py:3239} INFO - Sync 1 DAGs
[2025-01-26T13:57:43.425+0000] {logging_mixin.py:190} INFO - [2025-01-26T13:57:43.425+0000] {dag.py:4180} INFO - Setting next_dagrun for latest_only to 2025-01-26 08:00:00+00:00, run_after=2025-01-26 12:00:00+00:00
[2025-01-26T13:57:43.439+0000] {processor.py:208} INFO - Processing /home/airflow/.local/lib/python3.12/site-packages/airflow/example_dags/example_latest_only.py took 0.134 seconds
[2025-01-26T13:58:14.383+0000] {processor.py:186} INFO - Started process (PID=550) to work on /home/airflow/.local/lib/python3.12/site-packages/airflow/example_dags/example_latest_only.py
[2025-01-26T13:58:14.383+0000] {processor.py:914} INFO - Processing file /home/airflow/.local/lib/python3.12/site-packages/airflow/example_dags/example_latest_only.py for tasks to queue
[2025-01-26T13:58:14.385+0000] {logging_mixin.py:190} INFO - [2025-01-26T13:58:14.385+0000] {dagbag.py:588} INFO - Filling up the DagBag from /home/airflow/.local/lib/python3.12/site-packages/airflow/example_dags/example_latest_only.py
[2025-01-26T13:58:14.393+0000] {processor.py:925} INFO - DAG(s) 'latest_only' retrieved from /home/airflow/.local/lib/python3.12/site-packages/airflow/example_dags/example_latest_only.py
[2025-01-26T13:58:14.405+0000] {logging_mixin.py:190} INFO - [2025-01-26T13:58:14.405+0000] {dag.py:3239} INFO - Sync 1 DAGs
[2025-01-26T13:58:14.419+0000] {logging_mixin.py:190} INFO - [2025-01-26T13:58:14.419+0000] {dag.py:4180} INFO - Setting next_dagrun for latest_only to 2025-01-26 08:00:00+00:00, run_after=2025-01-26 12:00:00+00:00
[2025-01-26T13:58:14.429+0000] {processor.py:208} INFO - Processing /home/airflow/.local/lib/python3.12/site-packages/airflow/example_dags/example_latest_only.py took 0.050 seconds
[2025-01-26T13:58:44.976+0000] {processor.py:186} INFO - Started process (PID=613) to work on /home/airflow/.local/lib/python3.12/site-packages/airflow/example_dags/example_latest_only.py
[2025-01-26T13:58:44.977+0000] {processor.py:914} INFO - Processing file /home/airflow/.local/lib/python3.12/site-packages/airflow/example_dags/example_latest_only.py for tasks to queue
[2025-01-26T13:58:44.978+0000] {logging_mixin.py:190} INFO - [2025-01-26T13:58:44.978+0000] {dagbag.py:588} INFO - Filling up the DagBag from /home/airflow/.local/lib/python3.12/site-packages/airflow/example_dags/example_latest_only.py
[2025-01-26T13:58:44.982+0000] {processor.py:925} INFO - DAG(s) 'latest_only' retrieved from /home/airflow/.local/lib/python3.12/site-packages/airflow/example_dags/example_latest_only.py
[2025-01-26T13:58:44.993+0000] {logging_mixin.py:190} INFO - [2025-01-26T13:58:44.993+0000] {dag.py:3239} INFO - Sync 1 DAGs
[2025-01-26T13:58:45.007+0000] {logging_mixin.py:190} INFO - [2025-01-26T13:58:45.007+0000] {dag.py:4180} INFO - Setting next_dagrun for latest_only to 2025-01-26 08:00:00+00:00, run_after=2025-01-26 12:00:00+00:00
[2025-01-26T13:58:45.016+0000] {processor.py:208} INFO - Processing /home/airflow/.local/lib/python3.12/site-packages/airflow/example_dags/example_latest_only.py took 0.043 seconds
[2025-01-26T13:59:16.161+0000] {processor.py:186} INFO - Started process (PID=675) to work on /home/airflow/.local/lib/python3.12/site-packages/airflow/example_dags/example_latest_only.py
[2025-01-26T13:59:16.161+0000] {processor.py:914} INFO - Processing file /home/airflow/.local/lib/python3.12/site-packages/airflow/example_dags/example_latest_only.py for tasks to queue
[2025-01-26T13:59:16.165+0000] {logging_mixin.py:190} INFO - [2025-01-26T13:59:16.165+0000] {dagbag.py:588} INFO - Filling up the DagBag from /home/airflow/.local/lib/python3.12/site-packages/airflow/example_dags/example_latest_only.py
[2025-01-26T13:59:16.170+0000] {processor.py:925} INFO - DAG(s) 'latest_only' retrieved from /home/airflow/.local/lib/python3.12/site-packages/airflow/example_dags/example_latest_only.py
[2025-01-26T13:59:16.182+0000] {logging_mixin.py:190} INFO - [2025-01-26T13:59:16.182+0000] {dag.py:3239} INFO - Sync 1 DAGs
[2025-01-26T13:59:16.195+0000] {logging_mixin.py:190} INFO - [2025-01-26T13:59:16.195+0000] {dag.py:4180} INFO - Setting next_dagrun for latest_only to 2025-01-26 08:00:00+00:00, run_after=2025-01-26 12:00:00+00:00
[2025-01-26T13:59:16.206+0000] {processor.py:208} INFO - Processing /home/airflow/.local/lib/python3.12/site-packages/airflow/example_dags/example_latest_only.py took 0.049 seconds
[2025-01-26T13:59:47.653+0000] {processor.py:186} INFO - Started process (PID=738) to work on /home/airflow/.local/lib/python3.12/site-packages/airflow/example_dags/example_latest_only.py
[2025-01-26T13:59:47.654+0000] {processor.py:914} INFO - Processing file /home/airflow/.local/lib/python3.12/site-packages/airflow/example_dags/example_latest_only.py for tasks to queue
[2025-01-26T13:59:47.656+0000] {logging_mixin.py:190} INFO - [2025-01-26T13:59:47.655+0000] {dagbag.py:588} INFO - Filling up the DagBag from /home/airflow/.local/lib/python3.12/site-packages/airflow/example_dags/example_latest_only.py
[2025-01-26T13:59:47.662+0000] {processor.py:925} INFO - DAG(s) 'latest_only' retrieved from /home/airflow/.local/lib/python3.12/site-packages/airflow/example_dags/example_latest_only.py
[2025-01-26T13:59:47.680+0000] {logging_mixin.py:190} INFO - [2025-01-26T13:59:47.680+0000] {dag.py:3239} INFO - Sync 1 DAGs
[2025-01-26T13:59:47.697+0000] {logging_mixin.py:190} INFO - [2025-01-26T13:59:47.697+0000] {dag.py:4180} INFO - Setting next_dagrun for latest_only to 2025-01-26 08:00:00+00:00, run_after=2025-01-26 12:00:00+00:00
[2025-01-26T13:59:47.713+0000] {processor.py:208} INFO - Processing /home/airflow/.local/lib/python3.12/site-packages/airflow/example_dags/example_latest_only.py took 0.064 seconds
