[2025-01-26T13:54:38.323+0000] {processor.py:186} INFO - Started process (PID=98) to work on /home/airflow/.local/lib/python3.12/site-packages/airflow/example_dags/example_branch_python_dop_operator_3.py
[2025-01-26T13:54:38.324+0000] {processor.py:914} INFO - Processing file /home/airflow/.local/lib/python3.12/site-packages/airflow/example_dags/example_branch_python_dop_operator_3.py for tasks to queue
[2025-01-26T13:54:38.325+0000] {logging_mixin.py:190} INFO - [2025-01-26T13:54:38.325+0000] {dagbag.py:588} INFO - Filling up the DagBag from /home/airflow/.local/lib/python3.12/site-packages/airflow/example_dags/example_branch_python_dop_operator_3.py
[2025-01-26T13:54:38.331+0000] {processor.py:925} INFO - DAG(s) 'example_branch_dop_operator_v3' retrieved from /home/airflow/.local/lib/python3.12/site-packages/airflow/example_dags/example_branch_python_dop_operator_3.py
[2025-01-26T13:54:38.391+0000] {logging_mixin.py:190} INFO - [2025-01-26T13:54:38.390+0000] {override.py:1911} INFO - Created Permission View: can delete on DAG:example_branch_dop_operator_v3
[2025-01-26T13:54:38.396+0000] {logging_mixin.py:190} INFO - [2025-01-26T13:54:38.396+0000] {override.py:1911} INFO - Created Permission View: can read on DAG:example_branch_dop_operator_v3
[2025-01-26T13:54:38.399+0000] {logging_mixin.py:190} INFO - [2025-01-26T13:54:38.399+0000] {override.py:1911} INFO - Created Permission View: can edit on DAG:example_branch_dop_operator_v3
[2025-01-26T13:54:38.402+0000] {logging_mixin.py:190} INFO - [2025-01-26T13:54:38.402+0000] {override.py:1911} INFO - Created Permission View: can create on DAG Run:example_branch_dop_operator_v3
[2025-01-26T13:54:38.405+0000] {logging_mixin.py:190} INFO - [2025-01-26T13:54:38.405+0000] {override.py:1911} INFO - Created Permission View: can delete on DAG Run:example_branch_dop_operator_v3
[2025-01-26T13:54:38.408+0000] {logging_mixin.py:190} INFO - [2025-01-26T13:54:38.408+0000] {override.py:1911} INFO - Created Permission View: can read on DAG Run:example_branch_dop_operator_v3
[2025-01-26T13:54:38.411+0000] {logging_mixin.py:190} INFO - [2025-01-26T13:54:38.411+0000] {override.py:1911} INFO - Created Permission View: menu access on DAG Run:example_branch_dop_operator_v3
[2025-01-26T13:54:38.411+0000] {logging_mixin.py:190} INFO - [2025-01-26T13:54:38.411+0000] {dag.py:3239} INFO - Sync 1 DAGs
[2025-01-26T13:54:38.419+0000] {logging_mixin.py:190} INFO - [2025-01-26T13:54:38.419+0000] {dag.py:3262} INFO - Creating ORM DAG for example_branch_dop_operator_v3
[2025-01-26T13:54:38.425+0000] {logging_mixin.py:190} INFO - [2025-01-26T13:54:38.425+0000] {dag.py:4180} INFO - Setting next_dagrun for example_branch_dop_operator_v3 to 2025-01-26 13:53:00+00:00, run_after=2025-01-26 13:54:00+00:00
[2025-01-26T13:54:38.434+0000] {processor.py:208} INFO - Processing /home/airflow/.local/lib/python3.12/site-packages/airflow/example_dags/example_branch_python_dop_operator_3.py took 0.115 seconds
[2025-01-26T13:55:09.377+0000] {processor.py:186} INFO - Started process (PID=161) to work on /home/airflow/.local/lib/python3.12/site-packages/airflow/example_dags/example_branch_python_dop_operator_3.py
[2025-01-26T13:55:09.378+0000] {processor.py:914} INFO - Processing file /home/airflow/.local/lib/python3.12/site-packages/airflow/example_dags/example_branch_python_dop_operator_3.py for tasks to queue
[2025-01-26T13:55:09.379+0000] {logging_mixin.py:190} INFO - [2025-01-26T13:55:09.379+0000] {dagbag.py:588} INFO - Filling up the DagBag from /home/airflow/.local/lib/python3.12/site-packages/airflow/example_dags/example_branch_python_dop_operator_3.py
[2025-01-26T13:55:09.386+0000] {processor.py:925} INFO - DAG(s) 'example_branch_dop_operator_v3' retrieved from /home/airflow/.local/lib/python3.12/site-packages/airflow/example_dags/example_branch_python_dop_operator_3.py
[2025-01-26T13:55:09.399+0000] {logging_mixin.py:190} INFO - [2025-01-26T13:55:09.399+0000] {dag.py:3239} INFO - Sync 1 DAGs
[2025-01-26T13:55:09.414+0000] {logging_mixin.py:190} INFO - [2025-01-26T13:55:09.414+0000] {dag.py:4180} INFO - Setting next_dagrun for example_branch_dop_operator_v3 to 2025-01-26 13:54:00+00:00, run_after=2025-01-26 13:55:00+00:00
[2025-01-26T13:55:09.424+0000] {processor.py:208} INFO - Processing /home/airflow/.local/lib/python3.12/site-packages/airflow/example_dags/example_branch_python_dop_operator_3.py took 0.050 seconds
[2025-01-26T13:55:39.556+0000] {processor.py:186} INFO - Started process (PID=222) to work on /home/airflow/.local/lib/python3.12/site-packages/airflow/example_dags/example_branch_python_dop_operator_3.py
[2025-01-26T13:55:39.558+0000] {processor.py:914} INFO - Processing file /home/airflow/.local/lib/python3.12/site-packages/airflow/example_dags/example_branch_python_dop_operator_3.py for tasks to queue
[2025-01-26T13:55:39.559+0000] {logging_mixin.py:190} INFO - [2025-01-26T13:55:39.559+0000] {dagbag.py:588} INFO - Filling up the DagBag from /home/airflow/.local/lib/python3.12/site-packages/airflow/example_dags/example_branch_python_dop_operator_3.py
[2025-01-26T13:55:39.568+0000] {processor.py:925} INFO - DAG(s) 'example_branch_dop_operator_v3' retrieved from /home/airflow/.local/lib/python3.12/site-packages/airflow/example_dags/example_branch_python_dop_operator_3.py
[2025-01-26T13:55:39.580+0000] {logging_mixin.py:190} INFO - [2025-01-26T13:55:39.580+0000] {dag.py:3239} INFO - Sync 1 DAGs
[2025-01-26T13:55:39.595+0000] {logging_mixin.py:190} INFO - [2025-01-26T13:55:39.594+0000] {dag.py:4180} INFO - Setting next_dagrun for example_branch_dop_operator_v3 to 2025-01-26 13:54:00+00:00, run_after=2025-01-26 13:55:00+00:00
[2025-01-26T13:55:39.604+0000] {processor.py:208} INFO - Processing /home/airflow/.local/lib/python3.12/site-packages/airflow/example_dags/example_branch_python_dop_operator_3.py took 0.053 seconds
[2025-01-26T13:56:09.751+0000] {processor.py:186} INFO - Started process (PID=285) to work on /home/airflow/.local/lib/python3.12/site-packages/airflow/example_dags/example_branch_python_dop_operator_3.py
[2025-01-26T13:56:09.751+0000] {processor.py:914} INFO - Processing file /home/airflow/.local/lib/python3.12/site-packages/airflow/example_dags/example_branch_python_dop_operator_3.py for tasks to queue
[2025-01-26T13:56:09.755+0000] {logging_mixin.py:190} INFO - [2025-01-26T13:56:09.755+0000] {dagbag.py:588} INFO - Filling up the DagBag from /home/airflow/.local/lib/python3.12/site-packages/airflow/example_dags/example_branch_python_dop_operator_3.py
[2025-01-26T13:56:09.761+0000] {processor.py:925} INFO - DAG(s) 'example_branch_dop_operator_v3' retrieved from /home/airflow/.local/lib/python3.12/site-packages/airflow/example_dags/example_branch_python_dop_operator_3.py
[2025-01-26T13:56:09.773+0000] {logging_mixin.py:190} INFO - [2025-01-26T13:56:09.773+0000] {dag.py:3239} INFO - Sync 1 DAGs
[2025-01-26T13:56:09.787+0000] {logging_mixin.py:190} INFO - [2025-01-26T13:56:09.787+0000] {dag.py:4180} INFO - Setting next_dagrun for example_branch_dop_operator_v3 to 2025-01-26 13:55:00+00:00, run_after=2025-01-26 13:56:00+00:00
[2025-01-26T13:56:09.798+0000] {processor.py:208} INFO - Processing /home/airflow/.local/lib/python3.12/site-packages/airflow/example_dags/example_branch_python_dop_operator_3.py took 0.051 seconds
[2025-01-26T13:56:40.333+0000] {processor.py:186} INFO - Started process (PID=348) to work on /home/airflow/.local/lib/python3.12/site-packages/airflow/example_dags/example_branch_python_dop_operator_3.py
[2025-01-26T13:56:40.334+0000] {processor.py:914} INFO - Processing file /home/airflow/.local/lib/python3.12/site-packages/airflow/example_dags/example_branch_python_dop_operator_3.py for tasks to queue
[2025-01-26T13:56:40.338+0000] {logging_mixin.py:190} INFO - [2025-01-26T13:56:40.338+0000] {dagbag.py:588} INFO - Filling up the DagBag from /home/airflow/.local/lib/python3.12/site-packages/airflow/example_dags/example_branch_python_dop_operator_3.py
[2025-01-26T13:56:40.346+0000] {processor.py:925} INFO - DAG(s) 'example_branch_dop_operator_v3' retrieved from /home/airflow/.local/lib/python3.12/site-packages/airflow/example_dags/example_branch_python_dop_operator_3.py
[2025-01-26T13:56:40.358+0000] {logging_mixin.py:190} INFO - [2025-01-26T13:56:40.357+0000] {dag.py:3239} INFO - Sync 1 DAGs
[2025-01-26T13:56:40.372+0000] {logging_mixin.py:190} INFO - [2025-01-26T13:56:40.372+0000] {dag.py:4180} INFO - Setting next_dagrun for example_branch_dop_operator_v3 to 2025-01-26 13:55:00+00:00, run_after=2025-01-26 13:56:00+00:00
[2025-01-26T13:56:40.382+0000] {processor.py:208} INFO - Processing /home/airflow/.local/lib/python3.12/site-packages/airflow/example_dags/example_branch_python_dop_operator_3.py took 0.052 seconds
[2025-01-26T13:57:11.363+0000] {processor.py:186} INFO - Started process (PID=411) to work on /home/airflow/.local/lib/python3.12/site-packages/airflow/example_dags/example_branch_python_dop_operator_3.py
[2025-01-26T13:57:11.365+0000] {processor.py:914} INFO - Processing file /home/airflow/.local/lib/python3.12/site-packages/airflow/example_dags/example_branch_python_dop_operator_3.py for tasks to queue
[2025-01-26T13:57:11.368+0000] {logging_mixin.py:190} INFO - [2025-01-26T13:57:11.368+0000] {dagbag.py:588} INFO - Filling up the DagBag from /home/airflow/.local/lib/python3.12/site-packages/airflow/example_dags/example_branch_python_dop_operator_3.py
[2025-01-26T13:57:11.381+0000] {processor.py:925} INFO - DAG(s) 'example_branch_dop_operator_v3' retrieved from /home/airflow/.local/lib/python3.12/site-packages/airflow/example_dags/example_branch_python_dop_operator_3.py
[2025-01-26T13:57:11.393+0000] {logging_mixin.py:190} INFO - [2025-01-26T13:57:11.393+0000] {dag.py:3239} INFO - Sync 1 DAGs
[2025-01-26T13:57:11.407+0000] {logging_mixin.py:190} INFO - [2025-01-26T13:57:11.407+0000] {dag.py:4180} INFO - Setting next_dagrun for example_branch_dop_operator_v3 to 2025-01-26 13:56:00+00:00, run_after=2025-01-26 13:57:00+00:00
[2025-01-26T13:57:11.419+0000] {processor.py:208} INFO - Processing /home/airflow/.local/lib/python3.12/site-packages/airflow/example_dags/example_branch_python_dop_operator_3.py took 0.060 seconds
[2025-01-26T13:57:41.874+0000] {processor.py:186} INFO - Started process (PID=474) to work on /home/airflow/.local/lib/python3.12/site-packages/airflow/example_dags/example_branch_python_dop_operator_3.py
[2025-01-26T13:57:41.875+0000] {processor.py:914} INFO - Processing file /home/airflow/.local/lib/python3.12/site-packages/airflow/example_dags/example_branch_python_dop_operator_3.py for tasks to queue
[2025-01-26T13:57:41.877+0000] {logging_mixin.py:190} INFO - [2025-01-26T13:57:41.876+0000] {dagbag.py:588} INFO - Filling up the DagBag from /home/airflow/.local/lib/python3.12/site-packages/airflow/example_dags/example_branch_python_dop_operator_3.py
[2025-01-26T13:57:41.883+0000] {processor.py:925} INFO - DAG(s) 'example_branch_dop_operator_v3' retrieved from /home/airflow/.local/lib/python3.12/site-packages/airflow/example_dags/example_branch_python_dop_operator_3.py
[2025-01-26T13:57:41.895+0000] {logging_mixin.py:190} INFO - [2025-01-26T13:57:41.894+0000] {dag.py:3239} INFO - Sync 1 DAGs
[2025-01-26T13:57:41.908+0000] {logging_mixin.py:190} INFO - [2025-01-26T13:57:41.908+0000] {dag.py:4180} INFO - Setting next_dagrun for example_branch_dop_operator_v3 to 2025-01-26 13:56:00+00:00, run_after=2025-01-26 13:57:00+00:00
[2025-01-26T13:57:41.918+0000] {processor.py:208} INFO - Processing /home/airflow/.local/lib/python3.12/site-packages/airflow/example_dags/example_branch_python_dop_operator_3.py took 0.048 seconds
[2025-01-26T13:58:13.019+0000] {processor.py:186} INFO - Started process (PID=537) to work on /home/airflow/.local/lib/python3.12/site-packages/airflow/example_dags/example_branch_python_dop_operator_3.py
[2025-01-26T13:58:13.020+0000] {processor.py:914} INFO - Processing file /home/airflow/.local/lib/python3.12/site-packages/airflow/example_dags/example_branch_python_dop_operator_3.py for tasks to queue
[2025-01-26T13:58:13.021+0000] {logging_mixin.py:190} INFO - [2025-01-26T13:58:13.021+0000] {dagbag.py:588} INFO - Filling up the DagBag from /home/airflow/.local/lib/python3.12/site-packages/airflow/example_dags/example_branch_python_dop_operator_3.py
[2025-01-26T13:58:13.028+0000] {processor.py:925} INFO - DAG(s) 'example_branch_dop_operator_v3' retrieved from /home/airflow/.local/lib/python3.12/site-packages/airflow/example_dags/example_branch_python_dop_operator_3.py
[2025-01-26T13:58:13.039+0000] {logging_mixin.py:190} INFO - [2025-01-26T13:58:13.039+0000] {dag.py:3239} INFO - Sync 1 DAGs
[2025-01-26T13:58:13.052+0000] {logging_mixin.py:190} INFO - [2025-01-26T13:58:13.052+0000] {dag.py:4180} INFO - Setting next_dagrun for example_branch_dop_operator_v3 to 2025-01-26 13:57:00+00:00, run_after=2025-01-26 13:58:00+00:00
[2025-01-26T13:58:13.061+0000] {processor.py:208} INFO - Processing /home/airflow/.local/lib/python3.12/site-packages/airflow/example_dags/example_branch_python_dop_operator_3.py took 0.046 seconds
[2025-01-26T13:58:44.541+0000] {processor.py:186} INFO - Started process (PID=600) to work on /home/airflow/.local/lib/python3.12/site-packages/airflow/example_dags/example_branch_python_dop_operator_3.py
[2025-01-26T13:58:44.542+0000] {processor.py:914} INFO - Processing file /home/airflow/.local/lib/python3.12/site-packages/airflow/example_dags/example_branch_python_dop_operator_3.py for tasks to queue
[2025-01-26T13:58:44.544+0000] {logging_mixin.py:190} INFO - [2025-01-26T13:58:44.544+0000] {dagbag.py:588} INFO - Filling up the DagBag from /home/airflow/.local/lib/python3.12/site-packages/airflow/example_dags/example_branch_python_dop_operator_3.py
[2025-01-26T13:58:44.552+0000] {processor.py:925} INFO - DAG(s) 'example_branch_dop_operator_v3' retrieved from /home/airflow/.local/lib/python3.12/site-packages/airflow/example_dags/example_branch_python_dop_operator_3.py
[2025-01-26T13:58:44.566+0000] {logging_mixin.py:190} INFO - [2025-01-26T13:58:44.566+0000] {dag.py:3239} INFO - Sync 1 DAGs
[2025-01-26T13:58:44.582+0000] {logging_mixin.py:190} INFO - [2025-01-26T13:58:44.581+0000] {dag.py:4180} INFO - Setting next_dagrun for example_branch_dop_operator_v3 to 2025-01-26 13:57:00+00:00, run_after=2025-01-26 13:58:00+00:00
[2025-01-26T13:58:44.592+0000] {processor.py:208} INFO - Processing /home/airflow/.local/lib/python3.12/site-packages/airflow/example_dags/example_branch_python_dop_operator_3.py took 0.055 seconds
[2025-01-26T13:59:15.789+0000] {processor.py:186} INFO - Started process (PID=663) to work on /home/airflow/.local/lib/python3.12/site-packages/airflow/example_dags/example_branch_python_dop_operator_3.py
[2025-01-26T13:59:15.790+0000] {processor.py:914} INFO - Processing file /home/airflow/.local/lib/python3.12/site-packages/airflow/example_dags/example_branch_python_dop_operator_3.py for tasks to queue
[2025-01-26T13:59:15.792+0000] {logging_mixin.py:190} INFO - [2025-01-26T13:59:15.791+0000] {dagbag.py:588} INFO - Filling up the DagBag from /home/airflow/.local/lib/python3.12/site-packages/airflow/example_dags/example_branch_python_dop_operator_3.py
[2025-01-26T13:59:15.798+0000] {processor.py:925} INFO - DAG(s) 'example_branch_dop_operator_v3' retrieved from /home/airflow/.local/lib/python3.12/site-packages/airflow/example_dags/example_branch_python_dop_operator_3.py
[2025-01-26T13:59:15.809+0000] {logging_mixin.py:190} INFO - [2025-01-26T13:59:15.809+0000] {dag.py:3239} INFO - Sync 1 DAGs
[2025-01-26T13:59:15.822+0000] {logging_mixin.py:190} INFO - [2025-01-26T13:59:15.822+0000] {dag.py:4180} INFO - Setting next_dagrun for example_branch_dop_operator_v3 to 2025-01-26 13:58:00+00:00, run_after=2025-01-26 13:59:00+00:00
[2025-01-26T13:59:15.832+0000] {processor.py:208} INFO - Processing /home/airflow/.local/lib/python3.12/site-packages/airflow/example_dags/example_branch_python_dop_operator_3.py took 0.046 seconds
[2025-01-26T13:59:47.193+0000] {processor.py:186} INFO - Started process (PID=726) to work on /home/airflow/.local/lib/python3.12/site-packages/airflow/example_dags/example_branch_python_dop_operator_3.py
[2025-01-26T13:59:47.194+0000] {processor.py:914} INFO - Processing file /home/airflow/.local/lib/python3.12/site-packages/airflow/example_dags/example_branch_python_dop_operator_3.py for tasks to queue
[2025-01-26T13:59:47.195+0000] {logging_mixin.py:190} INFO - [2025-01-26T13:59:47.195+0000] {dagbag.py:588} INFO - Filling up the DagBag from /home/airflow/.local/lib/python3.12/site-packages/airflow/example_dags/example_branch_python_dop_operator_3.py
[2025-01-26T13:59:47.201+0000] {processor.py:925} INFO - DAG(s) 'example_branch_dop_operator_v3' retrieved from /home/airflow/.local/lib/python3.12/site-packages/airflow/example_dags/example_branch_python_dop_operator_3.py
[2025-01-26T13:59:47.211+0000] {logging_mixin.py:190} INFO - [2025-01-26T13:59:47.211+0000] {dag.py:3239} INFO - Sync 1 DAGs
[2025-01-26T13:59:47.222+0000] {logging_mixin.py:190} INFO - [2025-01-26T13:59:47.222+0000] {dag.py:4180} INFO - Setting next_dagrun for example_branch_dop_operator_v3 to 2025-01-26 13:58:00+00:00, run_after=2025-01-26 13:59:00+00:00
[2025-01-26T13:59:47.231+0000] {processor.py:208} INFO - Processing /home/airflow/.local/lib/python3.12/site-packages/airflow/example_dags/example_branch_python_dop_operator_3.py took 0.041 seconds
