[2025-01-26T13:54:38.068+0000] {processor.py:186} INFO - Started process (PID=96) to work on /home/airflow/.local/lib/python3.12/site-packages/airflow/example_dags/example_dataset_alias.py
[2025-01-26T13:54:38.068+0000] {processor.py:914} INFO - Processing file /home/airflow/.local/lib/python3.12/site-packages/airflow/example_dags/example_dataset_alias.py for tasks to queue
[2025-01-26T13:54:38.070+0000] {logging_mixin.py:190} INFO - [2025-01-26T13:54:38.070+0000] {dagbag.py:588} INFO - Filling up the DagBag from /home/airflow/.local/lib/python3.12/site-packages/airflow/example_dags/example_dataset_alias.py
[2025-01-26T13:54:38.414+0000] {processor.py:925} INFO - DAG(s) 'dataset_s3_bucket_producer', 'dataset_s3_bucket_consumer', 'dataset_alias_example_alias_consumer', 'dataset_alias_example_alias_producer' retrieved from /home/airflow/.local/lib/python3.12/site-packages/airflow/example_dags/example_dataset_alias.py
[2025-01-26T13:54:38.458+0000] {logging_mixin.py:190} INFO - [2025-01-26T13:54:38.457+0000] {override.py:1911} INFO - Created Permission View: can delete on DAG:dataset_s3_bucket_producer
[2025-01-26T13:54:38.464+0000] {logging_mixin.py:190} INFO - [2025-01-26T13:54:38.464+0000] {override.py:1911} INFO - Created Permission View: can read on DAG:dataset_s3_bucket_producer
[2025-01-26T13:54:38.468+0000] {logging_mixin.py:190} INFO - [2025-01-26T13:54:38.468+0000] {override.py:1911} INFO - Created Permission View: can edit on DAG:dataset_s3_bucket_producer
[2025-01-26T13:54:38.471+0000] {logging_mixin.py:190} INFO - [2025-01-26T13:54:38.471+0000] {override.py:1911} INFO - Created Permission View: can create on DAG Run:dataset_s3_bucket_producer
[2025-01-26T13:54:38.474+0000] {logging_mixin.py:190} INFO - [2025-01-26T13:54:38.474+0000] {override.py:1911} INFO - Created Permission View: can delete on DAG Run:dataset_s3_bucket_producer
[2025-01-26T13:54:38.480+0000] {logging_mixin.py:190} INFO - [2025-01-26T13:54:38.480+0000] {override.py:1911} INFO - Created Permission View: can read on DAG Run:dataset_s3_bucket_producer
[2025-01-26T13:54:38.483+0000] {logging_mixin.py:190} INFO - [2025-01-26T13:54:38.483+0000] {override.py:1911} INFO - Created Permission View: menu access on DAG Run:dataset_s3_bucket_producer
[2025-01-26T13:54:38.488+0000] {logging_mixin.py:190} INFO - [2025-01-26T13:54:38.488+0000] {override.py:1911} INFO - Created Permission View: can delete on DAG:dataset_s3_bucket_consumer
[2025-01-26T13:54:38.492+0000] {logging_mixin.py:190} INFO - [2025-01-26T13:54:38.492+0000] {override.py:1911} INFO - Created Permission View: can read on DAG:dataset_s3_bucket_consumer
[2025-01-26T13:54:38.498+0000] {logging_mixin.py:190} INFO - [2025-01-26T13:54:38.497+0000] {override.py:1911} INFO - Created Permission View: can edit on DAG:dataset_s3_bucket_consumer
[2025-01-26T13:54:38.503+0000] {logging_mixin.py:190} INFO - [2025-01-26T13:54:38.503+0000] {override.py:1911} INFO - Created Permission View: can create on DAG Run:dataset_s3_bucket_consumer
[2025-01-26T13:54:38.507+0000] {logging_mixin.py:190} INFO - [2025-01-26T13:54:38.507+0000] {override.py:1911} INFO - Created Permission View: can delete on DAG Run:dataset_s3_bucket_consumer
[2025-01-26T13:54:38.511+0000] {logging_mixin.py:190} INFO - [2025-01-26T13:54:38.511+0000] {override.py:1911} INFO - Created Permission View: can read on DAG Run:dataset_s3_bucket_consumer
[2025-01-26T13:54:38.515+0000] {logging_mixin.py:190} INFO - [2025-01-26T13:54:38.515+0000] {override.py:1911} INFO - Created Permission View: menu access on DAG Run:dataset_s3_bucket_consumer
[2025-01-26T13:54:38.520+0000] {logging_mixin.py:190} INFO - [2025-01-26T13:54:38.520+0000] {override.py:1911} INFO - Created Permission View: can delete on DAG:dataset_alias_example_alias_consumer
[2025-01-26T13:54:38.525+0000] {logging_mixin.py:190} INFO - [2025-01-26T13:54:38.524+0000] {override.py:1911} INFO - Created Permission View: can read on DAG:dataset_alias_example_alias_consumer
[2025-01-26T13:54:38.528+0000] {logging_mixin.py:190} INFO - [2025-01-26T13:54:38.528+0000] {override.py:1911} INFO - Created Permission View: can edit on DAG:dataset_alias_example_alias_consumer
[2025-01-26T13:54:38.532+0000] {logging_mixin.py:190} INFO - [2025-01-26T13:54:38.532+0000] {override.py:1911} INFO - Created Permission View: can create on DAG Run:dataset_alias_example_alias_consumer
[2025-01-26T13:54:38.535+0000] {logging_mixin.py:190} INFO - [2025-01-26T13:54:38.535+0000] {override.py:1911} INFO - Created Permission View: can delete on DAG Run:dataset_alias_example_alias_consumer
[2025-01-26T13:54:38.539+0000] {logging_mixin.py:190} INFO - [2025-01-26T13:54:38.538+0000] {override.py:1911} INFO - Created Permission View: can read on DAG Run:dataset_alias_example_alias_consumer
[2025-01-26T13:54:38.542+0000] {logging_mixin.py:190} INFO - [2025-01-26T13:54:38.541+0000] {override.py:1911} INFO - Created Permission View: menu access on DAG Run:dataset_alias_example_alias_consumer
[2025-01-26T13:54:38.549+0000] {logging_mixin.py:190} INFO - [2025-01-26T13:54:38.549+0000] {override.py:1911} INFO - Created Permission View: can delete on DAG:dataset_alias_example_alias_producer
[2025-01-26T13:54:38.553+0000] {logging_mixin.py:190} INFO - [2025-01-26T13:54:38.553+0000] {override.py:1911} INFO - Created Permission View: can read on DAG:dataset_alias_example_alias_producer
[2025-01-26T13:54:38.556+0000] {logging_mixin.py:190} INFO - [2025-01-26T13:54:38.556+0000] {override.py:1911} INFO - Created Permission View: can edit on DAG:dataset_alias_example_alias_producer
[2025-01-26T13:54:38.560+0000] {logging_mixin.py:190} INFO - [2025-01-26T13:54:38.559+0000] {override.py:1911} INFO - Created Permission View: can create on DAG Run:dataset_alias_example_alias_producer
[2025-01-26T13:54:38.566+0000] {logging_mixin.py:190} INFO - [2025-01-26T13:54:38.566+0000] {override.py:1911} INFO - Created Permission View: can delete on DAG Run:dataset_alias_example_alias_producer
[2025-01-26T13:54:38.573+0000] {logging_mixin.py:190} INFO - [2025-01-26T13:54:38.573+0000] {override.py:1911} INFO - Created Permission View: can read on DAG Run:dataset_alias_example_alias_producer
[2025-01-26T13:54:38.577+0000] {logging_mixin.py:190} INFO - [2025-01-26T13:54:38.577+0000] {override.py:1911} INFO - Created Permission View: menu access on DAG Run:dataset_alias_example_alias_producer
[2025-01-26T13:54:38.578+0000] {logging_mixin.py:190} INFO - [2025-01-26T13:54:38.578+0000] {dag.py:3239} INFO - Sync 4 DAGs
[2025-01-26T13:54:38.585+0000] {logging_mixin.py:190} INFO - [2025-01-26T13:54:38.585+0000] {dag.py:3262} INFO - Creating ORM DAG for dataset_s3_bucket_consumer
[2025-01-26T13:54:38.585+0000] {logging_mixin.py:190} INFO - [2025-01-26T13:54:38.585+0000] {dag.py:3262} INFO - Creating ORM DAG for dataset_s3_bucket_producer
[2025-01-26T13:54:38.586+0000] {logging_mixin.py:190} INFO - [2025-01-26T13:54:38.586+0000] {dag.py:3262} INFO - Creating ORM DAG for dataset_alias_example_alias_consumer
[2025-01-26T13:54:38.586+0000] {logging_mixin.py:190} INFO - [2025-01-26T13:54:38.586+0000] {dag.py:3262} INFO - Creating ORM DAG for dataset_alias_example_alias_producer
[2025-01-26T13:54:38.591+0000] {logging_mixin.py:190} INFO - [2025-01-26T13:54:38.591+0000] {dag.py:4180} INFO - Setting next_dagrun for dataset_alias_example_alias_consumer to None, run_after=None
[2025-01-26T13:54:38.592+0000] {logging_mixin.py:190} INFO - [2025-01-26T13:54:38.591+0000] {dag.py:4180} INFO - Setting next_dagrun for dataset_alias_example_alias_producer to None, run_after=None
[2025-01-26T13:54:38.592+0000] {logging_mixin.py:190} INFO - [2025-01-26T13:54:38.592+0000] {dag.py:4180} INFO - Setting next_dagrun for dataset_s3_bucket_consumer to None, run_after=None
[2025-01-26T13:54:38.592+0000] {logging_mixin.py:190} INFO - [2025-01-26T13:54:38.592+0000] {dag.py:4180} INFO - Setting next_dagrun for dataset_s3_bucket_producer to None, run_after=None
[2025-01-26T13:54:38.607+0000] {processor.py:208} INFO - Processing /home/airflow/.local/lib/python3.12/site-packages/airflow/example_dags/example_dataset_alias.py took 0.543 seconds
[2025-01-26T13:55:09.300+0000] {processor.py:186} INFO - Started process (PID=159) to work on /home/airflow/.local/lib/python3.12/site-packages/airflow/example_dags/example_dataset_alias.py
[2025-01-26T13:55:09.301+0000] {processor.py:914} INFO - Processing file /home/airflow/.local/lib/python3.12/site-packages/airflow/example_dags/example_dataset_alias.py for tasks to queue
[2025-01-26T13:55:09.304+0000] {logging_mixin.py:190} INFO - [2025-01-26T13:55:09.303+0000] {dagbag.py:588} INFO - Filling up the DagBag from /home/airflow/.local/lib/python3.12/site-packages/airflow/example_dags/example_dataset_alias.py
[2025-01-26T13:55:09.673+0000] {processor.py:925} INFO - DAG(s) 'dataset_s3_bucket_consumer', 'dataset_alias_example_alias_consumer', 'dataset_s3_bucket_producer', 'dataset_alias_example_alias_producer' retrieved from /home/airflow/.local/lib/python3.12/site-packages/airflow/example_dags/example_dataset_alias.py
[2025-01-26T13:55:09.682+0000] {logging_mixin.py:190} INFO - [2025-01-26T13:55:09.682+0000] {dag.py:3239} INFO - Sync 4 DAGs
[2025-01-26T13:55:09.693+0000] {logging_mixin.py:190} INFO - [2025-01-26T13:55:09.693+0000] {dag.py:4180} INFO - Setting next_dagrun for dataset_alias_example_alias_consumer to None, run_after=None
[2025-01-26T13:55:09.695+0000] {logging_mixin.py:190} INFO - [2025-01-26T13:55:09.695+0000] {dag.py:4180} INFO - Setting next_dagrun for dataset_alias_example_alias_producer to None, run_after=None
[2025-01-26T13:55:09.696+0000] {logging_mixin.py:190} INFO - [2025-01-26T13:55:09.696+0000] {dag.py:4180} INFO - Setting next_dagrun for dataset_s3_bucket_consumer to None, run_after=None
[2025-01-26T13:55:09.697+0000] {logging_mixin.py:190} INFO - [2025-01-26T13:55:09.697+0000] {dag.py:4180} INFO - Setting next_dagrun for dataset_s3_bucket_producer to None, run_after=None
[2025-01-26T13:55:09.711+0000] {processor.py:208} INFO - Processing /home/airflow/.local/lib/python3.12/site-packages/airflow/example_dags/example_dataset_alias.py took 0.416 seconds
[2025-01-26T13:55:39.785+0000] {processor.py:186} INFO - Started process (PID=227) to work on /home/airflow/.local/lib/python3.12/site-packages/airflow/example_dags/example_dataset_alias.py
[2025-01-26T13:55:39.785+0000] {processor.py:914} INFO - Processing file /home/airflow/.local/lib/python3.12/site-packages/airflow/example_dags/example_dataset_alias.py for tasks to queue
[2025-01-26T13:55:39.787+0000] {logging_mixin.py:190} INFO - [2025-01-26T13:55:39.786+0000] {dagbag.py:588} INFO - Filling up the DagBag from /home/airflow/.local/lib/python3.12/site-packages/airflow/example_dags/example_dataset_alias.py
[2025-01-26T13:55:40.178+0000] {processor.py:925} INFO - DAG(s) 'dataset_s3_bucket_producer', 'dataset_alias_example_alias_producer', 'dataset_s3_bucket_consumer', 'dataset_alias_example_alias_consumer' retrieved from /home/airflow/.local/lib/python3.12/site-packages/airflow/example_dags/example_dataset_alias.py
[2025-01-26T13:55:40.192+0000] {logging_mixin.py:190} INFO - [2025-01-26T13:55:40.191+0000] {dag.py:3239} INFO - Sync 4 DAGs
[2025-01-26T13:55:40.205+0000] {logging_mixin.py:190} INFO - [2025-01-26T13:55:40.204+0000] {dag.py:4180} INFO - Setting next_dagrun for dataset_alias_example_alias_consumer to None, run_after=None
[2025-01-26T13:55:40.208+0000] {logging_mixin.py:190} INFO - [2025-01-26T13:55:40.208+0000] {dag.py:4180} INFO - Setting next_dagrun for dataset_alias_example_alias_producer to None, run_after=None
[2025-01-26T13:55:40.210+0000] {logging_mixin.py:190} INFO - [2025-01-26T13:55:40.210+0000] {dag.py:4180} INFO - Setting next_dagrun for dataset_s3_bucket_consumer to None, run_after=None
[2025-01-26T13:55:40.211+0000] {logging_mixin.py:190} INFO - [2025-01-26T13:55:40.211+0000] {dag.py:4180} INFO - Setting next_dagrun for dataset_s3_bucket_producer to None, run_after=None
[2025-01-26T13:55:40.222+0000] {processor.py:208} INFO - Processing /home/airflow/.local/lib/python3.12/site-packages/airflow/example_dags/example_dataset_alias.py took 0.441 seconds
[2025-01-26T13:56:11.079+0000] {processor.py:186} INFO - Started process (PID=294) to work on /home/airflow/.local/lib/python3.12/site-packages/airflow/example_dags/example_dataset_alias.py
[2025-01-26T13:56:11.081+0000] {processor.py:914} INFO - Processing file /home/airflow/.local/lib/python3.12/site-packages/airflow/example_dags/example_dataset_alias.py for tasks to queue
[2025-01-26T13:56:11.085+0000] {logging_mixin.py:190} INFO - [2025-01-26T13:56:11.084+0000] {dagbag.py:588} INFO - Filling up the DagBag from /home/airflow/.local/lib/python3.12/site-packages/airflow/example_dags/example_dataset_alias.py
[2025-01-26T13:56:11.408+0000] {processor.py:925} INFO - DAG(s) 'dataset_s3_bucket_consumer', 'dataset_s3_bucket_producer', 'dataset_alias_example_alias_producer', 'dataset_alias_example_alias_consumer' retrieved from /home/airflow/.local/lib/python3.12/site-packages/airflow/example_dags/example_dataset_alias.py
[2025-01-26T13:56:11.419+0000] {logging_mixin.py:190} INFO - [2025-01-26T13:56:11.419+0000] {dag.py:3239} INFO - Sync 4 DAGs
[2025-01-26T13:56:11.429+0000] {logging_mixin.py:190} INFO - [2025-01-26T13:56:11.429+0000] {dag.py:4180} INFO - Setting next_dagrun for dataset_alias_example_alias_consumer to None, run_after=None
[2025-01-26T13:56:11.430+0000] {logging_mixin.py:190} INFO - [2025-01-26T13:56:11.430+0000] {dag.py:4180} INFO - Setting next_dagrun for dataset_alias_example_alias_producer to None, run_after=None
[2025-01-26T13:56:11.431+0000] {logging_mixin.py:190} INFO - [2025-01-26T13:56:11.431+0000] {dag.py:4180} INFO - Setting next_dagrun for dataset_s3_bucket_consumer to None, run_after=None
[2025-01-26T13:56:11.435+0000] {logging_mixin.py:190} INFO - [2025-01-26T13:56:11.435+0000] {dag.py:4180} INFO - Setting next_dagrun for dataset_s3_bucket_producer to None, run_after=None
[2025-01-26T13:56:11.447+0000] {processor.py:208} INFO - Processing /home/airflow/.local/lib/python3.12/site-packages/airflow/example_dags/example_dataset_alias.py took 0.376 seconds
[2025-01-26T13:56:41.649+0000] {processor.py:186} INFO - Started process (PID=357) to work on /home/airflow/.local/lib/python3.12/site-packages/airflow/example_dags/example_dataset_alias.py
[2025-01-26T13:56:41.650+0000] {processor.py:914} INFO - Processing file /home/airflow/.local/lib/python3.12/site-packages/airflow/example_dags/example_dataset_alias.py for tasks to queue
[2025-01-26T13:56:41.653+0000] {logging_mixin.py:190} INFO - [2025-01-26T13:56:41.652+0000] {dagbag.py:588} INFO - Filling up the DagBag from /home/airflow/.local/lib/python3.12/site-packages/airflow/example_dags/example_dataset_alias.py
[2025-01-26T13:56:42.122+0000] {processor.py:925} INFO - DAG(s) 'dataset_alias_example_alias_producer', 'dataset_alias_example_alias_consumer', 'dataset_s3_bucket_consumer', 'dataset_s3_bucket_producer' retrieved from /home/airflow/.local/lib/python3.12/site-packages/airflow/example_dags/example_dataset_alias.py
[2025-01-26T13:56:42.135+0000] {logging_mixin.py:190} INFO - [2025-01-26T13:56:42.134+0000] {dag.py:3239} INFO - Sync 4 DAGs
[2025-01-26T13:56:42.147+0000] {logging_mixin.py:190} INFO - [2025-01-26T13:56:42.147+0000] {dag.py:4180} INFO - Setting next_dagrun for dataset_alias_example_alias_consumer to None, run_after=None
[2025-01-26T13:56:42.150+0000] {logging_mixin.py:190} INFO - [2025-01-26T13:56:42.150+0000] {dag.py:4180} INFO - Setting next_dagrun for dataset_alias_example_alias_producer to None, run_after=None
[2025-01-26T13:56:42.151+0000] {logging_mixin.py:190} INFO - [2025-01-26T13:56:42.151+0000] {dag.py:4180} INFO - Setting next_dagrun for dataset_s3_bucket_consumer to None, run_after=None
[2025-01-26T13:56:42.152+0000] {logging_mixin.py:190} INFO - [2025-01-26T13:56:42.152+0000] {dag.py:4180} INFO - Setting next_dagrun for dataset_s3_bucket_producer to None, run_after=None
[2025-01-26T13:56:42.167+0000] {processor.py:208} INFO - Processing /home/airflow/.local/lib/python3.12/site-packages/airflow/example_dags/example_dataset_alias.py took 0.524 seconds
[2025-01-26T13:57:12.923+0000] {processor.py:186} INFO - Started process (PID=423) to work on /home/airflow/.local/lib/python3.12/site-packages/airflow/example_dags/example_dataset_alias.py
[2025-01-26T13:57:12.925+0000] {processor.py:914} INFO - Processing file /home/airflow/.local/lib/python3.12/site-packages/airflow/example_dags/example_dataset_alias.py for tasks to queue
[2025-01-26T13:57:12.928+0000] {logging_mixin.py:190} INFO - [2025-01-26T13:57:12.927+0000] {dagbag.py:588} INFO - Filling up the DagBag from /home/airflow/.local/lib/python3.12/site-packages/airflow/example_dags/example_dataset_alias.py
[2025-01-26T13:57:13.344+0000] {processor.py:925} INFO - DAG(s) 'dataset_s3_bucket_producer', 'dataset_alias_example_alias_producer', 'dataset_s3_bucket_consumer', 'dataset_alias_example_alias_consumer' retrieved from /home/airflow/.local/lib/python3.12/site-packages/airflow/example_dags/example_dataset_alias.py
[2025-01-26T13:57:13.354+0000] {logging_mixin.py:190} INFO - [2025-01-26T13:57:13.354+0000] {dag.py:3239} INFO - Sync 4 DAGs
[2025-01-26T13:57:13.364+0000] {logging_mixin.py:190} INFO - [2025-01-26T13:57:13.363+0000] {dag.py:4180} INFO - Setting next_dagrun for dataset_alias_example_alias_consumer to None, run_after=None
[2025-01-26T13:57:13.365+0000] {logging_mixin.py:190} INFO - [2025-01-26T13:57:13.365+0000] {dag.py:4180} INFO - Setting next_dagrun for dataset_alias_example_alias_producer to None, run_after=None
[2025-01-26T13:57:13.366+0000] {logging_mixin.py:190} INFO - [2025-01-26T13:57:13.365+0000] {dag.py:4180} INFO - Setting next_dagrun for dataset_s3_bucket_consumer to None, run_after=None
[2025-01-26T13:57:13.366+0000] {logging_mixin.py:190} INFO - [2025-01-26T13:57:13.366+0000] {dag.py:4180} INFO - Setting next_dagrun for dataset_s3_bucket_producer to None, run_after=None
[2025-01-26T13:57:13.378+0000] {processor.py:208} INFO - Processing /home/airflow/.local/lib/python3.12/site-packages/airflow/example_dags/example_dataset_alias.py took 0.462 seconds
[2025-01-26T13:57:43.570+0000] {processor.py:186} INFO - Started process (PID=493) to work on /home/airflow/.local/lib/python3.12/site-packages/airflow/example_dags/example_dataset_alias.py
[2025-01-26T13:57:43.571+0000] {processor.py:914} INFO - Processing file /home/airflow/.local/lib/python3.12/site-packages/airflow/example_dags/example_dataset_alias.py for tasks to queue
[2025-01-26T13:57:43.572+0000] {logging_mixin.py:190} INFO - [2025-01-26T13:57:43.572+0000] {dagbag.py:588} INFO - Filling up the DagBag from /home/airflow/.local/lib/python3.12/site-packages/airflow/example_dags/example_dataset_alias.py
[2025-01-26T13:57:44.150+0000] {processor.py:925} INFO - DAG(s) 'dataset_s3_bucket_producer', 'dataset_alias_example_alias_producer', 'dataset_s3_bucket_consumer', 'dataset_alias_example_alias_consumer' retrieved from /home/airflow/.local/lib/python3.12/site-packages/airflow/example_dags/example_dataset_alias.py
[2025-01-26T13:57:44.175+0000] {logging_mixin.py:190} INFO - [2025-01-26T13:57:44.175+0000] {dag.py:3239} INFO - Sync 4 DAGs
[2025-01-26T13:57:44.187+0000] {logging_mixin.py:190} INFO - [2025-01-26T13:57:44.187+0000] {dag.py:4180} INFO - Setting next_dagrun for dataset_alias_example_alias_consumer to None, run_after=None
[2025-01-26T13:57:44.189+0000] {logging_mixin.py:190} INFO - [2025-01-26T13:57:44.189+0000] {dag.py:4180} INFO - Setting next_dagrun for dataset_alias_example_alias_producer to None, run_after=None
[2025-01-26T13:57:44.190+0000] {logging_mixin.py:190} INFO - [2025-01-26T13:57:44.190+0000] {dag.py:4180} INFO - Setting next_dagrun for dataset_s3_bucket_consumer to None, run_after=None
[2025-01-26T13:57:44.190+0000] {logging_mixin.py:190} INFO - [2025-01-26T13:57:44.190+0000] {dag.py:4180} INFO - Setting next_dagrun for dataset_s3_bucket_producer to None, run_after=None
[2025-01-26T13:57:44.201+0000] {processor.py:208} INFO - Processing /home/airflow/.local/lib/python3.12/site-packages/airflow/example_dags/example_dataset_alias.py took 0.636 seconds
[2025-01-26T13:58:14.382+0000] {processor.py:186} INFO - Started process (PID=549) to work on /home/airflow/.local/lib/python3.12/site-packages/airflow/example_dags/example_dataset_alias.py
[2025-01-26T13:58:14.383+0000] {processor.py:914} INFO - Processing file /home/airflow/.local/lib/python3.12/site-packages/airflow/example_dags/example_dataset_alias.py for tasks to queue
[2025-01-26T13:58:14.385+0000] {logging_mixin.py:190} INFO - [2025-01-26T13:58:14.385+0000] {dagbag.py:588} INFO - Filling up the DagBag from /home/airflow/.local/lib/python3.12/site-packages/airflow/example_dags/example_dataset_alias.py
[2025-01-26T13:58:14.722+0000] {processor.py:925} INFO - DAG(s) 'dataset_s3_bucket_producer', 'dataset_alias_example_alias_consumer', 'dataset_alias_example_alias_producer', 'dataset_s3_bucket_consumer' retrieved from /home/airflow/.local/lib/python3.12/site-packages/airflow/example_dags/example_dataset_alias.py
[2025-01-26T13:58:14.733+0000] {logging_mixin.py:190} INFO - [2025-01-26T13:58:14.733+0000] {dag.py:3239} INFO - Sync 4 DAGs
[2025-01-26T13:58:14.742+0000] {logging_mixin.py:190} INFO - [2025-01-26T13:58:14.742+0000] {dag.py:4180} INFO - Setting next_dagrun for dataset_alias_example_alias_consumer to None, run_after=None
[2025-01-26T13:58:14.743+0000] {logging_mixin.py:190} INFO - [2025-01-26T13:58:14.743+0000] {dag.py:4180} INFO - Setting next_dagrun for dataset_alias_example_alias_producer to None, run_after=None
[2025-01-26T13:58:14.745+0000] {logging_mixin.py:190} INFO - [2025-01-26T13:58:14.745+0000] {dag.py:4180} INFO - Setting next_dagrun for dataset_s3_bucket_consumer to None, run_after=None
[2025-01-26T13:58:14.746+0000] {logging_mixin.py:190} INFO - [2025-01-26T13:58:14.746+0000] {dag.py:4180} INFO - Setting next_dagrun for dataset_s3_bucket_producer to None, run_after=None
[2025-01-26T13:58:14.757+0000] {processor.py:208} INFO - Processing /home/airflow/.local/lib/python3.12/site-packages/airflow/example_dags/example_dataset_alias.py took 0.378 seconds
[2025-01-26T13:58:44.930+0000] {processor.py:186} INFO - Started process (PID=612) to work on /home/airflow/.local/lib/python3.12/site-packages/airflow/example_dags/example_dataset_alias.py
[2025-01-26T13:58:44.930+0000] {processor.py:914} INFO - Processing file /home/airflow/.local/lib/python3.12/site-packages/airflow/example_dags/example_dataset_alias.py for tasks to queue
[2025-01-26T13:58:44.932+0000] {logging_mixin.py:190} INFO - [2025-01-26T13:58:44.931+0000] {dagbag.py:588} INFO - Filling up the DagBag from /home/airflow/.local/lib/python3.12/site-packages/airflow/example_dags/example_dataset_alias.py
[2025-01-26T13:58:45.263+0000] {processor.py:925} INFO - DAG(s) 'dataset_s3_bucket_consumer', 'dataset_s3_bucket_producer', 'dataset_alias_example_alias_producer', 'dataset_alias_example_alias_consumer' retrieved from /home/airflow/.local/lib/python3.12/site-packages/airflow/example_dags/example_dataset_alias.py
[2025-01-26T13:58:45.272+0000] {logging_mixin.py:190} INFO - [2025-01-26T13:58:45.272+0000] {dag.py:3239} INFO - Sync 4 DAGs
[2025-01-26T13:58:45.281+0000] {logging_mixin.py:190} INFO - [2025-01-26T13:58:45.281+0000] {dag.py:4180} INFO - Setting next_dagrun for dataset_alias_example_alias_consumer to None, run_after=None
[2025-01-26T13:58:45.282+0000] {logging_mixin.py:190} INFO - [2025-01-26T13:58:45.282+0000] {dag.py:4180} INFO - Setting next_dagrun for dataset_alias_example_alias_producer to None, run_after=None
[2025-01-26T13:58:45.283+0000] {logging_mixin.py:190} INFO - [2025-01-26T13:58:45.283+0000] {dag.py:4180} INFO - Setting next_dagrun for dataset_s3_bucket_consumer to None, run_after=None
[2025-01-26T13:58:45.284+0000] {logging_mixin.py:190} INFO - [2025-01-26T13:58:45.284+0000] {dag.py:4180} INFO - Setting next_dagrun for dataset_s3_bucket_producer to None, run_after=None
[2025-01-26T13:58:45.293+0000] {processor.py:208} INFO - Processing /home/airflow/.local/lib/python3.12/site-packages/airflow/example_dags/example_dataset_alias.py took 0.367 seconds
[2025-01-26T13:59:16.224+0000] {processor.py:186} INFO - Started process (PID=677) to work on /home/airflow/.local/lib/python3.12/site-packages/airflow/example_dags/example_dataset_alias.py
[2025-01-26T13:59:16.225+0000] {processor.py:914} INFO - Processing file /home/airflow/.local/lib/python3.12/site-packages/airflow/example_dags/example_dataset_alias.py for tasks to queue
[2025-01-26T13:59:16.227+0000] {logging_mixin.py:190} INFO - [2025-01-26T13:59:16.226+0000] {dagbag.py:588} INFO - Filling up the DagBag from /home/airflow/.local/lib/python3.12/site-packages/airflow/example_dags/example_dataset_alias.py
[2025-01-26T13:59:16.541+0000] {processor.py:925} INFO - DAG(s) 'dataset_alias_example_alias_consumer', 'dataset_s3_bucket_consumer', 'dataset_alias_example_alias_producer', 'dataset_s3_bucket_producer' retrieved from /home/airflow/.local/lib/python3.12/site-packages/airflow/example_dags/example_dataset_alias.py
[2025-01-26T13:59:16.551+0000] {logging_mixin.py:190} INFO - [2025-01-26T13:59:16.551+0000] {dag.py:3239} INFO - Sync 4 DAGs
[2025-01-26T13:59:16.562+0000] {logging_mixin.py:190} INFO - [2025-01-26T13:59:16.562+0000] {dag.py:4180} INFO - Setting next_dagrun for dataset_alias_example_alias_consumer to None, run_after=None
[2025-01-26T13:59:16.563+0000] {logging_mixin.py:190} INFO - [2025-01-26T13:59:16.563+0000] {dag.py:4180} INFO - Setting next_dagrun for dataset_alias_example_alias_producer to None, run_after=None
[2025-01-26T13:59:16.564+0000] {logging_mixin.py:190} INFO - [2025-01-26T13:59:16.564+0000] {dag.py:4180} INFO - Setting next_dagrun for dataset_s3_bucket_consumer to None, run_after=None
[2025-01-26T13:59:16.564+0000] {logging_mixin.py:190} INFO - [2025-01-26T13:59:16.564+0000] {dag.py:4180} INFO - Setting next_dagrun for dataset_s3_bucket_producer to None, run_after=None
[2025-01-26T13:59:16.574+0000] {processor.py:208} INFO - Processing /home/airflow/.local/lib/python3.12/site-packages/airflow/example_dags/example_dataset_alias.py took 0.354 seconds
