[2025-01-26T13:54:38.451+0000] {processor.py:186} INFO - Started process (PID=99) to work on /home/airflow/.local/lib/python3.12/site-packages/airflow/example_dags/example_short_circuit_decorator.py
[2025-01-26T13:54:38.452+0000] {processor.py:914} INFO - Processing file /home/airflow/.local/lib/python3.12/site-packages/airflow/example_dags/example_short_circuit_decorator.py for tasks to queue
[2025-01-26T13:54:38.453+0000] {logging_mixin.py:190} INFO - [2025-01-26T13:54:38.453+0000] {dagbag.py:588} INFO - Filling up the DagBag from /home/airflow/.local/lib/python3.12/site-packages/airflow/example_dags/example_short_circuit_decorator.py
[2025-01-26T13:54:38.459+0000] {processor.py:925} INFO - DAG(s) 'example_short_circuit_decorator' retrieved from /home/airflow/.local/lib/python3.12/site-packages/airflow/example_dags/example_short_circuit_decorator.py
[2025-01-26T13:54:38.519+0000] {logging_mixin.py:190} INFO - [2025-01-26T13:54:38.518+0000] {override.py:1911} INFO - Created Permission View: can delete on DAG:example_short_circuit_decorator
[2025-01-26T13:54:38.524+0000] {logging_mixin.py:190} INFO - [2025-01-26T13:54:38.524+0000] {override.py:1911} INFO - Created Permission View: can read on DAG:example_short_circuit_decorator
[2025-01-26T13:54:38.527+0000] {logging_mixin.py:190} INFO - [2025-01-26T13:54:38.527+0000] {override.py:1911} INFO - Created Permission View: can edit on DAG:example_short_circuit_decorator
[2025-01-26T13:54:38.531+0000] {logging_mixin.py:190} INFO - [2025-01-26T13:54:38.530+0000] {override.py:1911} INFO - Created Permission View: can create on DAG Run:example_short_circuit_decorator
[2025-01-26T13:54:38.534+0000] {logging_mixin.py:190} INFO - [2025-01-26T13:54:38.534+0000] {override.py:1911} INFO - Created Permission View: can delete on DAG Run:example_short_circuit_decorator
[2025-01-26T13:54:38.537+0000] {logging_mixin.py:190} INFO - [2025-01-26T13:54:38.537+0000] {override.py:1911} INFO - Created Permission View: can read on DAG Run:example_short_circuit_decorator
[2025-01-26T13:54:38.541+0000] {logging_mixin.py:190} INFO - [2025-01-26T13:54:38.540+0000] {override.py:1911} INFO - Created Permission View: menu access on DAG Run:example_short_circuit_decorator
[2025-01-26T13:54:38.541+0000] {logging_mixin.py:190} INFO - [2025-01-26T13:54:38.541+0000] {dag.py:3239} INFO - Sync 1 DAGs
[2025-01-26T13:54:38.550+0000] {logging_mixin.py:190} INFO - [2025-01-26T13:54:38.549+0000] {dag.py:3262} INFO - Creating ORM DAG for example_short_circuit_decorator
[2025-01-26T13:54:38.550+0000] {logging_mixin.py:190} INFO - [2025-01-26T13:54:38.550+0000] {dag.py:4180} INFO - Setting next_dagrun for example_short_circuit_decorator to None, run_after=None
[2025-01-26T13:54:38.559+0000] {processor.py:208} INFO - Processing /home/airflow/.local/lib/python3.12/site-packages/airflow/example_dags/example_short_circuit_decorator.py took 0.112 seconds
[2025-01-26T13:55:09.446+0000] {processor.py:186} INFO - Started process (PID=162) to work on /home/airflow/.local/lib/python3.12/site-packages/airflow/example_dags/example_short_circuit_decorator.py
[2025-01-26T13:55:09.447+0000] {processor.py:914} INFO - Processing file /home/airflow/.local/lib/python3.12/site-packages/airflow/example_dags/example_short_circuit_decorator.py for tasks to queue
[2025-01-26T13:55:09.448+0000] {logging_mixin.py:190} INFO - [2025-01-26T13:55:09.448+0000] {dagbag.py:588} INFO - Filling up the DagBag from /home/airflow/.local/lib/python3.12/site-packages/airflow/example_dags/example_short_circuit_decorator.py
[2025-01-26T13:55:09.455+0000] {processor.py:925} INFO - DAG(s) 'example_short_circuit_decorator' retrieved from /home/airflow/.local/lib/python3.12/site-packages/airflow/example_dags/example_short_circuit_decorator.py
[2025-01-26T13:55:09.470+0000] {logging_mixin.py:190} INFO - [2025-01-26T13:55:09.470+0000] {dag.py:3239} INFO - Sync 1 DAGs
[2025-01-26T13:55:09.483+0000] {logging_mixin.py:190} INFO - [2025-01-26T13:55:09.483+0000] {dag.py:4180} INFO - Setting next_dagrun for example_short_circuit_decorator to None, run_after=None
[2025-01-26T13:55:09.498+0000] {processor.py:208} INFO - Processing /home/airflow/.local/lib/python3.12/site-packages/airflow/example_dags/example_short_circuit_decorator.py took 0.056 seconds
[2025-01-26T13:55:39.614+0000] {processor.py:186} INFO - Started process (PID=223) to work on /home/airflow/.local/lib/python3.12/site-packages/airflow/example_dags/example_short_circuit_decorator.py
[2025-01-26T13:55:39.615+0000] {processor.py:914} INFO - Processing file /home/airflow/.local/lib/python3.12/site-packages/airflow/example_dags/example_short_circuit_decorator.py for tasks to queue
[2025-01-26T13:55:39.617+0000] {logging_mixin.py:190} INFO - [2025-01-26T13:55:39.616+0000] {dagbag.py:588} INFO - Filling up the DagBag from /home/airflow/.local/lib/python3.12/site-packages/airflow/example_dags/example_short_circuit_decorator.py
[2025-01-26T13:55:39.622+0000] {processor.py:925} INFO - DAG(s) 'example_short_circuit_decorator' retrieved from /home/airflow/.local/lib/python3.12/site-packages/airflow/example_dags/example_short_circuit_decorator.py
[2025-01-26T13:55:39.635+0000] {logging_mixin.py:190} INFO - [2025-01-26T13:55:39.635+0000] {dag.py:3239} INFO - Sync 1 DAGs
[2025-01-26T13:55:39.642+0000] {logging_mixin.py:190} INFO - [2025-01-26T13:55:39.642+0000] {dag.py:4180} INFO - Setting next_dagrun for example_short_circuit_decorator to None, run_after=None
[2025-01-26T13:55:39.652+0000] {processor.py:208} INFO - Processing /home/airflow/.local/lib/python3.12/site-packages/airflow/example_dags/example_short_circuit_decorator.py took 0.042 seconds
[2025-01-26T13:56:09.805+0000] {processor.py:186} INFO - Started process (PID=286) to work on /home/airflow/.local/lib/python3.12/site-packages/airflow/example_dags/example_short_circuit_decorator.py
[2025-01-26T13:56:09.806+0000] {processor.py:914} INFO - Processing file /home/airflow/.local/lib/python3.12/site-packages/airflow/example_dags/example_short_circuit_decorator.py for tasks to queue
[2025-01-26T13:56:09.808+0000] {logging_mixin.py:190} INFO - [2025-01-26T13:56:09.808+0000] {dagbag.py:588} INFO - Filling up the DagBag from /home/airflow/.local/lib/python3.12/site-packages/airflow/example_dags/example_short_circuit_decorator.py
[2025-01-26T13:56:09.817+0000] {processor.py:925} INFO - DAG(s) 'example_short_circuit_decorator' retrieved from /home/airflow/.local/lib/python3.12/site-packages/airflow/example_dags/example_short_circuit_decorator.py
[2025-01-26T13:56:09.831+0000] {logging_mixin.py:190} INFO - [2025-01-26T13:56:09.831+0000] {dag.py:3239} INFO - Sync 1 DAGs
[2025-01-26T13:56:09.839+0000] {logging_mixin.py:190} INFO - [2025-01-26T13:56:09.838+0000] {dag.py:4180} INFO - Setting next_dagrun for example_short_circuit_decorator to None, run_after=None
[2025-01-26T13:56:09.848+0000] {processor.py:208} INFO - Processing /home/airflow/.local/lib/python3.12/site-packages/airflow/example_dags/example_short_circuit_decorator.py took 0.047 seconds
[2025-01-26T13:56:40.376+0000] {processor.py:186} INFO - Started process (PID=349) to work on /home/airflow/.local/lib/python3.12/site-packages/airflow/example_dags/example_short_circuit_decorator.py
[2025-01-26T13:56:40.376+0000] {processor.py:914} INFO - Processing file /home/airflow/.local/lib/python3.12/site-packages/airflow/example_dags/example_short_circuit_decorator.py for tasks to queue
[2025-01-26T13:56:40.378+0000] {logging_mixin.py:190} INFO - [2025-01-26T13:56:40.378+0000] {dagbag.py:588} INFO - Filling up the DagBag from /home/airflow/.local/lib/python3.12/site-packages/airflow/example_dags/example_short_circuit_decorator.py
[2025-01-26T13:56:40.383+0000] {processor.py:925} INFO - DAG(s) 'example_short_circuit_decorator' retrieved from /home/airflow/.local/lib/python3.12/site-packages/airflow/example_dags/example_short_circuit_decorator.py
[2025-01-26T13:56:40.398+0000] {logging_mixin.py:190} INFO - [2025-01-26T13:56:40.398+0000] {dag.py:3239} INFO - Sync 1 DAGs
[2025-01-26T13:56:40.405+0000] {logging_mixin.py:190} INFO - [2025-01-26T13:56:40.405+0000] {dag.py:4180} INFO - Setting next_dagrun for example_short_circuit_decorator to None, run_after=None
[2025-01-26T13:56:40.416+0000] {processor.py:208} INFO - Processing /home/airflow/.local/lib/python3.12/site-packages/airflow/example_dags/example_short_circuit_decorator.py took 0.044 seconds
[2025-01-26T13:57:11.384+0000] {processor.py:186} INFO - Started process (PID=412) to work on /home/airflow/.local/lib/python3.12/site-packages/airflow/example_dags/example_short_circuit_decorator.py
[2025-01-26T13:57:11.384+0000] {processor.py:914} INFO - Processing file /home/airflow/.local/lib/python3.12/site-packages/airflow/example_dags/example_short_circuit_decorator.py for tasks to queue
[2025-01-26T13:57:11.386+0000] {logging_mixin.py:190} INFO - [2025-01-26T13:57:11.385+0000] {dagbag.py:588} INFO - Filling up the DagBag from /home/airflow/.local/lib/python3.12/site-packages/airflow/example_dags/example_short_circuit_decorator.py
[2025-01-26T13:57:11.392+0000] {processor.py:925} INFO - DAG(s) 'example_short_circuit_decorator' retrieved from /home/airflow/.local/lib/python3.12/site-packages/airflow/example_dags/example_short_circuit_decorator.py
[2025-01-26T13:57:11.407+0000] {logging_mixin.py:190} INFO - [2025-01-26T13:57:11.406+0000] {dag.py:3239} INFO - Sync 1 DAGs
[2025-01-26T13:57:11.416+0000] {logging_mixin.py:190} INFO - [2025-01-26T13:57:11.416+0000] {dag.py:4180} INFO - Setting next_dagrun for example_short_circuit_decorator to None, run_after=None
[2025-01-26T13:57:11.428+0000] {processor.py:208} INFO - Processing /home/airflow/.local/lib/python3.12/site-packages/airflow/example_dags/example_short_circuit_decorator.py took 0.048 seconds
[2025-01-26T13:57:41.893+0000] {processor.py:186} INFO - Started process (PID=475) to work on /home/airflow/.local/lib/python3.12/site-packages/airflow/example_dags/example_short_circuit_decorator.py
[2025-01-26T13:57:41.894+0000] {processor.py:914} INFO - Processing file /home/airflow/.local/lib/python3.12/site-packages/airflow/example_dags/example_short_circuit_decorator.py for tasks to queue
[2025-01-26T13:57:41.899+0000] {logging_mixin.py:190} INFO - [2025-01-26T13:57:41.898+0000] {dagbag.py:588} INFO - Filling up the DagBag from /home/airflow/.local/lib/python3.12/site-packages/airflow/example_dags/example_short_circuit_decorator.py
[2025-01-26T13:57:41.905+0000] {processor.py:925} INFO - DAG(s) 'example_short_circuit_decorator' retrieved from /home/airflow/.local/lib/python3.12/site-packages/airflow/example_dags/example_short_circuit_decorator.py
[2025-01-26T13:57:41.919+0000] {logging_mixin.py:190} INFO - [2025-01-26T13:57:41.918+0000] {dag.py:3239} INFO - Sync 1 DAGs
[2025-01-26T13:57:41.928+0000] {logging_mixin.py:190} INFO - [2025-01-26T13:57:41.928+0000] {dag.py:4180} INFO - Setting next_dagrun for example_short_circuit_decorator to None, run_after=None
[2025-01-26T13:57:41.938+0000] {processor.py:208} INFO - Processing /home/airflow/.local/lib/python3.12/site-packages/airflow/example_dags/example_short_circuit_decorator.py took 0.048 seconds
[2025-01-26T13:58:13.041+0000] {processor.py:186} INFO - Started process (PID=538) to work on /home/airflow/.local/lib/python3.12/site-packages/airflow/example_dags/example_short_circuit_decorator.py
[2025-01-26T13:58:13.043+0000] {processor.py:914} INFO - Processing file /home/airflow/.local/lib/python3.12/site-packages/airflow/example_dags/example_short_circuit_decorator.py for tasks to queue
[2025-01-26T13:58:13.045+0000] {logging_mixin.py:190} INFO - [2025-01-26T13:58:13.045+0000] {dagbag.py:588} INFO - Filling up the DagBag from /home/airflow/.local/lib/python3.12/site-packages/airflow/example_dags/example_short_circuit_decorator.py
[2025-01-26T13:58:13.050+0000] {processor.py:925} INFO - DAG(s) 'example_short_circuit_decorator' retrieved from /home/airflow/.local/lib/python3.12/site-packages/airflow/example_dags/example_short_circuit_decorator.py
[2025-01-26T13:58:13.063+0000] {logging_mixin.py:190} INFO - [2025-01-26T13:58:13.063+0000] {dag.py:3239} INFO - Sync 1 DAGs
[2025-01-26T13:58:13.070+0000] {logging_mixin.py:190} INFO - [2025-01-26T13:58:13.070+0000] {dag.py:4180} INFO - Setting next_dagrun for example_short_circuit_decorator to None, run_after=None
[2025-01-26T13:58:13.082+0000] {processor.py:208} INFO - Processing /home/airflow/.local/lib/python3.12/site-packages/airflow/example_dags/example_short_circuit_decorator.py took 0.044 seconds
[2025-01-26T13:58:44.553+0000] {processor.py:186} INFO - Started process (PID=601) to work on /home/airflow/.local/lib/python3.12/site-packages/airflow/example_dags/example_short_circuit_decorator.py
[2025-01-26T13:58:44.554+0000] {processor.py:914} INFO - Processing file /home/airflow/.local/lib/python3.12/site-packages/airflow/example_dags/example_short_circuit_decorator.py for tasks to queue
[2025-01-26T13:58:44.557+0000] {logging_mixin.py:190} INFO - [2025-01-26T13:58:44.557+0000] {dagbag.py:588} INFO - Filling up the DagBag from /home/airflow/.local/lib/python3.12/site-packages/airflow/example_dags/example_short_circuit_decorator.py
[2025-01-26T13:58:44.566+0000] {processor.py:925} INFO - DAG(s) 'example_short_circuit_decorator' retrieved from /home/airflow/.local/lib/python3.12/site-packages/airflow/example_dags/example_short_circuit_decorator.py
[2025-01-26T13:58:44.580+0000] {logging_mixin.py:190} INFO - [2025-01-26T13:58:44.580+0000] {dag.py:3239} INFO - Sync 1 DAGs
[2025-01-26T13:58:44.589+0000] {logging_mixin.py:190} INFO - [2025-01-26T13:58:44.589+0000] {dag.py:4180} INFO - Setting next_dagrun for example_short_circuit_decorator to None, run_after=None
[2025-01-26T13:58:44.600+0000] {processor.py:208} INFO - Processing /home/airflow/.local/lib/python3.12/site-packages/airflow/example_dags/example_short_circuit_decorator.py took 0.052 seconds
[2025-01-26T13:59:15.807+0000] {processor.py:186} INFO - Started process (PID=664) to work on /home/airflow/.local/lib/python3.12/site-packages/airflow/example_dags/example_short_circuit_decorator.py
[2025-01-26T13:59:15.809+0000] {processor.py:914} INFO - Processing file /home/airflow/.local/lib/python3.12/site-packages/airflow/example_dags/example_short_circuit_decorator.py for tasks to queue
[2025-01-26T13:59:15.814+0000] {logging_mixin.py:190} INFO - [2025-01-26T13:59:15.813+0000] {dagbag.py:588} INFO - Filling up the DagBag from /home/airflow/.local/lib/python3.12/site-packages/airflow/example_dags/example_short_circuit_decorator.py
[2025-01-26T13:59:15.819+0000] {processor.py:925} INFO - DAG(s) 'example_short_circuit_decorator' retrieved from /home/airflow/.local/lib/python3.12/site-packages/airflow/example_dags/example_short_circuit_decorator.py
[2025-01-26T13:59:15.831+0000] {logging_mixin.py:190} INFO - [2025-01-26T13:59:15.831+0000] {dag.py:3239} INFO - Sync 1 DAGs
[2025-01-26T13:59:15.839+0000] {logging_mixin.py:190} INFO - [2025-01-26T13:59:15.838+0000] {dag.py:4180} INFO - Setting next_dagrun for example_short_circuit_decorator to None, run_after=None
[2025-01-26T13:59:15.849+0000] {processor.py:208} INFO - Processing /home/airflow/.local/lib/python3.12/site-packages/airflow/example_dags/example_short_circuit_decorator.py took 0.046 seconds
[2025-01-26T13:59:47.244+0000] {processor.py:186} INFO - Started process (PID=727) to work on /home/airflow/.local/lib/python3.12/site-packages/airflow/example_dags/example_short_circuit_decorator.py
[2025-01-26T13:59:47.245+0000] {processor.py:914} INFO - Processing file /home/airflow/.local/lib/python3.12/site-packages/airflow/example_dags/example_short_circuit_decorator.py for tasks to queue
[2025-01-26T13:59:47.246+0000] {logging_mixin.py:190} INFO - [2025-01-26T13:59:47.246+0000] {dagbag.py:588} INFO - Filling up the DagBag from /home/airflow/.local/lib/python3.12/site-packages/airflow/example_dags/example_short_circuit_decorator.py
[2025-01-26T13:59:47.252+0000] {processor.py:925} INFO - DAG(s) 'example_short_circuit_decorator' retrieved from /home/airflow/.local/lib/python3.12/site-packages/airflow/example_dags/example_short_circuit_decorator.py
[2025-01-26T13:59:47.270+0000] {logging_mixin.py:190} INFO - [2025-01-26T13:59:47.269+0000] {dag.py:3239} INFO - Sync 1 DAGs
[2025-01-26T13:59:47.278+0000] {logging_mixin.py:190} INFO - [2025-01-26T13:59:47.278+0000] {dag.py:4180} INFO - Setting next_dagrun for example_short_circuit_decorator to None, run_after=None
[2025-01-26T13:59:47.294+0000] {processor.py:208} INFO - Processing /home/airflow/.local/lib/python3.12/site-packages/airflow/example_dags/example_short_circuit_decorator.py took 0.053 seconds
