[2025-01-26T13:54:38.981+0000] {processor.py:186} INFO - Started process (PID=106) to work on /home/airflow/.local/lib/python3.12/site-packages/airflow/example_dags/example_branch_labels.py
[2025-01-26T13:54:38.981+0000] {processor.py:914} INFO - Processing file /home/airflow/.local/lib/python3.12/site-packages/airflow/example_dags/example_branch_labels.py for tasks to queue
[2025-01-26T13:54:38.983+0000] {logging_mixin.py:190} INFO - [2025-01-26T13:54:38.983+0000] {dagbag.py:588} INFO - Filling up the DagBag from /home/airflow/.local/lib/python3.12/site-packages/airflow/example_dags/example_branch_labels.py
[2025-01-26T13:54:38.988+0000] {processor.py:925} INFO - DAG(s) 'example_branch_labels' retrieved from /home/airflow/.local/lib/python3.12/site-packages/airflow/example_dags/example_branch_labels.py
[2025-01-26T13:54:39.043+0000] {logging_mixin.py:190} INFO - [2025-01-26T13:54:39.043+0000] {override.py:1911} INFO - Created Permission View: can delete on DAG:example_branch_labels
[2025-01-26T13:54:39.050+0000] {logging_mixin.py:190} INFO - [2025-01-26T13:54:39.050+0000] {override.py:1911} INFO - Created Permission View: can read on DAG:example_branch_labels
[2025-01-26T13:54:39.053+0000] {logging_mixin.py:190} INFO - [2025-01-26T13:54:39.053+0000] {override.py:1911} INFO - Created Permission View: can edit on DAG:example_branch_labels
[2025-01-26T13:54:39.056+0000] {logging_mixin.py:190} INFO - [2025-01-26T13:54:39.056+0000] {override.py:1911} INFO - Created Permission View: can create on DAG Run:example_branch_labels
[2025-01-26T13:54:39.060+0000] {logging_mixin.py:190} INFO - [2025-01-26T13:54:39.060+0000] {override.py:1911} INFO - Created Permission View: can delete on DAG Run:example_branch_labels
[2025-01-26T13:54:39.063+0000] {logging_mixin.py:190} INFO - [2025-01-26T13:54:39.063+0000] {override.py:1911} INFO - Created Permission View: can read on DAG Run:example_branch_labels
[2025-01-26T13:54:39.066+0000] {logging_mixin.py:190} INFO - [2025-01-26T13:54:39.066+0000] {override.py:1911} INFO - Created Permission View: menu access on DAG Run:example_branch_labels
[2025-01-26T13:54:39.066+0000] {logging_mixin.py:190} INFO - [2025-01-26T13:54:39.066+0000] {dag.py:3239} INFO - Sync 1 DAGs
[2025-01-26T13:54:39.074+0000] {logging_mixin.py:190} INFO - [2025-01-26T13:54:39.074+0000] {dag.py:3262} INFO - Creating ORM DAG for example_branch_labels
[2025-01-26T13:54:39.079+0000] {logging_mixin.py:190} INFO - [2025-01-26T13:54:39.079+0000] {dag.py:4180} INFO - Setting next_dagrun for example_branch_labels to 2025-01-25 00:00:00+00:00, run_after=2025-01-26 00:00:00+00:00
[2025-01-26T13:54:39.086+0000] {processor.py:208} INFO - Processing /home/airflow/.local/lib/python3.12/site-packages/airflow/example_dags/example_branch_labels.py took 0.108 seconds
[2025-01-26T13:55:09.801+0000] {processor.py:186} INFO - Started process (PID=169) to work on /home/airflow/.local/lib/python3.12/site-packages/airflow/example_dags/example_branch_labels.py
[2025-01-26T13:55:09.802+0000] {processor.py:914} INFO - Processing file /home/airflow/.local/lib/python3.12/site-packages/airflow/example_dags/example_branch_labels.py for tasks to queue
[2025-01-26T13:55:09.804+0000] {logging_mixin.py:190} INFO - [2025-01-26T13:55:09.804+0000] {dagbag.py:588} INFO - Filling up the DagBag from /home/airflow/.local/lib/python3.12/site-packages/airflow/example_dags/example_branch_labels.py
[2025-01-26T13:55:09.810+0000] {processor.py:925} INFO - DAG(s) 'example_branch_labels' retrieved from /home/airflow/.local/lib/python3.12/site-packages/airflow/example_dags/example_branch_labels.py
[2025-01-26T13:55:09.824+0000] {logging_mixin.py:190} INFO - [2025-01-26T13:55:09.824+0000] {dag.py:3239} INFO - Sync 1 DAGs
[2025-01-26T13:55:09.838+0000] {logging_mixin.py:190} INFO - [2025-01-26T13:55:09.837+0000] {dag.py:4180} INFO - Setting next_dagrun for example_branch_labels to 2025-01-25 00:00:00+00:00, run_after=2025-01-26 00:00:00+00:00
[2025-01-26T13:55:09.847+0000] {processor.py:208} INFO - Processing /home/airflow/.local/lib/python3.12/site-packages/airflow/example_dags/example_branch_labels.py took 0.050 seconds
[2025-01-26T13:55:39.953+0000] {processor.py:186} INFO - Started process (PID=231) to work on /home/airflow/.local/lib/python3.12/site-packages/airflow/example_dags/example_branch_labels.py
[2025-01-26T13:55:39.954+0000] {processor.py:914} INFO - Processing file /home/airflow/.local/lib/python3.12/site-packages/airflow/example_dags/example_branch_labels.py for tasks to queue
[2025-01-26T13:55:39.955+0000] {logging_mixin.py:190} INFO - [2025-01-26T13:55:39.955+0000] {dagbag.py:588} INFO - Filling up the DagBag from /home/airflow/.local/lib/python3.12/site-packages/airflow/example_dags/example_branch_labels.py
[2025-01-26T13:55:39.961+0000] {processor.py:925} INFO - DAG(s) 'example_branch_labels' retrieved from /home/airflow/.local/lib/python3.12/site-packages/airflow/example_dags/example_branch_labels.py
[2025-01-26T13:55:39.974+0000] {logging_mixin.py:190} INFO - [2025-01-26T13:55:39.974+0000] {dag.py:3239} INFO - Sync 1 DAGs
[2025-01-26T13:55:40.007+0000] {logging_mixin.py:190} INFO - [2025-01-26T13:55:40.007+0000] {dag.py:4180} INFO - Setting next_dagrun for example_branch_labels to 2025-01-25 00:00:00+00:00, run_after=2025-01-26 00:00:00+00:00
[2025-01-26T13:55:40.025+0000] {processor.py:208} INFO - Processing /home/airflow/.local/lib/python3.12/site-packages/airflow/example_dags/example_branch_labels.py took 0.076 seconds
[2025-01-26T13:56:10.042+0000] {processor.py:186} INFO - Started process (PID=293) to work on /home/airflow/.local/lib/python3.12/site-packages/airflow/example_dags/example_branch_labels.py
[2025-01-26T13:56:10.042+0000] {processor.py:914} INFO - Processing file /home/airflow/.local/lib/python3.12/site-packages/airflow/example_dags/example_branch_labels.py for tasks to queue
[2025-01-26T13:56:10.044+0000] {logging_mixin.py:190} INFO - [2025-01-26T13:56:10.043+0000] {dagbag.py:588} INFO - Filling up the DagBag from /home/airflow/.local/lib/python3.12/site-packages/airflow/example_dags/example_branch_labels.py
[2025-01-26T13:56:10.049+0000] {processor.py:925} INFO - DAG(s) 'example_branch_labels' retrieved from /home/airflow/.local/lib/python3.12/site-packages/airflow/example_dags/example_branch_labels.py
[2025-01-26T13:56:10.060+0000] {logging_mixin.py:190} INFO - [2025-01-26T13:56:10.060+0000] {dag.py:3239} INFO - Sync 1 DAGs
[2025-01-26T13:56:10.071+0000] {logging_mixin.py:190} INFO - [2025-01-26T13:56:10.071+0000] {dag.py:4180} INFO - Setting next_dagrun for example_branch_labels to 2025-01-25 00:00:00+00:00, run_after=2025-01-26 00:00:00+00:00
[2025-01-26T13:56:10.080+0000] {processor.py:208} INFO - Processing /home/airflow/.local/lib/python3.12/site-packages/airflow/example_dags/example_branch_labels.py took 0.041 seconds
[2025-01-26T13:56:40.604+0000] {processor.py:186} INFO - Started process (PID=356) to work on /home/airflow/.local/lib/python3.12/site-packages/airflow/example_dags/example_branch_labels.py
[2025-01-26T13:56:40.605+0000] {processor.py:914} INFO - Processing file /home/airflow/.local/lib/python3.12/site-packages/airflow/example_dags/example_branch_labels.py for tasks to queue
[2025-01-26T13:56:40.608+0000] {logging_mixin.py:190} INFO - [2025-01-26T13:56:40.608+0000] {dagbag.py:588} INFO - Filling up the DagBag from /home/airflow/.local/lib/python3.12/site-packages/airflow/example_dags/example_branch_labels.py
[2025-01-26T13:56:40.614+0000] {processor.py:925} INFO - DAG(s) 'example_branch_labels' retrieved from /home/airflow/.local/lib/python3.12/site-packages/airflow/example_dags/example_branch_labels.py
[2025-01-26T13:56:40.628+0000] {logging_mixin.py:190} INFO - [2025-01-26T13:56:40.628+0000] {dag.py:3239} INFO - Sync 1 DAGs
[2025-01-26T13:56:40.639+0000] {logging_mixin.py:190} INFO - [2025-01-26T13:56:40.639+0000] {dag.py:4180} INFO - Setting next_dagrun for example_branch_labels to 2025-01-25 00:00:00+00:00, run_after=2025-01-26 00:00:00+00:00
[2025-01-26T13:56:40.649+0000] {processor.py:208} INFO - Processing /home/airflow/.local/lib/python3.12/site-packages/airflow/example_dags/example_branch_labels.py took 0.049 seconds
[2025-01-26T13:57:11.731+0000] {processor.py:186} INFO - Started process (PID=419) to work on /home/airflow/.local/lib/python3.12/site-packages/airflow/example_dags/example_branch_labels.py
[2025-01-26T13:57:11.736+0000] {processor.py:914} INFO - Processing file /home/airflow/.local/lib/python3.12/site-packages/airflow/example_dags/example_branch_labels.py for tasks to queue
[2025-01-26T13:57:11.738+0000] {logging_mixin.py:190} INFO - [2025-01-26T13:57:11.737+0000] {dagbag.py:588} INFO - Filling up the DagBag from /home/airflow/.local/lib/python3.12/site-packages/airflow/example_dags/example_branch_labels.py
[2025-01-26T13:57:11.747+0000] {processor.py:925} INFO - DAG(s) 'example_branch_labels' retrieved from /home/airflow/.local/lib/python3.12/site-packages/airflow/example_dags/example_branch_labels.py
[2025-01-26T13:57:11.770+0000] {logging_mixin.py:190} INFO - [2025-01-26T13:57:11.770+0000] {dag.py:3239} INFO - Sync 1 DAGs
[2025-01-26T13:57:11.788+0000] {logging_mixin.py:190} INFO - [2025-01-26T13:57:11.788+0000] {dag.py:4180} INFO - Setting next_dagrun for example_branch_labels to 2025-01-25 00:00:00+00:00, run_after=2025-01-26 00:00:00+00:00
[2025-01-26T13:57:11.815+0000] {processor.py:208} INFO - Processing /home/airflow/.local/lib/python3.12/site-packages/airflow/example_dags/example_branch_labels.py took 0.096 seconds
[2025-01-26T13:57:42.122+0000] {processor.py:186} INFO - Started process (PID=482) to work on /home/airflow/.local/lib/python3.12/site-packages/airflow/example_dags/example_branch_labels.py
[2025-01-26T13:57:42.123+0000] {processor.py:914} INFO - Processing file /home/airflow/.local/lib/python3.12/site-packages/airflow/example_dags/example_branch_labels.py for tasks to queue
[2025-01-26T13:57:42.124+0000] {logging_mixin.py:190} INFO - [2025-01-26T13:57:42.124+0000] {dagbag.py:588} INFO - Filling up the DagBag from /home/airflow/.local/lib/python3.12/site-packages/airflow/example_dags/example_branch_labels.py
[2025-01-26T13:57:42.129+0000] {processor.py:925} INFO - DAG(s) 'example_branch_labels' retrieved from /home/airflow/.local/lib/python3.12/site-packages/airflow/example_dags/example_branch_labels.py
[2025-01-26T13:57:42.147+0000] {logging_mixin.py:190} INFO - [2025-01-26T13:57:42.147+0000] {dag.py:3239} INFO - Sync 1 DAGs
[2025-01-26T13:57:42.160+0000] {logging_mixin.py:190} INFO - [2025-01-26T13:57:42.160+0000] {dag.py:4180} INFO - Setting next_dagrun for example_branch_labels to 2025-01-25 00:00:00+00:00, run_after=2025-01-26 00:00:00+00:00
[2025-01-26T13:57:42.171+0000] {processor.py:208} INFO - Processing /home/airflow/.local/lib/python3.12/site-packages/airflow/example_dags/example_branch_labels.py took 0.052 seconds
[2025-01-26T13:58:13.254+0000] {processor.py:186} INFO - Started process (PID=545) to work on /home/airflow/.local/lib/python3.12/site-packages/airflow/example_dags/example_branch_labels.py
[2025-01-26T13:58:13.254+0000] {processor.py:914} INFO - Processing file /home/airflow/.local/lib/python3.12/site-packages/airflow/example_dags/example_branch_labels.py for tasks to queue
[2025-01-26T13:58:13.256+0000] {logging_mixin.py:190} INFO - [2025-01-26T13:58:13.256+0000] {dagbag.py:588} INFO - Filling up the DagBag from /home/airflow/.local/lib/python3.12/site-packages/airflow/example_dags/example_branch_labels.py
[2025-01-26T13:58:13.261+0000] {processor.py:925} INFO - DAG(s) 'example_branch_labels' retrieved from /home/airflow/.local/lib/python3.12/site-packages/airflow/example_dags/example_branch_labels.py
[2025-01-26T13:58:13.273+0000] {logging_mixin.py:190} INFO - [2025-01-26T13:58:13.273+0000] {dag.py:3239} INFO - Sync 1 DAGs
[2025-01-26T13:58:13.286+0000] {logging_mixin.py:190} INFO - [2025-01-26T13:58:13.286+0000] {dag.py:4180} INFO - Setting next_dagrun for example_branch_labels to 2025-01-25 00:00:00+00:00, run_after=2025-01-26 00:00:00+00:00
[2025-01-26T13:58:13.298+0000] {processor.py:208} INFO - Processing /home/airflow/.local/lib/python3.12/site-packages/airflow/example_dags/example_branch_labels.py took 0.048 seconds
[2025-01-26T13:58:44.791+0000] {processor.py:186} INFO - Started process (PID=608) to work on /home/airflow/.local/lib/python3.12/site-packages/airflow/example_dags/example_branch_labels.py
[2025-01-26T13:58:44.792+0000] {processor.py:914} INFO - Processing file /home/airflow/.local/lib/python3.12/site-packages/airflow/example_dags/example_branch_labels.py for tasks to queue
[2025-01-26T13:58:44.793+0000] {logging_mixin.py:190} INFO - [2025-01-26T13:58:44.793+0000] {dagbag.py:588} INFO - Filling up the DagBag from /home/airflow/.local/lib/python3.12/site-packages/airflow/example_dags/example_branch_labels.py
[2025-01-26T13:58:44.801+0000] {processor.py:925} INFO - DAG(s) 'example_branch_labels' retrieved from /home/airflow/.local/lib/python3.12/site-packages/airflow/example_dags/example_branch_labels.py
[2025-01-26T13:58:44.813+0000] {logging_mixin.py:190} INFO - [2025-01-26T13:58:44.813+0000] {dag.py:3239} INFO - Sync 1 DAGs
[2025-01-26T13:58:44.824+0000] {logging_mixin.py:190} INFO - [2025-01-26T13:58:44.824+0000] {dag.py:4180} INFO - Setting next_dagrun for example_branch_labels to 2025-01-25 00:00:00+00:00, run_after=2025-01-26 00:00:00+00:00
[2025-01-26T13:58:44.834+0000] {processor.py:208} INFO - Processing /home/airflow/.local/lib/python3.12/site-packages/airflow/example_dags/example_branch_labels.py took 0.047 seconds
[2025-01-26T13:59:16.043+0000] {processor.py:186} INFO - Started process (PID=671) to work on /home/airflow/.local/lib/python3.12/site-packages/airflow/example_dags/example_branch_labels.py
[2025-01-26T13:59:16.044+0000] {processor.py:914} INFO - Processing file /home/airflow/.local/lib/python3.12/site-packages/airflow/example_dags/example_branch_labels.py for tasks to queue
[2025-01-26T13:59:16.046+0000] {logging_mixin.py:190} INFO - [2025-01-26T13:59:16.046+0000] {dagbag.py:588} INFO - Filling up the DagBag from /home/airflow/.local/lib/python3.12/site-packages/airflow/example_dags/example_branch_labels.py
[2025-01-26T13:59:16.052+0000] {processor.py:925} INFO - DAG(s) 'example_branch_labels' retrieved from /home/airflow/.local/lib/python3.12/site-packages/airflow/example_dags/example_branch_labels.py
[2025-01-26T13:59:16.067+0000] {logging_mixin.py:190} INFO - [2025-01-26T13:59:16.067+0000] {dag.py:3239} INFO - Sync 1 DAGs
[2025-01-26T13:59:16.079+0000] {logging_mixin.py:190} INFO - [2025-01-26T13:59:16.079+0000] {dag.py:4180} INFO - Setting next_dagrun for example_branch_labels to 2025-01-25 00:00:00+00:00, run_after=2025-01-26 00:00:00+00:00
[2025-01-26T13:59:16.088+0000] {processor.py:208} INFO - Processing /home/airflow/.local/lib/python3.12/site-packages/airflow/example_dags/example_branch_labels.py took 0.049 seconds
[2025-01-26T13:59:47.514+0000] {processor.py:186} INFO - Started process (PID=734) to work on /home/airflow/.local/lib/python3.12/site-packages/airflow/example_dags/example_branch_labels.py
[2025-01-26T13:59:47.515+0000] {processor.py:914} INFO - Processing file /home/airflow/.local/lib/python3.12/site-packages/airflow/example_dags/example_branch_labels.py for tasks to queue
[2025-01-26T13:59:47.516+0000] {logging_mixin.py:190} INFO - [2025-01-26T13:59:47.516+0000] {dagbag.py:588} INFO - Filling up the DagBag from /home/airflow/.local/lib/python3.12/site-packages/airflow/example_dags/example_branch_labels.py
[2025-01-26T13:59:47.523+0000] {processor.py:925} INFO - DAG(s) 'example_branch_labels' retrieved from /home/airflow/.local/lib/python3.12/site-packages/airflow/example_dags/example_branch_labels.py
[2025-01-26T13:59:47.537+0000] {logging_mixin.py:190} INFO - [2025-01-26T13:59:47.537+0000] {dag.py:3239} INFO - Sync 1 DAGs
[2025-01-26T13:59:47.550+0000] {logging_mixin.py:190} INFO - [2025-01-26T13:59:47.550+0000] {dag.py:4180} INFO - Setting next_dagrun for example_branch_labels to 2025-01-25 00:00:00+00:00, run_after=2025-01-26 00:00:00+00:00
[2025-01-26T13:59:47.559+0000] {processor.py:208} INFO - Processing /home/airflow/.local/lib/python3.12/site-packages/airflow/example_dags/example_branch_labels.py took 0.049 seconds
