[2025-01-26T13:54:37.112+0000] {processor.py:186} INFO - Started process (PID=79) to work on /home/airflow/.local/lib/python3.12/site-packages/airflow/example_dags/example_subdag_operator.py
[2025-01-26T13:54:37.113+0000] {processor.py:914} INFO - Processing file /home/airflow/.local/lib/python3.12/site-packages/airflow/example_dags/example_subdag_operator.py for tasks to queue
[2025-01-26T13:54:37.115+0000] {logging_mixin.py:190} INFO - [2025-01-26T13:54:37.115+0000] {dagbag.py:588} INFO - Filling up the DagBag from /home/airflow/.local/lib/python3.12/site-packages/airflow/example_dags/example_subdag_operator.py
[2025-01-26T13:54:37.132+0000] {processor.py:925} INFO - DAG(s) 'example_subdag_operator.section-1', 'example_subdag_operator.section-2', 'example_subdag_operator' retrieved from /home/airflow/.local/lib/python3.12/site-packages/airflow/example_dags/example_subdag_operator.py
[2025-01-26T13:54:37.184+0000] {logging_mixin.py:190} INFO - [2025-01-26T13:54:37.184+0000] {override.py:1911} INFO - Created Permission View: can delete on DAG:example_subdag_operator
[2025-01-26T13:54:37.193+0000] {logging_mixin.py:190} INFO - [2025-01-26T13:54:37.193+0000] {override.py:1911} INFO - Created Permission View: can read on DAG:example_subdag_operator
[2025-01-26T13:54:37.197+0000] {logging_mixin.py:190} INFO - [2025-01-26T13:54:37.197+0000] {override.py:1911} INFO - Created Permission View: can edit on DAG:example_subdag_operator
[2025-01-26T13:54:37.203+0000] {logging_mixin.py:190} INFO - [2025-01-26T13:54:37.202+0000] {override.py:1911} INFO - Created Permission View: can create on DAG Run:example_subdag_operator
[2025-01-26T13:54:37.206+0000] {logging_mixin.py:190} INFO - [2025-01-26T13:54:37.206+0000] {override.py:1911} INFO - Created Permission View: can delete on DAG Run:example_subdag_operator
[2025-01-26T13:54:37.209+0000] {logging_mixin.py:190} INFO - [2025-01-26T13:54:37.209+0000] {override.py:1911} INFO - Created Permission View: can read on DAG Run:example_subdag_operator
[2025-01-26T13:54:37.212+0000] {logging_mixin.py:190} INFO - [2025-01-26T13:54:37.212+0000] {override.py:1911} INFO - Created Permission View: menu access on DAG Run:example_subdag_operator
[2025-01-26T13:54:37.213+0000] {logging_mixin.py:190} INFO - [2025-01-26T13:54:37.213+0000] {dag.py:3239} INFO - Sync 3 DAGs
[2025-01-26T13:54:37.220+0000] {logging_mixin.py:190} INFO - [2025-01-26T13:54:37.220+0000] {dag.py:3262} INFO - Creating ORM DAG for example_subdag_operator.section-1
[2025-01-26T13:54:37.221+0000] {logging_mixin.py:190} INFO - [2025-01-26T13:54:37.221+0000] {dag.py:3262} INFO - Creating ORM DAG for example_subdag_operator
[2025-01-26T13:54:37.221+0000] {logging_mixin.py:190} INFO - [2025-01-26T13:54:37.221+0000] {dag.py:3262} INFO - Creating ORM DAG for example_subdag_operator.section-2
[2025-01-26T13:54:37.227+0000] {logging_mixin.py:190} INFO - [2025-01-26T13:54:37.227+0000] {dag.py:4180} INFO - Setting next_dagrun for example_subdag_operator to 2022-01-01 00:00:00+00:00, run_after=2022-01-01 00:00:00+00:00
[2025-01-26T13:54:37.228+0000] {logging_mixin.py:190} INFO - [2025-01-26T13:54:37.228+0000] {dag.py:4180} INFO - Setting next_dagrun for example_subdag_operator.section-1 to None, run_after=None
[2025-01-26T13:54:37.228+0000] {logging_mixin.py:190} INFO - [2025-01-26T13:54:37.228+0000] {dag.py:4180} INFO - Setting next_dagrun for example_subdag_operator.section-2 to None, run_after=None
[2025-01-26T13:54:37.233+0000] {logging_mixin.py:190} INFO - [2025-01-26T13:54:37.232+0000] {dag.py:3239} INFO - Sync 2 DAGs
[2025-01-26T13:54:37.236+0000] {logging_mixin.py:190} INFO - [2025-01-26T13:54:37.235+0000] {dag.py:4180} INFO - Setting next_dagrun for example_subdag_operator.section-1 to None, run_after=None
[2025-01-26T13:54:37.237+0000] {logging_mixin.py:190} INFO - [2025-01-26T13:54:37.237+0000] {dag.py:4180} INFO - Setting next_dagrun for example_subdag_operator.section-2 to None, run_after=None
[2025-01-26T13:54:37.245+0000] {processor.py:208} INFO - Processing /home/airflow/.local/lib/python3.12/site-packages/airflow/example_dags/example_subdag_operator.py took 0.136 seconds
[2025-01-26T13:55:07.454+0000] {processor.py:186} INFO - Started process (PID=148) to work on /home/airflow/.local/lib/python3.12/site-packages/airflow/example_dags/example_subdag_operator.py
[2025-01-26T13:55:07.455+0000] {processor.py:914} INFO - Processing file /home/airflow/.local/lib/python3.12/site-packages/airflow/example_dags/example_subdag_operator.py for tasks to queue
[2025-01-26T13:55:07.456+0000] {logging_mixin.py:190} INFO - [2025-01-26T13:55:07.456+0000] {dagbag.py:588} INFO - Filling up the DagBag from /home/airflow/.local/lib/python3.12/site-packages/airflow/example_dags/example_subdag_operator.py
[2025-01-26T13:55:07.471+0000] {processor.py:925} INFO - DAG(s) 'example_subdag_operator.section-1', 'example_subdag_operator.section-2', 'example_subdag_operator' retrieved from /home/airflow/.local/lib/python3.12/site-packages/airflow/example_dags/example_subdag_operator.py
[2025-01-26T13:55:07.479+0000] {logging_mixin.py:190} INFO - [2025-01-26T13:55:07.479+0000] {dag.py:3239} INFO - Sync 3 DAGs
[2025-01-26T13:55:07.491+0000] {logging_mixin.py:190} INFO - [2025-01-26T13:55:07.491+0000] {dag.py:4180} INFO - Setting next_dagrun for example_subdag_operator to 2022-01-01 00:00:00+00:00, run_after=2022-01-01 00:00:00+00:00
[2025-01-26T13:55:07.494+0000] {logging_mixin.py:190} INFO - [2025-01-26T13:55:07.493+0000] {dag.py:4180} INFO - Setting next_dagrun for example_subdag_operator.section-1 to None, run_after=None
[2025-01-26T13:55:07.494+0000] {logging_mixin.py:190} INFO - [2025-01-26T13:55:07.494+0000] {dag.py:4180} INFO - Setting next_dagrun for example_subdag_operator.section-2 to None, run_after=None
[2025-01-26T13:55:07.499+0000] {logging_mixin.py:190} INFO - [2025-01-26T13:55:07.498+0000] {dag.py:3239} INFO - Sync 2 DAGs
[2025-01-26T13:55:07.502+0000] {logging_mixin.py:190} INFO - [2025-01-26T13:55:07.501+0000] {dag.py:4180} INFO - Setting next_dagrun for example_subdag_operator.section-1 to None, run_after=None
[2025-01-26T13:55:07.502+0000] {logging_mixin.py:190} INFO - [2025-01-26T13:55:07.502+0000] {dag.py:4180} INFO - Setting next_dagrun for example_subdag_operator.section-2 to None, run_after=None
[2025-01-26T13:55:07.508+0000] {processor.py:208} INFO - Processing /home/airflow/.local/lib/python3.12/site-packages/airflow/example_dags/example_subdag_operator.py took 0.057 seconds
[2025-01-26T13:55:37.597+0000] {processor.py:186} INFO - Started process (PID=209) to work on /home/airflow/.local/lib/python3.12/site-packages/airflow/example_dags/example_subdag_operator.py
[2025-01-26T13:55:37.598+0000] {processor.py:914} INFO - Processing file /home/airflow/.local/lib/python3.12/site-packages/airflow/example_dags/example_subdag_operator.py for tasks to queue
[2025-01-26T13:55:37.600+0000] {logging_mixin.py:190} INFO - [2025-01-26T13:55:37.600+0000] {dagbag.py:588} INFO - Filling up the DagBag from /home/airflow/.local/lib/python3.12/site-packages/airflow/example_dags/example_subdag_operator.py
[2025-01-26T13:55:37.625+0000] {processor.py:925} INFO - DAG(s) 'example_subdag_operator.section-1', 'example_subdag_operator.section-2', 'example_subdag_operator' retrieved from /home/airflow/.local/lib/python3.12/site-packages/airflow/example_dags/example_subdag_operator.py
[2025-01-26T13:55:37.636+0000] {logging_mixin.py:190} INFO - [2025-01-26T13:55:37.635+0000] {dag.py:3239} INFO - Sync 3 DAGs
[2025-01-26T13:55:37.651+0000] {logging_mixin.py:190} INFO - [2025-01-26T13:55:37.651+0000] {dag.py:4180} INFO - Setting next_dagrun for example_subdag_operator to 2022-01-01 00:00:00+00:00, run_after=2022-01-01 00:00:00+00:00
[2025-01-26T13:55:37.653+0000] {logging_mixin.py:190} INFO - [2025-01-26T13:55:37.653+0000] {dag.py:4180} INFO - Setting next_dagrun for example_subdag_operator.section-1 to None, run_after=None
[2025-01-26T13:55:37.655+0000] {logging_mixin.py:190} INFO - [2025-01-26T13:55:37.655+0000] {dag.py:4180} INFO - Setting next_dagrun for example_subdag_operator.section-2 to None, run_after=None
[2025-01-26T13:55:37.659+0000] {logging_mixin.py:190} INFO - [2025-01-26T13:55:37.659+0000] {dag.py:3239} INFO - Sync 2 DAGs
[2025-01-26T13:55:37.664+0000] {logging_mixin.py:190} INFO - [2025-01-26T13:55:37.664+0000] {dag.py:4180} INFO - Setting next_dagrun for example_subdag_operator.section-1 to None, run_after=None
[2025-01-26T13:55:37.664+0000] {logging_mixin.py:190} INFO - [2025-01-26T13:55:37.664+0000] {dag.py:4180} INFO - Setting next_dagrun for example_subdag_operator.section-2 to None, run_after=None
[2025-01-26T13:55:37.671+0000] {processor.py:208} INFO - Processing /home/airflow/.local/lib/python3.12/site-packages/airflow/example_dags/example_subdag_operator.py took 0.077 seconds
[2025-01-26T13:56:08.193+0000] {processor.py:186} INFO - Started process (PID=272) to work on /home/airflow/.local/lib/python3.12/site-packages/airflow/example_dags/example_subdag_operator.py
[2025-01-26T13:56:08.194+0000] {processor.py:914} INFO - Processing file /home/airflow/.local/lib/python3.12/site-packages/airflow/example_dags/example_subdag_operator.py for tasks to queue
[2025-01-26T13:56:08.195+0000] {logging_mixin.py:190} INFO - [2025-01-26T13:56:08.195+0000] {dagbag.py:588} INFO - Filling up the DagBag from /home/airflow/.local/lib/python3.12/site-packages/airflow/example_dags/example_subdag_operator.py
[2025-01-26T13:56:08.210+0000] {processor.py:925} INFO - DAG(s) 'example_subdag_operator.section-1', 'example_subdag_operator.section-2', 'example_subdag_operator' retrieved from /home/airflow/.local/lib/python3.12/site-packages/airflow/example_dags/example_subdag_operator.py
[2025-01-26T13:56:08.218+0000] {logging_mixin.py:190} INFO - [2025-01-26T13:56:08.218+0000] {dag.py:3239} INFO - Sync 3 DAGs
[2025-01-26T13:56:08.230+0000] {logging_mixin.py:190} INFO - [2025-01-26T13:56:08.230+0000] {dag.py:4180} INFO - Setting next_dagrun for example_subdag_operator to 2022-01-01 00:00:00+00:00, run_after=2022-01-01 00:00:00+00:00
[2025-01-26T13:56:08.232+0000] {logging_mixin.py:190} INFO - [2025-01-26T13:56:08.232+0000] {dag.py:4180} INFO - Setting next_dagrun for example_subdag_operator.section-1 to None, run_after=None
[2025-01-26T13:56:08.233+0000] {logging_mixin.py:190} INFO - [2025-01-26T13:56:08.232+0000] {dag.py:4180} INFO - Setting next_dagrun for example_subdag_operator.section-2 to None, run_after=None
[2025-01-26T13:56:08.236+0000] {logging_mixin.py:190} INFO - [2025-01-26T13:56:08.236+0000] {dag.py:3239} INFO - Sync 2 DAGs
[2025-01-26T13:56:08.239+0000] {logging_mixin.py:190} INFO - [2025-01-26T13:56:08.239+0000] {dag.py:4180} INFO - Setting next_dagrun for example_subdag_operator.section-1 to None, run_after=None
[2025-01-26T13:56:08.239+0000] {logging_mixin.py:190} INFO - [2025-01-26T13:56:08.239+0000] {dag.py:4180} INFO - Setting next_dagrun for example_subdag_operator.section-2 to None, run_after=None
[2025-01-26T13:56:08.244+0000] {processor.py:208} INFO - Processing /home/airflow/.local/lib/python3.12/site-packages/airflow/example_dags/example_subdag_operator.py took 0.054 seconds
[2025-01-26T13:56:39.571+0000] {processor.py:186} INFO - Started process (PID=336) to work on /home/airflow/.local/lib/python3.12/site-packages/airflow/example_dags/example_subdag_operator.py
[2025-01-26T13:56:39.572+0000] {processor.py:914} INFO - Processing file /home/airflow/.local/lib/python3.12/site-packages/airflow/example_dags/example_subdag_operator.py for tasks to queue
[2025-01-26T13:56:39.574+0000] {logging_mixin.py:190} INFO - [2025-01-26T13:56:39.573+0000] {dagbag.py:588} INFO - Filling up the DagBag from /home/airflow/.local/lib/python3.12/site-packages/airflow/example_dags/example_subdag_operator.py
[2025-01-26T13:56:39.594+0000] {processor.py:925} INFO - DAG(s) 'example_subdag_operator.section-1', 'example_subdag_operator.section-2', 'example_subdag_operator' retrieved from /home/airflow/.local/lib/python3.12/site-packages/airflow/example_dags/example_subdag_operator.py
[2025-01-26T13:56:39.605+0000] {logging_mixin.py:190} INFO - [2025-01-26T13:56:39.605+0000] {dag.py:3239} INFO - Sync 3 DAGs
[2025-01-26T13:56:39.621+0000] {logging_mixin.py:190} INFO - [2025-01-26T13:56:39.621+0000] {dag.py:4180} INFO - Setting next_dagrun for example_subdag_operator to 2022-01-01 00:00:00+00:00, run_after=2022-01-01 00:00:00+00:00
[2025-01-26T13:56:39.624+0000] {logging_mixin.py:190} INFO - [2025-01-26T13:56:39.624+0000] {dag.py:4180} INFO - Setting next_dagrun for example_subdag_operator.section-1 to None, run_after=None
[2025-01-26T13:56:39.625+0000] {logging_mixin.py:190} INFO - [2025-01-26T13:56:39.625+0000] {dag.py:4180} INFO - Setting next_dagrun for example_subdag_operator.section-2 to None, run_after=None
[2025-01-26T13:56:39.630+0000] {logging_mixin.py:190} INFO - [2025-01-26T13:56:39.630+0000] {dag.py:3239} INFO - Sync 2 DAGs
[2025-01-26T13:56:39.634+0000] {logging_mixin.py:190} INFO - [2025-01-26T13:56:39.633+0000] {dag.py:4180} INFO - Setting next_dagrun for example_subdag_operator.section-1 to None, run_after=None
[2025-01-26T13:56:39.634+0000] {logging_mixin.py:190} INFO - [2025-01-26T13:56:39.634+0000] {dag.py:4180} INFO - Setting next_dagrun for example_subdag_operator.section-2 to None, run_after=None
[2025-01-26T13:56:39.641+0000] {processor.py:208} INFO - Processing /home/airflow/.local/lib/python3.12/site-packages/airflow/example_dags/example_subdag_operator.py took 0.077 seconds
[2025-01-26T13:57:10.550+0000] {processor.py:186} INFO - Started process (PID=399) to work on /home/airflow/.local/lib/python3.12/site-packages/airflow/example_dags/example_subdag_operator.py
[2025-01-26T13:57:10.552+0000] {processor.py:914} INFO - Processing file /home/airflow/.local/lib/python3.12/site-packages/airflow/example_dags/example_subdag_operator.py for tasks to queue
[2025-01-26T13:57:10.555+0000] {logging_mixin.py:190} INFO - [2025-01-26T13:57:10.554+0000] {dagbag.py:588} INFO - Filling up the DagBag from /home/airflow/.local/lib/python3.12/site-packages/airflow/example_dags/example_subdag_operator.py
[2025-01-26T13:57:10.598+0000] {processor.py:925} INFO - DAG(s) 'example_subdag_operator.section-1', 'example_subdag_operator.section-2', 'example_subdag_operator' retrieved from /home/airflow/.local/lib/python3.12/site-packages/airflow/example_dags/example_subdag_operator.py
[2025-01-26T13:57:10.620+0000] {logging_mixin.py:190} INFO - [2025-01-26T13:57:10.619+0000] {dag.py:3239} INFO - Sync 3 DAGs
[2025-01-26T13:57:10.640+0000] {logging_mixin.py:190} INFO - [2025-01-26T13:57:10.640+0000] {dag.py:4180} INFO - Setting next_dagrun for example_subdag_operator to 2022-01-01 00:00:00+00:00, run_after=2022-01-01 00:00:00+00:00
[2025-01-26T13:57:10.643+0000] {logging_mixin.py:190} INFO - [2025-01-26T13:57:10.643+0000] {dag.py:4180} INFO - Setting next_dagrun for example_subdag_operator.section-1 to None, run_after=None
[2025-01-26T13:57:10.644+0000] {logging_mixin.py:190} INFO - [2025-01-26T13:57:10.644+0000] {dag.py:4180} INFO - Setting next_dagrun for example_subdag_operator.section-2 to None, run_after=None
[2025-01-26T13:57:10.650+0000] {logging_mixin.py:190} INFO - [2025-01-26T13:57:10.650+0000] {dag.py:3239} INFO - Sync 2 DAGs
[2025-01-26T13:57:10.657+0000] {logging_mixin.py:190} INFO - [2025-01-26T13:57:10.656+0000] {dag.py:4180} INFO - Setting next_dagrun for example_subdag_operator.section-1 to None, run_after=None
[2025-01-26T13:57:10.657+0000] {logging_mixin.py:190} INFO - [2025-01-26T13:57:10.657+0000] {dag.py:4180} INFO - Setting next_dagrun for example_subdag_operator.section-2 to None, run_after=None
[2025-01-26T13:57:10.666+0000] {processor.py:208} INFO - Processing /home/airflow/.local/lib/python3.12/site-packages/airflow/example_dags/example_subdag_operator.py took 0.124 seconds
[2025-01-26T13:57:41.254+0000] {processor.py:186} INFO - Started process (PID=462) to work on /home/airflow/.local/lib/python3.12/site-packages/airflow/example_dags/example_subdag_operator.py
[2025-01-26T13:57:41.255+0000] {processor.py:914} INFO - Processing file /home/airflow/.local/lib/python3.12/site-packages/airflow/example_dags/example_subdag_operator.py for tasks to queue
[2025-01-26T13:57:41.257+0000] {logging_mixin.py:190} INFO - [2025-01-26T13:57:41.256+0000] {dagbag.py:588} INFO - Filling up the DagBag from /home/airflow/.local/lib/python3.12/site-packages/airflow/example_dags/example_subdag_operator.py
[2025-01-26T13:57:41.271+0000] {processor.py:925} INFO - DAG(s) 'example_subdag_operator.section-1', 'example_subdag_operator.section-2', 'example_subdag_operator' retrieved from /home/airflow/.local/lib/python3.12/site-packages/airflow/example_dags/example_subdag_operator.py
[2025-01-26T13:57:41.278+0000] {logging_mixin.py:190} INFO - [2025-01-26T13:57:41.278+0000] {dag.py:3239} INFO - Sync 3 DAGs
[2025-01-26T13:57:41.289+0000] {logging_mixin.py:190} INFO - [2025-01-26T13:57:41.289+0000] {dag.py:4180} INFO - Setting next_dagrun for example_subdag_operator to 2022-01-01 00:00:00+00:00, run_after=2022-01-01 00:00:00+00:00
[2025-01-26T13:57:41.291+0000] {logging_mixin.py:190} INFO - [2025-01-26T13:57:41.290+0000] {dag.py:4180} INFO - Setting next_dagrun for example_subdag_operator.section-1 to None, run_after=None
[2025-01-26T13:57:41.291+0000] {logging_mixin.py:190} INFO - [2025-01-26T13:57:41.291+0000] {dag.py:4180} INFO - Setting next_dagrun for example_subdag_operator.section-2 to None, run_after=None
[2025-01-26T13:57:41.294+0000] {logging_mixin.py:190} INFO - [2025-01-26T13:57:41.294+0000] {dag.py:3239} INFO - Sync 2 DAGs
[2025-01-26T13:57:41.297+0000] {logging_mixin.py:190} INFO - [2025-01-26T13:57:41.297+0000] {dag.py:4180} INFO - Setting next_dagrun for example_subdag_operator.section-1 to None, run_after=None
[2025-01-26T13:57:41.297+0000] {logging_mixin.py:190} INFO - [2025-01-26T13:57:41.297+0000] {dag.py:4180} INFO - Setting next_dagrun for example_subdag_operator.section-2 to None, run_after=None
[2025-01-26T13:57:41.303+0000] {processor.py:208} INFO - Processing /home/airflow/.local/lib/python3.12/site-packages/airflow/example_dags/example_subdag_operator.py took 0.052 seconds
[2025-01-26T13:58:12.303+0000] {processor.py:186} INFO - Started process (PID=525) to work on /home/airflow/.local/lib/python3.12/site-packages/airflow/example_dags/example_subdag_operator.py
[2025-01-26T13:58:12.304+0000] {processor.py:914} INFO - Processing file /home/airflow/.local/lib/python3.12/site-packages/airflow/example_dags/example_subdag_operator.py for tasks to queue
[2025-01-26T13:58:12.306+0000] {logging_mixin.py:190} INFO - [2025-01-26T13:58:12.305+0000] {dagbag.py:588} INFO - Filling up the DagBag from /home/airflow/.local/lib/python3.12/site-packages/airflow/example_dags/example_subdag_operator.py
[2025-01-26T13:58:12.321+0000] {processor.py:925} INFO - DAG(s) 'example_subdag_operator.section-1', 'example_subdag_operator.section-2', 'example_subdag_operator' retrieved from /home/airflow/.local/lib/python3.12/site-packages/airflow/example_dags/example_subdag_operator.py
[2025-01-26T13:58:12.330+0000] {logging_mixin.py:190} INFO - [2025-01-26T13:58:12.330+0000] {dag.py:3239} INFO - Sync 3 DAGs
[2025-01-26T13:58:12.343+0000] {logging_mixin.py:190} INFO - [2025-01-26T13:58:12.343+0000] {dag.py:4180} INFO - Setting next_dagrun for example_subdag_operator to 2022-01-01 00:00:00+00:00, run_after=2022-01-01 00:00:00+00:00
[2025-01-26T13:58:12.345+0000] {logging_mixin.py:190} INFO - [2025-01-26T13:58:12.345+0000] {dag.py:4180} INFO - Setting next_dagrun for example_subdag_operator.section-1 to None, run_after=None
[2025-01-26T13:58:12.346+0000] {logging_mixin.py:190} INFO - [2025-01-26T13:58:12.346+0000] {dag.py:4180} INFO - Setting next_dagrun for example_subdag_operator.section-2 to None, run_after=None
[2025-01-26T13:58:12.350+0000] {logging_mixin.py:190} INFO - [2025-01-26T13:58:12.349+0000] {dag.py:3239} INFO - Sync 2 DAGs
[2025-01-26T13:58:12.353+0000] {logging_mixin.py:190} INFO - [2025-01-26T13:58:12.353+0000] {dag.py:4180} INFO - Setting next_dagrun for example_subdag_operator.section-1 to None, run_after=None
[2025-01-26T13:58:12.353+0000] {logging_mixin.py:190} INFO - [2025-01-26T13:58:12.353+0000] {dag.py:4180} INFO - Setting next_dagrun for example_subdag_operator.section-2 to None, run_after=None
[2025-01-26T13:58:12.360+0000] {processor.py:208} INFO - Processing /home/airflow/.local/lib/python3.12/site-packages/airflow/example_dags/example_subdag_operator.py took 0.060 seconds
[2025-01-26T13:58:43.661+0000] {processor.py:186} INFO - Started process (PID=587) to work on /home/airflow/.local/lib/python3.12/site-packages/airflow/example_dags/example_subdag_operator.py
[2025-01-26T13:58:43.662+0000] {processor.py:914} INFO - Processing file /home/airflow/.local/lib/python3.12/site-packages/airflow/example_dags/example_subdag_operator.py for tasks to queue
[2025-01-26T13:58:43.663+0000] {logging_mixin.py:190} INFO - [2025-01-26T13:58:43.663+0000] {dagbag.py:588} INFO - Filling up the DagBag from /home/airflow/.local/lib/python3.12/site-packages/airflow/example_dags/example_subdag_operator.py
[2025-01-26T13:58:43.679+0000] {processor.py:925} INFO - DAG(s) 'example_subdag_operator.section-1', 'example_subdag_operator.section-2', 'example_subdag_operator' retrieved from /home/airflow/.local/lib/python3.12/site-packages/airflow/example_dags/example_subdag_operator.py
[2025-01-26T13:58:43.687+0000] {logging_mixin.py:190} INFO - [2025-01-26T13:58:43.687+0000] {dag.py:3239} INFO - Sync 3 DAGs
[2025-01-26T13:58:43.699+0000] {logging_mixin.py:190} INFO - [2025-01-26T13:58:43.698+0000] {dag.py:4180} INFO - Setting next_dagrun for example_subdag_operator to 2022-01-01 00:00:00+00:00, run_after=2022-01-01 00:00:00+00:00
[2025-01-26T13:58:43.700+0000] {logging_mixin.py:190} INFO - [2025-01-26T13:58:43.700+0000] {dag.py:4180} INFO - Setting next_dagrun for example_subdag_operator.section-1 to None, run_after=None
[2025-01-26T13:58:43.701+0000] {logging_mixin.py:190} INFO - [2025-01-26T13:58:43.701+0000] {dag.py:4180} INFO - Setting next_dagrun for example_subdag_operator.section-2 to None, run_after=None
[2025-01-26T13:58:43.705+0000] {logging_mixin.py:190} INFO - [2025-01-26T13:58:43.705+0000] {dag.py:3239} INFO - Sync 2 DAGs
[2025-01-26T13:58:43.711+0000] {logging_mixin.py:190} INFO - [2025-01-26T13:58:43.711+0000] {dag.py:4180} INFO - Setting next_dagrun for example_subdag_operator.section-1 to None, run_after=None
[2025-01-26T13:58:43.712+0000] {logging_mixin.py:190} INFO - [2025-01-26T13:58:43.712+0000] {dag.py:4180} INFO - Setting next_dagrun for example_subdag_operator.section-2 to None, run_after=None
[2025-01-26T13:58:43.725+0000] {processor.py:208} INFO - Processing /home/airflow/.local/lib/python3.12/site-packages/airflow/example_dags/example_subdag_operator.py took 0.067 seconds
[2025-01-26T13:59:15.055+0000] {processor.py:186} INFO - Started process (PID=650) to work on /home/airflow/.local/lib/python3.12/site-packages/airflow/example_dags/example_subdag_operator.py
[2025-01-26T13:59:15.055+0000] {processor.py:914} INFO - Processing file /home/airflow/.local/lib/python3.12/site-packages/airflow/example_dags/example_subdag_operator.py for tasks to queue
[2025-01-26T13:59:15.056+0000] {logging_mixin.py:190} INFO - [2025-01-26T13:59:15.056+0000] {dagbag.py:588} INFO - Filling up the DagBag from /home/airflow/.local/lib/python3.12/site-packages/airflow/example_dags/example_subdag_operator.py
[2025-01-26T13:59:15.071+0000] {processor.py:925} INFO - DAG(s) 'example_subdag_operator.section-1', 'example_subdag_operator.section-2', 'example_subdag_operator' retrieved from /home/airflow/.local/lib/python3.12/site-packages/airflow/example_dags/example_subdag_operator.py
[2025-01-26T13:59:15.079+0000] {logging_mixin.py:190} INFO - [2025-01-26T13:59:15.078+0000] {dag.py:3239} INFO - Sync 3 DAGs
[2025-01-26T13:59:15.091+0000] {logging_mixin.py:190} INFO - [2025-01-26T13:59:15.091+0000] {dag.py:4180} INFO - Setting next_dagrun for example_subdag_operator to 2022-01-01 00:00:00+00:00, run_after=2022-01-01 00:00:00+00:00
[2025-01-26T13:59:15.093+0000] {logging_mixin.py:190} INFO - [2025-01-26T13:59:15.093+0000] {dag.py:4180} INFO - Setting next_dagrun for example_subdag_operator.section-1 to None, run_after=None
[2025-01-26T13:59:15.094+0000] {logging_mixin.py:190} INFO - [2025-01-26T13:59:15.094+0000] {dag.py:4180} INFO - Setting next_dagrun for example_subdag_operator.section-2 to None, run_after=None
[2025-01-26T13:59:15.097+0000] {logging_mixin.py:190} INFO - [2025-01-26T13:59:15.097+0000] {dag.py:3239} INFO - Sync 2 DAGs
[2025-01-26T13:59:15.100+0000] {logging_mixin.py:190} INFO - [2025-01-26T13:59:15.100+0000] {dag.py:4180} INFO - Setting next_dagrun for example_subdag_operator.section-1 to None, run_after=None
[2025-01-26T13:59:15.100+0000] {logging_mixin.py:190} INFO - [2025-01-26T13:59:15.100+0000] {dag.py:4180} INFO - Setting next_dagrun for example_subdag_operator.section-2 to None, run_after=None
[2025-01-26T13:59:15.106+0000] {processor.py:208} INFO - Processing /home/airflow/.local/lib/python3.12/site-packages/airflow/example_dags/example_subdag_operator.py took 0.054 seconds
[2025-01-26T13:59:46.411+0000] {processor.py:186} INFO - Started process (PID=713) to work on /home/airflow/.local/lib/python3.12/site-packages/airflow/example_dags/example_subdag_operator.py
[2025-01-26T13:59:46.411+0000] {processor.py:914} INFO - Processing file /home/airflow/.local/lib/python3.12/site-packages/airflow/example_dags/example_subdag_operator.py for tasks to queue
[2025-01-26T13:59:46.413+0000] {logging_mixin.py:190} INFO - [2025-01-26T13:59:46.412+0000] {dagbag.py:588} INFO - Filling up the DagBag from /home/airflow/.local/lib/python3.12/site-packages/airflow/example_dags/example_subdag_operator.py
[2025-01-26T13:59:46.428+0000] {processor.py:925} INFO - DAG(s) 'example_subdag_operator.section-1', 'example_subdag_operator.section-2', 'example_subdag_operator' retrieved from /home/airflow/.local/lib/python3.12/site-packages/airflow/example_dags/example_subdag_operator.py
[2025-01-26T13:59:46.437+0000] {logging_mixin.py:190} INFO - [2025-01-26T13:59:46.436+0000] {dag.py:3239} INFO - Sync 3 DAGs
[2025-01-26T13:59:46.448+0000] {logging_mixin.py:190} INFO - [2025-01-26T13:59:46.448+0000] {dag.py:4180} INFO - Setting next_dagrun for example_subdag_operator to 2022-01-01 00:00:00+00:00, run_after=2022-01-01 00:00:00+00:00
[2025-01-26T13:59:46.451+0000] {logging_mixin.py:190} INFO - [2025-01-26T13:59:46.451+0000] {dag.py:4180} INFO - Setting next_dagrun for example_subdag_operator.section-1 to None, run_after=None
[2025-01-26T13:59:46.453+0000] {logging_mixin.py:190} INFO - [2025-01-26T13:59:46.453+0000] {dag.py:4180} INFO - Setting next_dagrun for example_subdag_operator.section-2 to None, run_after=None
[2025-01-26T13:59:46.457+0000] {logging_mixin.py:190} INFO - [2025-01-26T13:59:46.457+0000] {dag.py:3239} INFO - Sync 2 DAGs
[2025-01-26T13:59:46.460+0000] {logging_mixin.py:190} INFO - [2025-01-26T13:59:46.460+0000] {dag.py:4180} INFO - Setting next_dagrun for example_subdag_operator.section-1 to None, run_after=None
[2025-01-26T13:59:46.461+0000] {logging_mixin.py:190} INFO - [2025-01-26T13:59:46.461+0000] {dag.py:4180} INFO - Setting next_dagrun for example_subdag_operator.section-2 to None, run_after=None
[2025-01-26T13:59:46.465+0000] {processor.py:208} INFO - Processing /home/airflow/.local/lib/python3.12/site-packages/airflow/example_dags/example_subdag_operator.py took 0.058 seconds
