[2025-01-26T13:54:34.886+0000] {processor.py:186} INFO - Started process (PID=65) to work on /home/airflow/.local/lib/python3.12/site-packages/airflow/example_dags/example_sla_dag.py
[2025-01-26T13:54:34.887+0000] {processor.py:914} INFO - Processing file /home/airflow/.local/lib/python3.12/site-packages/airflow/example_dags/example_sla_dag.py for tasks to queue
[2025-01-26T13:54:34.890+0000] {logging_mixin.py:190} INFO - [2025-01-26T13:54:34.889+0000] {dagbag.py:588} INFO - Filling up the DagBag from /home/airflow/.local/lib/python3.12/site-packages/airflow/example_dags/example_sla_dag.py
[2025-01-26T13:54:34.903+0000] {processor.py:925} INFO - DAG(s) 'example_sla_dag' retrieved from /home/airflow/.local/lib/python3.12/site-packages/airflow/example_dags/example_sla_dag.py
[2025-01-26T13:54:35.008+0000] {logging_mixin.py:190} INFO - [2025-01-26T13:54:35.007+0000] {override.py:1911} INFO - Created Permission View: can delete on DAG:example_sla_dag
[2025-01-26T13:54:35.021+0000] {logging_mixin.py:190} INFO - [2025-01-26T13:54:35.021+0000] {override.py:1911} INFO - Created Permission View: can read on DAG:example_sla_dag
[2025-01-26T13:54:35.030+0000] {logging_mixin.py:190} INFO - [2025-01-26T13:54:35.030+0000] {override.py:1911} INFO - Created Permission View: can edit on DAG:example_sla_dag
[2025-01-26T13:54:35.045+0000] {logging_mixin.py:190} INFO - [2025-01-26T13:54:35.044+0000] {override.py:1911} INFO - Created Permission View: can create on DAG Run:example_sla_dag
[2025-01-26T13:54:35.054+0000] {logging_mixin.py:190} INFO - [2025-01-26T13:54:35.053+0000] {override.py:1911} INFO - Created Permission View: can delete on DAG Run:example_sla_dag
[2025-01-26T13:54:35.061+0000] {logging_mixin.py:190} INFO - [2025-01-26T13:54:35.061+0000] {override.py:1911} INFO - Created Permission View: can read on DAG Run:example_sla_dag
[2025-01-26T13:54:35.072+0000] {logging_mixin.py:190} INFO - [2025-01-26T13:54:35.072+0000] {override.py:1911} INFO - Created Permission View: menu access on DAG Run:example_sla_dag
[2025-01-26T13:54:35.073+0000] {logging_mixin.py:190} INFO - [2025-01-26T13:54:35.072+0000] {dag.py:3239} INFO - Sync 1 DAGs
[2025-01-26T13:54:35.096+0000] {logging_mixin.py:190} INFO - [2025-01-26T13:54:35.096+0000] {dag.py:3262} INFO - Creating ORM DAG for example_sla_dag
[2025-01-26T13:54:35.114+0000] {logging_mixin.py:190} INFO - [2025-01-26T13:54:35.113+0000] {dag.py:4180} INFO - Setting next_dagrun for example_sla_dag to 2025-01-26 13:52:00+00:00, run_after=2025-01-26 13:54:00+00:00
[2025-01-26T13:54:35.153+0000] {processor.py:208} INFO - Processing /home/airflow/.local/lib/python3.12/site-packages/airflow/example_dags/example_sla_dag.py took 0.273 seconds
[2025-01-26T13:55:05.856+0000] {processor.py:186} INFO - Started process (PID=128) to work on /home/airflow/.local/lib/python3.12/site-packages/airflow/example_dags/example_sla_dag.py
[2025-01-26T13:55:05.857+0000] {processor.py:914} INFO - Processing file /home/airflow/.local/lib/python3.12/site-packages/airflow/example_dags/example_sla_dag.py for tasks to queue
[2025-01-26T13:55:05.861+0000] {logging_mixin.py:190} INFO - [2025-01-26T13:55:05.861+0000] {dagbag.py:588} INFO - Filling up the DagBag from /home/airflow/.local/lib/python3.12/site-packages/airflow/example_dags/example_sla_dag.py
[2025-01-26T13:55:05.871+0000] {processor.py:925} INFO - DAG(s) 'example_sla_dag' retrieved from /home/airflow/.local/lib/python3.12/site-packages/airflow/example_dags/example_sla_dag.py
[2025-01-26T13:55:05.891+0000] {logging_mixin.py:190} INFO - [2025-01-26T13:55:05.891+0000] {dag.py:3239} INFO - Sync 1 DAGs
[2025-01-26T13:55:05.908+0000] {logging_mixin.py:190} INFO - [2025-01-26T13:55:05.908+0000] {dag.py:4180} INFO - Setting next_dagrun for example_sla_dag to 2025-01-26 13:52:00+00:00, run_after=2025-01-26 13:54:00+00:00
[2025-01-26T13:55:05.919+0000] {processor.py:208} INFO - Processing /home/airflow/.local/lib/python3.12/site-packages/airflow/example_dags/example_sla_dag.py took 0.067 seconds
[2025-01-26T13:55:37.153+0000] {processor.py:186} INFO - Started process (PID=191) to work on /home/airflow/.local/lib/python3.12/site-packages/airflow/example_dags/example_sla_dag.py
[2025-01-26T13:55:37.154+0000] {processor.py:914} INFO - Processing file /home/airflow/.local/lib/python3.12/site-packages/airflow/example_dags/example_sla_dag.py for tasks to queue
[2025-01-26T13:55:37.156+0000] {logging_mixin.py:190} INFO - [2025-01-26T13:55:37.155+0000] {dagbag.py:588} INFO - Filling up the DagBag from /home/airflow/.local/lib/python3.12/site-packages/airflow/example_dags/example_sla_dag.py
[2025-01-26T13:55:37.163+0000] {processor.py:925} INFO - DAG(s) 'example_sla_dag' retrieved from /home/airflow/.local/lib/python3.12/site-packages/airflow/example_dags/example_sla_dag.py
[2025-01-26T13:55:37.174+0000] {logging_mixin.py:190} INFO - [2025-01-26T13:55:37.174+0000] {dag.py:3239} INFO - Sync 1 DAGs
[2025-01-26T13:55:37.190+0000] {logging_mixin.py:190} INFO - [2025-01-26T13:55:37.190+0000] {dag.py:4180} INFO - Setting next_dagrun for example_sla_dag to 2025-01-26 13:52:00+00:00, run_after=2025-01-26 13:54:00+00:00
[2025-01-26T13:55:37.200+0000] {processor.py:208} INFO - Processing /home/airflow/.local/lib/python3.12/site-packages/airflow/example_dags/example_sla_dag.py took 0.050 seconds
[2025-01-26T13:56:07.764+0000] {processor.py:186} INFO - Started process (PID=259) to work on /home/airflow/.local/lib/python3.12/site-packages/airflow/example_dags/example_sla_dag.py
[2025-01-26T13:56:07.765+0000] {processor.py:914} INFO - Processing file /home/airflow/.local/lib/python3.12/site-packages/airflow/example_dags/example_sla_dag.py for tasks to queue
[2025-01-26T13:56:07.767+0000] {logging_mixin.py:190} INFO - [2025-01-26T13:56:07.767+0000] {dagbag.py:588} INFO - Filling up the DagBag from /home/airflow/.local/lib/python3.12/site-packages/airflow/example_dags/example_sla_dag.py
[2025-01-26T13:56:07.774+0000] {processor.py:925} INFO - DAG(s) 'example_sla_dag' retrieved from /home/airflow/.local/lib/python3.12/site-packages/airflow/example_dags/example_sla_dag.py
[2025-01-26T13:56:07.786+0000] {logging_mixin.py:190} INFO - [2025-01-26T13:56:07.785+0000] {dag.py:3239} INFO - Sync 1 DAGs
[2025-01-26T13:56:07.798+0000] {logging_mixin.py:190} INFO - [2025-01-26T13:56:07.798+0000] {dag.py:4180} INFO - Setting next_dagrun for example_sla_dag to 2025-01-26 13:54:00+00:00, run_after=2025-01-26 13:56:00+00:00
[2025-01-26T13:56:07.808+0000] {processor.py:208} INFO - Processing /home/airflow/.local/lib/python3.12/site-packages/airflow/example_dags/example_sla_dag.py took 0.048 seconds
[2025-01-26T13:56:38.808+0000] {processor.py:186} INFO - Started process (PID=322) to work on /home/airflow/.local/lib/python3.12/site-packages/airflow/example_dags/example_sla_dag.py
[2025-01-26T13:56:38.811+0000] {processor.py:914} INFO - Processing file /home/airflow/.local/lib/python3.12/site-packages/airflow/example_dags/example_sla_dag.py for tasks to queue
[2025-01-26T13:56:38.813+0000] {logging_mixin.py:190} INFO - [2025-01-26T13:56:38.813+0000] {dagbag.py:588} INFO - Filling up the DagBag from /home/airflow/.local/lib/python3.12/site-packages/airflow/example_dags/example_sla_dag.py
[2025-01-26T13:56:38.820+0000] {processor.py:925} INFO - DAG(s) 'example_sla_dag' retrieved from /home/airflow/.local/lib/python3.12/site-packages/airflow/example_dags/example_sla_dag.py
[2025-01-26T13:56:38.833+0000] {logging_mixin.py:190} INFO - [2025-01-26T13:56:38.833+0000] {dag.py:3239} INFO - Sync 1 DAGs
[2025-01-26T13:56:38.856+0000] {logging_mixin.py:190} INFO - [2025-01-26T13:56:38.856+0000] {dag.py:4180} INFO - Setting next_dagrun for example_sla_dag to 2025-01-26 13:54:00+00:00, run_after=2025-01-26 13:56:00+00:00
[2025-01-26T13:56:38.869+0000] {processor.py:208} INFO - Processing /home/airflow/.local/lib/python3.12/site-packages/airflow/example_dags/example_sla_dag.py took 0.064 seconds
[2025-01-26T13:57:09.767+0000] {processor.py:186} INFO - Started process (PID=385) to work on /home/airflow/.local/lib/python3.12/site-packages/airflow/example_dags/example_sla_dag.py
[2025-01-26T13:57:09.772+0000] {processor.py:914} INFO - Processing file /home/airflow/.local/lib/python3.12/site-packages/airflow/example_dags/example_sla_dag.py for tasks to queue
[2025-01-26T13:57:09.776+0000] {logging_mixin.py:190} INFO - [2025-01-26T13:57:09.776+0000] {dagbag.py:588} INFO - Filling up the DagBag from /home/airflow/.local/lib/python3.12/site-packages/airflow/example_dags/example_sla_dag.py
[2025-01-26T13:57:09.783+0000] {processor.py:925} INFO - DAG(s) 'example_sla_dag' retrieved from /home/airflow/.local/lib/python3.12/site-packages/airflow/example_dags/example_sla_dag.py
[2025-01-26T13:57:09.798+0000] {logging_mixin.py:190} INFO - [2025-01-26T13:57:09.798+0000] {dag.py:3239} INFO - Sync 1 DAGs
[2025-01-26T13:57:09.812+0000] {logging_mixin.py:190} INFO - [2025-01-26T13:57:09.812+0000] {dag.py:4180} INFO - Setting next_dagrun for example_sla_dag to 2025-01-26 13:54:00+00:00, run_after=2025-01-26 13:56:00+00:00
[2025-01-26T13:57:09.826+0000] {processor.py:208} INFO - Processing /home/airflow/.local/lib/python3.12/site-packages/airflow/example_dags/example_sla_dag.py took 0.063 seconds
[2025-01-26T13:57:40.590+0000] {processor.py:186} INFO - Started process (PID=448) to work on /home/airflow/.local/lib/python3.12/site-packages/airflow/example_dags/example_sla_dag.py
[2025-01-26T13:57:40.591+0000] {processor.py:914} INFO - Processing file /home/airflow/.local/lib/python3.12/site-packages/airflow/example_dags/example_sla_dag.py for tasks to queue
[2025-01-26T13:57:40.593+0000] {logging_mixin.py:190} INFO - [2025-01-26T13:57:40.593+0000] {dagbag.py:588} INFO - Filling up the DagBag from /home/airflow/.local/lib/python3.12/site-packages/airflow/example_dags/example_sla_dag.py
[2025-01-26T13:57:40.599+0000] {processor.py:925} INFO - DAG(s) 'example_sla_dag' retrieved from /home/airflow/.local/lib/python3.12/site-packages/airflow/example_dags/example_sla_dag.py
[2025-01-26T13:57:40.611+0000] {logging_mixin.py:190} INFO - [2025-01-26T13:57:40.611+0000] {dag.py:3239} INFO - Sync 1 DAGs
[2025-01-26T13:57:40.624+0000] {logging_mixin.py:190} INFO - [2025-01-26T13:57:40.624+0000] {dag.py:4180} INFO - Setting next_dagrun for example_sla_dag to 2025-01-26 13:54:00+00:00, run_after=2025-01-26 13:56:00+00:00
[2025-01-26T13:57:40.633+0000] {processor.py:208} INFO - Processing /home/airflow/.local/lib/python3.12/site-packages/airflow/example_dags/example_sla_dag.py took 0.046 seconds
[2025-01-26T13:58:11.797+0000] {processor.py:186} INFO - Started process (PID=511) to work on /home/airflow/.local/lib/python3.12/site-packages/airflow/example_dags/example_sla_dag.py
[2025-01-26T13:58:11.798+0000] {processor.py:914} INFO - Processing file /home/airflow/.local/lib/python3.12/site-packages/airflow/example_dags/example_sla_dag.py for tasks to queue
[2025-01-26T13:58:11.799+0000] {logging_mixin.py:190} INFO - [2025-01-26T13:58:11.799+0000] {dagbag.py:588} INFO - Filling up the DagBag from /home/airflow/.local/lib/python3.12/site-packages/airflow/example_dags/example_sla_dag.py
[2025-01-26T13:58:11.807+0000] {processor.py:925} INFO - DAG(s) 'example_sla_dag' retrieved from /home/airflow/.local/lib/python3.12/site-packages/airflow/example_dags/example_sla_dag.py
[2025-01-26T13:58:11.817+0000] {logging_mixin.py:190} INFO - [2025-01-26T13:58:11.817+0000] {dag.py:3239} INFO - Sync 1 DAGs
[2025-01-26T13:58:11.830+0000] {logging_mixin.py:190} INFO - [2025-01-26T13:58:11.830+0000] {dag.py:4180} INFO - Setting next_dagrun for example_sla_dag to 2025-01-26 13:56:00+00:00, run_after=2025-01-26 13:58:00+00:00
[2025-01-26T13:58:11.840+0000] {processor.py:208} INFO - Processing /home/airflow/.local/lib/python3.12/site-packages/airflow/example_dags/example_sla_dag.py took 0.046 seconds
[2025-01-26T13:58:43.221+0000] {processor.py:186} INFO - Started process (PID=574) to work on /home/airflow/.local/lib/python3.12/site-packages/airflow/example_dags/example_sla_dag.py
[2025-01-26T13:58:43.222+0000] {processor.py:914} INFO - Processing file /home/airflow/.local/lib/python3.12/site-packages/airflow/example_dags/example_sla_dag.py for tasks to queue
[2025-01-26T13:58:43.224+0000] {logging_mixin.py:190} INFO - [2025-01-26T13:58:43.224+0000] {dagbag.py:588} INFO - Filling up the DagBag from /home/airflow/.local/lib/python3.12/site-packages/airflow/example_dags/example_sla_dag.py
[2025-01-26T13:58:43.231+0000] {processor.py:925} INFO - DAG(s) 'example_sla_dag' retrieved from /home/airflow/.local/lib/python3.12/site-packages/airflow/example_dags/example_sla_dag.py
[2025-01-26T13:58:43.245+0000] {logging_mixin.py:190} INFO - [2025-01-26T13:58:43.244+0000] {dag.py:3239} INFO - Sync 1 DAGs
[2025-01-26T13:58:43.264+0000] {logging_mixin.py:190} INFO - [2025-01-26T13:58:43.264+0000] {dag.py:4180} INFO - Setting next_dagrun for example_sla_dag to 2025-01-26 13:56:00+00:00, run_after=2025-01-26 13:58:00+00:00
[2025-01-26T13:58:43.275+0000] {processor.py:208} INFO - Processing /home/airflow/.local/lib/python3.12/site-packages/airflow/example_dags/example_sla_dag.py took 0.063 seconds
[2025-01-26T13:59:14.626+0000] {processor.py:186} INFO - Started process (PID=637) to work on /home/airflow/.local/lib/python3.12/site-packages/airflow/example_dags/example_sla_dag.py
[2025-01-26T13:59:14.626+0000] {processor.py:914} INFO - Processing file /home/airflow/.local/lib/python3.12/site-packages/airflow/example_dags/example_sla_dag.py for tasks to queue
[2025-01-26T13:59:14.628+0000] {logging_mixin.py:190} INFO - [2025-01-26T13:59:14.628+0000] {dagbag.py:588} INFO - Filling up the DagBag from /home/airflow/.local/lib/python3.12/site-packages/airflow/example_dags/example_sla_dag.py
[2025-01-26T13:59:14.634+0000] {processor.py:925} INFO - DAG(s) 'example_sla_dag' retrieved from /home/airflow/.local/lib/python3.12/site-packages/airflow/example_dags/example_sla_dag.py
[2025-01-26T13:59:14.645+0000] {logging_mixin.py:190} INFO - [2025-01-26T13:59:14.645+0000] {dag.py:3239} INFO - Sync 1 DAGs
[2025-01-26T13:59:14.658+0000] {logging_mixin.py:190} INFO - [2025-01-26T13:59:14.658+0000] {dag.py:4180} INFO - Setting next_dagrun for example_sla_dag to 2025-01-26 13:56:00+00:00, run_after=2025-01-26 13:58:00+00:00
[2025-01-26T13:59:14.667+0000] {processor.py:208} INFO - Processing /home/airflow/.local/lib/python3.12/site-packages/airflow/example_dags/example_sla_dag.py took 0.045 seconds
[2025-01-26T13:59:45.942+0000] {processor.py:186} INFO - Started process (PID=700) to work on /home/airflow/.local/lib/python3.12/site-packages/airflow/example_dags/example_sla_dag.py
[2025-01-26T13:59:45.943+0000] {processor.py:914} INFO - Processing file /home/airflow/.local/lib/python3.12/site-packages/airflow/example_dags/example_sla_dag.py for tasks to queue
[2025-01-26T13:59:45.946+0000] {logging_mixin.py:190} INFO - [2025-01-26T13:59:45.946+0000] {dagbag.py:588} INFO - Filling up the DagBag from /home/airflow/.local/lib/python3.12/site-packages/airflow/example_dags/example_sla_dag.py
[2025-01-26T13:59:45.954+0000] {processor.py:925} INFO - DAG(s) 'example_sla_dag' retrieved from /home/airflow/.local/lib/python3.12/site-packages/airflow/example_dags/example_sla_dag.py
[2025-01-26T13:59:45.966+0000] {logging_mixin.py:190} INFO - [2025-01-26T13:59:45.966+0000] {dag.py:3239} INFO - Sync 1 DAGs
[2025-01-26T13:59:45.980+0000] {logging_mixin.py:190} INFO - [2025-01-26T13:59:45.980+0000] {dag.py:4180} INFO - Setting next_dagrun for example_sla_dag to 2025-01-26 13:56:00+00:00, run_after=2025-01-26 13:58:00+00:00
[2025-01-26T13:59:45.993+0000] {processor.py:208} INFO - Processing /home/airflow/.local/lib/python3.12/site-packages/airflow/example_dags/example_sla_dag.py took 0.055 seconds
