[2025-01-26T13:54:37.767+0000] {processor.py:186} INFO - Started process (PID=91) to work on /home/airflow/.local/lib/python3.12/site-packages/airflow/example_dags/example_task_group.py
[2025-01-26T13:54:37.767+0000] {processor.py:914} INFO - Processing file /home/airflow/.local/lib/python3.12/site-packages/airflow/example_dags/example_task_group.py for tasks to queue
[2025-01-26T13:54:37.770+0000] {logging_mixin.py:190} INFO - [2025-01-26T13:54:37.769+0000] {dagbag.py:588} INFO - Filling up the DagBag from /home/airflow/.local/lib/python3.12/site-packages/airflow/example_dags/example_task_group.py
[2025-01-26T13:54:37.778+0000] {processor.py:925} INFO - DAG(s) 'example_task_group' retrieved from /home/airflow/.local/lib/python3.12/site-packages/airflow/example_dags/example_task_group.py
[2025-01-26T13:54:37.843+0000] {logging_mixin.py:190} INFO - [2025-01-26T13:54:37.843+0000] {override.py:1911} INFO - Created Permission View: can delete on DAG:example_task_group
[2025-01-26T13:54:37.848+0000] {logging_mixin.py:190} INFO - [2025-01-26T13:54:37.848+0000] {override.py:1911} INFO - Created Permission View: can read on DAG:example_task_group
[2025-01-26T13:54:37.852+0000] {logging_mixin.py:190} INFO - [2025-01-26T13:54:37.852+0000] {override.py:1911} INFO - Created Permission View: can edit on DAG:example_task_group
[2025-01-26T13:54:37.858+0000] {logging_mixin.py:190} INFO - [2025-01-26T13:54:37.857+0000] {override.py:1911} INFO - Created Permission View: can create on DAG Run:example_task_group
[2025-01-26T13:54:37.860+0000] {logging_mixin.py:190} INFO - [2025-01-26T13:54:37.860+0000] {override.py:1911} INFO - Created Permission View: can delete on DAG Run:example_task_group
[2025-01-26T13:54:37.863+0000] {logging_mixin.py:190} INFO - [2025-01-26T13:54:37.863+0000] {override.py:1911} INFO - Created Permission View: can read on DAG Run:example_task_group
[2025-01-26T13:54:37.867+0000] {logging_mixin.py:190} INFO - [2025-01-26T13:54:37.866+0000] {override.py:1911} INFO - Created Permission View: menu access on DAG Run:example_task_group
[2025-01-26T13:54:37.867+0000] {logging_mixin.py:190} INFO - [2025-01-26T13:54:37.867+0000] {dag.py:3239} INFO - Sync 1 DAGs
[2025-01-26T13:54:37.874+0000] {logging_mixin.py:190} INFO - [2025-01-26T13:54:37.874+0000] {dag.py:3262} INFO - Creating ORM DAG for example_task_group
[2025-01-26T13:54:37.874+0000] {logging_mixin.py:190} INFO - [2025-01-26T13:54:37.874+0000] {dag.py:4180} INFO - Setting next_dagrun for example_task_group to None, run_after=None
[2025-01-26T13:54:37.882+0000] {processor.py:208} INFO - Processing /home/airflow/.local/lib/python3.12/site-packages/airflow/example_dags/example_task_group.py took 0.120 seconds
[2025-01-26T13:55:08.132+0000] {processor.py:186} INFO - Started process (PID=154) to work on /home/airflow/.local/lib/python3.12/site-packages/airflow/example_dags/example_task_group.py
[2025-01-26T13:55:08.132+0000] {processor.py:914} INFO - Processing file /home/airflow/.local/lib/python3.12/site-packages/airflow/example_dags/example_task_group.py for tasks to queue
[2025-01-26T13:55:08.133+0000] {logging_mixin.py:190} INFO - [2025-01-26T13:55:08.133+0000] {dagbag.py:588} INFO - Filling up the DagBag from /home/airflow/.local/lib/python3.12/site-packages/airflow/example_dags/example_task_group.py
[2025-01-26T13:55:08.138+0000] {processor.py:925} INFO - DAG(s) 'example_task_group' retrieved from /home/airflow/.local/lib/python3.12/site-packages/airflow/example_dags/example_task_group.py
[2025-01-26T13:55:08.150+0000] {logging_mixin.py:190} INFO - [2025-01-26T13:55:08.150+0000] {dag.py:3239} INFO - Sync 1 DAGs
[2025-01-26T13:55:08.157+0000] {logging_mixin.py:190} INFO - [2025-01-26T13:55:08.157+0000] {dag.py:4180} INFO - Setting next_dagrun for example_task_group to None, run_after=None
[2025-01-26T13:55:08.166+0000] {processor.py:208} INFO - Processing /home/airflow/.local/lib/python3.12/site-packages/airflow/example_dags/example_task_group.py took 0.038 seconds
[2025-01-26T13:55:38.210+0000] {processor.py:186} INFO - Started process (PID=216) to work on /home/airflow/.local/lib/python3.12/site-packages/airflow/example_dags/example_task_group.py
[2025-01-26T13:55:38.213+0000] {processor.py:914} INFO - Processing file /home/airflow/.local/lib/python3.12/site-packages/airflow/example_dags/example_task_group.py for tasks to queue
[2025-01-26T13:55:38.214+0000] {logging_mixin.py:190} INFO - [2025-01-26T13:55:38.214+0000] {dagbag.py:588} INFO - Filling up the DagBag from /home/airflow/.local/lib/python3.12/site-packages/airflow/example_dags/example_task_group.py
[2025-01-26T13:55:38.220+0000] {processor.py:925} INFO - DAG(s) 'example_task_group' retrieved from /home/airflow/.local/lib/python3.12/site-packages/airflow/example_dags/example_task_group.py
[2025-01-26T13:55:38.233+0000] {logging_mixin.py:190} INFO - [2025-01-26T13:55:38.232+0000] {dag.py:3239} INFO - Sync 1 DAGs
[2025-01-26T13:55:38.240+0000] {logging_mixin.py:190} INFO - [2025-01-26T13:55:38.240+0000] {dag.py:4180} INFO - Setting next_dagrun for example_task_group to None, run_after=None
[2025-01-26T13:55:38.250+0000] {processor.py:208} INFO - Processing /home/airflow/.local/lib/python3.12/site-packages/airflow/example_dags/example_task_group.py took 0.044 seconds
[2025-01-26T13:56:08.505+0000] {processor.py:186} INFO - Started process (PID=278) to work on /home/airflow/.local/lib/python3.12/site-packages/airflow/example_dags/example_task_group.py
[2025-01-26T13:56:08.505+0000] {processor.py:914} INFO - Processing file /home/airflow/.local/lib/python3.12/site-packages/airflow/example_dags/example_task_group.py for tasks to queue
[2025-01-26T13:56:08.507+0000] {logging_mixin.py:190} INFO - [2025-01-26T13:56:08.507+0000] {dagbag.py:588} INFO - Filling up the DagBag from /home/airflow/.local/lib/python3.12/site-packages/airflow/example_dags/example_task_group.py
[2025-01-26T13:56:08.512+0000] {processor.py:925} INFO - DAG(s) 'example_task_group' retrieved from /home/airflow/.local/lib/python3.12/site-packages/airflow/example_dags/example_task_group.py
[2025-01-26T13:56:08.523+0000] {logging_mixin.py:190} INFO - [2025-01-26T13:56:08.523+0000] {dag.py:3239} INFO - Sync 1 DAGs
[2025-01-26T13:56:08.530+0000] {logging_mixin.py:190} INFO - [2025-01-26T13:56:08.530+0000] {dag.py:4180} INFO - Setting next_dagrun for example_task_group to None, run_after=None
[2025-01-26T13:56:08.539+0000] {processor.py:208} INFO - Processing /home/airflow/.local/lib/python3.12/site-packages/airflow/example_dags/example_task_group.py took 0.037 seconds
[2025-01-26T13:56:40.068+0000] {processor.py:186} INFO - Started process (PID=342) to work on /home/airflow/.local/lib/python3.12/site-packages/airflow/example_dags/example_task_group.py
[2025-01-26T13:56:40.069+0000] {processor.py:914} INFO - Processing file /home/airflow/.local/lib/python3.12/site-packages/airflow/example_dags/example_task_group.py for tasks to queue
[2025-01-26T13:56:40.071+0000] {logging_mixin.py:190} INFO - [2025-01-26T13:56:40.070+0000] {dagbag.py:588} INFO - Filling up the DagBag from /home/airflow/.local/lib/python3.12/site-packages/airflow/example_dags/example_task_group.py
[2025-01-26T13:56:40.076+0000] {processor.py:925} INFO - DAG(s) 'example_task_group' retrieved from /home/airflow/.local/lib/python3.12/site-packages/airflow/example_dags/example_task_group.py
[2025-01-26T13:56:40.090+0000] {logging_mixin.py:190} INFO - [2025-01-26T13:56:40.090+0000] {dag.py:3239} INFO - Sync 1 DAGs
[2025-01-26T13:56:40.098+0000] {logging_mixin.py:190} INFO - [2025-01-26T13:56:40.098+0000] {dag.py:4180} INFO - Setting next_dagrun for example_task_group to None, run_after=None
[2025-01-26T13:56:40.110+0000] {processor.py:208} INFO - Processing /home/airflow/.local/lib/python3.12/site-packages/airflow/example_dags/example_task_group.py took 0.046 seconds
[2025-01-26T13:57:10.979+0000] {processor.py:186} INFO - Started process (PID=405) to work on /home/airflow/.local/lib/python3.12/site-packages/airflow/example_dags/example_task_group.py
[2025-01-26T13:57:10.980+0000] {processor.py:914} INFO - Processing file /home/airflow/.local/lib/python3.12/site-packages/airflow/example_dags/example_task_group.py for tasks to queue
[2025-01-26T13:57:10.983+0000] {logging_mixin.py:190} INFO - [2025-01-26T13:57:10.982+0000] {dagbag.py:588} INFO - Filling up the DagBag from /home/airflow/.local/lib/python3.12/site-packages/airflow/example_dags/example_task_group.py
[2025-01-26T13:57:10.989+0000] {processor.py:925} INFO - DAG(s) 'example_task_group' retrieved from /home/airflow/.local/lib/python3.12/site-packages/airflow/example_dags/example_task_group.py
[2025-01-26T13:57:11.005+0000] {logging_mixin.py:190} INFO - [2025-01-26T13:57:11.005+0000] {dag.py:3239} INFO - Sync 1 DAGs
[2025-01-26T13:57:11.013+0000] {logging_mixin.py:190} INFO - [2025-01-26T13:57:11.013+0000] {dag.py:4180} INFO - Setting next_dagrun for example_task_group to None, run_after=None
[2025-01-26T13:57:11.025+0000] {processor.py:208} INFO - Processing /home/airflow/.local/lib/python3.12/site-packages/airflow/example_dags/example_task_group.py took 0.050 seconds
[2025-01-26T13:57:41.562+0000] {processor.py:186} INFO - Started process (PID=468) to work on /home/airflow/.local/lib/python3.12/site-packages/airflow/example_dags/example_task_group.py
[2025-01-26T13:57:41.563+0000] {processor.py:914} INFO - Processing file /home/airflow/.local/lib/python3.12/site-packages/airflow/example_dags/example_task_group.py for tasks to queue
[2025-01-26T13:57:41.565+0000] {logging_mixin.py:190} INFO - [2025-01-26T13:57:41.564+0000] {dagbag.py:588} INFO - Filling up the DagBag from /home/airflow/.local/lib/python3.12/site-packages/airflow/example_dags/example_task_group.py
[2025-01-26T13:57:41.575+0000] {processor.py:925} INFO - DAG(s) 'example_task_group' retrieved from /home/airflow/.local/lib/python3.12/site-packages/airflow/example_dags/example_task_group.py
[2025-01-26T13:57:41.595+0000] {logging_mixin.py:190} INFO - [2025-01-26T13:57:41.595+0000] {dag.py:3239} INFO - Sync 1 DAGs
[2025-01-26T13:57:41.603+0000] {logging_mixin.py:190} INFO - [2025-01-26T13:57:41.603+0000] {dag.py:4180} INFO - Setting next_dagrun for example_task_group to None, run_after=None
[2025-01-26T13:57:41.615+0000] {processor.py:208} INFO - Processing /home/airflow/.local/lib/python3.12/site-packages/airflow/example_dags/example_task_group.py took 0.057 seconds
[2025-01-26T13:58:12.792+0000] {processor.py:186} INFO - Started process (PID=531) to work on /home/airflow/.local/lib/python3.12/site-packages/airflow/example_dags/example_task_group.py
[2025-01-26T13:58:12.793+0000] {processor.py:914} INFO - Processing file /home/airflow/.local/lib/python3.12/site-packages/airflow/example_dags/example_task_group.py for tasks to queue
[2025-01-26T13:58:12.794+0000] {logging_mixin.py:190} INFO - [2025-01-26T13:58:12.794+0000] {dagbag.py:588} INFO - Filling up the DagBag from /home/airflow/.local/lib/python3.12/site-packages/airflow/example_dags/example_task_group.py
[2025-01-26T13:58:12.798+0000] {processor.py:925} INFO - DAG(s) 'example_task_group' retrieved from /home/airflow/.local/lib/python3.12/site-packages/airflow/example_dags/example_task_group.py
[2025-01-26T13:58:12.810+0000] {logging_mixin.py:190} INFO - [2025-01-26T13:58:12.810+0000] {dag.py:3239} INFO - Sync 1 DAGs
[2025-01-26T13:58:12.816+0000] {logging_mixin.py:190} INFO - [2025-01-26T13:58:12.816+0000] {dag.py:4180} INFO - Setting next_dagrun for example_task_group to None, run_after=None
[2025-01-26T13:58:12.825+0000] {processor.py:208} INFO - Processing /home/airflow/.local/lib/python3.12/site-packages/airflow/example_dags/example_task_group.py took 0.037 seconds
[2025-01-26T13:58:44.256+0000] {processor.py:186} INFO - Started process (PID=594) to work on /home/airflow/.local/lib/python3.12/site-packages/airflow/example_dags/example_task_group.py
[2025-01-26T13:58:44.258+0000] {processor.py:914} INFO - Processing file /home/airflow/.local/lib/python3.12/site-packages/airflow/example_dags/example_task_group.py for tasks to queue
[2025-01-26T13:58:44.260+0000] {logging_mixin.py:190} INFO - [2025-01-26T13:58:44.260+0000] {dagbag.py:588} INFO - Filling up the DagBag from /home/airflow/.local/lib/python3.12/site-packages/airflow/example_dags/example_task_group.py
[2025-01-26T13:58:44.266+0000] {processor.py:925} INFO - DAG(s) 'example_task_group' retrieved from /home/airflow/.local/lib/python3.12/site-packages/airflow/example_dags/example_task_group.py
[2025-01-26T13:58:44.291+0000] {logging_mixin.py:190} INFO - [2025-01-26T13:58:44.291+0000] {dag.py:3239} INFO - Sync 1 DAGs
[2025-01-26T13:58:44.300+0000] {logging_mixin.py:190} INFO - [2025-01-26T13:58:44.300+0000] {dag.py:4180} INFO - Setting next_dagrun for example_task_group to None, run_after=None
[2025-01-26T13:58:44.316+0000] {processor.py:208} INFO - Processing /home/airflow/.local/lib/python3.12/site-packages/airflow/example_dags/example_task_group.py took 0.064 seconds
[2025-01-26T13:59:15.583+0000] {processor.py:186} INFO - Started process (PID=657) to work on /home/airflow/.local/lib/python3.12/site-packages/airflow/example_dags/example_task_group.py
[2025-01-26T13:59:15.583+0000] {processor.py:914} INFO - Processing file /home/airflow/.local/lib/python3.12/site-packages/airflow/example_dags/example_task_group.py for tasks to queue
[2025-01-26T13:59:15.585+0000] {logging_mixin.py:190} INFO - [2025-01-26T13:59:15.585+0000] {dagbag.py:588} INFO - Filling up the DagBag from /home/airflow/.local/lib/python3.12/site-packages/airflow/example_dags/example_task_group.py
[2025-01-26T13:59:15.590+0000] {processor.py:925} INFO - DAG(s) 'example_task_group' retrieved from /home/airflow/.local/lib/python3.12/site-packages/airflow/example_dags/example_task_group.py
[2025-01-26T13:59:15.602+0000] {logging_mixin.py:190} INFO - [2025-01-26T13:59:15.602+0000] {dag.py:3239} INFO - Sync 1 DAGs
[2025-01-26T13:59:15.610+0000] {logging_mixin.py:190} INFO - [2025-01-26T13:59:15.610+0000] {dag.py:4180} INFO - Setting next_dagrun for example_task_group to None, run_after=None
[2025-01-26T13:59:15.620+0000] {processor.py:208} INFO - Processing /home/airflow/.local/lib/python3.12/site-packages/airflow/example_dags/example_task_group.py took 0.042 seconds
