[2025-01-26T13:54:37.900+0000] {processor.py:186} INFO - Started process (PID=93) to work on /home/airflow/.local/lib/python3.12/site-packages/airflow/example_dags/example_short_circuit_operator.py
[2025-01-26T13:54:37.900+0000] {processor.py:914} INFO - Processing file /home/airflow/.local/lib/python3.12/site-packages/airflow/example_dags/example_short_circuit_operator.py for tasks to queue
[2025-01-26T13:54:37.902+0000] {logging_mixin.py:190} INFO - [2025-01-26T13:54:37.902+0000] {dagbag.py:588} INFO - Filling up the DagBag from /home/airflow/.local/lib/python3.12/site-packages/airflow/example_dags/example_short_circuit_operator.py
[2025-01-26T13:54:37.908+0000] {processor.py:925} INFO - DAG(s) 'example_short_circuit_operator' retrieved from /home/airflow/.local/lib/python3.12/site-packages/airflow/example_dags/example_short_circuit_operator.py
[2025-01-26T13:54:37.966+0000] {logging_mixin.py:190} INFO - [2025-01-26T13:54:37.966+0000] {override.py:1911} INFO - Created Permission View: can delete on DAG:example_short_circuit_operator
[2025-01-26T13:54:37.971+0000] {logging_mixin.py:190} INFO - [2025-01-26T13:54:37.971+0000] {override.py:1911} INFO - Created Permission View: can read on DAG:example_short_circuit_operator
[2025-01-26T13:54:37.974+0000] {logging_mixin.py:190} INFO - [2025-01-26T13:54:37.974+0000] {override.py:1911} INFO - Created Permission View: can edit on DAG:example_short_circuit_operator
[2025-01-26T13:54:37.980+0000] {logging_mixin.py:190} INFO - [2025-01-26T13:54:37.980+0000] {override.py:1911} INFO - Created Permission View: can create on DAG Run:example_short_circuit_operator
[2025-01-26T13:54:37.983+0000] {logging_mixin.py:190} INFO - [2025-01-26T13:54:37.983+0000] {override.py:1911} INFO - Created Permission View: can delete on DAG Run:example_short_circuit_operator
[2025-01-26T13:54:37.986+0000] {logging_mixin.py:190} INFO - [2025-01-26T13:54:37.985+0000] {override.py:1911} INFO - Created Permission View: can read on DAG Run:example_short_circuit_operator
[2025-01-26T13:54:37.988+0000] {logging_mixin.py:190} INFO - [2025-01-26T13:54:37.988+0000] {override.py:1911} INFO - Created Permission View: menu access on DAG Run:example_short_circuit_operator
[2025-01-26T13:54:37.989+0000] {logging_mixin.py:190} INFO - [2025-01-26T13:54:37.989+0000] {dag.py:3239} INFO - Sync 1 DAGs
[2025-01-26T13:54:37.996+0000] {logging_mixin.py:190} INFO - [2025-01-26T13:54:37.996+0000] {dag.py:3262} INFO - Creating ORM DAG for example_short_circuit_operator
[2025-01-26T13:54:37.996+0000] {logging_mixin.py:190} INFO - [2025-01-26T13:54:37.996+0000] {dag.py:4180} INFO - Setting next_dagrun for example_short_circuit_operator to None, run_after=None
[2025-01-26T13:54:38.005+0000] {processor.py:208} INFO - Processing /home/airflow/.local/lib/python3.12/site-packages/airflow/example_dags/example_short_circuit_operator.py took 0.109 seconds
[2025-01-26T13:55:08.182+0000] {processor.py:186} INFO - Started process (PID=156) to work on /home/airflow/.local/lib/python3.12/site-packages/airflow/example_dags/example_short_circuit_operator.py
[2025-01-26T13:55:08.183+0000] {processor.py:914} INFO - Processing file /home/airflow/.local/lib/python3.12/site-packages/airflow/example_dags/example_short_circuit_operator.py for tasks to queue
[2025-01-26T13:55:08.184+0000] {logging_mixin.py:190} INFO - [2025-01-26T13:55:08.184+0000] {dagbag.py:588} INFO - Filling up the DagBag from /home/airflow/.local/lib/python3.12/site-packages/airflow/example_dags/example_short_circuit_operator.py
[2025-01-26T13:55:08.189+0000] {processor.py:925} INFO - DAG(s) 'example_short_circuit_operator' retrieved from /home/airflow/.local/lib/python3.12/site-packages/airflow/example_dags/example_short_circuit_operator.py
[2025-01-26T13:55:08.204+0000] {logging_mixin.py:190} INFO - [2025-01-26T13:55:08.204+0000] {dag.py:3239} INFO - Sync 1 DAGs
[2025-01-26T13:55:08.213+0000] {logging_mixin.py:190} INFO - [2025-01-26T13:55:08.213+0000] {dag.py:4180} INFO - Setting next_dagrun for example_short_circuit_operator to None, run_after=None
[2025-01-26T13:55:08.224+0000] {processor.py:208} INFO - Processing /home/airflow/.local/lib/python3.12/site-packages/airflow/example_dags/example_short_circuit_operator.py took 0.046 seconds
[2025-01-26T13:55:38.334+0000] {processor.py:186} INFO - Started process (PID=218) to work on /home/airflow/.local/lib/python3.12/site-packages/airflow/example_dags/example_short_circuit_operator.py
[2025-01-26T13:55:38.334+0000] {processor.py:914} INFO - Processing file /home/airflow/.local/lib/python3.12/site-packages/airflow/example_dags/example_short_circuit_operator.py for tasks to queue
[2025-01-26T13:55:38.335+0000] {logging_mixin.py:190} INFO - [2025-01-26T13:55:38.335+0000] {dagbag.py:588} INFO - Filling up the DagBag from /home/airflow/.local/lib/python3.12/site-packages/airflow/example_dags/example_short_circuit_operator.py
[2025-01-26T13:55:38.340+0000] {processor.py:925} INFO - DAG(s) 'example_short_circuit_operator' retrieved from /home/airflow/.local/lib/python3.12/site-packages/airflow/example_dags/example_short_circuit_operator.py
[2025-01-26T13:55:38.354+0000] {logging_mixin.py:190} INFO - [2025-01-26T13:55:38.354+0000] {dag.py:3239} INFO - Sync 1 DAGs
[2025-01-26T13:55:38.364+0000] {logging_mixin.py:190} INFO - [2025-01-26T13:55:38.364+0000] {dag.py:4180} INFO - Setting next_dagrun for example_short_circuit_operator to None, run_after=None
[2025-01-26T13:55:38.381+0000] {processor.py:208} INFO - Processing /home/airflow/.local/lib/python3.12/site-packages/airflow/example_dags/example_short_circuit_operator.py took 0.051 seconds
[2025-01-26T13:56:08.610+0000] {processor.py:186} INFO - Started process (PID=280) to work on /home/airflow/.local/lib/python3.12/site-packages/airflow/example_dags/example_short_circuit_operator.py
[2025-01-26T13:56:08.611+0000] {processor.py:914} INFO - Processing file /home/airflow/.local/lib/python3.12/site-packages/airflow/example_dags/example_short_circuit_operator.py for tasks to queue
[2025-01-26T13:56:08.612+0000] {logging_mixin.py:190} INFO - [2025-01-26T13:56:08.612+0000] {dagbag.py:588} INFO - Filling up the DagBag from /home/airflow/.local/lib/python3.12/site-packages/airflow/example_dags/example_short_circuit_operator.py
[2025-01-26T13:56:08.619+0000] {processor.py:925} INFO - DAG(s) 'example_short_circuit_operator' retrieved from /home/airflow/.local/lib/python3.12/site-packages/airflow/example_dags/example_short_circuit_operator.py
[2025-01-26T13:56:08.632+0000] {logging_mixin.py:190} INFO - [2025-01-26T13:56:08.632+0000] {dag.py:3239} INFO - Sync 1 DAGs
[2025-01-26T13:56:08.639+0000] {logging_mixin.py:190} INFO - [2025-01-26T13:56:08.639+0000] {dag.py:4180} INFO - Setting next_dagrun for example_short_circuit_operator to None, run_after=None
[2025-01-26T13:56:08.648+0000] {processor.py:208} INFO - Processing /home/airflow/.local/lib/python3.12/site-packages/airflow/example_dags/example_short_circuit_operator.py took 0.041 seconds
[2025-01-26T13:56:40.221+0000] {processor.py:186} INFO - Started process (PID=344) to work on /home/airflow/.local/lib/python3.12/site-packages/airflow/example_dags/example_short_circuit_operator.py
[2025-01-26T13:56:40.222+0000] {processor.py:914} INFO - Processing file /home/airflow/.local/lib/python3.12/site-packages/airflow/example_dags/example_short_circuit_operator.py for tasks to queue
[2025-01-26T13:56:40.224+0000] {logging_mixin.py:190} INFO - [2025-01-26T13:56:40.224+0000] {dagbag.py:588} INFO - Filling up the DagBag from /home/airflow/.local/lib/python3.12/site-packages/airflow/example_dags/example_short_circuit_operator.py
[2025-01-26T13:56:40.230+0000] {processor.py:925} INFO - DAG(s) 'example_short_circuit_operator' retrieved from /home/airflow/.local/lib/python3.12/site-packages/airflow/example_dags/example_short_circuit_operator.py
[2025-01-26T13:56:40.243+0000] {logging_mixin.py:190} INFO - [2025-01-26T13:56:40.243+0000] {dag.py:3239} INFO - Sync 1 DAGs
[2025-01-26T13:56:40.252+0000] {logging_mixin.py:190} INFO - [2025-01-26T13:56:40.251+0000] {dag.py:4180} INFO - Setting next_dagrun for example_short_circuit_operator to None, run_after=None
[2025-01-26T13:56:40.262+0000] {processor.py:208} INFO - Processing /home/airflow/.local/lib/python3.12/site-packages/airflow/example_dags/example_short_circuit_operator.py took 0.046 seconds
[2025-01-26T13:57:11.151+0000] {processor.py:186} INFO - Started process (PID=407) to work on /home/airflow/.local/lib/python3.12/site-packages/airflow/example_dags/example_short_circuit_operator.py
[2025-01-26T13:57:11.152+0000] {processor.py:914} INFO - Processing file /home/airflow/.local/lib/python3.12/site-packages/airflow/example_dags/example_short_circuit_operator.py for tasks to queue
[2025-01-26T13:57:11.156+0000] {logging_mixin.py:190} INFO - [2025-01-26T13:57:11.155+0000] {dagbag.py:588} INFO - Filling up the DagBag from /home/airflow/.local/lib/python3.12/site-packages/airflow/example_dags/example_short_circuit_operator.py
[2025-01-26T13:57:11.161+0000] {processor.py:925} INFO - DAG(s) 'example_short_circuit_operator' retrieved from /home/airflow/.local/lib/python3.12/site-packages/airflow/example_dags/example_short_circuit_operator.py
[2025-01-26T13:57:11.176+0000] {logging_mixin.py:190} INFO - [2025-01-26T13:57:11.176+0000] {dag.py:3239} INFO - Sync 1 DAGs
[2025-01-26T13:57:11.183+0000] {logging_mixin.py:190} INFO - [2025-01-26T13:57:11.183+0000] {dag.py:4180} INFO - Setting next_dagrun for example_short_circuit_operator to None, run_after=None
[2025-01-26T13:57:11.193+0000] {processor.py:208} INFO - Processing /home/airflow/.local/lib/python3.12/site-packages/airflow/example_dags/example_short_circuit_operator.py took 0.046 seconds
[2025-01-26T13:57:41.710+0000] {processor.py:186} INFO - Started process (PID=470) to work on /home/airflow/.local/lib/python3.12/site-packages/airflow/example_dags/example_short_circuit_operator.py
[2025-01-26T13:57:41.711+0000] {processor.py:914} INFO - Processing file /home/airflow/.local/lib/python3.12/site-packages/airflow/example_dags/example_short_circuit_operator.py for tasks to queue
[2025-01-26T13:57:41.712+0000] {logging_mixin.py:190} INFO - [2025-01-26T13:57:41.712+0000] {dagbag.py:588} INFO - Filling up the DagBag from /home/airflow/.local/lib/python3.12/site-packages/airflow/example_dags/example_short_circuit_operator.py
[2025-01-26T13:57:41.717+0000] {processor.py:925} INFO - DAG(s) 'example_short_circuit_operator' retrieved from /home/airflow/.local/lib/python3.12/site-packages/airflow/example_dags/example_short_circuit_operator.py
[2025-01-26T13:57:41.730+0000] {logging_mixin.py:190} INFO - [2025-01-26T13:57:41.730+0000] {dag.py:3239} INFO - Sync 1 DAGs
[2025-01-26T13:57:41.737+0000] {logging_mixin.py:190} INFO - [2025-01-26T13:57:41.737+0000] {dag.py:4180} INFO - Setting next_dagrun for example_short_circuit_operator to None, run_after=None
[2025-01-26T13:57:41.745+0000] {processor.py:208} INFO - Processing /home/airflow/.local/lib/python3.12/site-packages/airflow/example_dags/example_short_circuit_operator.py took 0.039 seconds
[2025-01-26T13:58:12.901+0000] {processor.py:186} INFO - Started process (PID=533) to work on /home/airflow/.local/lib/python3.12/site-packages/airflow/example_dags/example_short_circuit_operator.py
[2025-01-26T13:58:12.902+0000] {processor.py:914} INFO - Processing file /home/airflow/.local/lib/python3.12/site-packages/airflow/example_dags/example_short_circuit_operator.py for tasks to queue
[2025-01-26T13:58:12.903+0000] {logging_mixin.py:190} INFO - [2025-01-26T13:58:12.903+0000] {dagbag.py:588} INFO - Filling up the DagBag from /home/airflow/.local/lib/python3.12/site-packages/airflow/example_dags/example_short_circuit_operator.py
[2025-01-26T13:58:12.908+0000] {processor.py:925} INFO - DAG(s) 'example_short_circuit_operator' retrieved from /home/airflow/.local/lib/python3.12/site-packages/airflow/example_dags/example_short_circuit_operator.py
[2025-01-26T13:58:12.920+0000] {logging_mixin.py:190} INFO - [2025-01-26T13:58:12.920+0000] {dag.py:3239} INFO - Sync 1 DAGs
[2025-01-26T13:58:12.927+0000] {logging_mixin.py:190} INFO - [2025-01-26T13:58:12.927+0000] {dag.py:4180} INFO - Setting next_dagrun for example_short_circuit_operator to None, run_after=None
[2025-01-26T13:58:12.936+0000] {processor.py:208} INFO - Processing /home/airflow/.local/lib/python3.12/site-packages/airflow/example_dags/example_short_circuit_operator.py took 0.039 seconds
[2025-01-26T13:58:44.349+0000] {processor.py:186} INFO - Started process (PID=596) to work on /home/airflow/.local/lib/python3.12/site-packages/airflow/example_dags/example_short_circuit_operator.py
[2025-01-26T13:58:44.350+0000] {processor.py:914} INFO - Processing file /home/airflow/.local/lib/python3.12/site-packages/airflow/example_dags/example_short_circuit_operator.py for tasks to queue
[2025-01-26T13:58:44.354+0000] {logging_mixin.py:190} INFO - [2025-01-26T13:58:44.354+0000] {dagbag.py:588} INFO - Filling up the DagBag from /home/airflow/.local/lib/python3.12/site-packages/airflow/example_dags/example_short_circuit_operator.py
[2025-01-26T13:58:44.363+0000] {processor.py:925} INFO - DAG(s) 'example_short_circuit_operator' retrieved from /home/airflow/.local/lib/python3.12/site-packages/airflow/example_dags/example_short_circuit_operator.py
[2025-01-26T13:58:44.380+0000] {logging_mixin.py:190} INFO - [2025-01-26T13:58:44.380+0000] {dag.py:3239} INFO - Sync 1 DAGs
[2025-01-26T13:58:44.392+0000] {logging_mixin.py:190} INFO - [2025-01-26T13:58:44.392+0000] {dag.py:4180} INFO - Setting next_dagrun for example_short_circuit_operator to None, run_after=None
[2025-01-26T13:58:44.403+0000] {processor.py:208} INFO - Processing /home/airflow/.local/lib/python3.12/site-packages/airflow/example_dags/example_short_circuit_operator.py took 0.060 seconds
[2025-01-26T13:59:15.638+0000] {processor.py:186} INFO - Started process (PID=659) to work on /home/airflow/.local/lib/python3.12/site-packages/airflow/example_dags/example_short_circuit_operator.py
[2025-01-26T13:59:15.639+0000] {processor.py:914} INFO - Processing file /home/airflow/.local/lib/python3.12/site-packages/airflow/example_dags/example_short_circuit_operator.py for tasks to queue
[2025-01-26T13:59:15.640+0000] {logging_mixin.py:190} INFO - [2025-01-26T13:59:15.640+0000] {dagbag.py:588} INFO - Filling up the DagBag from /home/airflow/.local/lib/python3.12/site-packages/airflow/example_dags/example_short_circuit_operator.py
[2025-01-26T13:59:15.645+0000] {processor.py:925} INFO - DAG(s) 'example_short_circuit_operator' retrieved from /home/airflow/.local/lib/python3.12/site-packages/airflow/example_dags/example_short_circuit_operator.py
[2025-01-26T13:59:15.657+0000] {logging_mixin.py:190} INFO - [2025-01-26T13:59:15.657+0000] {dag.py:3239} INFO - Sync 1 DAGs
[2025-01-26T13:59:15.663+0000] {logging_mixin.py:190} INFO - [2025-01-26T13:59:15.663+0000] {dag.py:4180} INFO - Setting next_dagrun for example_short_circuit_operator to None, run_after=None
[2025-01-26T13:59:15.673+0000] {processor.py:208} INFO - Processing /home/airflow/.local/lib/python3.12/site-packages/airflow/example_dags/example_short_circuit_operator.py took 0.038 seconds
