[2025-01-26T13:54:38.859+0000] {processor.py:186} INFO - Started process (PID=104) to work on /home/airflow/.local/lib/python3.12/site-packages/airflow/example_dags/example_nested_branch_dag.py
[2025-01-26T13:54:38.860+0000] {processor.py:914} INFO - Processing file /home/airflow/.local/lib/python3.12/site-packages/airflow/example_dags/example_nested_branch_dag.py for tasks to queue
[2025-01-26T13:54:38.861+0000] {logging_mixin.py:190} INFO - [2025-01-26T13:54:38.861+0000] {dagbag.py:588} INFO - Filling up the DagBag from /home/airflow/.local/lib/python3.12/site-packages/airflow/example_dags/example_nested_branch_dag.py
[2025-01-26T13:54:38.868+0000] {processor.py:925} INFO - DAG(s) 'example_nested_branch_dag' retrieved from /home/airflow/.local/lib/python3.12/site-packages/airflow/example_dags/example_nested_branch_dag.py
[2025-01-26T13:54:38.921+0000] {logging_mixin.py:190} INFO - [2025-01-26T13:54:38.921+0000] {override.py:1911} INFO - Created Permission View: can delete on DAG:example_nested_branch_dag
[2025-01-26T13:54:38.926+0000] {logging_mixin.py:190} INFO - [2025-01-26T13:54:38.926+0000] {override.py:1911} INFO - Created Permission View: can read on DAG:example_nested_branch_dag
[2025-01-26T13:54:38.929+0000] {logging_mixin.py:190} INFO - [2025-01-26T13:54:38.928+0000] {override.py:1911} INFO - Created Permission View: can edit on DAG:example_nested_branch_dag
[2025-01-26T13:54:38.933+0000] {logging_mixin.py:190} INFO - [2025-01-26T13:54:38.933+0000] {override.py:1911} INFO - Created Permission View: can create on DAG Run:example_nested_branch_dag
[2025-01-26T13:54:38.935+0000] {logging_mixin.py:190} INFO - [2025-01-26T13:54:38.935+0000] {override.py:1911} INFO - Created Permission View: can delete on DAG Run:example_nested_branch_dag
[2025-01-26T13:54:38.939+0000] {logging_mixin.py:190} INFO - [2025-01-26T13:54:38.939+0000] {override.py:1911} INFO - Created Permission View: can read on DAG Run:example_nested_branch_dag
[2025-01-26T13:54:38.942+0000] {logging_mixin.py:190} INFO - [2025-01-26T13:54:38.942+0000] {override.py:1911} INFO - Created Permission View: menu access on DAG Run:example_nested_branch_dag
[2025-01-26T13:54:38.942+0000] {logging_mixin.py:190} INFO - [2025-01-26T13:54:38.942+0000] {dag.py:3239} INFO - Sync 1 DAGs
[2025-01-26T13:54:38.948+0000] {logging_mixin.py:190} INFO - [2025-01-26T13:54:38.948+0000] {dag.py:3262} INFO - Creating ORM DAG for example_nested_branch_dag
[2025-01-26T13:54:38.953+0000] {logging_mixin.py:190} INFO - [2025-01-26T13:54:38.953+0000] {dag.py:4180} INFO - Setting next_dagrun for example_nested_branch_dag to 2025-01-25 00:00:00+00:00, run_after=2025-01-26 00:00:00+00:00
[2025-01-26T13:54:38.962+0000] {processor.py:208} INFO - Processing /home/airflow/.local/lib/python3.12/site-packages/airflow/example_dags/example_nested_branch_dag.py took 0.106 seconds
[2025-01-26T13:55:09.738+0000] {processor.py:186} INFO - Started process (PID=167) to work on /home/airflow/.local/lib/python3.12/site-packages/airflow/example_dags/example_nested_branch_dag.py
[2025-01-26T13:55:09.738+0000] {processor.py:914} INFO - Processing file /home/airflow/.local/lib/python3.12/site-packages/airflow/example_dags/example_nested_branch_dag.py for tasks to queue
[2025-01-26T13:55:09.740+0000] {logging_mixin.py:190} INFO - [2025-01-26T13:55:09.740+0000] {dagbag.py:588} INFO - Filling up the DagBag from /home/airflow/.local/lib/python3.12/site-packages/airflow/example_dags/example_nested_branch_dag.py
[2025-01-26T13:55:09.747+0000] {processor.py:925} INFO - DAG(s) 'example_nested_branch_dag' retrieved from /home/airflow/.local/lib/python3.12/site-packages/airflow/example_dags/example_nested_branch_dag.py
[2025-01-26T13:55:09.760+0000] {logging_mixin.py:190} INFO - [2025-01-26T13:55:09.760+0000] {dag.py:3239} INFO - Sync 1 DAGs
[2025-01-26T13:55:09.772+0000] {logging_mixin.py:190} INFO - [2025-01-26T13:55:09.772+0000] {dag.py:4180} INFO - Setting next_dagrun for example_nested_branch_dag to 2025-01-25 00:00:00+00:00, run_after=2025-01-26 00:00:00+00:00
[2025-01-26T13:55:09.781+0000] {processor.py:208} INFO - Processing /home/airflow/.local/lib/python3.12/site-packages/airflow/example_dags/example_nested_branch_dag.py took 0.048 seconds
[2025-01-26T13:55:39.840+0000] {processor.py:186} INFO - Started process (PID=229) to work on /home/airflow/.local/lib/python3.12/site-packages/airflow/example_dags/example_nested_branch_dag.py
[2025-01-26T13:55:39.840+0000] {processor.py:914} INFO - Processing file /home/airflow/.local/lib/python3.12/site-packages/airflow/example_dags/example_nested_branch_dag.py for tasks to queue
[2025-01-26T13:55:39.842+0000] {logging_mixin.py:190} INFO - [2025-01-26T13:55:39.841+0000] {dagbag.py:588} INFO - Filling up the DagBag from /home/airflow/.local/lib/python3.12/site-packages/airflow/example_dags/example_nested_branch_dag.py
[2025-01-26T13:55:39.847+0000] {processor.py:925} INFO - DAG(s) 'example_nested_branch_dag' retrieved from /home/airflow/.local/lib/python3.12/site-packages/airflow/example_dags/example_nested_branch_dag.py
[2025-01-26T13:55:39.859+0000] {logging_mixin.py:190} INFO - [2025-01-26T13:55:39.859+0000] {dag.py:3239} INFO - Sync 1 DAGs
[2025-01-26T13:55:39.871+0000] {logging_mixin.py:190} INFO - [2025-01-26T13:55:39.871+0000] {dag.py:4180} INFO - Setting next_dagrun for example_nested_branch_dag to 2025-01-25 00:00:00+00:00, run_after=2025-01-26 00:00:00+00:00
[2025-01-26T13:55:39.879+0000] {processor.py:208} INFO - Processing /home/airflow/.local/lib/python3.12/site-packages/airflow/example_dags/example_nested_branch_dag.py took 0.043 seconds
[2025-01-26T13:56:09.955+0000] {processor.py:186} INFO - Started process (PID=291) to work on /home/airflow/.local/lib/python3.12/site-packages/airflow/example_dags/example_nested_branch_dag.py
[2025-01-26T13:56:09.956+0000] {processor.py:914} INFO - Processing file /home/airflow/.local/lib/python3.12/site-packages/airflow/example_dags/example_nested_branch_dag.py for tasks to queue
[2025-01-26T13:56:09.957+0000] {logging_mixin.py:190} INFO - [2025-01-26T13:56:09.957+0000] {dagbag.py:588} INFO - Filling up the DagBag from /home/airflow/.local/lib/python3.12/site-packages/airflow/example_dags/example_nested_branch_dag.py
[2025-01-26T13:56:09.964+0000] {processor.py:925} INFO - DAG(s) 'example_nested_branch_dag' retrieved from /home/airflow/.local/lib/python3.12/site-packages/airflow/example_dags/example_nested_branch_dag.py
[2025-01-26T13:56:09.975+0000] {logging_mixin.py:190} INFO - [2025-01-26T13:56:09.975+0000] {dag.py:3239} INFO - Sync 1 DAGs
[2025-01-26T13:56:09.990+0000] {logging_mixin.py:190} INFO - [2025-01-26T13:56:09.990+0000] {dag.py:4180} INFO - Setting next_dagrun for example_nested_branch_dag to 2025-01-25 00:00:00+00:00, run_after=2025-01-26 00:00:00+00:00
[2025-01-26T13:56:10.000+0000] {processor.py:208} INFO - Processing /home/airflow/.local/lib/python3.12/site-packages/airflow/example_dags/example_nested_branch_dag.py took 0.048 seconds
[2025-01-26T13:56:40.533+0000] {processor.py:186} INFO - Started process (PID=354) to work on /home/airflow/.local/lib/python3.12/site-packages/airflow/example_dags/example_nested_branch_dag.py
[2025-01-26T13:56:40.534+0000] {processor.py:914} INFO - Processing file /home/airflow/.local/lib/python3.12/site-packages/airflow/example_dags/example_nested_branch_dag.py for tasks to queue
[2025-01-26T13:56:40.537+0000] {logging_mixin.py:190} INFO - [2025-01-26T13:56:40.536+0000] {dagbag.py:588} INFO - Filling up the DagBag from /home/airflow/.local/lib/python3.12/site-packages/airflow/example_dags/example_nested_branch_dag.py
[2025-01-26T13:56:40.544+0000] {processor.py:925} INFO - DAG(s) 'example_nested_branch_dag' retrieved from /home/airflow/.local/lib/python3.12/site-packages/airflow/example_dags/example_nested_branch_dag.py
[2025-01-26T13:56:40.556+0000] {logging_mixin.py:190} INFO - [2025-01-26T13:56:40.556+0000] {dag.py:3239} INFO - Sync 1 DAGs
[2025-01-26T13:56:40.570+0000] {logging_mixin.py:190} INFO - [2025-01-26T13:56:40.570+0000] {dag.py:4180} INFO - Setting next_dagrun for example_nested_branch_dag to 2025-01-25 00:00:00+00:00, run_after=2025-01-26 00:00:00+00:00
[2025-01-26T13:56:40.582+0000] {processor.py:208} INFO - Processing /home/airflow/.local/lib/python3.12/site-packages/airflow/example_dags/example_nested_branch_dag.py took 0.052 seconds
[2025-01-26T13:57:11.621+0000] {processor.py:186} INFO - Started process (PID=417) to work on /home/airflow/.local/lib/python3.12/site-packages/airflow/example_dags/example_nested_branch_dag.py
[2025-01-26T13:57:11.623+0000] {processor.py:914} INFO - Processing file /home/airflow/.local/lib/python3.12/site-packages/airflow/example_dags/example_nested_branch_dag.py for tasks to queue
[2025-01-26T13:57:11.625+0000] {logging_mixin.py:190} INFO - [2025-01-26T13:57:11.625+0000] {dagbag.py:588} INFO - Filling up the DagBag from /home/airflow/.local/lib/python3.12/site-packages/airflow/example_dags/example_nested_branch_dag.py
[2025-01-26T13:57:11.638+0000] {processor.py:925} INFO - DAG(s) 'example_nested_branch_dag' retrieved from /home/airflow/.local/lib/python3.12/site-packages/airflow/example_dags/example_nested_branch_dag.py
[2025-01-26T13:57:11.660+0000] {logging_mixin.py:190} INFO - [2025-01-26T13:57:11.659+0000] {dag.py:3239} INFO - Sync 1 DAGs
[2025-01-26T13:57:11.678+0000] {logging_mixin.py:190} INFO - [2025-01-26T13:57:11.678+0000] {dag.py:4180} INFO - Setting next_dagrun for example_nested_branch_dag to 2025-01-25 00:00:00+00:00, run_after=2025-01-26 00:00:00+00:00
[2025-01-26T13:57:11.691+0000] {processor.py:208} INFO - Processing /home/airflow/.local/lib/python3.12/site-packages/airflow/example_dags/example_nested_branch_dag.py took 0.076 seconds
[2025-01-26T13:57:42.059+0000] {processor.py:186} INFO - Started process (PID=480) to work on /home/airflow/.local/lib/python3.12/site-packages/airflow/example_dags/example_nested_branch_dag.py
[2025-01-26T13:57:42.060+0000] {processor.py:914} INFO - Processing file /home/airflow/.local/lib/python3.12/site-packages/airflow/example_dags/example_nested_branch_dag.py for tasks to queue
[2025-01-26T13:57:42.062+0000] {logging_mixin.py:190} INFO - [2025-01-26T13:57:42.061+0000] {dagbag.py:588} INFO - Filling up the DagBag from /home/airflow/.local/lib/python3.12/site-packages/airflow/example_dags/example_nested_branch_dag.py
[2025-01-26T13:57:42.069+0000] {processor.py:925} INFO - DAG(s) 'example_nested_branch_dag' retrieved from /home/airflow/.local/lib/python3.12/site-packages/airflow/example_dags/example_nested_branch_dag.py
[2025-01-26T13:57:42.083+0000] {logging_mixin.py:190} INFO - [2025-01-26T13:57:42.083+0000] {dag.py:3239} INFO - Sync 1 DAGs
[2025-01-26T13:57:42.096+0000] {logging_mixin.py:190} INFO - [2025-01-26T13:57:42.096+0000] {dag.py:4180} INFO - Setting next_dagrun for example_nested_branch_dag to 2025-01-25 00:00:00+00:00, run_after=2025-01-26 00:00:00+00:00
[2025-01-26T13:57:42.105+0000] {processor.py:208} INFO - Processing /home/airflow/.local/lib/python3.12/site-packages/airflow/example_dags/example_nested_branch_dag.py took 0.050 seconds
[2025-01-26T13:58:13.191+0000] {processor.py:186} INFO - Started process (PID=543) to work on /home/airflow/.local/lib/python3.12/site-packages/airflow/example_dags/example_nested_branch_dag.py
[2025-01-26T13:58:13.192+0000] {processor.py:914} INFO - Processing file /home/airflow/.local/lib/python3.12/site-packages/airflow/example_dags/example_nested_branch_dag.py for tasks to queue
[2025-01-26T13:58:13.194+0000] {logging_mixin.py:190} INFO - [2025-01-26T13:58:13.193+0000] {dagbag.py:588} INFO - Filling up the DagBag from /home/airflow/.local/lib/python3.12/site-packages/airflow/example_dags/example_nested_branch_dag.py
[2025-01-26T13:58:13.200+0000] {processor.py:925} INFO - DAG(s) 'example_nested_branch_dag' retrieved from /home/airflow/.local/lib/python3.12/site-packages/airflow/example_dags/example_nested_branch_dag.py
[2025-01-26T13:58:13.211+0000] {logging_mixin.py:190} INFO - [2025-01-26T13:58:13.211+0000] {dag.py:3239} INFO - Sync 1 DAGs
[2025-01-26T13:58:13.225+0000] {logging_mixin.py:190} INFO - [2025-01-26T13:58:13.225+0000] {dag.py:4180} INFO - Setting next_dagrun for example_nested_branch_dag to 2025-01-25 00:00:00+00:00, run_after=2025-01-26 00:00:00+00:00
[2025-01-26T13:58:13.237+0000] {processor.py:208} INFO - Processing /home/airflow/.local/lib/python3.12/site-packages/airflow/example_dags/example_nested_branch_dag.py took 0.050 seconds
[2025-01-26T13:58:44.726+0000] {processor.py:186} INFO - Started process (PID=606) to work on /home/airflow/.local/lib/python3.12/site-packages/airflow/example_dags/example_nested_branch_dag.py
[2025-01-26T13:58:44.730+0000] {processor.py:914} INFO - Processing file /home/airflow/.local/lib/python3.12/site-packages/airflow/example_dags/example_nested_branch_dag.py for tasks to queue
[2025-01-26T13:58:44.732+0000] {logging_mixin.py:190} INFO - [2025-01-26T13:58:44.732+0000] {dagbag.py:588} INFO - Filling up the DagBag from /home/airflow/.local/lib/python3.12/site-packages/airflow/example_dags/example_nested_branch_dag.py
[2025-01-26T13:58:44.740+0000] {processor.py:925} INFO - DAG(s) 'example_nested_branch_dag' retrieved from /home/airflow/.local/lib/python3.12/site-packages/airflow/example_dags/example_nested_branch_dag.py
[2025-01-26T13:58:44.752+0000] {logging_mixin.py:190} INFO - [2025-01-26T13:58:44.752+0000] {dag.py:3239} INFO - Sync 1 DAGs
[2025-01-26T13:58:44.764+0000] {logging_mixin.py:190} INFO - [2025-01-26T13:58:44.764+0000] {dag.py:4180} INFO - Setting next_dagrun for example_nested_branch_dag to 2025-01-25 00:00:00+00:00, run_after=2025-01-26 00:00:00+00:00
[2025-01-26T13:58:44.773+0000] {processor.py:208} INFO - Processing /home/airflow/.local/lib/python3.12/site-packages/airflow/example_dags/example_nested_branch_dag.py took 0.050 seconds
[2025-01-26T13:59:15.976+0000] {processor.py:186} INFO - Started process (PID=669) to work on /home/airflow/.local/lib/python3.12/site-packages/airflow/example_dags/example_nested_branch_dag.py
[2025-01-26T13:59:15.976+0000] {processor.py:914} INFO - Processing file /home/airflow/.local/lib/python3.12/site-packages/airflow/example_dags/example_nested_branch_dag.py for tasks to queue
[2025-01-26T13:59:15.978+0000] {logging_mixin.py:190} INFO - [2025-01-26T13:59:15.978+0000] {dagbag.py:588} INFO - Filling up the DagBag from /home/airflow/.local/lib/python3.12/site-packages/airflow/example_dags/example_nested_branch_dag.py
[2025-01-26T13:59:15.988+0000] {processor.py:925} INFO - DAG(s) 'example_nested_branch_dag' retrieved from /home/airflow/.local/lib/python3.12/site-packages/airflow/example_dags/example_nested_branch_dag.py
[2025-01-26T13:59:16.002+0000] {logging_mixin.py:190} INFO - [2025-01-26T13:59:16.002+0000] {dag.py:3239} INFO - Sync 1 DAGs
[2025-01-26T13:59:16.015+0000] {logging_mixin.py:190} INFO - [2025-01-26T13:59:16.015+0000] {dag.py:4180} INFO - Setting next_dagrun for example_nested_branch_dag to 2025-01-25 00:00:00+00:00, run_after=2025-01-26 00:00:00+00:00
[2025-01-26T13:59:16.026+0000] {processor.py:208} INFO - Processing /home/airflow/.local/lib/python3.12/site-packages/airflow/example_dags/example_nested_branch_dag.py took 0.055 seconds
