[2025-01-26T13:54:38.727+0000] {processor.py:186} INFO - Started process (PID=102) to work on /home/airflow/.local/lib/python3.12/site-packages/airflow/example_dags/example_sensors.py
[2025-01-26T13:54:38.729+0000] {processor.py:914} INFO - Processing file /home/airflow/.local/lib/python3.12/site-packages/airflow/example_dags/example_sensors.py for tasks to queue
[2025-01-26T13:54:38.731+0000] {logging_mixin.py:190} INFO - [2025-01-26T13:54:38.731+0000] {dagbag.py:588} INFO - Filling up the DagBag from /home/airflow/.local/lib/python3.12/site-packages/airflow/example_dags/example_sensors.py
[2025-01-26T13:54:38.741+0000] {processor.py:925} INFO - DAG(s) 'example_sensors' retrieved from /home/airflow/.local/lib/python3.12/site-packages/airflow/example_dags/example_sensors.py
[2025-01-26T13:54:38.799+0000] {logging_mixin.py:190} INFO - [2025-01-26T13:54:38.798+0000] {override.py:1911} INFO - Created Permission View: can delete on DAG:example_sensors
[2025-01-26T13:54:38.806+0000] {logging_mixin.py:190} INFO - [2025-01-26T13:54:38.805+0000] {override.py:1911} INFO - Created Permission View: can read on DAG:example_sensors
[2025-01-26T13:54:38.809+0000] {logging_mixin.py:190} INFO - [2025-01-26T13:54:38.808+0000] {override.py:1911} INFO - Created Permission View: can edit on DAG:example_sensors
[2025-01-26T13:54:38.812+0000] {logging_mixin.py:190} INFO - [2025-01-26T13:54:38.812+0000] {override.py:1911} INFO - Created Permission View: can create on DAG Run:example_sensors
[2025-01-26T13:54:38.815+0000] {logging_mixin.py:190} INFO - [2025-01-26T13:54:38.815+0000] {override.py:1911} INFO - Created Permission View: can delete on DAG Run:example_sensors
[2025-01-26T13:54:38.818+0000] {logging_mixin.py:190} INFO - [2025-01-26T13:54:38.818+0000] {override.py:1911} INFO - Created Permission View: can read on DAG Run:example_sensors
[2025-01-26T13:54:38.821+0000] {logging_mixin.py:190} INFO - [2025-01-26T13:54:38.821+0000] {override.py:1911} INFO - Created Permission View: menu access on DAG Run:example_sensors
[2025-01-26T13:54:38.821+0000] {logging_mixin.py:190} INFO - [2025-01-26T13:54:38.821+0000] {dag.py:3239} INFO - Sync 1 DAGs
[2025-01-26T13:54:38.828+0000] {logging_mixin.py:190} INFO - [2025-01-26T13:54:38.827+0000] {dag.py:3262} INFO - Creating ORM DAG for example_sensors
[2025-01-26T13:54:38.828+0000] {logging_mixin.py:190} INFO - [2025-01-26T13:54:38.828+0000] {dag.py:4180} INFO - Setting next_dagrun for example_sensors to None, run_after=None
[2025-01-26T13:54:38.839+0000] {processor.py:208} INFO - Processing /home/airflow/.local/lib/python3.12/site-packages/airflow/example_dags/example_sensors.py took 0.118 seconds
[2025-01-26T13:55:09.646+0000] {processor.py:186} INFO - Started process (PID=165) to work on /home/airflow/.local/lib/python3.12/site-packages/airflow/example_dags/example_sensors.py
[2025-01-26T13:55:09.647+0000] {processor.py:914} INFO - Processing file /home/airflow/.local/lib/python3.12/site-packages/airflow/example_dags/example_sensors.py for tasks to queue
[2025-01-26T13:55:09.648+0000] {logging_mixin.py:190} INFO - [2025-01-26T13:55:09.648+0000] {dagbag.py:588} INFO - Filling up the DagBag from /home/airflow/.local/lib/python3.12/site-packages/airflow/example_dags/example_sensors.py
[2025-01-26T13:55:09.654+0000] {processor.py:925} INFO - DAG(s) 'example_sensors' retrieved from /home/airflow/.local/lib/python3.12/site-packages/airflow/example_dags/example_sensors.py
[2025-01-26T13:55:09.668+0000] {logging_mixin.py:190} INFO - [2025-01-26T13:55:09.668+0000] {dag.py:3239} INFO - Sync 1 DAGs
[2025-01-26T13:55:09.675+0000] {logging_mixin.py:190} INFO - [2025-01-26T13:55:09.675+0000] {dag.py:4180} INFO - Setting next_dagrun for example_sensors to None, run_after=None
[2025-01-26T13:55:09.684+0000] {processor.py:208} INFO - Processing /home/airflow/.local/lib/python3.12/site-packages/airflow/example_dags/example_sensors.py took 0.042 seconds
[2025-01-26T13:55:39.731+0000] {processor.py:186} INFO - Started process (PID=226) to work on /home/airflow/.local/lib/python3.12/site-packages/airflow/example_dags/example_sensors.py
[2025-01-26T13:55:39.731+0000] {processor.py:914} INFO - Processing file /home/airflow/.local/lib/python3.12/site-packages/airflow/example_dags/example_sensors.py for tasks to queue
[2025-01-26T13:55:39.733+0000] {logging_mixin.py:190} INFO - [2025-01-26T13:55:39.732+0000] {dagbag.py:588} INFO - Filling up the DagBag from /home/airflow/.local/lib/python3.12/site-packages/airflow/example_dags/example_sensors.py
[2025-01-26T13:55:39.738+0000] {processor.py:925} INFO - DAG(s) 'example_sensors' retrieved from /home/airflow/.local/lib/python3.12/site-packages/airflow/example_dags/example_sensors.py
[2025-01-26T13:55:39.753+0000] {logging_mixin.py:190} INFO - [2025-01-26T13:55:39.753+0000] {dag.py:3239} INFO - Sync 1 DAGs
[2025-01-26T13:55:39.760+0000] {logging_mixin.py:190} INFO - [2025-01-26T13:55:39.760+0000] {dag.py:4180} INFO - Setting next_dagrun for example_sensors to None, run_after=None
[2025-01-26T13:55:39.769+0000] {processor.py:208} INFO - Processing /home/airflow/.local/lib/python3.12/site-packages/airflow/example_dags/example_sensors.py took 0.042 seconds
[2025-01-26T13:56:09.883+0000] {processor.py:186} INFO - Started process (PID=289) to work on /home/airflow/.local/lib/python3.12/site-packages/airflow/example_dags/example_sensors.py
[2025-01-26T13:56:09.884+0000] {processor.py:914} INFO - Processing file /home/airflow/.local/lib/python3.12/site-packages/airflow/example_dags/example_sensors.py for tasks to queue
[2025-01-26T13:56:09.889+0000] {logging_mixin.py:190} INFO - [2025-01-26T13:56:09.889+0000] {dagbag.py:588} INFO - Filling up the DagBag from /home/airflow/.local/lib/python3.12/site-packages/airflow/example_dags/example_sensors.py
[2025-01-26T13:56:09.895+0000] {processor.py:925} INFO - DAG(s) 'example_sensors' retrieved from /home/airflow/.local/lib/python3.12/site-packages/airflow/example_dags/example_sensors.py
[2025-01-26T13:56:09.911+0000] {logging_mixin.py:190} INFO - [2025-01-26T13:56:09.911+0000] {dag.py:3239} INFO - Sync 1 DAGs
[2025-01-26T13:56:09.922+0000] {logging_mixin.py:190} INFO - [2025-01-26T13:56:09.922+0000] {dag.py:4180} INFO - Setting next_dagrun for example_sensors to None, run_after=None
[2025-01-26T13:56:09.933+0000] {processor.py:208} INFO - Processing /home/airflow/.local/lib/python3.12/site-packages/airflow/example_dags/example_sensors.py took 0.053 seconds
[2025-01-26T13:56:40.456+0000] {processor.py:186} INFO - Started process (PID=352) to work on /home/airflow/.local/lib/python3.12/site-packages/airflow/example_dags/example_sensors.py
[2025-01-26T13:56:40.460+0000] {processor.py:914} INFO - Processing file /home/airflow/.local/lib/python3.12/site-packages/airflow/example_dags/example_sensors.py for tasks to queue
[2025-01-26T13:56:40.461+0000] {logging_mixin.py:190} INFO - [2025-01-26T13:56:40.461+0000] {dagbag.py:588} INFO - Filling up the DagBag from /home/airflow/.local/lib/python3.12/site-packages/airflow/example_dags/example_sensors.py
[2025-01-26T13:56:40.470+0000] {processor.py:925} INFO - DAG(s) 'example_sensors' retrieved from /home/airflow/.local/lib/python3.12/site-packages/airflow/example_dags/example_sensors.py
[2025-01-26T13:56:40.484+0000] {logging_mixin.py:190} INFO - [2025-01-26T13:56:40.484+0000] {dag.py:3239} INFO - Sync 1 DAGs
[2025-01-26T13:56:40.493+0000] {logging_mixin.py:190} INFO - [2025-01-26T13:56:40.493+0000] {dag.py:4180} INFO - Setting next_dagrun for example_sensors to None, run_after=None
[2025-01-26T13:56:40.510+0000] {processor.py:208} INFO - Processing /home/airflow/.local/lib/python3.12/site-packages/airflow/example_dags/example_sensors.py took 0.057 seconds
[2025-01-26T13:57:11.512+0000] {processor.py:186} INFO - Started process (PID=415) to work on /home/airflow/.local/lib/python3.12/site-packages/airflow/example_dags/example_sensors.py
[2025-01-26T13:57:11.514+0000] {processor.py:914} INFO - Processing file /home/airflow/.local/lib/python3.12/site-packages/airflow/example_dags/example_sensors.py for tasks to queue
[2025-01-26T13:57:11.518+0000] {logging_mixin.py:190} INFO - [2025-01-26T13:57:11.517+0000] {dagbag.py:588} INFO - Filling up the DagBag from /home/airflow/.local/lib/python3.12/site-packages/airflow/example_dags/example_sensors.py
[2025-01-26T13:57:11.528+0000] {processor.py:925} INFO - DAG(s) 'example_sensors' retrieved from /home/airflow/.local/lib/python3.12/site-packages/airflow/example_dags/example_sensors.py
[2025-01-26T13:57:11.560+0000] {logging_mixin.py:190} INFO - [2025-01-26T13:57:11.560+0000] {dag.py:3239} INFO - Sync 1 DAGs
[2025-01-26T13:57:11.575+0000] {logging_mixin.py:190} INFO - [2025-01-26T13:57:11.575+0000] {dag.py:4180} INFO - Setting next_dagrun for example_sensors to None, run_after=None
[2025-01-26T13:57:11.588+0000] {processor.py:208} INFO - Processing /home/airflow/.local/lib/python3.12/site-packages/airflow/example_dags/example_sensors.py took 0.080 seconds
[2025-01-26T13:57:41.997+0000] {processor.py:186} INFO - Started process (PID=478) to work on /home/airflow/.local/lib/python3.12/site-packages/airflow/example_dags/example_sensors.py
[2025-01-26T13:57:41.998+0000] {processor.py:914} INFO - Processing file /home/airflow/.local/lib/python3.12/site-packages/airflow/example_dags/example_sensors.py for tasks to queue
[2025-01-26T13:57:41.999+0000] {logging_mixin.py:190} INFO - [2025-01-26T13:57:41.999+0000] {dagbag.py:588} INFO - Filling up the DagBag from /home/airflow/.local/lib/python3.12/site-packages/airflow/example_dags/example_sensors.py
[2025-01-26T13:57:42.006+0000] {processor.py:925} INFO - DAG(s) 'example_sensors' retrieved from /home/airflow/.local/lib/python3.12/site-packages/airflow/example_dags/example_sensors.py
[2025-01-26T13:57:42.023+0000] {logging_mixin.py:190} INFO - [2025-01-26T13:57:42.022+0000] {dag.py:3239} INFO - Sync 1 DAGs
[2025-01-26T13:57:42.031+0000] {logging_mixin.py:190} INFO - [2025-01-26T13:57:42.030+0000] {dag.py:4180} INFO - Setting next_dagrun for example_sensors to None, run_after=None
[2025-01-26T13:57:42.041+0000] {processor.py:208} INFO - Processing /home/airflow/.local/lib/python3.12/site-packages/airflow/example_dags/example_sensors.py took 0.048 seconds
[2025-01-26T13:58:13.135+0000] {processor.py:186} INFO - Started process (PID=541) to work on /home/airflow/.local/lib/python3.12/site-packages/airflow/example_dags/example_sensors.py
[2025-01-26T13:58:13.136+0000] {processor.py:914} INFO - Processing file /home/airflow/.local/lib/python3.12/site-packages/airflow/example_dags/example_sensors.py for tasks to queue
[2025-01-26T13:58:13.137+0000] {logging_mixin.py:190} INFO - [2025-01-26T13:58:13.137+0000] {dagbag.py:588} INFO - Filling up the DagBag from /home/airflow/.local/lib/python3.12/site-packages/airflow/example_dags/example_sensors.py
[2025-01-26T13:58:13.142+0000] {processor.py:925} INFO - DAG(s) 'example_sensors' retrieved from /home/airflow/.local/lib/python3.12/site-packages/airflow/example_dags/example_sensors.py
[2025-01-26T13:58:13.157+0000] {logging_mixin.py:190} INFO - [2025-01-26T13:58:13.156+0000] {dag.py:3239} INFO - Sync 1 DAGs
[2025-01-26T13:58:13.164+0000] {logging_mixin.py:190} INFO - [2025-01-26T13:58:13.164+0000] {dag.py:4180} INFO - Setting next_dagrun for example_sensors to None, run_after=None
[2025-01-26T13:58:13.175+0000] {processor.py:208} INFO - Processing /home/airflow/.local/lib/python3.12/site-packages/airflow/example_dags/example_sensors.py took 0.043 seconds
[2025-01-26T13:58:44.664+0000] {processor.py:186} INFO - Started process (PID=604) to work on /home/airflow/.local/lib/python3.12/site-packages/airflow/example_dags/example_sensors.py
[2025-01-26T13:58:44.666+0000] {processor.py:914} INFO - Processing file /home/airflow/.local/lib/python3.12/site-packages/airflow/example_dags/example_sensors.py for tasks to queue
[2025-01-26T13:58:44.669+0000] {logging_mixin.py:190} INFO - [2025-01-26T13:58:44.668+0000] {dagbag.py:588} INFO - Filling up the DagBag from /home/airflow/.local/lib/python3.12/site-packages/airflow/example_dags/example_sensors.py
[2025-01-26T13:58:44.675+0000] {processor.py:925} INFO - DAG(s) 'example_sensors' retrieved from /home/airflow/.local/lib/python3.12/site-packages/airflow/example_dags/example_sensors.py
[2025-01-26T13:58:44.692+0000] {logging_mixin.py:190} INFO - [2025-01-26T13:58:44.692+0000] {dag.py:3239} INFO - Sync 1 DAGs
[2025-01-26T13:58:44.699+0000] {logging_mixin.py:190} INFO - [2025-01-26T13:58:44.699+0000] {dag.py:4180} INFO - Setting next_dagrun for example_sensors to None, run_after=None
[2025-01-26T13:58:44.709+0000] {processor.py:208} INFO - Processing /home/airflow/.local/lib/python3.12/site-packages/airflow/example_dags/example_sensors.py took 0.049 seconds
[2025-01-26T13:59:15.907+0000] {processor.py:186} INFO - Started process (PID=667) to work on /home/airflow/.local/lib/python3.12/site-packages/airflow/example_dags/example_sensors.py
[2025-01-26T13:59:15.908+0000] {processor.py:914} INFO - Processing file /home/airflow/.local/lib/python3.12/site-packages/airflow/example_dags/example_sensors.py for tasks to queue
[2025-01-26T13:59:15.913+0000] {logging_mixin.py:190} INFO - [2025-01-26T13:59:15.913+0000] {dagbag.py:588} INFO - Filling up the DagBag from /home/airflow/.local/lib/python3.12/site-packages/airflow/example_dags/example_sensors.py
[2025-01-26T13:59:15.919+0000] {processor.py:925} INFO - DAG(s) 'example_sensors' retrieved from /home/airflow/.local/lib/python3.12/site-packages/airflow/example_dags/example_sensors.py
[2025-01-26T13:59:15.932+0000] {logging_mixin.py:190} INFO - [2025-01-26T13:59:15.932+0000] {dag.py:3239} INFO - Sync 1 DAGs
[2025-01-26T13:59:15.939+0000] {logging_mixin.py:190} INFO - [2025-01-26T13:59:15.939+0000] {dag.py:4180} INFO - Setting next_dagrun for example_sensors to None, run_after=None
[2025-01-26T13:59:15.949+0000] {processor.py:208} INFO - Processing /home/airflow/.local/lib/python3.12/site-packages/airflow/example_dags/example_sensors.py took 0.046 seconds
[2025-01-26T13:59:47.321+0000] {processor.py:186} INFO - Started process (PID=730) to work on /home/airflow/.local/lib/python3.12/site-packages/airflow/example_dags/example_sensors.py
[2025-01-26T13:59:47.322+0000] {processor.py:914} INFO - Processing file /home/airflow/.local/lib/python3.12/site-packages/airflow/example_dags/example_sensors.py for tasks to queue
[2025-01-26T13:59:47.323+0000] {logging_mixin.py:190} INFO - [2025-01-26T13:59:47.323+0000] {dagbag.py:588} INFO - Filling up the DagBag from /home/airflow/.local/lib/python3.12/site-packages/airflow/example_dags/example_sensors.py
[2025-01-26T13:59:47.330+0000] {processor.py:925} INFO - DAG(s) 'example_sensors' retrieved from /home/airflow/.local/lib/python3.12/site-packages/airflow/example_dags/example_sensors.py
[2025-01-26T13:59:47.346+0000] {logging_mixin.py:190} INFO - [2025-01-26T13:59:47.346+0000] {dag.py:3239} INFO - Sync 1 DAGs
[2025-01-26T13:59:47.359+0000] {logging_mixin.py:190} INFO - [2025-01-26T13:59:47.359+0000] {dag.py:4180} INFO - Setting next_dagrun for example_sensors to None, run_after=None
[2025-01-26T13:59:47.372+0000] {processor.py:208} INFO - Processing /home/airflow/.local/lib/python3.12/site-packages/airflow/example_dags/example_sensors.py took 0.055 seconds
