[2025-01-26T13:54:33.516+0000] {processor.py:186} INFO - Started process (PID=61) to work on /home/airflow/.local/lib/python3.12/site-packages/airflow/example_dags/example_dataset_alias_with_no_taskflow.py
[2025-01-26T13:54:33.519+0000] {processor.py:914} INFO - Processing file /home/airflow/.local/lib/python3.12/site-packages/airflow/example_dags/example_dataset_alias_with_no_taskflow.py for tasks to queue
[2025-01-26T13:54:33.521+0000] {logging_mixin.py:190} INFO - [2025-01-26T13:54:33.521+0000] {dagbag.py:588} INFO - Filling up the DagBag from /home/airflow/.local/lib/python3.12/site-packages/airflow/example_dags/example_dataset_alias_with_no_taskflow.py
[2025-01-26T13:54:34.617+0000] {processor.py:925} INFO - DAG(s) 'dataset_alias_example_alias_consumer_with_no_taskflow', 'dataset_s3_bucket_consumer_with_no_taskflow', 'dataset_alias_example_alias_producer_with_no_taskflow', 'dataset_s3_bucket_producer_with_no_taskflow' retrieved from /home/airflow/.local/lib/python3.12/site-packages/airflow/example_dags/example_dataset_alias_with_no_taskflow.py
[2025-01-26T13:54:34.662+0000] {logging_mixin.py:190} INFO - [2025-01-26T13:54:34.661+0000] {override.py:1911} INFO - Created Permission View: can delete on DAG:dataset_alias_example_alias_consumer_with_no_taskflow
[2025-01-26T13:54:34.668+0000] {logging_mixin.py:190} INFO - [2025-01-26T13:54:34.668+0000] {override.py:1911} INFO - Created Permission View: can read on DAG:dataset_alias_example_alias_consumer_with_no_taskflow
[2025-01-26T13:54:34.676+0000] {logging_mixin.py:190} INFO - [2025-01-26T13:54:34.676+0000] {override.py:1911} INFO - Created Permission View: can edit on DAG:dataset_alias_example_alias_consumer_with_no_taskflow
[2025-01-26T13:54:34.680+0000] {logging_mixin.py:190} INFO - [2025-01-26T13:54:34.680+0000] {override.py:1911} INFO - Created Permission View: can create on DAG Run:dataset_alias_example_alias_consumer_with_no_taskflow
[2025-01-26T13:54:34.684+0000] {logging_mixin.py:190} INFO - [2025-01-26T13:54:34.683+0000] {override.py:1911} INFO - Created Permission View: can delete on DAG Run:dataset_alias_example_alias_consumer_with_no_taskflow
[2025-01-26T13:54:34.689+0000] {logging_mixin.py:190} INFO - [2025-01-26T13:54:34.689+0000] {override.py:1911} INFO - Created Permission View: can read on DAG Run:dataset_alias_example_alias_consumer_with_no_taskflow
[2025-01-26T13:54:34.693+0000] {logging_mixin.py:190} INFO - [2025-01-26T13:54:34.693+0000] {override.py:1911} INFO - Created Permission View: menu access on DAG Run:dataset_alias_example_alias_consumer_with_no_taskflow
[2025-01-26T13:54:34.700+0000] {logging_mixin.py:190} INFO - [2025-01-26T13:54:34.699+0000] {override.py:1911} INFO - Created Permission View: can delete on DAG:dataset_s3_bucket_consumer_with_no_taskflow
[2025-01-26T13:54:34.704+0000] {logging_mixin.py:190} INFO - [2025-01-26T13:54:34.704+0000] {override.py:1911} INFO - Created Permission View: can read on DAG:dataset_s3_bucket_consumer_with_no_taskflow
[2025-01-26T13:54:34.708+0000] {logging_mixin.py:190} INFO - [2025-01-26T13:54:34.708+0000] {override.py:1911} INFO - Created Permission View: can edit on DAG:dataset_s3_bucket_consumer_with_no_taskflow
[2025-01-26T13:54:34.723+0000] {logging_mixin.py:190} INFO - [2025-01-26T13:54:34.722+0000] {override.py:1911} INFO - Created Permission View: can create on DAG Run:dataset_s3_bucket_consumer_with_no_taskflow
[2025-01-26T13:54:34.727+0000] {logging_mixin.py:190} INFO - [2025-01-26T13:54:34.727+0000] {override.py:1911} INFO - Created Permission View: can delete on DAG Run:dataset_s3_bucket_consumer_with_no_taskflow
[2025-01-26T13:54:34.731+0000] {logging_mixin.py:190} INFO - [2025-01-26T13:54:34.730+0000] {override.py:1911} INFO - Created Permission View: can read on DAG Run:dataset_s3_bucket_consumer_with_no_taskflow
[2025-01-26T13:54:34.734+0000] {logging_mixin.py:190} INFO - [2025-01-26T13:54:34.734+0000] {override.py:1911} INFO - Created Permission View: menu access on DAG Run:dataset_s3_bucket_consumer_with_no_taskflow
[2025-01-26T13:54:34.743+0000] {logging_mixin.py:190} INFO - [2025-01-26T13:54:34.743+0000] {override.py:1911} INFO - Created Permission View: can delete on DAG:dataset_alias_example_alias_producer_with_no_taskflow
[2025-01-26T13:54:34.747+0000] {logging_mixin.py:190} INFO - [2025-01-26T13:54:34.747+0000] {override.py:1911} INFO - Created Permission View: can read on DAG:dataset_alias_example_alias_producer_with_no_taskflow
[2025-01-26T13:54:34.751+0000] {logging_mixin.py:190} INFO - [2025-01-26T13:54:34.751+0000] {override.py:1911} INFO - Created Permission View: can edit on DAG:dataset_alias_example_alias_producer_with_no_taskflow
[2025-01-26T13:54:34.755+0000] {logging_mixin.py:190} INFO - [2025-01-26T13:54:34.755+0000] {override.py:1911} INFO - Created Permission View: can create on DAG Run:dataset_alias_example_alias_producer_with_no_taskflow
[2025-01-26T13:54:34.759+0000] {logging_mixin.py:190} INFO - [2025-01-26T13:54:34.758+0000] {override.py:1911} INFO - Created Permission View: can delete on DAG Run:dataset_alias_example_alias_producer_with_no_taskflow
[2025-01-26T13:54:34.762+0000] {logging_mixin.py:190} INFO - [2025-01-26T13:54:34.762+0000] {override.py:1911} INFO - Created Permission View: can read on DAG Run:dataset_alias_example_alias_producer_with_no_taskflow
[2025-01-26T13:54:34.765+0000] {logging_mixin.py:190} INFO - [2025-01-26T13:54:34.765+0000] {override.py:1911} INFO - Created Permission View: menu access on DAG Run:dataset_alias_example_alias_producer_with_no_taskflow
[2025-01-26T13:54:34.774+0000] {logging_mixin.py:190} INFO - [2025-01-26T13:54:34.774+0000] {override.py:1911} INFO - Created Permission View: can delete on DAG:dataset_s3_bucket_producer_with_no_taskflow
[2025-01-26T13:54:34.778+0000] {logging_mixin.py:190} INFO - [2025-01-26T13:54:34.778+0000] {override.py:1911} INFO - Created Permission View: can read on DAG:dataset_s3_bucket_producer_with_no_taskflow
[2025-01-26T13:54:34.783+0000] {logging_mixin.py:190} INFO - [2025-01-26T13:54:34.783+0000] {override.py:1911} INFO - Created Permission View: can edit on DAG:dataset_s3_bucket_producer_with_no_taskflow
[2025-01-26T13:54:34.787+0000] {logging_mixin.py:190} INFO - [2025-01-26T13:54:34.787+0000] {override.py:1911} INFO - Created Permission View: can create on DAG Run:dataset_s3_bucket_producer_with_no_taskflow
[2025-01-26T13:54:34.791+0000] {logging_mixin.py:190} INFO - [2025-01-26T13:54:34.791+0000] {override.py:1911} INFO - Created Permission View: can delete on DAG Run:dataset_s3_bucket_producer_with_no_taskflow
[2025-01-26T13:54:34.794+0000] {logging_mixin.py:190} INFO - [2025-01-26T13:54:34.794+0000] {override.py:1911} INFO - Created Permission View: can read on DAG Run:dataset_s3_bucket_producer_with_no_taskflow
[2025-01-26T13:54:34.797+0000] {logging_mixin.py:190} INFO - [2025-01-26T13:54:34.797+0000] {override.py:1911} INFO - Created Permission View: menu access on DAG Run:dataset_s3_bucket_producer_with_no_taskflow
[2025-01-26T13:54:34.798+0000] {logging_mixin.py:190} INFO - [2025-01-26T13:54:34.797+0000] {dag.py:3239} INFO - Sync 4 DAGs
[2025-01-26T13:54:34.807+0000] {logging_mixin.py:190} INFO - [2025-01-26T13:54:34.807+0000] {dag.py:3262} INFO - Creating ORM DAG for dataset_s3_bucket_producer_with_no_taskflow
[2025-01-26T13:54:34.808+0000] {logging_mixin.py:190} INFO - [2025-01-26T13:54:34.807+0000] {dag.py:3262} INFO - Creating ORM DAG for dataset_alias_example_alias_producer_with_no_taskflow
[2025-01-26T13:54:34.808+0000] {logging_mixin.py:190} INFO - [2025-01-26T13:54:34.808+0000] {dag.py:3262} INFO - Creating ORM DAG for dataset_s3_bucket_consumer_with_no_taskflow
[2025-01-26T13:54:34.808+0000] {logging_mixin.py:190} INFO - [2025-01-26T13:54:34.808+0000] {dag.py:3262} INFO - Creating ORM DAG for dataset_alias_example_alias_consumer_with_no_taskflow
[2025-01-26T13:54:34.818+0000] {logging_mixin.py:190} INFO - [2025-01-26T13:54:34.818+0000] {dag.py:4180} INFO - Setting next_dagrun for dataset_alias_example_alias_consumer_with_no_taskflow to None, run_after=None
[2025-01-26T13:54:34.820+0000] {logging_mixin.py:190} INFO - [2025-01-26T13:54:34.820+0000] {dag.py:4180} INFO - Setting next_dagrun for dataset_alias_example_alias_producer_with_no_taskflow to None, run_after=None
[2025-01-26T13:54:34.822+0000] {logging_mixin.py:190} INFO - [2025-01-26T13:54:34.821+0000] {dag.py:4180} INFO - Setting next_dagrun for dataset_s3_bucket_consumer_with_no_taskflow to None, run_after=None
[2025-01-26T13:54:34.822+0000] {logging_mixin.py:190} INFO - [2025-01-26T13:54:34.822+0000] {dag.py:4180} INFO - Setting next_dagrun for dataset_s3_bucket_producer_with_no_taskflow to None, run_after=None
[2025-01-26T13:54:34.854+0000] {processor.py:208} INFO - Processing /home/airflow/.local/lib/python3.12/site-packages/airflow/example_dags/example_dataset_alias_with_no_taskflow.py took 1.342 seconds
[2025-01-26T13:55:04.979+0000] {processor.py:186} INFO - Started process (PID=125) to work on /home/airflow/.local/lib/python3.12/site-packages/airflow/example_dags/example_dataset_alias_with_no_taskflow.py
[2025-01-26T13:55:04.981+0000] {processor.py:914} INFO - Processing file /home/airflow/.local/lib/python3.12/site-packages/airflow/example_dags/example_dataset_alias_with_no_taskflow.py for tasks to queue
[2025-01-26T13:55:04.983+0000] {logging_mixin.py:190} INFO - [2025-01-26T13:55:04.983+0000] {dagbag.py:588} INFO - Filling up the DagBag from /home/airflow/.local/lib/python3.12/site-packages/airflow/example_dags/example_dataset_alias_with_no_taskflow.py
[2025-01-26T13:55:05.697+0000] {processor.py:925} INFO - DAG(s) 'dataset_s3_bucket_consumer_with_no_taskflow', 'dataset_s3_bucket_producer_with_no_taskflow', 'dataset_alias_example_alias_producer_with_no_taskflow', 'dataset_alias_example_alias_consumer_with_no_taskflow' retrieved from /home/airflow/.local/lib/python3.12/site-packages/airflow/example_dags/example_dataset_alias_with_no_taskflow.py
[2025-01-26T13:55:05.737+0000] {logging_mixin.py:190} INFO - [2025-01-26T13:55:05.736+0000] {dag.py:3239} INFO - Sync 4 DAGs
[2025-01-26T13:55:05.762+0000] {logging_mixin.py:190} INFO - [2025-01-26T13:55:05.762+0000] {dag.py:4180} INFO - Setting next_dagrun for dataset_alias_example_alias_consumer_with_no_taskflow to None, run_after=None
[2025-01-26T13:55:05.766+0000] {logging_mixin.py:190} INFO - [2025-01-26T13:55:05.766+0000] {dag.py:4180} INFO - Setting next_dagrun for dataset_alias_example_alias_producer_with_no_taskflow to None, run_after=None
[2025-01-26T13:55:05.772+0000] {logging_mixin.py:190} INFO - [2025-01-26T13:55:05.772+0000] {dag.py:4180} INFO - Setting next_dagrun for dataset_s3_bucket_consumer_with_no_taskflow to None, run_after=None
[2025-01-26T13:55:05.779+0000] {logging_mixin.py:190} INFO - [2025-01-26T13:55:05.778+0000] {dag.py:4180} INFO - Setting next_dagrun for dataset_s3_bucket_producer_with_no_taskflow to None, run_after=None
[2025-01-26T13:55:05.819+0000] {processor.py:208} INFO - Processing /home/airflow/.local/lib/python3.12/site-packages/airflow/example_dags/example_dataset_alias_with_no_taskflow.py took 0.844 seconds
[2025-01-26T13:55:36.599+0000] {processor.py:186} INFO - Started process (PID=188) to work on /home/airflow/.local/lib/python3.12/site-packages/airflow/example_dags/example_dataset_alias_with_no_taskflow.py
[2025-01-26T13:55:36.599+0000] {processor.py:914} INFO - Processing file /home/airflow/.local/lib/python3.12/site-packages/airflow/example_dags/example_dataset_alias_with_no_taskflow.py for tasks to queue
[2025-01-26T13:55:36.601+0000] {logging_mixin.py:190} INFO - [2025-01-26T13:55:36.601+0000] {dagbag.py:588} INFO - Filling up the DagBag from /home/airflow/.local/lib/python3.12/site-packages/airflow/example_dags/example_dataset_alias_with_no_taskflow.py
[2025-01-26T13:55:37.082+0000] {processor.py:925} INFO - DAG(s) 'dataset_s3_bucket_consumer_with_no_taskflow', 'dataset_s3_bucket_producer_with_no_taskflow', 'dataset_alias_example_alias_producer_with_no_taskflow', 'dataset_alias_example_alias_consumer_with_no_taskflow' retrieved from /home/airflow/.local/lib/python3.12/site-packages/airflow/example_dags/example_dataset_alias_with_no_taskflow.py
[2025-01-26T13:55:37.093+0000] {logging_mixin.py:190} INFO - [2025-01-26T13:55:37.093+0000] {dag.py:3239} INFO - Sync 4 DAGs
[2025-01-26T13:55:37.113+0000] {logging_mixin.py:190} INFO - [2025-01-26T13:55:37.113+0000] {dag.py:4180} INFO - Setting next_dagrun for dataset_alias_example_alias_consumer_with_no_taskflow to None, run_after=None
[2025-01-26T13:55:37.115+0000] {logging_mixin.py:190} INFO - [2025-01-26T13:55:37.115+0000] {dag.py:4180} INFO - Setting next_dagrun for dataset_alias_example_alias_producer_with_no_taskflow to None, run_after=None
[2025-01-26T13:55:37.116+0000] {logging_mixin.py:190} INFO - [2025-01-26T13:55:37.115+0000] {dag.py:4180} INFO - Setting next_dagrun for dataset_s3_bucket_consumer_with_no_taskflow to None, run_after=None
[2025-01-26T13:55:37.116+0000] {logging_mixin.py:190} INFO - [2025-01-26T13:55:37.116+0000] {dag.py:4180} INFO - Setting next_dagrun for dataset_s3_bucket_producer_with_no_taskflow to None, run_after=None
[2025-01-26T13:55:37.128+0000] {processor.py:208} INFO - Processing /home/airflow/.local/lib/python3.12/site-packages/airflow/example_dags/example_dataset_alias_with_no_taskflow.py took 0.535 seconds
[2025-01-26T13:56:07.174+0000] {processor.py:186} INFO - Started process (PID=251) to work on /home/airflow/.local/lib/python3.12/site-packages/airflow/example_dags/example_dataset_alias_with_no_taskflow.py
[2025-01-26T13:56:07.174+0000] {processor.py:914} INFO - Processing file /home/airflow/.local/lib/python3.12/site-packages/airflow/example_dags/example_dataset_alias_with_no_taskflow.py for tasks to queue
[2025-01-26T13:56:07.177+0000] {logging_mixin.py:190} INFO - [2025-01-26T13:56:07.177+0000] {dagbag.py:588} INFO - Filling up the DagBag from /home/airflow/.local/lib/python3.12/site-packages/airflow/example_dags/example_dataset_alias_with_no_taskflow.py
[2025-01-26T13:56:07.645+0000] {processor.py:925} INFO - DAG(s) 'dataset_alias_example_alias_producer_with_no_taskflow', 'dataset_alias_example_alias_consumer_with_no_taskflow', 'dataset_s3_bucket_producer_with_no_taskflow', 'dataset_s3_bucket_consumer_with_no_taskflow' retrieved from /home/airflow/.local/lib/python3.12/site-packages/airflow/example_dags/example_dataset_alias_with_no_taskflow.py
[2025-01-26T13:56:07.662+0000] {logging_mixin.py:190} INFO - [2025-01-26T13:56:07.662+0000] {dag.py:3239} INFO - Sync 4 DAGs
[2025-01-26T13:56:07.677+0000] {logging_mixin.py:190} INFO - [2025-01-26T13:56:07.677+0000] {dag.py:4180} INFO - Setting next_dagrun for dataset_alias_example_alias_consumer_with_no_taskflow to None, run_after=None
[2025-01-26T13:56:07.678+0000] {logging_mixin.py:190} INFO - [2025-01-26T13:56:07.678+0000] {dag.py:4180} INFO - Setting next_dagrun for dataset_alias_example_alias_producer_with_no_taskflow to None, run_after=None
[2025-01-26T13:56:07.680+0000] {logging_mixin.py:190} INFO - [2025-01-26T13:56:07.679+0000] {dag.py:4180} INFO - Setting next_dagrun for dataset_s3_bucket_consumer_with_no_taskflow to None, run_after=None
[2025-01-26T13:56:07.681+0000] {logging_mixin.py:190} INFO - [2025-01-26T13:56:07.681+0000] {dag.py:4180} INFO - Setting next_dagrun for dataset_s3_bucket_producer_with_no_taskflow to None, run_after=None
[2025-01-26T13:56:07.693+0000] {processor.py:208} INFO - Processing /home/airflow/.local/lib/python3.12/site-packages/airflow/example_dags/example_dataset_alias_with_no_taskflow.py took 0.528 seconds
[2025-01-26T13:56:38.152+0000] {processor.py:186} INFO - Started process (PID=319) to work on /home/airflow/.local/lib/python3.12/site-packages/airflow/example_dags/example_dataset_alias_with_no_taskflow.py
[2025-01-26T13:56:38.154+0000] {processor.py:914} INFO - Processing file /home/airflow/.local/lib/python3.12/site-packages/airflow/example_dags/example_dataset_alias_with_no_taskflow.py for tasks to queue
[2025-01-26T13:56:38.166+0000] {logging_mixin.py:190} INFO - [2025-01-26T13:56:38.166+0000] {dagbag.py:588} INFO - Filling up the DagBag from /home/airflow/.local/lib/python3.12/site-packages/airflow/example_dags/example_dataset_alias_with_no_taskflow.py
[2025-01-26T13:56:38.738+0000] {processor.py:925} INFO - DAG(s) 'dataset_alias_example_alias_producer_with_no_taskflow', 'dataset_alias_example_alias_consumer_with_no_taskflow', 'dataset_s3_bucket_consumer_with_no_taskflow', 'dataset_s3_bucket_producer_with_no_taskflow' retrieved from /home/airflow/.local/lib/python3.12/site-packages/airflow/example_dags/example_dataset_alias_with_no_taskflow.py
[2025-01-26T13:56:38.755+0000] {logging_mixin.py:190} INFO - [2025-01-26T13:56:38.755+0000] {dag.py:3239} INFO - Sync 4 DAGs
[2025-01-26T13:56:38.768+0000] {logging_mixin.py:190} INFO - [2025-01-26T13:56:38.767+0000] {dag.py:4180} INFO - Setting next_dagrun for dataset_alias_example_alias_consumer_with_no_taskflow to None, run_after=None
[2025-01-26T13:56:38.769+0000] {logging_mixin.py:190} INFO - [2025-01-26T13:56:38.769+0000] {dag.py:4180} INFO - Setting next_dagrun for dataset_alias_example_alias_producer_with_no_taskflow to None, run_after=None
[2025-01-26T13:56:38.770+0000] {logging_mixin.py:190} INFO - [2025-01-26T13:56:38.770+0000] {dag.py:4180} INFO - Setting next_dagrun for dataset_s3_bucket_consumer_with_no_taskflow to None, run_after=None
[2025-01-26T13:56:38.771+0000] {logging_mixin.py:190} INFO - [2025-01-26T13:56:38.771+0000] {dag.py:4180} INFO - Setting next_dagrun for dataset_s3_bucket_producer_with_no_taskflow to None, run_after=None
[2025-01-26T13:56:38.783+0000] {processor.py:208} INFO - Processing /home/airflow/.local/lib/python3.12/site-packages/airflow/example_dags/example_dataset_alias_with_no_taskflow.py took 0.636 seconds
[2025-01-26T13:57:08.988+0000] {processor.py:186} INFO - Started process (PID=382) to work on /home/airflow/.local/lib/python3.12/site-packages/airflow/example_dags/example_dataset_alias_with_no_taskflow.py
[2025-01-26T13:57:08.989+0000] {processor.py:914} INFO - Processing file /home/airflow/.local/lib/python3.12/site-packages/airflow/example_dags/example_dataset_alias_with_no_taskflow.py for tasks to queue
[2025-01-26T13:57:08.992+0000] {logging_mixin.py:190} INFO - [2025-01-26T13:57:08.992+0000] {dagbag.py:588} INFO - Filling up the DagBag from /home/airflow/.local/lib/python3.12/site-packages/airflow/example_dags/example_dataset_alias_with_no_taskflow.py
[2025-01-26T13:57:09.686+0000] {processor.py:925} INFO - DAG(s) 'dataset_alias_example_alias_producer_with_no_taskflow', 'dataset_s3_bucket_producer_with_no_taskflow', 'dataset_s3_bucket_consumer_with_no_taskflow', 'dataset_alias_example_alias_consumer_with_no_taskflow' retrieved from /home/airflow/.local/lib/python3.12/site-packages/airflow/example_dags/example_dataset_alias_with_no_taskflow.py
[2025-01-26T13:57:09.699+0000] {logging_mixin.py:190} INFO - [2025-01-26T13:57:09.699+0000] {dag.py:3239} INFO - Sync 4 DAGs
[2025-01-26T13:57:09.722+0000] {logging_mixin.py:190} INFO - [2025-01-26T13:57:09.721+0000] {dag.py:4180} INFO - Setting next_dagrun for dataset_alias_example_alias_consumer_with_no_taskflow to None, run_after=None
[2025-01-26T13:57:09.724+0000] {logging_mixin.py:190} INFO - [2025-01-26T13:57:09.724+0000] {dag.py:4180} INFO - Setting next_dagrun for dataset_alias_example_alias_producer_with_no_taskflow to None, run_after=None
[2025-01-26T13:57:09.725+0000] {logging_mixin.py:190} INFO - [2025-01-26T13:57:09.725+0000] {dag.py:4180} INFO - Setting next_dagrun for dataset_s3_bucket_consumer_with_no_taskflow to None, run_after=None
[2025-01-26T13:57:09.727+0000] {logging_mixin.py:190} INFO - [2025-01-26T13:57:09.726+0000] {dag.py:4180} INFO - Setting next_dagrun for dataset_s3_bucket_producer_with_no_taskflow to None, run_after=None
[2025-01-26T13:57:09.741+0000] {processor.py:208} INFO - Processing /home/airflow/.local/lib/python3.12/site-packages/airflow/example_dags/example_dataset_alias_with_no_taskflow.py took 0.762 seconds
[2025-01-26T13:57:39.948+0000] {processor.py:186} INFO - Started process (PID=445) to work on /home/airflow/.local/lib/python3.12/site-packages/airflow/example_dags/example_dataset_alias_with_no_taskflow.py
[2025-01-26T13:57:39.950+0000] {processor.py:914} INFO - Processing file /home/airflow/.local/lib/python3.12/site-packages/airflow/example_dags/example_dataset_alias_with_no_taskflow.py for tasks to queue
[2025-01-26T13:57:39.953+0000] {logging_mixin.py:190} INFO - [2025-01-26T13:57:39.952+0000] {dagbag.py:588} INFO - Filling up the DagBag from /home/airflow/.local/lib/python3.12/site-packages/airflow/example_dags/example_dataset_alias_with_no_taskflow.py
[2025-01-26T13:57:40.527+0000] {processor.py:925} INFO - DAG(s) 'dataset_alias_example_alias_consumer_with_no_taskflow', 'dataset_s3_bucket_producer_with_no_taskflow', 'dataset_s3_bucket_consumer_with_no_taskflow', 'dataset_alias_example_alias_producer_with_no_taskflow' retrieved from /home/airflow/.local/lib/python3.12/site-packages/airflow/example_dags/example_dataset_alias_with_no_taskflow.py
[2025-01-26T13:57:40.538+0000] {logging_mixin.py:190} INFO - [2025-01-26T13:57:40.538+0000] {dag.py:3239} INFO - Sync 4 DAGs
[2025-01-26T13:57:40.551+0000] {logging_mixin.py:190} INFO - [2025-01-26T13:57:40.550+0000] {dag.py:4180} INFO - Setting next_dagrun for dataset_alias_example_alias_consumer_with_no_taskflow to None, run_after=None
[2025-01-26T13:57:40.552+0000] {logging_mixin.py:190} INFO - [2025-01-26T13:57:40.552+0000] {dag.py:4180} INFO - Setting next_dagrun for dataset_alias_example_alias_producer_with_no_taskflow to None, run_after=None
[2025-01-26T13:57:40.553+0000] {logging_mixin.py:190} INFO - [2025-01-26T13:57:40.553+0000] {dag.py:4180} INFO - Setting next_dagrun for dataset_s3_bucket_consumer_with_no_taskflow to None, run_after=None
[2025-01-26T13:57:40.554+0000] {logging_mixin.py:190} INFO - [2025-01-26T13:57:40.554+0000] {dag.py:4180} INFO - Setting next_dagrun for dataset_s3_bucket_producer_with_no_taskflow to None, run_after=None
[2025-01-26T13:57:40.564+0000] {processor.py:208} INFO - Processing /home/airflow/.local/lib/python3.12/site-packages/airflow/example_dags/example_dataset_alias_with_no_taskflow.py took 0.620 seconds
[2025-01-26T13:58:11.174+0000] {processor.py:186} INFO - Started process (PID=508) to work on /home/airflow/.local/lib/python3.12/site-packages/airflow/example_dags/example_dataset_alias_with_no_taskflow.py
[2025-01-26T13:58:11.175+0000] {processor.py:914} INFO - Processing file /home/airflow/.local/lib/python3.12/site-packages/airflow/example_dags/example_dataset_alias_with_no_taskflow.py for tasks to queue
[2025-01-26T13:58:11.178+0000] {logging_mixin.py:190} INFO - [2025-01-26T13:58:11.178+0000] {dagbag.py:588} INFO - Filling up the DagBag from /home/airflow/.local/lib/python3.12/site-packages/airflow/example_dags/example_dataset_alias_with_no_taskflow.py
[2025-01-26T13:58:11.727+0000] {processor.py:925} INFO - DAG(s) 'dataset_s3_bucket_producer_with_no_taskflow', 'dataset_alias_example_alias_producer_with_no_taskflow', 'dataset_s3_bucket_consumer_with_no_taskflow', 'dataset_alias_example_alias_consumer_with_no_taskflow' retrieved from /home/airflow/.local/lib/python3.12/site-packages/airflow/example_dags/example_dataset_alias_with_no_taskflow.py
[2025-01-26T13:58:11.739+0000] {logging_mixin.py:190} INFO - [2025-01-26T13:58:11.739+0000] {dag.py:3239} INFO - Sync 4 DAGs
[2025-01-26T13:58:11.756+0000] {logging_mixin.py:190} INFO - [2025-01-26T13:58:11.756+0000] {dag.py:4180} INFO - Setting next_dagrun for dataset_alias_example_alias_consumer_with_no_taskflow to None, run_after=None
[2025-01-26T13:58:11.759+0000] {logging_mixin.py:190} INFO - [2025-01-26T13:58:11.759+0000] {dag.py:4180} INFO - Setting next_dagrun for dataset_alias_example_alias_producer_with_no_taskflow to None, run_after=None
[2025-01-26T13:58:11.760+0000] {logging_mixin.py:190} INFO - [2025-01-26T13:58:11.760+0000] {dag.py:4180} INFO - Setting next_dagrun for dataset_s3_bucket_consumer_with_no_taskflow to None, run_after=None
[2025-01-26T13:58:11.761+0000] {logging_mixin.py:190} INFO - [2025-01-26T13:58:11.761+0000] {dag.py:4180} INFO - Setting next_dagrun for dataset_s3_bucket_producer_with_no_taskflow to None, run_after=None
[2025-01-26T13:58:11.774+0000] {processor.py:208} INFO - Processing /home/airflow/.local/lib/python3.12/site-packages/airflow/example_dags/example_dataset_alias_with_no_taskflow.py took 0.610 seconds
[2025-01-26T13:58:42.425+0000] {processor.py:186} INFO - Started process (PID=571) to work on /home/airflow/.local/lib/python3.12/site-packages/airflow/example_dags/example_dataset_alias_with_no_taskflow.py
[2025-01-26T13:58:42.427+0000] {processor.py:914} INFO - Processing file /home/airflow/.local/lib/python3.12/site-packages/airflow/example_dags/example_dataset_alias_with_no_taskflow.py for tasks to queue
[2025-01-26T13:58:42.432+0000] {logging_mixin.py:190} INFO - [2025-01-26T13:58:42.431+0000] {dagbag.py:588} INFO - Filling up the DagBag from /home/airflow/.local/lib/python3.12/site-packages/airflow/example_dags/example_dataset_alias_with_no_taskflow.py
[2025-01-26T13:58:43.142+0000] {processor.py:925} INFO - DAG(s) 'dataset_alias_example_alias_producer_with_no_taskflow', 'dataset_alias_example_alias_consumer_with_no_taskflow', 'dataset_s3_bucket_producer_with_no_taskflow', 'dataset_s3_bucket_consumer_with_no_taskflow' retrieved from /home/airflow/.local/lib/python3.12/site-packages/airflow/example_dags/example_dataset_alias_with_no_taskflow.py
[2025-01-26T13:58:43.154+0000] {logging_mixin.py:190} INFO - [2025-01-26T13:58:43.154+0000] {dag.py:3239} INFO - Sync 4 DAGs
[2025-01-26T13:58:43.169+0000] {logging_mixin.py:190} INFO - [2025-01-26T13:58:43.168+0000] {dag.py:4180} INFO - Setting next_dagrun for dataset_alias_example_alias_consumer_with_no_taskflow to None, run_after=None
[2025-01-26T13:58:43.170+0000] {logging_mixin.py:190} INFO - [2025-01-26T13:58:43.170+0000] {dag.py:4180} INFO - Setting next_dagrun for dataset_alias_example_alias_producer_with_no_taskflow to None, run_after=None
[2025-01-26T13:58:43.171+0000] {logging_mixin.py:190} INFO - [2025-01-26T13:58:43.171+0000] {dag.py:4180} INFO - Setting next_dagrun for dataset_s3_bucket_consumer_with_no_taskflow to None, run_after=None
[2025-01-26T13:58:43.172+0000] {logging_mixin.py:190} INFO - [2025-01-26T13:58:43.172+0000] {dag.py:4180} INFO - Setting next_dagrun for dataset_s3_bucket_producer_with_no_taskflow to None, run_after=None
[2025-01-26T13:58:43.185+0000] {processor.py:208} INFO - Processing /home/airflow/.local/lib/python3.12/site-packages/airflow/example_dags/example_dataset_alias_with_no_taskflow.py took 0.766 seconds
[2025-01-26T13:59:13.973+0000] {processor.py:186} INFO - Started process (PID=634) to work on /home/airflow/.local/lib/python3.12/site-packages/airflow/example_dags/example_dataset_alias_with_no_taskflow.py
[2025-01-26T13:59:13.974+0000] {processor.py:914} INFO - Processing file /home/airflow/.local/lib/python3.12/site-packages/airflow/example_dags/example_dataset_alias_with_no_taskflow.py for tasks to queue
[2025-01-26T13:59:13.976+0000] {logging_mixin.py:190} INFO - [2025-01-26T13:59:13.976+0000] {dagbag.py:588} INFO - Filling up the DagBag from /home/airflow/.local/lib/python3.12/site-packages/airflow/example_dags/example_dataset_alias_with_no_taskflow.py
[2025-01-26T13:59:14.522+0000] {processor.py:925} INFO - DAG(s) 'dataset_alias_example_alias_producer_with_no_taskflow', 'dataset_s3_bucket_producer_with_no_taskflow', 'dataset_alias_example_alias_consumer_with_no_taskflow', 'dataset_s3_bucket_consumer_with_no_taskflow' retrieved from /home/airflow/.local/lib/python3.12/site-packages/airflow/example_dags/example_dataset_alias_with_no_taskflow.py
[2025-01-26T13:59:14.535+0000] {logging_mixin.py:190} INFO - [2025-01-26T13:59:14.534+0000] {dag.py:3239} INFO - Sync 4 DAGs
[2025-01-26T13:59:14.547+0000] {logging_mixin.py:190} INFO - [2025-01-26T13:59:14.547+0000] {dag.py:4180} INFO - Setting next_dagrun for dataset_alias_example_alias_consumer_with_no_taskflow to None, run_after=None
[2025-01-26T13:59:14.549+0000] {logging_mixin.py:190} INFO - [2025-01-26T13:59:14.549+0000] {dag.py:4180} INFO - Setting next_dagrun for dataset_alias_example_alias_producer_with_no_taskflow to None, run_after=None
[2025-01-26T13:59:14.550+0000] {logging_mixin.py:190} INFO - [2025-01-26T13:59:14.550+0000] {dag.py:4180} INFO - Setting next_dagrun for dataset_s3_bucket_consumer_with_no_taskflow to None, run_after=None
[2025-01-26T13:59:14.551+0000] {logging_mixin.py:190} INFO - [2025-01-26T13:59:14.550+0000] {dag.py:4180} INFO - Setting next_dagrun for dataset_s3_bucket_producer_with_no_taskflow to None, run_after=None
[2025-01-26T13:59:14.562+0000] {processor.py:208} INFO - Processing /home/airflow/.local/lib/python3.12/site-packages/airflow/example_dags/example_dataset_alias_with_no_taskflow.py took 0.596 seconds
[2025-01-26T13:59:45.306+0000] {processor.py:186} INFO - Started process (PID=697) to work on /home/airflow/.local/lib/python3.12/site-packages/airflow/example_dags/example_dataset_alias_with_no_taskflow.py
[2025-01-26T13:59:45.308+0000] {processor.py:914} INFO - Processing file /home/airflow/.local/lib/python3.12/site-packages/airflow/example_dags/example_dataset_alias_with_no_taskflow.py for tasks to queue
[2025-01-26T13:59:45.313+0000] {logging_mixin.py:190} INFO - [2025-01-26T13:59:45.312+0000] {dagbag.py:588} INFO - Filling up the DagBag from /home/airflow/.local/lib/python3.12/site-packages/airflow/example_dags/example_dataset_alias_with_no_taskflow.py
[2025-01-26T13:59:45.875+0000] {processor.py:925} INFO - DAG(s) 'dataset_alias_example_alias_producer_with_no_taskflow', 'dataset_alias_example_alias_consumer_with_no_taskflow', 'dataset_s3_bucket_consumer_with_no_taskflow', 'dataset_s3_bucket_producer_with_no_taskflow' retrieved from /home/airflow/.local/lib/python3.12/site-packages/airflow/example_dags/example_dataset_alias_with_no_taskflow.py
[2025-01-26T13:59:45.887+0000] {logging_mixin.py:190} INFO - [2025-01-26T13:59:45.887+0000] {dag.py:3239} INFO - Sync 4 DAGs
[2025-01-26T13:59:45.900+0000] {logging_mixin.py:190} INFO - [2025-01-26T13:59:45.899+0000] {dag.py:4180} INFO - Setting next_dagrun for dataset_alias_example_alias_consumer_with_no_taskflow to None, run_after=None
[2025-01-26T13:59:45.901+0000] {logging_mixin.py:190} INFO - [2025-01-26T13:59:45.901+0000] {dag.py:4180} INFO - Setting next_dagrun for dataset_alias_example_alias_producer_with_no_taskflow to None, run_after=None
[2025-01-26T13:59:45.903+0000] {logging_mixin.py:190} INFO - [2025-01-26T13:59:45.903+0000] {dag.py:4180} INFO - Setting next_dagrun for dataset_s3_bucket_consumer_with_no_taskflow to None, run_after=None
[2025-01-26T13:59:45.904+0000] {logging_mixin.py:190} INFO - [2025-01-26T13:59:45.904+0000] {dag.py:4180} INFO - Setting next_dagrun for dataset_s3_bucket_producer_with_no_taskflow to None, run_after=None
[2025-01-26T13:59:45.915+0000] {processor.py:208} INFO - Processing /home/airflow/.local/lib/python3.12/site-packages/airflow/example_dags/example_dataset_alias_with_no_taskflow.py took 0.620 seconds
