[2025-01-26T13:54:36.981+0000] {processor.py:186} INFO - Started process (PID=78) to work on /home/airflow/.local/lib/python3.12/site-packages/airflow/example_dags/tutorial.py
[2025-01-26T13:54:36.982+0000] {processor.py:914} INFO - Processing file /home/airflow/.local/lib/python3.12/site-packages/airflow/example_dags/tutorial.py for tasks to queue
[2025-01-26T13:54:36.984+0000] {logging_mixin.py:190} INFO - [2025-01-26T13:54:36.984+0000] {dagbag.py:588} INFO - Filling up the DagBag from /home/airflow/.local/lib/python3.12/site-packages/airflow/example_dags/tutorial.py
[2025-01-26T13:54:36.989+0000] {processor.py:925} INFO - DAG(s) 'tutorial' retrieved from /home/airflow/.local/lib/python3.12/site-packages/airflow/example_dags/tutorial.py
[2025-01-26T13:54:37.047+0000] {logging_mixin.py:190} INFO - [2025-01-26T13:54:37.046+0000] {override.py:1911} INFO - Created Permission View: can delete on DAG:tutorial
[2025-01-26T13:54:37.052+0000] {logging_mixin.py:190} INFO - [2025-01-26T13:54:37.051+0000] {override.py:1911} INFO - Created Permission View: can read on DAG:tutorial
[2025-01-26T13:54:37.055+0000] {logging_mixin.py:190} INFO - [2025-01-26T13:54:37.055+0000] {override.py:1911} INFO - Created Permission View: can edit on DAG:tutorial
[2025-01-26T13:54:37.059+0000] {logging_mixin.py:190} INFO - [2025-01-26T13:54:37.059+0000] {override.py:1911} INFO - Created Permission View: can create on DAG Run:tutorial
[2025-01-26T13:54:37.064+0000] {logging_mixin.py:190} INFO - [2025-01-26T13:54:37.064+0000] {override.py:1911} INFO - Created Permission View: can delete on DAG Run:tutorial
[2025-01-26T13:54:37.068+0000] {logging_mixin.py:190} INFO - [2025-01-26T13:54:37.068+0000] {override.py:1911} INFO - Created Permission View: can read on DAG Run:tutorial
[2025-01-26T13:54:37.071+0000] {logging_mixin.py:190} INFO - [2025-01-26T13:54:37.071+0000] {override.py:1911} INFO - Created Permission View: menu access on DAG Run:tutorial
[2025-01-26T13:54:37.071+0000] {logging_mixin.py:190} INFO - [2025-01-26T13:54:37.071+0000] {dag.py:3239} INFO - Sync 1 DAGs
[2025-01-26T13:54:37.078+0000] {logging_mixin.py:190} INFO - [2025-01-26T13:54:37.078+0000] {dag.py:3262} INFO - Creating ORM DAG for tutorial
[2025-01-26T13:54:37.084+0000] {logging_mixin.py:190} INFO - [2025-01-26T13:54:37.084+0000] {dag.py:4180} INFO - Setting next_dagrun for tutorial to 2025-01-25 00:00:00+00:00, run_after=2025-01-26 00:00:00+00:00
[2025-01-26T13:54:37.092+0000] {processor.py:208} INFO - Processing /home/airflow/.local/lib/python3.12/site-packages/airflow/example_dags/tutorial.py took 0.114 seconds
[2025-01-26T13:55:07.395+0000] {processor.py:186} INFO - Started process (PID=147) to work on /home/airflow/.local/lib/python3.12/site-packages/airflow/example_dags/tutorial.py
[2025-01-26T13:55:07.395+0000] {processor.py:914} INFO - Processing file /home/airflow/.local/lib/python3.12/site-packages/airflow/example_dags/tutorial.py for tasks to queue
[2025-01-26T13:55:07.397+0000] {logging_mixin.py:190} INFO - [2025-01-26T13:55:07.396+0000] {dagbag.py:588} INFO - Filling up the DagBag from /home/airflow/.local/lib/python3.12/site-packages/airflow/example_dags/tutorial.py
[2025-01-26T13:55:07.402+0000] {processor.py:925} INFO - DAG(s) 'tutorial' retrieved from /home/airflow/.local/lib/python3.12/site-packages/airflow/example_dags/tutorial.py
[2025-01-26T13:55:07.415+0000] {logging_mixin.py:190} INFO - [2025-01-26T13:55:07.415+0000] {dag.py:3239} INFO - Sync 1 DAGs
[2025-01-26T13:55:07.428+0000] {logging_mixin.py:190} INFO - [2025-01-26T13:55:07.428+0000] {dag.py:4180} INFO - Setting next_dagrun for tutorial to 2025-01-25 00:00:00+00:00, run_after=2025-01-26 00:00:00+00:00
[2025-01-26T13:55:07.438+0000] {processor.py:208} INFO - Processing /home/airflow/.local/lib/python3.12/site-packages/airflow/example_dags/tutorial.py took 0.050 seconds
[2025-01-26T13:55:37.552+0000] {processor.py:186} INFO - Started process (PID=208) to work on /home/airflow/.local/lib/python3.12/site-packages/airflow/example_dags/tutorial.py
[2025-01-26T13:55:37.553+0000] {processor.py:914} INFO - Processing file /home/airflow/.local/lib/python3.12/site-packages/airflow/example_dags/tutorial.py for tasks to queue
[2025-01-26T13:55:37.556+0000] {logging_mixin.py:190} INFO - [2025-01-26T13:55:37.556+0000] {dagbag.py:588} INFO - Filling up the DagBag from /home/airflow/.local/lib/python3.12/site-packages/airflow/example_dags/tutorial.py
[2025-01-26T13:55:37.561+0000] {processor.py:925} INFO - DAG(s) 'tutorial' retrieved from /home/airflow/.local/lib/python3.12/site-packages/airflow/example_dags/tutorial.py
[2025-01-26T13:55:37.574+0000] {logging_mixin.py:190} INFO - [2025-01-26T13:55:37.574+0000] {dag.py:3239} INFO - Sync 1 DAGs
[2025-01-26T13:55:37.592+0000] {logging_mixin.py:190} INFO - [2025-01-26T13:55:37.591+0000] {dag.py:4180} INFO - Setting next_dagrun for tutorial to 2025-01-25 00:00:00+00:00, run_after=2025-01-26 00:00:00+00:00
[2025-01-26T13:55:37.604+0000] {processor.py:208} INFO - Processing /home/airflow/.local/lib/python3.12/site-packages/airflow/example_dags/tutorial.py took 0.057 seconds
[2025-01-26T13:56:08.159+0000] {processor.py:186} INFO - Started process (PID=271) to work on /home/airflow/.local/lib/python3.12/site-packages/airflow/example_dags/tutorial.py
[2025-01-26T13:56:08.162+0000] {processor.py:914} INFO - Processing file /home/airflow/.local/lib/python3.12/site-packages/airflow/example_dags/tutorial.py for tasks to queue
[2025-01-26T13:56:08.163+0000] {logging_mixin.py:190} INFO - [2025-01-26T13:56:08.163+0000] {dagbag.py:588} INFO - Filling up the DagBag from /home/airflow/.local/lib/python3.12/site-packages/airflow/example_dags/tutorial.py
[2025-01-26T13:56:08.171+0000] {processor.py:925} INFO - DAG(s) 'tutorial' retrieved from /home/airflow/.local/lib/python3.12/site-packages/airflow/example_dags/tutorial.py
[2025-01-26T13:56:08.182+0000] {logging_mixin.py:190} INFO - [2025-01-26T13:56:08.182+0000] {dag.py:3239} INFO - Sync 1 DAGs
[2025-01-26T13:56:08.194+0000] {logging_mixin.py:190} INFO - [2025-01-26T13:56:08.194+0000] {dag.py:4180} INFO - Setting next_dagrun for tutorial to 2025-01-25 00:00:00+00:00, run_after=2025-01-26 00:00:00+00:00
[2025-01-26T13:56:08.203+0000] {processor.py:208} INFO - Processing /home/airflow/.local/lib/python3.12/site-packages/airflow/example_dags/tutorial.py took 0.048 seconds
[2025-01-26T13:56:39.504+0000] {processor.py:186} INFO - Started process (PID=335) to work on /home/airflow/.local/lib/python3.12/site-packages/airflow/example_dags/tutorial.py
[2025-01-26T13:56:39.504+0000] {processor.py:914} INFO - Processing file /home/airflow/.local/lib/python3.12/site-packages/airflow/example_dags/tutorial.py for tasks to queue
[2025-01-26T13:56:39.506+0000] {logging_mixin.py:190} INFO - [2025-01-26T13:56:39.506+0000] {dagbag.py:588} INFO - Filling up the DagBag from /home/airflow/.local/lib/python3.12/site-packages/airflow/example_dags/tutorial.py
[2025-01-26T13:56:39.511+0000] {processor.py:925} INFO - DAG(s) 'tutorial' retrieved from /home/airflow/.local/lib/python3.12/site-packages/airflow/example_dags/tutorial.py
[2025-01-26T13:56:39.524+0000] {logging_mixin.py:190} INFO - [2025-01-26T13:56:39.524+0000] {dag.py:3239} INFO - Sync 1 DAGs
[2025-01-26T13:56:39.538+0000] {logging_mixin.py:190} INFO - [2025-01-26T13:56:39.538+0000] {dag.py:4180} INFO - Setting next_dagrun for tutorial to 2025-01-25 00:00:00+00:00, run_after=2025-01-26 00:00:00+00:00
[2025-01-26T13:56:39.549+0000] {processor.py:208} INFO - Processing /home/airflow/.local/lib/python3.12/site-packages/airflow/example_dags/tutorial.py took 0.049 seconds
[2025-01-26T13:57:10.387+0000] {processor.py:186} INFO - Started process (PID=398) to work on /home/airflow/.local/lib/python3.12/site-packages/airflow/example_dags/tutorial.py
[2025-01-26T13:57:10.388+0000] {processor.py:914} INFO - Processing file /home/airflow/.local/lib/python3.12/site-packages/airflow/example_dags/tutorial.py for tasks to queue
[2025-01-26T13:57:10.391+0000] {logging_mixin.py:190} INFO - [2025-01-26T13:57:10.390+0000] {dagbag.py:588} INFO - Filling up the DagBag from /home/airflow/.local/lib/python3.12/site-packages/airflow/example_dags/tutorial.py
[2025-01-26T13:57:10.399+0000] {processor.py:925} INFO - DAG(s) 'tutorial' retrieved from /home/airflow/.local/lib/python3.12/site-packages/airflow/example_dags/tutorial.py
[2025-01-26T13:57:10.411+0000] {logging_mixin.py:190} INFO - [2025-01-26T13:57:10.411+0000] {dag.py:3239} INFO - Sync 1 DAGs
[2025-01-26T13:57:10.438+0000] {logging_mixin.py:190} INFO - [2025-01-26T13:57:10.437+0000] {dag.py:4180} INFO - Setting next_dagrun for tutorial to 2025-01-25 00:00:00+00:00, run_after=2025-01-26 00:00:00+00:00
[2025-01-26T13:57:10.514+0000] {processor.py:208} INFO - Processing /home/airflow/.local/lib/python3.12/site-packages/airflow/example_dags/tutorial.py took 0.134 seconds
[2025-01-26T13:57:41.201+0000] {processor.py:186} INFO - Started process (PID=461) to work on /home/airflow/.local/lib/python3.12/site-packages/airflow/example_dags/tutorial.py
[2025-01-26T13:57:41.203+0000] {processor.py:914} INFO - Processing file /home/airflow/.local/lib/python3.12/site-packages/airflow/example_dags/tutorial.py for tasks to queue
[2025-01-26T13:57:41.205+0000] {logging_mixin.py:190} INFO - [2025-01-26T13:57:41.205+0000] {dagbag.py:588} INFO - Filling up the DagBag from /home/airflow/.local/lib/python3.12/site-packages/airflow/example_dags/tutorial.py
[2025-01-26T13:57:41.210+0000] {processor.py:925} INFO - DAG(s) 'tutorial' retrieved from /home/airflow/.local/lib/python3.12/site-packages/airflow/example_dags/tutorial.py
[2025-01-26T13:57:41.221+0000] {logging_mixin.py:190} INFO - [2025-01-26T13:57:41.221+0000] {dag.py:3239} INFO - Sync 1 DAGs
[2025-01-26T13:57:41.232+0000] {logging_mixin.py:190} INFO - [2025-01-26T13:57:41.232+0000] {dag.py:4180} INFO - Setting next_dagrun for tutorial to 2025-01-25 00:00:00+00:00, run_after=2025-01-26 00:00:00+00:00
[2025-01-26T13:57:41.240+0000] {processor.py:208} INFO - Processing /home/airflow/.local/lib/python3.12/site-packages/airflow/example_dags/tutorial.py took 0.046 seconds
[2025-01-26T13:58:12.244+0000] {processor.py:186} INFO - Started process (PID=524) to work on /home/airflow/.local/lib/python3.12/site-packages/airflow/example_dags/tutorial.py
[2025-01-26T13:58:12.245+0000] {processor.py:914} INFO - Processing file /home/airflow/.local/lib/python3.12/site-packages/airflow/example_dags/tutorial.py for tasks to queue
[2025-01-26T13:58:12.246+0000] {logging_mixin.py:190} INFO - [2025-01-26T13:58:12.246+0000] {dagbag.py:588} INFO - Filling up the DagBag from /home/airflow/.local/lib/python3.12/site-packages/airflow/example_dags/tutorial.py
[2025-01-26T13:58:12.252+0000] {processor.py:925} INFO - DAG(s) 'tutorial' retrieved from /home/airflow/.local/lib/python3.12/site-packages/airflow/example_dags/tutorial.py
[2025-01-26T13:58:12.264+0000] {logging_mixin.py:190} INFO - [2025-01-26T13:58:12.264+0000] {dag.py:3239} INFO - Sync 1 DAGs
[2025-01-26T13:58:12.276+0000] {logging_mixin.py:190} INFO - [2025-01-26T13:58:12.276+0000] {dag.py:4180} INFO - Setting next_dagrun for tutorial to 2025-01-25 00:00:00+00:00, run_after=2025-01-26 00:00:00+00:00
[2025-01-26T13:58:12.287+0000] {processor.py:208} INFO - Processing /home/airflow/.local/lib/python3.12/site-packages/airflow/example_dags/tutorial.py took 0.046 seconds
[2025-01-26T13:58:43.628+0000] {processor.py:186} INFO - Started process (PID=586) to work on /home/airflow/.local/lib/python3.12/site-packages/airflow/example_dags/tutorial.py
[2025-01-26T13:58:43.628+0000] {processor.py:914} INFO - Processing file /home/airflow/.local/lib/python3.12/site-packages/airflow/example_dags/tutorial.py for tasks to queue
[2025-01-26T13:58:43.630+0000] {logging_mixin.py:190} INFO - [2025-01-26T13:58:43.630+0000] {dagbag.py:588} INFO - Filling up the DagBag from /home/airflow/.local/lib/python3.12/site-packages/airflow/example_dags/tutorial.py
[2025-01-26T13:58:43.635+0000] {processor.py:925} INFO - DAG(s) 'tutorial' retrieved from /home/airflow/.local/lib/python3.12/site-packages/airflow/example_dags/tutorial.py
[2025-01-26T13:58:43.646+0000] {logging_mixin.py:190} INFO - [2025-01-26T13:58:43.646+0000] {dag.py:3239} INFO - Sync 1 DAGs
[2025-01-26T13:58:43.658+0000] {logging_mixin.py:190} INFO - [2025-01-26T13:58:43.658+0000] {dag.py:4180} INFO - Setting next_dagrun for tutorial to 2025-01-25 00:00:00+00:00, run_after=2025-01-26 00:00:00+00:00
[2025-01-26T13:58:43.667+0000] {processor.py:208} INFO - Processing /home/airflow/.local/lib/python3.12/site-packages/airflow/example_dags/tutorial.py took 0.043 seconds
[2025-01-26T13:59:15.021+0000] {processor.py:186} INFO - Started process (PID=649) to work on /home/airflow/.local/lib/python3.12/site-packages/airflow/example_dags/tutorial.py
[2025-01-26T13:59:15.021+0000] {processor.py:914} INFO - Processing file /home/airflow/.local/lib/python3.12/site-packages/airflow/example_dags/tutorial.py for tasks to queue
[2025-01-26T13:59:15.023+0000] {logging_mixin.py:190} INFO - [2025-01-26T13:59:15.023+0000] {dagbag.py:588} INFO - Filling up the DagBag from /home/airflow/.local/lib/python3.12/site-packages/airflow/example_dags/tutorial.py
[2025-01-26T13:59:15.028+0000] {processor.py:925} INFO - DAG(s) 'tutorial' retrieved from /home/airflow/.local/lib/python3.12/site-packages/airflow/example_dags/tutorial.py
[2025-01-26T13:59:15.039+0000] {logging_mixin.py:190} INFO - [2025-01-26T13:59:15.039+0000] {dag.py:3239} INFO - Sync 1 DAGs
[2025-01-26T13:59:15.051+0000] {logging_mixin.py:190} INFO - [2025-01-26T13:59:15.051+0000] {dag.py:4180} INFO - Setting next_dagrun for tutorial to 2025-01-25 00:00:00+00:00, run_after=2025-01-26 00:00:00+00:00
[2025-01-26T13:59:15.060+0000] {processor.py:208} INFO - Processing /home/airflow/.local/lib/python3.12/site-packages/airflow/example_dags/tutorial.py took 0.043 seconds
