[2025-01-26T13:54:36.838+0000] {processor.py:186} INFO - Started process (PID=77) to work on /home/airflow/.local/lib/python3.12/site-packages/airflow/example_dags/tutorial_dag.py
[2025-01-26T13:54:36.838+0000] {processor.py:914} INFO - Processing file /home/airflow/.local/lib/python3.12/site-packages/airflow/example_dags/tutorial_dag.py for tasks to queue
[2025-01-26T13:54:36.840+0000] {logging_mixin.py:190} INFO - [2025-01-26T13:54:36.840+0000] {dagbag.py:588} INFO - Filling up the DagBag from /home/airflow/.local/lib/python3.12/site-packages/airflow/example_dags/tutorial_dag.py
[2025-01-26T13:54:36.846+0000] {processor.py:925} INFO - DAG(s) 'tutorial_dag' retrieved from /home/airflow/.local/lib/python3.12/site-packages/airflow/example_dags/tutorial_dag.py
[2025-01-26T13:54:36.914+0000] {logging_mixin.py:190} INFO - [2025-01-26T13:54:36.914+0000] {override.py:1911} INFO - Created Permission View: can delete on DAG:tutorial_dag
[2025-01-26T13:54:36.920+0000] {logging_mixin.py:190} INFO - [2025-01-26T13:54:36.920+0000] {override.py:1911} INFO - Created Permission View: can read on DAG:tutorial_dag
[2025-01-26T13:54:36.924+0000] {logging_mixin.py:190} INFO - [2025-01-26T13:54:36.924+0000] {override.py:1911} INFO - Created Permission View: can edit on DAG:tutorial_dag
[2025-01-26T13:54:36.928+0000] {logging_mixin.py:190} INFO - [2025-01-26T13:54:36.928+0000] {override.py:1911} INFO - Created Permission View: can create on DAG Run:tutorial_dag
[2025-01-26T13:54:36.932+0000] {logging_mixin.py:190} INFO - [2025-01-26T13:54:36.932+0000] {override.py:1911} INFO - Created Permission View: can delete on DAG Run:tutorial_dag
[2025-01-26T13:54:36.936+0000] {logging_mixin.py:190} INFO - [2025-01-26T13:54:36.936+0000] {override.py:1911} INFO - Created Permission View: can read on DAG Run:tutorial_dag
[2025-01-26T13:54:36.939+0000] {logging_mixin.py:190} INFO - [2025-01-26T13:54:36.939+0000] {override.py:1911} INFO - Created Permission View: menu access on DAG Run:tutorial_dag
[2025-01-26T13:54:36.940+0000] {logging_mixin.py:190} INFO - [2025-01-26T13:54:36.939+0000] {dag.py:3239} INFO - Sync 1 DAGs
[2025-01-26T13:54:36.947+0000] {logging_mixin.py:190} INFO - [2025-01-26T13:54:36.947+0000] {dag.py:3262} INFO - Creating ORM DAG for tutorial_dag
[2025-01-26T13:54:36.948+0000] {logging_mixin.py:190} INFO - [2025-01-26T13:54:36.948+0000] {dag.py:4180} INFO - Setting next_dagrun for tutorial_dag to None, run_after=None
[2025-01-26T13:54:36.959+0000] {processor.py:208} INFO - Processing /home/airflow/.local/lib/python3.12/site-packages/airflow/example_dags/tutorial_dag.py took 0.125 seconds
[2025-01-26T13:55:07.322+0000] {processor.py:186} INFO - Started process (PID=139) to work on /home/airflow/.local/lib/python3.12/site-packages/airflow/example_dags/tutorial_dag.py
[2025-01-26T13:55:07.323+0000] {processor.py:914} INFO - Processing file /home/airflow/.local/lib/python3.12/site-packages/airflow/example_dags/tutorial_dag.py for tasks to queue
[2025-01-26T13:55:07.326+0000] {logging_mixin.py:190} INFO - [2025-01-26T13:55:07.326+0000] {dagbag.py:588} INFO - Filling up the DagBag from /home/airflow/.local/lib/python3.12/site-packages/airflow/example_dags/tutorial_dag.py
[2025-01-26T13:55:07.331+0000] {processor.py:925} INFO - DAG(s) 'tutorial_dag' retrieved from /home/airflow/.local/lib/python3.12/site-packages/airflow/example_dags/tutorial_dag.py
[2025-01-26T13:55:07.349+0000] {logging_mixin.py:190} INFO - [2025-01-26T13:55:07.349+0000] {dag.py:3239} INFO - Sync 1 DAGs
[2025-01-26T13:55:07.359+0000] {logging_mixin.py:190} INFO - [2025-01-26T13:55:07.359+0000] {dag.py:4180} INFO - Setting next_dagrun for tutorial_dag to None, run_after=None
[2025-01-26T13:55:07.371+0000] {processor.py:208} INFO - Processing /home/airflow/.local/lib/python3.12/site-packages/airflow/example_dags/tutorial_dag.py took 0.055 seconds
[2025-01-26T13:55:37.529+0000] {processor.py:186} INFO - Started process (PID=207) to work on /home/airflow/.local/lib/python3.12/site-packages/airflow/example_dags/tutorial_dag.py
[2025-01-26T13:55:37.530+0000] {processor.py:914} INFO - Processing file /home/airflow/.local/lib/python3.12/site-packages/airflow/example_dags/tutorial_dag.py for tasks to queue
[2025-01-26T13:55:37.534+0000] {logging_mixin.py:190} INFO - [2025-01-26T13:55:37.534+0000] {dagbag.py:588} INFO - Filling up the DagBag from /home/airflow/.local/lib/python3.12/site-packages/airflow/example_dags/tutorial_dag.py
[2025-01-26T13:55:37.545+0000] {processor.py:925} INFO - DAG(s) 'tutorial_dag' retrieved from /home/airflow/.local/lib/python3.12/site-packages/airflow/example_dags/tutorial_dag.py
[2025-01-26T13:55:37.557+0000] {logging_mixin.py:190} INFO - [2025-01-26T13:55:37.557+0000] {dag.py:3239} INFO - Sync 1 DAGs
[2025-01-26T13:55:37.565+0000] {logging_mixin.py:190} INFO - [2025-01-26T13:55:37.564+0000] {dag.py:4180} INFO - Setting next_dagrun for tutorial_dag to None, run_after=None
[2025-01-26T13:55:37.575+0000] {processor.py:208} INFO - Processing /home/airflow/.local/lib/python3.12/site-packages/airflow/example_dags/tutorial_dag.py took 0.050 seconds
[2025-01-26T13:56:08.141+0000] {processor.py:186} INFO - Started process (PID=270) to work on /home/airflow/.local/lib/python3.12/site-packages/airflow/example_dags/tutorial_dag.py
[2025-01-26T13:56:08.142+0000] {processor.py:914} INFO - Processing file /home/airflow/.local/lib/python3.12/site-packages/airflow/example_dags/tutorial_dag.py for tasks to queue
[2025-01-26T13:56:08.147+0000] {logging_mixin.py:190} INFO - [2025-01-26T13:56:08.147+0000] {dagbag.py:588} INFO - Filling up the DagBag from /home/airflow/.local/lib/python3.12/site-packages/airflow/example_dags/tutorial_dag.py
[2025-01-26T13:56:08.152+0000] {processor.py:925} INFO - DAG(s) 'tutorial_dag' retrieved from /home/airflow/.local/lib/python3.12/site-packages/airflow/example_dags/tutorial_dag.py
[2025-01-26T13:56:08.162+0000] {logging_mixin.py:190} INFO - [2025-01-26T13:56:08.162+0000] {dag.py:3239} INFO - Sync 1 DAGs
[2025-01-26T13:56:08.169+0000] {logging_mixin.py:190} INFO - [2025-01-26T13:56:08.169+0000] {dag.py:4180} INFO - Setting next_dagrun for tutorial_dag to None, run_after=None
[2025-01-26T13:56:08.178+0000] {processor.py:208} INFO - Processing /home/airflow/.local/lib/python3.12/site-packages/airflow/example_dags/tutorial_dag.py took 0.041 seconds
[2025-01-26T13:56:39.448+0000] {processor.py:186} INFO - Started process (PID=334) to work on /home/airflow/.local/lib/python3.12/site-packages/airflow/example_dags/tutorial_dag.py
[2025-01-26T13:56:39.449+0000] {processor.py:914} INFO - Processing file /home/airflow/.local/lib/python3.12/site-packages/airflow/example_dags/tutorial_dag.py for tasks to queue
[2025-01-26T13:56:39.450+0000] {logging_mixin.py:190} INFO - [2025-01-26T13:56:39.450+0000] {dagbag.py:588} INFO - Filling up the DagBag from /home/airflow/.local/lib/python3.12/site-packages/airflow/example_dags/tutorial_dag.py
[2025-01-26T13:56:39.456+0000] {processor.py:925} INFO - DAG(s) 'tutorial_dag' retrieved from /home/airflow/.local/lib/python3.12/site-packages/airflow/example_dags/tutorial_dag.py
[2025-01-26T13:56:39.468+0000] {logging_mixin.py:190} INFO - [2025-01-26T13:56:39.468+0000] {dag.py:3239} INFO - Sync 1 DAGs
[2025-01-26T13:56:39.478+0000] {logging_mixin.py:190} INFO - [2025-01-26T13:56:39.478+0000] {dag.py:4180} INFO - Setting next_dagrun for tutorial_dag to None, run_after=None
[2025-01-26T13:56:39.488+0000] {processor.py:208} INFO - Processing /home/airflow/.local/lib/python3.12/site-packages/airflow/example_dags/tutorial_dag.py took 0.043 seconds
[2025-01-26T13:57:10.326+0000] {processor.py:186} INFO - Started process (PID=397) to work on /home/airflow/.local/lib/python3.12/site-packages/airflow/example_dags/tutorial_dag.py
[2025-01-26T13:57:10.326+0000] {processor.py:914} INFO - Processing file /home/airflow/.local/lib/python3.12/site-packages/airflow/example_dags/tutorial_dag.py for tasks to queue
[2025-01-26T13:57:10.328+0000] {logging_mixin.py:190} INFO - [2025-01-26T13:57:10.328+0000] {dagbag.py:588} INFO - Filling up the DagBag from /home/airflow/.local/lib/python3.12/site-packages/airflow/example_dags/tutorial_dag.py
[2025-01-26T13:57:10.333+0000] {processor.py:925} INFO - DAG(s) 'tutorial_dag' retrieved from /home/airflow/.local/lib/python3.12/site-packages/airflow/example_dags/tutorial_dag.py
[2025-01-26T13:57:10.345+0000] {logging_mixin.py:190} INFO - [2025-01-26T13:57:10.345+0000] {dag.py:3239} INFO - Sync 1 DAGs
[2025-01-26T13:57:10.353+0000] {logging_mixin.py:190} INFO - [2025-01-26T13:57:10.353+0000] {dag.py:4180} INFO - Setting next_dagrun for tutorial_dag to None, run_after=None
[2025-01-26T13:57:10.365+0000] {processor.py:208} INFO - Processing /home/airflow/.local/lib/python3.12/site-packages/airflow/example_dags/tutorial_dag.py took 0.043 seconds
[2025-01-26T13:57:41.141+0000] {processor.py:186} INFO - Started process (PID=460) to work on /home/airflow/.local/lib/python3.12/site-packages/airflow/example_dags/tutorial_dag.py
[2025-01-26T13:57:41.141+0000] {processor.py:914} INFO - Processing file /home/airflow/.local/lib/python3.12/site-packages/airflow/example_dags/tutorial_dag.py for tasks to queue
[2025-01-26T13:57:41.143+0000] {logging_mixin.py:190} INFO - [2025-01-26T13:57:41.142+0000] {dagbag.py:588} INFO - Filling up the DagBag from /home/airflow/.local/lib/python3.12/site-packages/airflow/example_dags/tutorial_dag.py
[2025-01-26T13:57:41.148+0000] {processor.py:925} INFO - DAG(s) 'tutorial_dag' retrieved from /home/airflow/.local/lib/python3.12/site-packages/airflow/example_dags/tutorial_dag.py
[2025-01-26T13:57:41.159+0000] {logging_mixin.py:190} INFO - [2025-01-26T13:57:41.159+0000] {dag.py:3239} INFO - Sync 1 DAGs
[2025-01-26T13:57:41.166+0000] {logging_mixin.py:190} INFO - [2025-01-26T13:57:41.166+0000] {dag.py:4180} INFO - Setting next_dagrun for tutorial_dag to None, run_after=None
[2025-01-26T13:57:41.178+0000] {processor.py:208} INFO - Processing /home/airflow/.local/lib/python3.12/site-packages/airflow/example_dags/tutorial_dag.py took 0.041 seconds
[2025-01-26T13:58:12.195+0000] {processor.py:186} INFO - Started process (PID=523) to work on /home/airflow/.local/lib/python3.12/site-packages/airflow/example_dags/tutorial_dag.py
[2025-01-26T13:58:12.195+0000] {processor.py:914} INFO - Processing file /home/airflow/.local/lib/python3.12/site-packages/airflow/example_dags/tutorial_dag.py for tasks to queue
[2025-01-26T13:58:12.196+0000] {logging_mixin.py:190} INFO - [2025-01-26T13:58:12.196+0000] {dagbag.py:588} INFO - Filling up the DagBag from /home/airflow/.local/lib/python3.12/site-packages/airflow/example_dags/tutorial_dag.py
[2025-01-26T13:58:12.201+0000] {processor.py:925} INFO - DAG(s) 'tutorial_dag' retrieved from /home/airflow/.local/lib/python3.12/site-packages/airflow/example_dags/tutorial_dag.py
[2025-01-26T13:58:12.212+0000] {logging_mixin.py:190} INFO - [2025-01-26T13:58:12.212+0000] {dag.py:3239} INFO - Sync 1 DAGs
[2025-01-26T13:58:12.219+0000] {logging_mixin.py:190} INFO - [2025-01-26T13:58:12.219+0000] {dag.py:4180} INFO - Setting next_dagrun for tutorial_dag to None, run_after=None
[2025-01-26T13:58:12.229+0000] {processor.py:208} INFO - Processing /home/airflow/.local/lib/python3.12/site-packages/airflow/example_dags/tutorial_dag.py took 0.038 seconds
[2025-01-26T13:58:43.607+0000] {processor.py:186} INFO - Started process (PID=585) to work on /home/airflow/.local/lib/python3.12/site-packages/airflow/example_dags/tutorial_dag.py
[2025-01-26T13:58:43.608+0000] {processor.py:914} INFO - Processing file /home/airflow/.local/lib/python3.12/site-packages/airflow/example_dags/tutorial_dag.py for tasks to queue
[2025-01-26T13:58:43.609+0000] {logging_mixin.py:190} INFO - [2025-01-26T13:58:43.609+0000] {dagbag.py:588} INFO - Filling up the DagBag from /home/airflow/.local/lib/python3.12/site-packages/airflow/example_dags/tutorial_dag.py
[2025-01-26T13:58:43.617+0000] {processor.py:925} INFO - DAG(s) 'tutorial_dag' retrieved from /home/airflow/.local/lib/python3.12/site-packages/airflow/example_dags/tutorial_dag.py
[2025-01-26T13:58:43.629+0000] {logging_mixin.py:190} INFO - [2025-01-26T13:58:43.629+0000] {dag.py:3239} INFO - Sync 1 DAGs
[2025-01-26T13:58:43.636+0000] {logging_mixin.py:190} INFO - [2025-01-26T13:58:43.636+0000] {dag.py:4180} INFO - Setting next_dagrun for tutorial_dag to None, run_after=None
[2025-01-26T13:58:43.646+0000] {processor.py:208} INFO - Processing /home/airflow/.local/lib/python3.12/site-packages/airflow/example_dags/tutorial_dag.py took 0.042 seconds
[2025-01-26T13:59:14.996+0000] {processor.py:186} INFO - Started process (PID=648) to work on /home/airflow/.local/lib/python3.12/site-packages/airflow/example_dags/tutorial_dag.py
[2025-01-26T13:59:14.997+0000] {processor.py:914} INFO - Processing file /home/airflow/.local/lib/python3.12/site-packages/airflow/example_dags/tutorial_dag.py for tasks to queue
[2025-01-26T13:59:14.998+0000] {logging_mixin.py:190} INFO - [2025-01-26T13:59:14.998+0000] {dagbag.py:588} INFO - Filling up the DagBag from /home/airflow/.local/lib/python3.12/site-packages/airflow/example_dags/tutorial_dag.py
[2025-01-26T13:59:15.004+0000] {processor.py:925} INFO - DAG(s) 'tutorial_dag' retrieved from /home/airflow/.local/lib/python3.12/site-packages/airflow/example_dags/tutorial_dag.py
[2025-01-26T13:59:15.015+0000] {logging_mixin.py:190} INFO - [2025-01-26T13:59:15.015+0000] {dag.py:3239} INFO - Sync 1 DAGs
[2025-01-26T13:59:15.023+0000] {logging_mixin.py:190} INFO - [2025-01-26T13:59:15.023+0000] {dag.py:4180} INFO - Setting next_dagrun for tutorial_dag to None, run_after=None
[2025-01-26T13:59:15.033+0000] {processor.py:208} INFO - Processing /home/airflow/.local/lib/python3.12/site-packages/airflow/example_dags/tutorial_dag.py took 0.040 seconds
