[2025-01-26T18:46:38.066+0000] {local_task_job_runner.py:123} INFO - ::group::Pre task execution logs
[2025-01-26T18:46:38.080+0000] {taskinstance.py:2613} INFO - Dependencies all met for dep_context=non-requeueable deps ti=<TaskInstance: simulative_example_basic_dag.say_goodbye manual__2025-01-26T18:46:33.508118+00:00 [queued]>
[2025-01-26T18:46:38.088+0000] {taskinstance.py:2613} INFO - Dependencies all met for dep_context=requeueable deps ti=<TaskInstance: simulative_example_basic_dag.say_goodbye manual__2025-01-26T18:46:33.508118+00:00 [queued]>
[2025-01-26T18:46:38.088+0000] {taskinstance.py:2866} INFO - Starting attempt 1 of 1
[2025-01-26T18:46:38.098+0000] {taskinstance.py:2889} INFO - Executing <Task(_PythonDecoratedOperator): say_goodbye> on 2025-01-26 18:46:33.508118+00:00
[2025-01-26T18:46:38.109+0000] {warnings.py:112} WARNING - /home/***/.local/lib/python3.12/site-packages/***/task/task_runner/standard_task_runner.py:70: DeprecationWarning: This process (pid=71) is multi-threaded, use of fork() may lead to deadlocks in the child.
  pid = os.fork()

[2025-01-26T18:46:38.112+0000] {standard_task_runner.py:72} INFO - Started process 78 to run task
[2025-01-26T18:46:38.117+0000] {standard_task_runner.py:104} INFO - Running: ['***', 'tasks', 'run', 'simulative_example_basic_dag', 'say_goodbye', 'manual__2025-01-26T18:46:33.508118+00:00', '--job-id', '3', '--raw', '--subdir', 'DAGS_FOLDER/simulative_example_basic_dag.py', '--cfg-path', '/tmp/tmpo6chi77e']
[2025-01-26T18:46:38.118+0000] {standard_task_runner.py:105} INFO - Job 3: Subtask say_goodbye
[2025-01-26T18:46:38.259+0000] {task_command.py:467} INFO - Running <TaskInstance: simulative_example_basic_dag.say_goodbye manual__2025-01-26T18:46:33.508118+00:00 [running]> on host f0b50da05317
[2025-01-26T18:46:39.342+0000] {taskinstance.py:3132} INFO - Exporting env vars: AIRFLOW_CTX_DAG_OWNER='***' AIRFLOW_CTX_DAG_ID='simulative_example_basic_dag' AIRFLOW_CTX_TASK_ID='say_goodbye' AIRFLOW_CTX_EXECUTION_DATE='2025-01-26T18:46:33.508118+00:00' AIRFLOW_CTX_TRY_NUMBER='1' AIRFLOW_CTX_DAG_RUN_ID='manual__2025-01-26T18:46:33.508118+00:00'
[2025-01-26T18:46:39.343+0000] {logging_mixin.py:190} INFO - Task instance is in running state
[2025-01-26T18:46:39.343+0000] {logging_mixin.py:190} INFO -  Previous state of the Task instance: queued
[2025-01-26T18:46:39.344+0000] {logging_mixin.py:190} INFO - Current task name:say_goodbye state:running start_date:2025-01-26 18:46:38.081245+00:00
[2025-01-26T18:46:39.344+0000] {logging_mixin.py:190} INFO - Dag name:simulative_example_basic_dag and current dag run status:running
[2025-01-26T18:46:39.344+0000] {taskinstance.py:731} INFO - ::endgroup::
[2025-01-26T18:46:39.345+0000] {logging_mixin.py:190} INFO - Goodbye, Simulative!
[2025-01-26T18:46:39.346+0000] {python.py:240} INFO - Done. Returned value was: None
[2025-01-26T18:46:39.357+0000] {taskinstance.py:340} INFO - ::group::Post task execution logs
[2025-01-26T18:46:39.357+0000] {taskinstance.py:352} INFO - Marking task as SUCCESS. dag_id=simulative_example_basic_dag, task_id=say_goodbye, run_id=manual__2025-01-26T18:46:33.508118+00:00, execution_date=20250126T184633, start_date=20250126T184638, end_date=20250126T184639
[2025-01-26T18:46:39.366+0000] {logging_mixin.py:190} INFO - Task instance in success state
[2025-01-26T18:46:39.369+0000] {logging_mixin.py:190} INFO -  Previous state of the Task instance: running
[2025-01-26T18:46:39.370+0000] {logging_mixin.py:190} INFO - Dag name:simulative_example_basic_dag queued_at:2025-01-26 18:46:33.527972+00:00
[2025-01-26T18:46:39.371+0000] {logging_mixin.py:190} INFO - Task hostname:f0b50da05317 operator:_PythonDecoratedOperator
[2025-01-26T18:46:39.414+0000] {local_task_job_runner.py:266} INFO - Task exited with return code 0
[2025-01-26T18:46:39.449+0000] {taskinstance.py:3895} INFO - 0 downstream tasks scheduled from follow-on schedule check
[2025-01-26T18:46:39.451+0000] {local_task_job_runner.py:245} INFO - ::endgroup::
