[2025-01-26T19:05:20.021+0000] {local_task_job_runner.py:123} INFO - ::group::Pre task execution logs
[2025-01-26T19:05:20.040+0000] {taskinstance.py:2613} INFO - Dependencies all met for dep_context=non-requeueable deps ti=<TaskInstance: simulative_example_basic_dag.read_data_from_faker_api_and_load_to_pg.load_data_to_pg scheduled__2025-01-25T00:00:00+00:00 [queued]>
[2025-01-26T19:05:20.049+0000] {taskinstance.py:2613} INFO - Dependencies all met for dep_context=requeueable deps ti=<TaskInstance: simulative_example_basic_dag.read_data_from_faker_api_and_load_to_pg.load_data_to_pg scheduled__2025-01-25T00:00:00+00:00 [queued]>
[2025-01-26T19:05:20.050+0000] {taskinstance.py:2866} INFO - Starting attempt 11 of 11
[2025-01-26T19:05:20.057+0000] {taskinstance.py:2889} INFO - Executing <Task(_PythonDecoratedOperator): read_data_from_faker_api_and_load_to_pg.load_data_to_pg> on 2025-01-25 00:00:00+00:00
[2025-01-26T19:05:20.063+0000] {warnings.py:112} WARNING - /home/***/.local/lib/python3.12/site-packages/***/task/task_runner/standard_task_runner.py:70: DeprecationWarning: This process (pid=287) is multi-threaded, use of fork() may lead to deadlocks in the child.
  pid = os.fork()

[2025-01-26T19:05:20.066+0000] {standard_task_runner.py:72} INFO - Started process 288 to run task
[2025-01-26T19:05:20.067+0000] {standard_task_runner.py:104} INFO - Running: ['***', 'tasks', 'run', 'simulative_example_basic_dag', 'read_data_from_faker_api_and_load_to_pg.load_data_to_pg', 'scheduled__2025-01-25T00:00:00+00:00', '--job-id', '25', '--raw', '--subdir', 'DAGS_FOLDER/simulative_example_basic_dag.py', '--cfg-path', '/tmp/tmpz1_gnbs6']
[2025-01-26T19:05:20.068+0000] {standard_task_runner.py:105} INFO - Job 25: Subtask read_data_from_faker_api_and_load_to_pg.load_data_to_pg
[2025-01-26T19:05:20.335+0000] {task_command.py:467} INFO - Running <TaskInstance: simulative_example_basic_dag.read_data_from_faker_api_and_load_to_pg.load_data_to_pg scheduled__2025-01-25T00:00:00+00:00 [running]> on host b82bd748d7ce
[2025-01-26T19:05:20.379+0000] {taskinstance.py:3132} INFO - Exporting env vars: AIRFLOW_CTX_DAG_OWNER='***' AIRFLOW_CTX_DAG_ID='simulative_example_basic_dag' AIRFLOW_CTX_TASK_ID='read_data_from_faker_api_and_load_to_pg.load_data_to_pg' AIRFLOW_CTX_EXECUTION_DATE='2025-01-25T00:00:00+00:00' AIRFLOW_CTX_TRY_NUMBER='11' AIRFLOW_CTX_DAG_RUN_ID='scheduled__2025-01-25T00:00:00+00:00'
[2025-01-26T19:05:20.379+0000] {logging_mixin.py:190} INFO - Task instance is in running state
[2025-01-26T19:05:20.380+0000] {logging_mixin.py:190} INFO -  Previous state of the Task instance: queued
[2025-01-26T19:05:20.380+0000] {logging_mixin.py:190} INFO - Current task name:read_data_from_faker_api_and_load_to_pg.load_data_to_pg state:running start_date:2025-01-26 19:05:20.043630+00:00
[2025-01-26T19:05:20.380+0000] {logging_mixin.py:190} INFO - Dag name:simulative_example_basic_dag and current dag run status:running
[2025-01-26T19:05:20.380+0000] {taskinstance.py:731} INFO - ::endgroup::
[2025-01-26T19:05:20.385+0000] {logging_mixin.py:190} INFO - {'name': 'Тарас Демидович Гаврилов', 'age': 80, 'address': 'к. Нерчинск, пер. Мичурина, д. 51 стр. 818, 373183', 'email': 'mitofanlitkin@example.net', 'phone_number': '+7 724 571 83 33', 'registration_date': '2024-09-23T12:48:16.044327', 'created_at': '2024-10-09T07:04:23.623318', 'updated_at': '2024-09-28T18:59:38.118622', 'deleted_at': None}
[2025-01-26T19:05:20.387+0000] {crypto.py:82} WARNING - empty cryptography key - values will not be stored encrypted.
[2025-01-26T19:05:20.388+0000] {base.py:84} INFO - Retrieving connection '***'
[2025-01-26T19:05:20.426+0000] {logging_mixin.py:190} INFO - Loaded 1 rows to PostgreSQL. Table: person
[2025-01-26T19:05:20.426+0000] {python.py:240} INFO - Done. Returned value was: None
[2025-01-26T19:05:20.432+0000] {taskinstance.py:340} INFO - ::group::Post task execution logs
[2025-01-26T19:05:20.432+0000] {taskinstance.py:352} INFO - Marking task as SUCCESS. dag_id=simulative_example_basic_dag, task_id=read_data_from_faker_api_and_load_to_pg.load_data_to_pg, run_id=scheduled__2025-01-25T00:00:00+00:00, execution_date=20250125T000000, start_date=20250126T190520, end_date=20250126T190520
[2025-01-26T19:05:20.436+0000] {logging_mixin.py:190} INFO - Task instance in success state
[2025-01-26T19:05:20.437+0000] {logging_mixin.py:190} INFO -  Previous state of the Task instance: running
[2025-01-26T19:05:20.437+0000] {logging_mixin.py:190} INFO - Dag name:simulative_example_basic_dag queued_at:2025-01-26 19:05:18.398108+00:00
[2025-01-26T19:05:20.437+0000] {logging_mixin.py:190} INFO - Task hostname:b82bd748d7ce operator:_PythonDecoratedOperator
[2025-01-26T19:05:20.454+0000] {local_task_job_runner.py:266} INFO - Task exited with return code 0
[2025-01-26T19:05:20.596+0000] {taskinstance.py:3895} INFO - 1 downstream tasks scheduled from follow-on schedule check
[2025-01-26T19:05:20.598+0000] {local_task_job_runner.py:245} INFO - ::endgroup::
