[2025-01-26T18:59:56.984+0000] {local_task_job_runner.py:123} INFO - ::group::Pre task execution logs
[2025-01-26T18:59:56.994+0000] {taskinstance.py:2613} INFO - Dependencies all met for dep_context=non-requeueable deps ti=<TaskInstance: simulative_example_basic_dag.say_goodbye scheduled__2025-01-25T00:00:00+00:00 [queued]>
[2025-01-26T18:59:56.998+0000] {taskinstance.py:2613} INFO - Dependencies all met for dep_context=requeueable deps ti=<TaskInstance: simulative_example_basic_dag.say_goodbye scheduled__2025-01-25T00:00:00+00:00 [queued]>
[2025-01-26T18:59:56.998+0000] {taskinstance.py:2866} INFO - Starting attempt 2 of 2
[2025-01-26T18:59:57.005+0000] {taskinstance.py:2889} INFO - Executing <Task(_PythonDecoratedOperator): say_goodbye> on 2025-01-25 00:00:00+00:00
[2025-01-26T18:59:57.009+0000] {warnings.py:112} WARNING - /home/***/.local/lib/python3.12/site-packages/***/task/task_runner/standard_task_runner.py:70: DeprecationWarning: This process (pid=187) is multi-threaded, use of fork() may lead to deadlocks in the child.
  pid = os.fork()

[2025-01-26T18:59:57.010+0000] {standard_task_runner.py:72} INFO - Started process 188 to run task
[2025-01-26T18:59:57.011+0000] {standard_task_runner.py:104} INFO - Running: ['***', 'tasks', 'run', 'simulative_example_basic_dag', 'say_goodbye', 'scheduled__2025-01-25T00:00:00+00:00', '--job-id', '17', '--raw', '--subdir', 'DAGS_FOLDER/simulative_example_basic_dag.py', '--cfg-path', '/tmp/tmpd0hnxk3o']
[2025-01-26T18:59:57.012+0000] {standard_task_runner.py:105} INFO - Job 17: Subtask say_goodbye
[2025-01-26T18:59:57.181+0000] {task_command.py:467} INFO - Running <TaskInstance: simulative_example_basic_dag.say_goodbye scheduled__2025-01-25T00:00:00+00:00 [running]> on host b82bd748d7ce
[2025-01-26T18:59:57.216+0000] {taskinstance.py:3132} INFO - Exporting env vars: AIRFLOW_CTX_DAG_OWNER='***' AIRFLOW_CTX_DAG_ID='simulative_example_basic_dag' AIRFLOW_CTX_TASK_ID='say_goodbye' AIRFLOW_CTX_EXECUTION_DATE='2025-01-25T00:00:00+00:00' AIRFLOW_CTX_TRY_NUMBER='2' AIRFLOW_CTX_DAG_RUN_ID='scheduled__2025-01-25T00:00:00+00:00'
[2025-01-26T18:59:57.217+0000] {logging_mixin.py:190} INFO - Task instance is in running state
[2025-01-26T18:59:57.217+0000] {logging_mixin.py:190} INFO -  Previous state of the Task instance: queued
[2025-01-26T18:59:57.217+0000] {logging_mixin.py:190} INFO - Current task name:say_goodbye state:running start_date:2025-01-26 18:59:56.994856+00:00
[2025-01-26T18:59:57.218+0000] {logging_mixin.py:190} INFO - Dag name:simulative_example_basic_dag and current dag run status:running
[2025-01-26T18:59:57.218+0000] {taskinstance.py:731} INFO - ::endgroup::
[2025-01-26T18:59:57.218+0000] {logging_mixin.py:190} INFO - Goodbye, Simulative!
[2025-01-26T18:59:57.218+0000] {python.py:240} INFO - Done. Returned value was: None
[2025-01-26T18:59:57.223+0000] {taskinstance.py:340} INFO - ::group::Post task execution logs
[2025-01-26T18:59:57.223+0000] {taskinstance.py:352} INFO - Marking task as SUCCESS. dag_id=simulative_example_basic_dag, task_id=say_goodbye, run_id=scheduled__2025-01-25T00:00:00+00:00, execution_date=20250125T000000, start_date=20250126T185956, end_date=20250126T185957
[2025-01-26T18:59:57.228+0000] {logging_mixin.py:190} INFO - Task instance in success state
[2025-01-26T18:59:57.228+0000] {logging_mixin.py:190} INFO -  Previous state of the Task instance: running
[2025-01-26T18:59:57.228+0000] {logging_mixin.py:190} INFO - Dag name:simulative_example_basic_dag queued_at:2025-01-26 18:59:53.137470+00:00
[2025-01-26T18:59:57.228+0000] {logging_mixin.py:190} INFO - Task hostname:b82bd748d7ce operator:_PythonDecoratedOperator
[2025-01-26T18:59:57.239+0000] {local_task_job_runner.py:266} INFO - Task exited with return code 0
[2025-01-26T18:59:57.354+0000] {taskinstance.py:3895} INFO - 0 downstream tasks scheduled from follow-on schedule check
[2025-01-26T18:59:57.356+0000] {local_task_job_runner.py:245} INFO - ::endgroup::
