[2025-01-26T18:42:26.068+0000] {local_task_job_runner.py:123} INFO - ::group::Pre task execution logs
[2025-01-26T18:42:26.109+0000] {taskinstance.py:2613} INFO - Dependencies all met for dep_context=non-requeueable deps ti=<TaskInstance: simulative_example_basic_dag.say_goodbye scheduled__2025-01-25T00:00:00+00:00 [queued]>
[2025-01-26T18:42:26.119+0000] {taskinstance.py:2613} INFO - Dependencies all met for dep_context=requeueable deps ti=<TaskInstance: simulative_example_basic_dag.say_goodbye scheduled__2025-01-25T00:00:00+00:00 [queued]>
[2025-01-26T18:42:26.125+0000] {taskinstance.py:2866} INFO - Starting attempt 1 of 1
[2025-01-26T18:42:26.223+0000] {taskinstance.py:2889} INFO - Executing <Task(_PythonDecoratedOperator): say_goodbye> on 2025-01-25 00:00:00+00:00
[2025-01-26T18:42:26.244+0000] {warnings.py:112} WARNING - /home/***/.local/lib/python3.12/site-packages/***/task/task_runner/standard_task_runner.py:70: DeprecationWarning: This process (pid=75) is multi-threaded, use of fork() may lead to deadlocks in the child.
  pid = os.fork()

[2025-01-26T18:42:26.259+0000] {standard_task_runner.py:72} INFO - Started process 97 to run task
[2025-01-26T18:42:26.251+0000] {standard_task_runner.py:104} INFO - Running: ['***', 'tasks', 'run', 'simulative_example_basic_dag', 'say_goodbye', 'scheduled__2025-01-25T00:00:00+00:00', '--job-id', '10', '--raw', '--subdir', 'DAGS_FOLDER/simulative_example_basic_dag.py', '--cfg-path', '/tmp/tmppa5t8h5g']
[2025-01-26T18:42:26.267+0000] {standard_task_runner.py:105} INFO - Job 10: Subtask say_goodbye
[2025-01-26T18:42:26.632+0000] {task_command.py:467} INFO - Running <TaskInstance: simulative_example_basic_dag.say_goodbye scheduled__2025-01-25T00:00:00+00:00 [running]> on host 3cfc25a6c20c
[2025-01-26T18:42:26.989+0000] {taskinstance.py:3132} INFO - Exporting env vars: AIRFLOW_CTX_DAG_OWNER='***' AIRFLOW_CTX_DAG_ID='simulative_example_basic_dag' AIRFLOW_CTX_TASK_ID='say_goodbye' AIRFLOW_CTX_EXECUTION_DATE='2025-01-25T00:00:00+00:00' AIRFLOW_CTX_TRY_NUMBER='1' AIRFLOW_CTX_DAG_RUN_ID='scheduled__2025-01-25T00:00:00+00:00'
[2025-01-26T18:42:26.994+0000] {logging_mixin.py:190} INFO - Task instance is in running state
[2025-01-26T18:42:26.995+0000] {logging_mixin.py:190} INFO -  Previous state of the Task instance: queued
[2025-01-26T18:42:26.996+0000] {logging_mixin.py:190} INFO - Current task name:say_goodbye state:running start_date:2025-01-26 18:42:26.109775+00:00
[2025-01-26T18:42:26.998+0000] {logging_mixin.py:190} INFO - Dag name:simulative_example_basic_dag and current dag run status:running
[2025-01-26T18:42:27.002+0000] {taskinstance.py:731} INFO - ::endgroup::
[2025-01-26T18:42:27.007+0000] {logging_mixin.py:190} INFO - Goodbye, Simulative!
[2025-01-26T18:42:27.008+0000] {python.py:240} INFO - Done. Returned value was: None
[2025-01-26T18:42:27.036+0000] {taskinstance.py:340} INFO - ::group::Post task execution logs
[2025-01-26T18:42:27.037+0000] {taskinstance.py:352} INFO - Marking task as SUCCESS. dag_id=simulative_example_basic_dag, task_id=say_goodbye, run_id=scheduled__2025-01-25T00:00:00+00:00, execution_date=20250125T000000, start_date=20250126T184226, end_date=20250126T184227
[2025-01-26T18:42:27.098+0000] {logging_mixin.py:190} INFO - Task instance in success state
[2025-01-26T18:42:27.099+0000] {logging_mixin.py:190} INFO -  Previous state of the Task instance: running
[2025-01-26T18:42:27.102+0000] {logging_mixin.py:190} INFO - Dag name:simulative_example_basic_dag queued_at:2025-01-26 18:42:18.367876+00:00
[2025-01-26T18:42:27.106+0000] {logging_mixin.py:190} INFO - Task hostname:3cfc25a6c20c operator:_PythonDecoratedOperator
[2025-01-26T18:42:27.179+0000] {local_task_job_runner.py:266} INFO - Task exited with return code 0
[2025-01-26T18:42:27.264+0000] {taskinstance.py:3895} INFO - 0 downstream tasks scheduled from follow-on schedule check
[2025-01-26T18:42:27.273+0000] {local_task_job_runner.py:245} INFO - ::endgroup::
[2025-01-26T18:46:38.065+0000] {local_task_job_runner.py:123} INFO - ::group::Pre task execution logs
[2025-01-26T18:46:38.078+0000] {taskinstance.py:2613} INFO - Dependencies all met for dep_context=non-requeueable deps ti=<TaskInstance: simulative_example_basic_dag.say_goodbye scheduled__2025-01-25T00:00:00+00:00 [queued]>
[2025-01-26T18:46:38.084+0000] {taskinstance.py:2613} INFO - Dependencies all met for dep_context=requeueable deps ti=<TaskInstance: simulative_example_basic_dag.say_goodbye scheduled__2025-01-25T00:00:00+00:00 [queued]>
[2025-01-26T18:46:38.084+0000] {taskinstance.py:2866} INFO - Starting attempt 1 of 1
[2025-01-26T18:46:38.096+0000] {taskinstance.py:2889} INFO - Executing <Task(_PythonDecoratedOperator): say_goodbye> on 2025-01-25 00:00:00+00:00
[2025-01-26T18:46:38.104+0000] {warnings.py:112} WARNING - /home/***/.local/lib/python3.12/site-packages/***/task/task_runner/standard_task_runner.py:70: DeprecationWarning: This process (pid=72) is multi-threaded, use of fork() may lead to deadlocks in the child.
  pid = os.fork()

[2025-01-26T18:46:38.106+0000] {standard_task_runner.py:104} INFO - Running: ['***', 'tasks', 'run', 'simulative_example_basic_dag', 'say_goodbye', 'scheduled__2025-01-25T00:00:00+00:00', '--job-id', '5', '--raw', '--subdir', 'DAGS_FOLDER/simulative_example_basic_dag.py', '--cfg-path', '/tmp/tmpisjf1svb']
[2025-01-26T18:46:38.109+0000] {standard_task_runner.py:72} INFO - Started process 76 to run task
[2025-01-26T18:46:38.109+0000] {standard_task_runner.py:105} INFO - Job 5: Subtask say_goodbye
[2025-01-26T18:46:39.314+0000] {task_command.py:467} INFO - Running <TaskInstance: simulative_example_basic_dag.say_goodbye scheduled__2025-01-25T00:00:00+00:00 [running]> on host f0b50da05317
[2025-01-26T18:46:39.429+0000] {taskinstance.py:3132} INFO - Exporting env vars: AIRFLOW_CTX_DAG_OWNER='***' AIRFLOW_CTX_DAG_ID='simulative_example_basic_dag' AIRFLOW_CTX_TASK_ID='say_goodbye' AIRFLOW_CTX_EXECUTION_DATE='2025-01-25T00:00:00+00:00' AIRFLOW_CTX_TRY_NUMBER='1' AIRFLOW_CTX_DAG_RUN_ID='scheduled__2025-01-25T00:00:00+00:00'
[2025-01-26T18:46:39.430+0000] {logging_mixin.py:190} INFO - Task instance is in running state
[2025-01-26T18:46:39.431+0000] {logging_mixin.py:190} INFO -  Previous state of the Task instance: queued
[2025-01-26T18:46:39.431+0000] {logging_mixin.py:190} INFO - Current task name:say_goodbye state:running start_date:2025-01-26 18:46:38.079779+00:00
[2025-01-26T18:46:39.431+0000] {logging_mixin.py:190} INFO - Dag name:simulative_example_basic_dag and current dag run status:running
[2025-01-26T18:46:39.432+0000] {taskinstance.py:731} INFO - ::endgroup::
[2025-01-26T18:46:39.432+0000] {logging_mixin.py:190} INFO - Goodbye, Simulative!
[2025-01-26T18:46:39.433+0000] {python.py:240} INFO - Done. Returned value was: None
[2025-01-26T18:46:39.446+0000] {taskinstance.py:340} INFO - ::group::Post task execution logs
[2025-01-26T18:46:39.447+0000] {taskinstance.py:352} INFO - Marking task as SUCCESS. dag_id=simulative_example_basic_dag, task_id=say_goodbye, run_id=scheduled__2025-01-25T00:00:00+00:00, execution_date=20250125T000000, start_date=20250126T184638, end_date=20250126T184639
[2025-01-26T18:46:39.455+0000] {logging_mixin.py:190} INFO - Task instance in success state
[2025-01-26T18:46:39.456+0000] {logging_mixin.py:190} INFO -  Previous state of the Task instance: running
[2025-01-26T18:46:39.456+0000] {logging_mixin.py:190} INFO - Dag name:simulative_example_basic_dag queued_at:2025-01-26 18:46:33.970706+00:00
[2025-01-26T18:46:39.457+0000] {logging_mixin.py:190} INFO - Task hostname:f0b50da05317 operator:_PythonDecoratedOperator
[2025-01-26T18:46:39.510+0000] {local_task_job_runner.py:266} INFO - Task exited with return code 0
[2025-01-26T18:46:39.564+0000] {local_task_job_runner.py:245} INFO - ::endgroup::
[2025-01-26T18:52:12.664+0000] {local_task_job_runner.py:123} INFO - ::group::Pre task execution logs
[2025-01-26T18:52:12.673+0000] {taskinstance.py:2613} INFO - Dependencies all met for dep_context=non-requeueable deps ti=<TaskInstance: simulative_example_basic_dag.say_goodbye scheduled__2025-01-25T00:00:00+00:00 [queued]>
[2025-01-26T18:52:12.678+0000] {taskinstance.py:2613} INFO - Dependencies all met for dep_context=requeueable deps ti=<TaskInstance: simulative_example_basic_dag.say_goodbye scheduled__2025-01-25T00:00:00+00:00 [queued]>
[2025-01-26T18:52:12.680+0000] {taskinstance.py:2866} INFO - Starting attempt 1 of 1
[2025-01-26T18:52:12.688+0000] {taskinstance.py:2889} INFO - Executing <Task(_PythonDecoratedOperator): say_goodbye> on 2025-01-25 00:00:00+00:00
[2025-01-26T18:52:12.692+0000] {warnings.py:112} WARNING - /home/***/.local/lib/python3.12/site-packages/***/task/task_runner/standard_task_runner.py:70: DeprecationWarning: This process (pid=68) is multi-threaded, use of fork() may lead to deadlocks in the child.
  pid = os.fork()

[2025-01-26T18:52:12.694+0000] {standard_task_runner.py:72} INFO - Started process 80 to run task
[2025-01-26T18:52:12.694+0000] {standard_task_runner.py:104} INFO - Running: ['***', 'tasks', 'run', 'simulative_example_basic_dag', 'say_goodbye', 'scheduled__2025-01-25T00:00:00+00:00', '--job-id', '3', '--raw', '--subdir', 'DAGS_FOLDER/simulative_example_basic_dag.py', '--cfg-path', '/tmp/tmpigp0ym7u']
[2025-01-26T18:52:12.696+0000] {standard_task_runner.py:105} INFO - Job 3: Subtask say_goodbye
[2025-01-26T18:52:12.733+0000] {task_command.py:467} INFO - Running <TaskInstance: simulative_example_basic_dag.say_goodbye scheduled__2025-01-25T00:00:00+00:00 [running]> on host 7f022d612633
[2025-01-26T18:52:13.208+0000] {taskinstance.py:3132} INFO - Exporting env vars: AIRFLOW_CTX_DAG_OWNER='***' AIRFLOW_CTX_DAG_ID='simulative_example_basic_dag' AIRFLOW_CTX_TASK_ID='say_goodbye' AIRFLOW_CTX_EXECUTION_DATE='2025-01-25T00:00:00+00:00' AIRFLOW_CTX_TRY_NUMBER='1' AIRFLOW_CTX_DAG_RUN_ID='scheduled__2025-01-25T00:00:00+00:00'
[2025-01-26T18:52:13.213+0000] {logging_mixin.py:190} INFO - Task instance is in running state
[2025-01-26T18:52:13.213+0000] {logging_mixin.py:190} INFO -  Previous state of the Task instance: queued
[2025-01-26T18:52:13.214+0000] {logging_mixin.py:190} INFO - Current task name:say_goodbye state:running start_date:2025-01-26 18:52:12.673966+00:00
[2025-01-26T18:52:13.215+0000] {logging_mixin.py:190} INFO - Dag name:simulative_example_basic_dag and current dag run status:running
[2025-01-26T18:52:13.216+0000] {taskinstance.py:731} INFO - ::endgroup::
[2025-01-26T18:52:13.216+0000] {logging_mixin.py:190} INFO - Goodbye, Simulative!
[2025-01-26T18:52:13.216+0000] {python.py:240} INFO - Done. Returned value was: None
[2025-01-26T18:52:13.222+0000] {taskinstance.py:340} INFO - ::group::Post task execution logs
[2025-01-26T18:52:13.222+0000] {taskinstance.py:352} INFO - Marking task as SUCCESS. dag_id=simulative_example_basic_dag, task_id=say_goodbye, run_id=scheduled__2025-01-25T00:00:00+00:00, execution_date=20250125T000000, start_date=20250126T185212, end_date=20250126T185213
[2025-01-26T18:52:13.228+0000] {logging_mixin.py:190} INFO - Task instance in success state
[2025-01-26T18:52:13.228+0000] {logging_mixin.py:190} INFO -  Previous state of the Task instance: running
[2025-01-26T18:52:13.229+0000] {logging_mixin.py:190} INFO - Dag name:simulative_example_basic_dag queued_at:2025-01-26 18:52:09.254469+00:00
[2025-01-26T18:52:13.229+0000] {logging_mixin.py:190} INFO - Task hostname:7f022d612633 operator:_PythonDecoratedOperator
[2025-01-26T18:52:13.246+0000] {local_task_job_runner.py:266} INFO - Task exited with return code 0
[2025-01-26T18:52:13.262+0000] {local_task_job_runner.py:245} INFO - ::endgroup::
[2025-01-26T18:53:58.823+0000] {local_task_job_runner.py:123} INFO - ::group::Pre task execution logs
[2025-01-26T18:53:58.832+0000] {taskinstance.py:2613} INFO - Dependencies all met for dep_context=non-requeueable deps ti=<TaskInstance: simulative_example_basic_dag.say_goodbye scheduled__2025-01-25T00:00:00+00:00 [queued]>
[2025-01-26T18:53:58.836+0000] {taskinstance.py:2613} INFO - Dependencies all met for dep_context=requeueable deps ti=<TaskInstance: simulative_example_basic_dag.say_goodbye scheduled__2025-01-25T00:00:00+00:00 [queued]>
[2025-01-26T18:53:58.836+0000] {taskinstance.py:2866} INFO - Starting attempt 1 of 1
[2025-01-26T18:53:58.843+0000] {taskinstance.py:2889} INFO - Executing <Task(_PythonDecoratedOperator): say_goodbye> on 2025-01-25 00:00:00+00:00
[2025-01-26T18:53:58.850+0000] {warnings.py:112} WARNING - /home/***/.local/lib/python3.12/site-packages/***/task/task_runner/standard_task_runner.py:70: DeprecationWarning: This process (pid=72) is multi-threaded, use of fork() may lead to deadlocks in the child.
  pid = os.fork()

[2025-01-26T18:53:58.851+0000] {standard_task_runner.py:72} INFO - Started process 73 to run task
[2025-01-26T18:53:58.852+0000] {standard_task_runner.py:104} INFO - Running: ['***', 'tasks', 'run', 'simulative_example_basic_dag', 'say_goodbye', 'scheduled__2025-01-25T00:00:00+00:00', '--job-id', '6', '--raw', '--subdir', 'DAGS_FOLDER/simulative_example_basic_dag.py', '--cfg-path', '/tmp/tmp9iqq8ngd']
[2025-01-26T18:53:58.853+0000] {standard_task_runner.py:105} INFO - Job 6: Subtask say_goodbye
[2025-01-26T18:53:58.897+0000] {task_command.py:467} INFO - Running <TaskInstance: simulative_example_basic_dag.say_goodbye scheduled__2025-01-25T00:00:00+00:00 [running]> on host b82bd748d7ce
[2025-01-26T18:53:59.378+0000] {taskinstance.py:3132} INFO - Exporting env vars: AIRFLOW_CTX_DAG_OWNER='***' AIRFLOW_CTX_DAG_ID='simulative_example_basic_dag' AIRFLOW_CTX_TASK_ID='say_goodbye' AIRFLOW_CTX_EXECUTION_DATE='2025-01-25T00:00:00+00:00' AIRFLOW_CTX_TRY_NUMBER='1' AIRFLOW_CTX_DAG_RUN_ID='scheduled__2025-01-25T00:00:00+00:00'
[2025-01-26T18:53:59.379+0000] {logging_mixin.py:190} INFO - Task instance is in running state
[2025-01-26T18:53:59.379+0000] {logging_mixin.py:190} INFO -  Previous state of the Task instance: queued
[2025-01-26T18:53:59.379+0000] {logging_mixin.py:190} INFO - Current task name:say_goodbye state:running start_date:2025-01-26 18:53:58.832739+00:00
[2025-01-26T18:53:59.379+0000] {logging_mixin.py:190} INFO - Dag name:simulative_example_basic_dag and current dag run status:running
[2025-01-26T18:53:59.380+0000] {taskinstance.py:731} INFO - ::endgroup::
[2025-01-26T18:53:59.381+0000] {logging_mixin.py:190} INFO - Goodbye, Simulative!
[2025-01-26T18:53:59.381+0000] {python.py:240} INFO - Done. Returned value was: None
[2025-01-26T18:53:59.387+0000] {taskinstance.py:340} INFO - ::group::Post task execution logs
[2025-01-26T18:53:59.387+0000] {taskinstance.py:352} INFO - Marking task as SUCCESS. dag_id=simulative_example_basic_dag, task_id=say_goodbye, run_id=scheduled__2025-01-25T00:00:00+00:00, execution_date=20250125T000000, start_date=20250126T185358, end_date=20250126T185359
[2025-01-26T18:53:59.396+0000] {logging_mixin.py:190} INFO - Task instance in success state
[2025-01-26T18:53:59.396+0000] {logging_mixin.py:190} INFO -  Previous state of the Task instance: running
[2025-01-26T18:53:59.396+0000] {logging_mixin.py:190} INFO - Dag name:simulative_example_basic_dag queued_at:2025-01-26 18:53:55.413788+00:00
[2025-01-26T18:53:59.396+0000] {logging_mixin.py:190} INFO - Task hostname:b82bd748d7ce operator:_PythonDecoratedOperator
[2025-01-26T18:53:59.442+0000] {local_task_job_runner.py:266} INFO - Task exited with return code 0
[2025-01-26T18:53:59.454+0000] {taskinstance.py:3895} INFO - 0 downstream tasks scheduled from follow-on schedule check
[2025-01-26T18:53:59.455+0000] {local_task_job_runner.py:245} INFO - ::endgroup::
