[2025-01-26T18:41:45.217+0000] {processor.py:186} INFO - Started process (PID=48) to work on /opt/airflow/dags/simulative_example_basic_dag.py
[2025-01-26T18:41:45.218+0000] {processor.py:914} INFO - Processing file /opt/airflow/dags/simulative_example_basic_dag.py for tasks to queue
[2025-01-26T18:41:45.220+0000] {logging_mixin.py:190} INFO - [2025-01-26T18:41:45.220+0000] {dagbag.py:588} INFO - Filling up the DagBag from /opt/airflow/dags/simulative_example_basic_dag.py
[2025-01-26T18:41:45.261+0000] {processor.py:925} INFO - DAG(s) 'simulative_example_basic_dag' retrieved from /opt/airflow/dags/simulative_example_basic_dag.py
[2025-01-26T18:41:45.557+0000] {logging_mixin.py:190} INFO - [2025-01-26T18:41:45.556+0000] {override.py:1911} INFO - Created Permission View: can edit on DAG:simulative_example_basic_dag
[2025-01-26T18:41:45.566+0000] {logging_mixin.py:190} INFO - [2025-01-26T18:41:45.565+0000] {override.py:1911} INFO - Created Permission View: can read on DAG:simulative_example_basic_dag
[2025-01-26T18:41:45.577+0000] {logging_mixin.py:190} INFO - [2025-01-26T18:41:45.577+0000] {override.py:1911} INFO - Created Permission View: can delete on DAG:simulative_example_basic_dag
[2025-01-26T18:41:45.582+0000] {logging_mixin.py:190} INFO - [2025-01-26T18:41:45.582+0000] {override.py:1911} INFO - Created Permission View: menu access on DAG Run:simulative_example_basic_dag
[2025-01-26T18:41:45.588+0000] {logging_mixin.py:190} INFO - [2025-01-26T18:41:45.588+0000] {override.py:1911} INFO - Created Permission View: can create on DAG Run:simulative_example_basic_dag
[2025-01-26T18:41:45.591+0000] {logging_mixin.py:190} INFO - [2025-01-26T18:41:45.591+0000] {override.py:1911} INFO - Created Permission View: can read on DAG Run:simulative_example_basic_dag
[2025-01-26T18:41:45.595+0000] {logging_mixin.py:190} INFO - [2025-01-26T18:41:45.595+0000] {override.py:1911} INFO - Created Permission View: can delete on DAG Run:simulative_example_basic_dag
[2025-01-26T18:41:45.595+0000] {logging_mixin.py:190} INFO - [2025-01-26T18:41:45.595+0000] {dag.py:3239} INFO - Sync 1 DAGs
[2025-01-26T18:41:45.605+0000] {logging_mixin.py:190} INFO - [2025-01-26T18:41:45.605+0000] {dag.py:3262} INFO - Creating ORM DAG for simulative_example_basic_dag
[2025-01-26T18:41:45.617+0000] {logging_mixin.py:190} INFO - [2025-01-26T18:41:45.616+0000] {dag.py:4180} INFO - Setting next_dagrun for simulative_example_basic_dag to 2025-01-25 00:00:00+00:00, run_after=2025-01-26 00:00:00+00:00
[2025-01-26T18:41:45.629+0000] {processor.py:208} INFO - Processing /opt/airflow/dags/simulative_example_basic_dag.py took 0.419 seconds
[2025-01-26T18:42:16.503+0000] {processor.py:186} INFO - Started process (PID=118) to work on /opt/airflow/dags/simulative_example_basic_dag.py
[2025-01-26T18:42:16.507+0000] {processor.py:914} INFO - Processing file /opt/airflow/dags/simulative_example_basic_dag.py for tasks to queue
[2025-01-26T18:42:16.510+0000] {logging_mixin.py:190} INFO - [2025-01-26T18:42:16.510+0000] {dagbag.py:588} INFO - Filling up the DagBag from /opt/airflow/dags/simulative_example_basic_dag.py
[2025-01-26T18:42:16.538+0000] {processor.py:925} INFO - DAG(s) 'simulative_example_basic_dag' retrieved from /opt/airflow/dags/simulative_example_basic_dag.py
[2025-01-26T18:42:16.564+0000] {logging_mixin.py:190} INFO - [2025-01-26T18:42:16.564+0000] {dag.py:3239} INFO - Sync 1 DAGs
[2025-01-26T18:42:16.594+0000] {logging_mixin.py:190} INFO - [2025-01-26T18:42:16.594+0000] {dag.py:4180} INFO - Setting next_dagrun for simulative_example_basic_dag to 2025-01-25 00:00:00+00:00, run_after=2025-01-26 00:00:00+00:00
[2025-01-26T18:42:16.609+0000] {processor.py:208} INFO - Processing /opt/airflow/dags/simulative_example_basic_dag.py took 0.117 seconds
[2025-01-26T18:42:47.478+0000] {processor.py:186} INFO - Started process (PID=192) to work on /opt/airflow/dags/simulative_example_basic_dag.py
[2025-01-26T18:42:47.480+0000] {processor.py:914} INFO - Processing file /opt/airflow/dags/simulative_example_basic_dag.py for tasks to queue
[2025-01-26T18:42:47.485+0000] {logging_mixin.py:190} INFO - [2025-01-26T18:42:47.485+0000] {dagbag.py:588} INFO - Filling up the DagBag from /opt/airflow/dags/simulative_example_basic_dag.py
[2025-01-26T18:42:47.528+0000] {processor.py:925} INFO - DAG(s) 'simulative_example_basic_dag' retrieved from /opt/airflow/dags/simulative_example_basic_dag.py
[2025-01-26T18:42:47.553+0000] {logging_mixin.py:190} INFO - [2025-01-26T18:42:47.553+0000] {dag.py:3239} INFO - Sync 1 DAGs
[2025-01-26T18:42:47.601+0000] {logging_mixin.py:190} INFO - [2025-01-26T18:42:47.599+0000] {dag.py:4180} INFO - Setting next_dagrun for simulative_example_basic_dag to 2025-01-26 00:00:00+00:00, run_after=2025-01-27 00:00:00+00:00
[2025-01-26T18:42:47.616+0000] {processor.py:208} INFO - Processing /opt/airflow/dags/simulative_example_basic_dag.py took 0.150 seconds
[2025-01-26T18:43:18.068+0000] {processor.py:186} INFO - Started process (PID=256) to work on /opt/airflow/dags/simulative_example_basic_dag.py
[2025-01-26T18:43:18.069+0000] {processor.py:914} INFO - Processing file /opt/airflow/dags/simulative_example_basic_dag.py for tasks to queue
[2025-01-26T18:43:18.078+0000] {logging_mixin.py:190} INFO - [2025-01-26T18:43:18.078+0000] {dagbag.py:588} INFO - Filling up the DagBag from /opt/airflow/dags/simulative_example_basic_dag.py
[2025-01-26T18:43:18.103+0000] {processor.py:925} INFO - DAG(s) 'simulative_example_basic_dag' retrieved from /opt/airflow/dags/simulative_example_basic_dag.py
[2025-01-26T18:43:18.142+0000] {logging_mixin.py:190} INFO - [2025-01-26T18:43:18.141+0000] {dag.py:3239} INFO - Sync 1 DAGs
[2025-01-26T18:43:18.167+0000] {logging_mixin.py:190} INFO - [2025-01-26T18:43:18.167+0000] {dag.py:4180} INFO - Setting next_dagrun for simulative_example_basic_dag to 2025-01-26 00:00:00+00:00, run_after=2025-01-27 00:00:00+00:00
[2025-01-26T18:43:18.192+0000] {processor.py:208} INFO - Processing /opt/airflow/dags/simulative_example_basic_dag.py took 0.135 seconds
[2025-01-26T18:43:49.253+0000] {processor.py:186} INFO - Started process (PID=320) to work on /opt/airflow/dags/simulative_example_basic_dag.py
[2025-01-26T18:43:49.255+0000] {processor.py:914} INFO - Processing file /opt/airflow/dags/simulative_example_basic_dag.py for tasks to queue
[2025-01-26T18:43:49.263+0000] {logging_mixin.py:190} INFO - [2025-01-26T18:43:49.263+0000] {dagbag.py:588} INFO - Filling up the DagBag from /opt/airflow/dags/simulative_example_basic_dag.py
[2025-01-26T18:43:49.284+0000] {processor.py:925} INFO - DAG(s) 'simulative_example_basic_dag' retrieved from /opt/airflow/dags/simulative_example_basic_dag.py
[2025-01-26T18:43:49.327+0000] {logging_mixin.py:190} INFO - [2025-01-26T18:43:49.327+0000] {dag.py:3239} INFO - Sync 1 DAGs
[2025-01-26T18:43:49.365+0000] {logging_mixin.py:190} INFO - [2025-01-26T18:43:49.365+0000] {dag.py:4180} INFO - Setting next_dagrun for simulative_example_basic_dag to 2025-01-26 00:00:00+00:00, run_after=2025-01-27 00:00:00+00:00
[2025-01-26T18:43:49.383+0000] {processor.py:208} INFO - Processing /opt/airflow/dags/simulative_example_basic_dag.py took 0.143 seconds
[2025-01-26T18:43:55.575+0000] {processor.py:186} INFO - Started process (PID=352) to work on /opt/airflow/dags/simulative_example_basic_dag.py
[2025-01-26T18:43:55.576+0000] {processor.py:914} INFO - Processing file /opt/airflow/dags/simulative_example_basic_dag.py for tasks to queue
[2025-01-26T18:43:55.579+0000] {logging_mixin.py:190} INFO - [2025-01-26T18:43:55.579+0000] {dagbag.py:588} INFO - Filling up the DagBag from /opt/airflow/dags/simulative_example_basic_dag.py
[2025-01-26T18:43:55.599+0000] {processor.py:925} INFO - DAG(s) 'simulative_example_basic_dag' retrieved from /opt/airflow/dags/simulative_example_basic_dag.py
[2025-01-26T18:43:55.617+0000] {logging_mixin.py:190} INFO - [2025-01-26T18:43:55.617+0000] {dag.py:3239} INFO - Sync 1 DAGs
[2025-01-26T18:43:55.634+0000] {logging_mixin.py:190} INFO - [2025-01-26T18:43:55.633+0000] {dag.py:4180} INFO - Setting next_dagrun for simulative_example_basic_dag to 2025-01-26 00:00:00+00:00, run_after=2025-01-27 00:00:00+00:00
[2025-01-26T18:43:55.648+0000] {processor.py:208} INFO - Processing /opt/airflow/dags/simulative_example_basic_dag.py took 0.079 seconds
[2025-01-26T18:44:26.601+0000] {processor.py:186} INFO - Started process (PID=416) to work on /opt/airflow/dags/simulative_example_basic_dag.py
[2025-01-26T18:44:26.604+0000] {processor.py:914} INFO - Processing file /opt/airflow/dags/simulative_example_basic_dag.py for tasks to queue
[2025-01-26T18:44:26.607+0000] {logging_mixin.py:190} INFO - [2025-01-26T18:44:26.607+0000] {dagbag.py:588} INFO - Filling up the DagBag from /opt/airflow/dags/simulative_example_basic_dag.py
[2025-01-26T18:44:26.633+0000] {processor.py:925} INFO - DAG(s) 'simulative_example_basic_dag' retrieved from /opt/airflow/dags/simulative_example_basic_dag.py
[2025-01-26T18:44:26.714+0000] {logging_mixin.py:190} INFO - [2025-01-26T18:44:26.714+0000] {dag.py:3239} INFO - Sync 1 DAGs
[2025-01-26T18:44:26.763+0000] {logging_mixin.py:190} INFO - [2025-01-26T18:44:26.763+0000] {dag.py:4180} INFO - Setting next_dagrun for simulative_example_basic_dag to 2025-01-26 00:00:00+00:00, run_after=2025-01-27 00:00:00+00:00
[2025-01-26T18:44:26.803+0000] {processor.py:208} INFO - Processing /opt/airflow/dags/simulative_example_basic_dag.py took 0.213 seconds
[2025-01-26T18:44:57.820+0000] {processor.py:186} INFO - Started process (PID=480) to work on /opt/airflow/dags/simulative_example_basic_dag.py
[2025-01-26T18:44:57.820+0000] {processor.py:914} INFO - Processing file /opt/airflow/dags/simulative_example_basic_dag.py for tasks to queue
[2025-01-26T18:44:57.823+0000] {logging_mixin.py:190} INFO - [2025-01-26T18:44:57.822+0000] {dagbag.py:588} INFO - Filling up the DagBag from /opt/airflow/dags/simulative_example_basic_dag.py
[2025-01-26T18:44:57.839+0000] {processor.py:925} INFO - DAG(s) 'simulative_example_basic_dag' retrieved from /opt/airflow/dags/simulative_example_basic_dag.py
[2025-01-26T18:44:57.857+0000] {logging_mixin.py:190} INFO - [2025-01-26T18:44:57.857+0000] {dag.py:3239} INFO - Sync 1 DAGs
[2025-01-26T18:44:57.871+0000] {logging_mixin.py:190} INFO - [2025-01-26T18:44:57.870+0000] {dag.py:4180} INFO - Setting next_dagrun for simulative_example_basic_dag to 2025-01-26 00:00:00+00:00, run_after=2025-01-27 00:00:00+00:00
[2025-01-26T18:44:57.881+0000] {processor.py:208} INFO - Processing /opt/airflow/dags/simulative_example_basic_dag.py took 0.065 seconds
[2025-01-26T18:46:11.965+0000] {processor.py:186} INFO - Started process (PID=47) to work on /opt/airflow/dags/simulative_example_basic_dag.py
[2025-01-26T18:46:11.967+0000] {processor.py:914} INFO - Processing file /opt/airflow/dags/simulative_example_basic_dag.py for tasks to queue
[2025-01-26T18:46:11.970+0000] {logging_mixin.py:190} INFO - [2025-01-26T18:46:11.969+0000] {dagbag.py:588} INFO - Filling up the DagBag from /opt/airflow/dags/simulative_example_basic_dag.py
[2025-01-26T18:46:11.996+0000] {processor.py:925} INFO - DAG(s) 'simulative_example_basic_dag' retrieved from /opt/airflow/dags/simulative_example_basic_dag.py
[2025-01-26T18:46:12.220+0000] {logging_mixin.py:190} INFO - [2025-01-26T18:46:12.219+0000] {override.py:1911} INFO - Created Permission View: can read on DAG:simulative_example_basic_dag
[2025-01-26T18:46:12.228+0000] {logging_mixin.py:190} INFO - [2025-01-26T18:46:12.228+0000] {override.py:1911} INFO - Created Permission View: can delete on DAG:simulative_example_basic_dag
[2025-01-26T18:46:12.235+0000] {logging_mixin.py:190} INFO - [2025-01-26T18:46:12.235+0000] {override.py:1911} INFO - Created Permission View: can edit on DAG:simulative_example_basic_dag
[2025-01-26T18:46:12.240+0000] {logging_mixin.py:190} INFO - [2025-01-26T18:46:12.240+0000] {override.py:1911} INFO - Created Permission View: can read on DAG Run:simulative_example_basic_dag
[2025-01-26T18:46:12.245+0000] {logging_mixin.py:190} INFO - [2025-01-26T18:46:12.244+0000] {override.py:1911} INFO - Created Permission View: can create on DAG Run:simulative_example_basic_dag
[2025-01-26T18:46:12.250+0000] {logging_mixin.py:190} INFO - [2025-01-26T18:46:12.250+0000] {override.py:1911} INFO - Created Permission View: can delete on DAG Run:simulative_example_basic_dag
[2025-01-26T18:46:12.254+0000] {logging_mixin.py:190} INFO - [2025-01-26T18:46:12.254+0000] {override.py:1911} INFO - Created Permission View: menu access on DAG Run:simulative_example_basic_dag
[2025-01-26T18:46:12.254+0000] {logging_mixin.py:190} INFO - [2025-01-26T18:46:12.254+0000] {dag.py:3239} INFO - Sync 1 DAGs
[2025-01-26T18:46:12.267+0000] {logging_mixin.py:190} INFO - [2025-01-26T18:46:12.267+0000] {dag.py:3262} INFO - Creating ORM DAG for simulative_example_basic_dag
[2025-01-26T18:46:12.281+0000] {logging_mixin.py:190} INFO - [2025-01-26T18:46:12.280+0000] {dag.py:4180} INFO - Setting next_dagrun for simulative_example_basic_dag to 2025-01-25 00:00:00+00:00, run_after=2025-01-26 00:00:00+00:00
[2025-01-26T18:46:12.297+0000] {processor.py:208} INFO - Processing /opt/airflow/dags/simulative_example_basic_dag.py took 0.340 seconds
[2025-01-26T18:46:42.644+0000] {processor.py:186} INFO - Started process (PID=121) to work on /opt/airflow/dags/simulative_example_basic_dag.py
[2025-01-26T18:46:42.647+0000] {processor.py:914} INFO - Processing file /opt/airflow/dags/simulative_example_basic_dag.py for tasks to queue
[2025-01-26T18:46:42.650+0000] {logging_mixin.py:190} INFO - [2025-01-26T18:46:42.649+0000] {dagbag.py:588} INFO - Filling up the DagBag from /opt/airflow/dags/simulative_example_basic_dag.py
[2025-01-26T18:46:42.672+0000] {processor.py:925} INFO - DAG(s) 'simulative_example_basic_dag' retrieved from /opt/airflow/dags/simulative_example_basic_dag.py
[2025-01-26T18:46:42.701+0000] {logging_mixin.py:190} INFO - [2025-01-26T18:46:42.701+0000] {dag.py:3239} INFO - Sync 1 DAGs
[2025-01-26T18:46:42.735+0000] {logging_mixin.py:190} INFO - [2025-01-26T18:46:42.735+0000] {dag.py:4180} INFO - Setting next_dagrun for simulative_example_basic_dag to 2025-01-26 00:00:00+00:00, run_after=2025-01-27 00:00:00+00:00
[2025-01-26T18:46:42.756+0000] {processor.py:208} INFO - Processing /opt/airflow/dags/simulative_example_basic_dag.py took 0.127 seconds
[2025-01-26T18:47:13.189+0000] {processor.py:186} INFO - Started process (PID=185) to work on /opt/airflow/dags/simulative_example_basic_dag.py
[2025-01-26T18:47:13.191+0000] {processor.py:914} INFO - Processing file /opt/airflow/dags/simulative_example_basic_dag.py for tasks to queue
[2025-01-26T18:47:13.196+0000] {logging_mixin.py:190} INFO - [2025-01-26T18:47:13.195+0000] {dagbag.py:588} INFO - Filling up the DagBag from /opt/airflow/dags/simulative_example_basic_dag.py
[2025-01-26T18:47:13.224+0000] {processor.py:925} INFO - DAG(s) 'simulative_example_basic_dag' retrieved from /opt/airflow/dags/simulative_example_basic_dag.py
[2025-01-26T18:47:13.251+0000] {logging_mixin.py:190} INFO - [2025-01-26T18:47:13.251+0000] {dag.py:3239} INFO - Sync 1 DAGs
[2025-01-26T18:47:13.287+0000] {logging_mixin.py:190} INFO - [2025-01-26T18:47:13.287+0000] {dag.py:4180} INFO - Setting next_dagrun for simulative_example_basic_dag to 2025-01-26 00:00:00+00:00, run_after=2025-01-27 00:00:00+00:00
[2025-01-26T18:47:13.302+0000] {processor.py:208} INFO - Processing /opt/airflow/dags/simulative_example_basic_dag.py took 0.131 seconds
[2025-01-26T18:47:43.842+0000] {processor.py:186} INFO - Started process (PID=255) to work on /opt/airflow/dags/simulative_example_basic_dag.py
[2025-01-26T18:47:43.846+0000] {processor.py:914} INFO - Processing file /opt/airflow/dags/simulative_example_basic_dag.py for tasks to queue
[2025-01-26T18:47:43.854+0000] {logging_mixin.py:190} INFO - [2025-01-26T18:47:43.851+0000] {dagbag.py:588} INFO - Filling up the DagBag from /opt/airflow/dags/simulative_example_basic_dag.py
[2025-01-26T18:47:43.873+0000] {processor.py:925} INFO - DAG(s) 'simulative_example_basic_dag' retrieved from /opt/airflow/dags/simulative_example_basic_dag.py
[2025-01-26T18:47:43.912+0000] {logging_mixin.py:190} INFO - [2025-01-26T18:47:43.912+0000] {dag.py:3239} INFO - Sync 1 DAGs
[2025-01-26T18:47:43.937+0000] {logging_mixin.py:190} INFO - [2025-01-26T18:47:43.936+0000] {dag.py:4180} INFO - Setting next_dagrun for simulative_example_basic_dag to 2025-01-26 00:00:00+00:00, run_after=2025-01-27 00:00:00+00:00
[2025-01-26T18:47:43.954+0000] {processor.py:208} INFO - Processing /opt/airflow/dags/simulative_example_basic_dag.py took 0.125 seconds
[2025-01-26T18:48:14.788+0000] {processor.py:186} INFO - Started process (PID=319) to work on /opt/airflow/dags/simulative_example_basic_dag.py
[2025-01-26T18:48:14.790+0000] {processor.py:914} INFO - Processing file /opt/airflow/dags/simulative_example_basic_dag.py for tasks to queue
[2025-01-26T18:48:14.795+0000] {logging_mixin.py:190} INFO - [2025-01-26T18:48:14.794+0000] {dagbag.py:588} INFO - Filling up the DagBag from /opt/airflow/dags/simulative_example_basic_dag.py
[2025-01-26T18:48:14.818+0000] {processor.py:925} INFO - DAG(s) 'simulative_example_basic_dag' retrieved from /opt/airflow/dags/simulative_example_basic_dag.py
[2025-01-26T18:48:14.845+0000] {logging_mixin.py:190} INFO - [2025-01-26T18:48:14.845+0000] {dag.py:3239} INFO - Sync 1 DAGs
[2025-01-26T18:48:14.875+0000] {logging_mixin.py:190} INFO - [2025-01-26T18:48:14.875+0000] {dag.py:4180} INFO - Setting next_dagrun for simulative_example_basic_dag to 2025-01-26 00:00:00+00:00, run_after=2025-01-27 00:00:00+00:00
[2025-01-26T18:48:14.898+0000] {processor.py:208} INFO - Processing /opt/airflow/dags/simulative_example_basic_dag.py took 0.128 seconds
[2025-01-26T18:48:45.205+0000] {processor.py:186} INFO - Started process (PID=383) to work on /opt/airflow/dags/simulative_example_basic_dag.py
[2025-01-26T18:48:45.208+0000] {processor.py:914} INFO - Processing file /opt/airflow/dags/simulative_example_basic_dag.py for tasks to queue
[2025-01-26T18:48:45.220+0000] {logging_mixin.py:190} INFO - [2025-01-26T18:48:45.219+0000] {dagbag.py:588} INFO - Filling up the DagBag from /opt/airflow/dags/simulative_example_basic_dag.py
[2025-01-26T18:48:45.255+0000] {processor.py:925} INFO - DAG(s) 'simulative_example_basic_dag' retrieved from /opt/airflow/dags/simulative_example_basic_dag.py
[2025-01-26T18:48:45.284+0000] {logging_mixin.py:190} INFO - [2025-01-26T18:48:45.284+0000] {dag.py:3239} INFO - Sync 1 DAGs
[2025-01-26T18:48:45.320+0000] {logging_mixin.py:190} INFO - [2025-01-26T18:48:45.320+0000] {dag.py:4180} INFO - Setting next_dagrun for simulative_example_basic_dag to 2025-01-26 00:00:00+00:00, run_after=2025-01-27 00:00:00+00:00
[2025-01-26T18:48:45.337+0000] {processor.py:208} INFO - Processing /opt/airflow/dags/simulative_example_basic_dag.py took 0.148 seconds
[2025-01-26T18:49:15.754+0000] {processor.py:186} INFO - Started process (PID=447) to work on /opt/airflow/dags/simulative_example_basic_dag.py
[2025-01-26T18:49:15.756+0000] {processor.py:914} INFO - Processing file /opt/airflow/dags/simulative_example_basic_dag.py for tasks to queue
[2025-01-26T18:49:15.762+0000] {logging_mixin.py:190} INFO - [2025-01-26T18:49:15.761+0000] {dagbag.py:588} INFO - Filling up the DagBag from /opt/airflow/dags/simulative_example_basic_dag.py
[2025-01-26T18:49:15.783+0000] {processor.py:925} INFO - DAG(s) 'simulative_example_basic_dag' retrieved from /opt/airflow/dags/simulative_example_basic_dag.py
[2025-01-26T18:49:15.819+0000] {logging_mixin.py:190} INFO - [2025-01-26T18:49:15.819+0000] {dag.py:3239} INFO - Sync 1 DAGs
[2025-01-26T18:49:15.858+0000] {logging_mixin.py:190} INFO - [2025-01-26T18:49:15.858+0000] {dag.py:4180} INFO - Setting next_dagrun for simulative_example_basic_dag to 2025-01-26 00:00:00+00:00, run_after=2025-01-27 00:00:00+00:00
[2025-01-26T18:49:15.876+0000] {processor.py:208} INFO - Processing /opt/airflow/dags/simulative_example_basic_dag.py took 0.150 seconds
[2025-01-26T18:49:46.554+0000] {processor.py:186} INFO - Started process (PID=511) to work on /opt/airflow/dags/simulative_example_basic_dag.py
[2025-01-26T18:49:46.556+0000] {processor.py:914} INFO - Processing file /opt/airflow/dags/simulative_example_basic_dag.py for tasks to queue
[2025-01-26T18:49:46.562+0000] {logging_mixin.py:190} INFO - [2025-01-26T18:49:46.561+0000] {dagbag.py:588} INFO - Filling up the DagBag from /opt/airflow/dags/simulative_example_basic_dag.py
[2025-01-26T18:49:46.583+0000] {processor.py:925} INFO - DAG(s) 'simulative_example_basic_dag' retrieved from /opt/airflow/dags/simulative_example_basic_dag.py
[2025-01-26T18:49:46.616+0000] {logging_mixin.py:190} INFO - [2025-01-26T18:49:46.616+0000] {dag.py:3239} INFO - Sync 1 DAGs
[2025-01-26T18:49:46.640+0000] {logging_mixin.py:190} INFO - [2025-01-26T18:49:46.640+0000] {dag.py:4180} INFO - Setting next_dagrun for simulative_example_basic_dag to 2025-01-26 00:00:00+00:00, run_after=2025-01-27 00:00:00+00:00
[2025-01-26T18:49:46.658+0000] {processor.py:208} INFO - Processing /opt/airflow/dags/simulative_example_basic_dag.py took 0.119 seconds
[2025-01-26T18:50:17.136+0000] {processor.py:186} INFO - Started process (PID=575) to work on /opt/airflow/dags/simulative_example_basic_dag.py
[2025-01-26T18:50:17.141+0000] {processor.py:914} INFO - Processing file /opt/airflow/dags/simulative_example_basic_dag.py for tasks to queue
[2025-01-26T18:50:17.147+0000] {logging_mixin.py:190} INFO - [2025-01-26T18:50:17.147+0000] {dagbag.py:588} INFO - Filling up the DagBag from /opt/airflow/dags/simulative_example_basic_dag.py
[2025-01-26T18:50:17.172+0000] {processor.py:925} INFO - DAG(s) 'simulative_example_basic_dag' retrieved from /opt/airflow/dags/simulative_example_basic_dag.py
[2025-01-26T18:50:17.201+0000] {logging_mixin.py:190} INFO - [2025-01-26T18:50:17.201+0000] {dag.py:3239} INFO - Sync 1 DAGs
[2025-01-26T18:50:17.228+0000] {logging_mixin.py:190} INFO - [2025-01-26T18:50:17.228+0000] {dag.py:4180} INFO - Setting next_dagrun for simulative_example_basic_dag to 2025-01-26 00:00:00+00:00, run_after=2025-01-27 00:00:00+00:00
[2025-01-26T18:50:17.243+0000] {processor.py:208} INFO - Processing /opt/airflow/dags/simulative_example_basic_dag.py took 0.124 seconds
[2025-01-26T18:50:48.157+0000] {processor.py:186} INFO - Started process (PID=639) to work on /opt/airflow/dags/simulative_example_basic_dag.py
[2025-01-26T18:50:48.162+0000] {processor.py:914} INFO - Processing file /opt/airflow/dags/simulative_example_basic_dag.py for tasks to queue
[2025-01-26T18:50:48.168+0000] {logging_mixin.py:190} INFO - [2025-01-26T18:50:48.168+0000] {dagbag.py:588} INFO - Filling up the DagBag from /opt/airflow/dags/simulative_example_basic_dag.py
[2025-01-26T18:50:48.198+0000] {processor.py:925} INFO - DAG(s) 'simulative_example_basic_dag' retrieved from /opt/airflow/dags/simulative_example_basic_dag.py
[2025-01-26T18:50:48.223+0000] {logging_mixin.py:190} INFO - [2025-01-26T18:50:48.222+0000] {dag.py:3239} INFO - Sync 1 DAGs
[2025-01-26T18:50:48.257+0000] {logging_mixin.py:190} INFO - [2025-01-26T18:50:48.257+0000] {dag.py:4180} INFO - Setting next_dagrun for simulative_example_basic_dag to 2025-01-26 00:00:00+00:00, run_after=2025-01-27 00:00:00+00:00
[2025-01-26T18:50:48.274+0000] {processor.py:208} INFO - Processing /opt/airflow/dags/simulative_example_basic_dag.py took 0.137 seconds
[2025-01-26T18:51:38.205+0000] {processor.py:186} INFO - Started process (PID=48) to work on /opt/airflow/dags/simulative_example_basic_dag.py
[2025-01-26T18:51:38.208+0000] {processor.py:914} INFO - Processing file /opt/airflow/dags/simulative_example_basic_dag.py for tasks to queue
[2025-01-26T18:51:38.215+0000] {logging_mixin.py:190} INFO - [2025-01-26T18:51:38.214+0000] {dagbag.py:588} INFO - Filling up the DagBag from /opt/airflow/dags/simulative_example_basic_dag.py
[2025-01-26T18:51:38.444+0000] {processor.py:925} INFO - DAG(s) 'simulative_example_basic_dag' retrieved from /opt/airflow/dags/simulative_example_basic_dag.py
[2025-01-26T18:51:38.683+0000] {logging_mixin.py:190} INFO - [2025-01-26T18:51:38.682+0000] {override.py:1911} INFO - Created Permission View: can edit on DAG:simulative_example_basic_dag
[2025-01-26T18:51:38.692+0000] {logging_mixin.py:190} INFO - [2025-01-26T18:51:38.692+0000] {override.py:1911} INFO - Created Permission View: can read on DAG:simulative_example_basic_dag
[2025-01-26T18:51:38.696+0000] {logging_mixin.py:190} INFO - [2025-01-26T18:51:38.696+0000] {override.py:1911} INFO - Created Permission View: can delete on DAG:simulative_example_basic_dag
[2025-01-26T18:51:38.701+0000] {logging_mixin.py:190} INFO - [2025-01-26T18:51:38.701+0000] {override.py:1911} INFO - Created Permission View: menu access on DAG Run:simulative_example_basic_dag
[2025-01-26T18:51:38.705+0000] {logging_mixin.py:190} INFO - [2025-01-26T18:51:38.705+0000] {override.py:1911} INFO - Created Permission View: can create on DAG Run:simulative_example_basic_dag
[2025-01-26T18:51:38.710+0000] {logging_mixin.py:190} INFO - [2025-01-26T18:51:38.709+0000] {override.py:1911} INFO - Created Permission View: can read on DAG Run:simulative_example_basic_dag
[2025-01-26T18:51:38.714+0000] {logging_mixin.py:190} INFO - [2025-01-26T18:51:38.713+0000] {override.py:1911} INFO - Created Permission View: can delete on DAG Run:simulative_example_basic_dag
[2025-01-26T18:51:38.714+0000] {logging_mixin.py:190} INFO - [2025-01-26T18:51:38.714+0000] {dag.py:3239} INFO - Sync 1 DAGs
[2025-01-26T18:51:38.720+0000] {logging_mixin.py:190} INFO - [2025-01-26T18:51:38.720+0000] {dag.py:3262} INFO - Creating ORM DAG for simulative_example_basic_dag
[2025-01-26T18:51:38.727+0000] {logging_mixin.py:190} INFO - [2025-01-26T18:51:38.727+0000] {dag.py:4180} INFO - Setting next_dagrun for simulative_example_basic_dag to 2025-01-25 00:00:00+00:00, run_after=2025-01-26 00:00:00+00:00
[2025-01-26T18:51:38.738+0000] {processor.py:208} INFO - Processing /opt/airflow/dags/simulative_example_basic_dag.py took 0.545 seconds
[2025-01-26T18:52:08.783+0000] {processor.py:186} INFO - Started process (PID=118) to work on /opt/airflow/dags/simulative_example_basic_dag.py
[2025-01-26T18:52:08.785+0000] {processor.py:914} INFO - Processing file /opt/airflow/dags/simulative_example_basic_dag.py for tasks to queue
[2025-01-26T18:52:08.797+0000] {logging_mixin.py:190} INFO - [2025-01-26T18:52:08.796+0000] {dagbag.py:588} INFO - Filling up the DagBag from /opt/airflow/dags/simulative_example_basic_dag.py
[2025-01-26T18:52:08.816+0000] {processor.py:925} INFO - DAG(s) 'simulative_example_basic_dag' retrieved from /opt/airflow/dags/simulative_example_basic_dag.py
[2025-01-26T18:52:08.840+0000] {logging_mixin.py:190} INFO - [2025-01-26T18:52:08.839+0000] {dag.py:3239} INFO - Sync 1 DAGs
[2025-01-26T18:52:08.868+0000] {logging_mixin.py:190} INFO - [2025-01-26T18:52:08.867+0000] {dag.py:4180} INFO - Setting next_dagrun for simulative_example_basic_dag to 2025-01-25 00:00:00+00:00, run_after=2025-01-26 00:00:00+00:00
[2025-01-26T18:52:08.882+0000] {processor.py:208} INFO - Processing /opt/airflow/dags/simulative_example_basic_dag.py took 0.105 seconds
[2025-01-26T18:52:39.814+0000] {processor.py:186} INFO - Started process (PID=188) to work on /opt/airflow/dags/simulative_example_basic_dag.py
[2025-01-26T18:52:39.816+0000] {processor.py:914} INFO - Processing file /opt/airflow/dags/simulative_example_basic_dag.py for tasks to queue
[2025-01-26T18:52:39.820+0000] {logging_mixin.py:190} INFO - [2025-01-26T18:52:39.820+0000] {dagbag.py:588} INFO - Filling up the DagBag from /opt/airflow/dags/simulative_example_basic_dag.py
[2025-01-26T18:52:39.852+0000] {processor.py:925} INFO - DAG(s) 'simulative_example_basic_dag' retrieved from /opt/airflow/dags/simulative_example_basic_dag.py
[2025-01-26T18:52:39.891+0000] {logging_mixin.py:190} INFO - [2025-01-26T18:52:39.891+0000] {dag.py:3239} INFO - Sync 1 DAGs
[2025-01-26T18:52:39.933+0000] {logging_mixin.py:190} INFO - [2025-01-26T18:52:39.933+0000] {dag.py:4180} INFO - Setting next_dagrun for simulative_example_basic_dag to 2025-01-26 00:00:00+00:00, run_after=2025-01-27 00:00:00+00:00
[2025-01-26T18:52:39.948+0000] {processor.py:208} INFO - Processing /opt/airflow/dags/simulative_example_basic_dag.py took 0.153 seconds
[2025-01-26T18:53:36.156+0000] {processor.py:186} INFO - Started process (PID=48) to work on /opt/airflow/dags/simulative_example_basic_dag.py
[2025-01-26T18:53:36.159+0000] {processor.py:914} INFO - Processing file /opt/airflow/dags/simulative_example_basic_dag.py for tasks to queue
[2025-01-26T18:53:36.163+0000] {logging_mixin.py:190} INFO - [2025-01-26T18:53:36.163+0000] {dagbag.py:588} INFO - Filling up the DagBag from /opt/airflow/dags/simulative_example_basic_dag.py
[2025-01-26T18:53:36.189+0000] {processor.py:925} INFO - DAG(s) 'simulative_example_basic_dag' retrieved from /opt/airflow/dags/simulative_example_basic_dag.py
[2025-01-26T18:53:36.385+0000] {logging_mixin.py:190} INFO - [2025-01-26T18:53:36.385+0000] {override.py:1911} INFO - Created Permission View: can delete on DAG:simulative_example_basic_dag
[2025-01-26T18:53:36.390+0000] {logging_mixin.py:190} INFO - [2025-01-26T18:53:36.390+0000] {override.py:1911} INFO - Created Permission View: can read on DAG:simulative_example_basic_dag
[2025-01-26T18:53:36.394+0000] {logging_mixin.py:190} INFO - [2025-01-26T18:53:36.394+0000] {override.py:1911} INFO - Created Permission View: can edit on DAG:simulative_example_basic_dag
[2025-01-26T18:53:36.397+0000] {logging_mixin.py:190} INFO - [2025-01-26T18:53:36.397+0000] {override.py:1911} INFO - Created Permission View: can delete on DAG Run:simulative_example_basic_dag
[2025-01-26T18:53:36.400+0000] {logging_mixin.py:190} INFO - [2025-01-26T18:53:36.400+0000] {override.py:1911} INFO - Created Permission View: can read on DAG Run:simulative_example_basic_dag
[2025-01-26T18:53:36.403+0000] {logging_mixin.py:190} INFO - [2025-01-26T18:53:36.403+0000] {override.py:1911} INFO - Created Permission View: can create on DAG Run:simulative_example_basic_dag
[2025-01-26T18:53:36.406+0000] {logging_mixin.py:190} INFO - [2025-01-26T18:53:36.406+0000] {override.py:1911} INFO - Created Permission View: menu access on DAG Run:simulative_example_basic_dag
[2025-01-26T18:53:36.407+0000] {logging_mixin.py:190} INFO - [2025-01-26T18:53:36.406+0000] {dag.py:3239} INFO - Sync 1 DAGs
[2025-01-26T18:53:36.415+0000] {logging_mixin.py:190} INFO - [2025-01-26T18:53:36.415+0000] {dag.py:3262} INFO - Creating ORM DAG for simulative_example_basic_dag
[2025-01-26T18:53:36.422+0000] {logging_mixin.py:190} INFO - [2025-01-26T18:53:36.422+0000] {dag.py:4180} INFO - Setting next_dagrun for simulative_example_basic_dag to 2025-01-25 00:00:00+00:00, run_after=2025-01-26 00:00:00+00:00
[2025-01-26T18:53:36.436+0000] {processor.py:208} INFO - Processing /opt/airflow/dags/simulative_example_basic_dag.py took 0.291 seconds
[2025-01-26T18:54:06.642+0000] {processor.py:186} INFO - Started process (PID=118) to work on /opt/airflow/dags/simulative_example_basic_dag.py
[2025-01-26T18:54:06.644+0000] {processor.py:914} INFO - Processing file /opt/airflow/dags/simulative_example_basic_dag.py for tasks to queue
[2025-01-26T18:54:06.649+0000] {logging_mixin.py:190} INFO - [2025-01-26T18:54:06.648+0000] {dagbag.py:588} INFO - Filling up the DagBag from /opt/airflow/dags/simulative_example_basic_dag.py
[2025-01-26T18:54:06.665+0000] {processor.py:925} INFO - DAG(s) 'simulative_example_basic_dag' retrieved from /opt/airflow/dags/simulative_example_basic_dag.py
[2025-01-26T18:54:06.684+0000] {logging_mixin.py:190} INFO - [2025-01-26T18:54:06.684+0000] {dag.py:3239} INFO - Sync 1 DAGs
[2025-01-26T18:54:06.702+0000] {logging_mixin.py:190} INFO - [2025-01-26T18:54:06.702+0000] {dag.py:4180} INFO - Setting next_dagrun for simulative_example_basic_dag to 2025-01-26 00:00:00+00:00, run_after=2025-01-27 00:00:00+00:00
[2025-01-26T18:54:06.715+0000] {processor.py:208} INFO - Processing /opt/airflow/dags/simulative_example_basic_dag.py took 0.088 seconds
[2025-01-26T18:54:37.085+0000] {processor.py:186} INFO - Started process (PID=182) to work on /opt/airflow/dags/simulative_example_basic_dag.py
[2025-01-26T18:54:37.088+0000] {processor.py:914} INFO - Processing file /opt/airflow/dags/simulative_example_basic_dag.py for tasks to queue
[2025-01-26T18:54:37.091+0000] {logging_mixin.py:190} INFO - [2025-01-26T18:54:37.090+0000] {dagbag.py:588} INFO - Filling up the DagBag from /opt/airflow/dags/simulative_example_basic_dag.py
[2025-01-26T18:54:37.103+0000] {processor.py:925} INFO - DAG(s) 'simulative_example_basic_dag' retrieved from /opt/airflow/dags/simulative_example_basic_dag.py
[2025-01-26T18:54:37.126+0000] {logging_mixin.py:190} INFO - [2025-01-26T18:54:37.126+0000] {dag.py:3239} INFO - Sync 1 DAGs
[2025-01-26T18:54:37.143+0000] {logging_mixin.py:190} INFO - [2025-01-26T18:54:37.143+0000] {dag.py:4180} INFO - Setting next_dagrun for simulative_example_basic_dag to 2025-01-26 00:00:00+00:00, run_after=2025-01-27 00:00:00+00:00
[2025-01-26T18:54:37.158+0000] {processor.py:208} INFO - Processing /opt/airflow/dags/simulative_example_basic_dag.py took 0.080 seconds
[2025-01-26T18:55:07.371+0000] {processor.py:186} INFO - Started process (PID=245) to work on /opt/airflow/dags/simulative_example_basic_dag.py
[2025-01-26T18:55:07.374+0000] {processor.py:914} INFO - Processing file /opt/airflow/dags/simulative_example_basic_dag.py for tasks to queue
[2025-01-26T18:55:07.379+0000] {logging_mixin.py:190} INFO - [2025-01-26T18:55:07.379+0000] {dagbag.py:588} INFO - Filling up the DagBag from /opt/airflow/dags/simulative_example_basic_dag.py
[2025-01-26T18:55:07.402+0000] {processor.py:925} INFO - DAG(s) 'simulative_example_basic_dag' retrieved from /opt/airflow/dags/simulative_example_basic_dag.py
[2025-01-26T18:55:07.435+0000] {logging_mixin.py:190} INFO - [2025-01-26T18:55:07.435+0000] {dag.py:3239} INFO - Sync 1 DAGs
[2025-01-26T18:55:07.460+0000] {logging_mixin.py:190} INFO - [2025-01-26T18:55:07.459+0000] {dag.py:4180} INFO - Setting next_dagrun for simulative_example_basic_dag to 2025-01-26 00:00:00+00:00, run_after=2025-01-27 00:00:00+00:00
[2025-01-26T18:55:07.472+0000] {processor.py:208} INFO - Processing /opt/airflow/dags/simulative_example_basic_dag.py took 0.112 seconds
[2025-01-26T18:55:37.644+0000] {processor.py:186} INFO - Started process (PID=309) to work on /opt/airflow/dags/simulative_example_basic_dag.py
[2025-01-26T18:55:37.647+0000] {processor.py:914} INFO - Processing file /opt/airflow/dags/simulative_example_basic_dag.py for tasks to queue
[2025-01-26T18:55:37.653+0000] {logging_mixin.py:190} INFO - [2025-01-26T18:55:37.652+0000] {dagbag.py:588} INFO - Filling up the DagBag from /opt/airflow/dags/simulative_example_basic_dag.py
[2025-01-26T18:55:37.680+0000] {processor.py:925} INFO - DAG(s) 'simulative_example_basic_dag' retrieved from /opt/airflow/dags/simulative_example_basic_dag.py
[2025-01-26T18:55:37.704+0000] {logging_mixin.py:190} INFO - [2025-01-26T18:55:37.704+0000] {dag.py:3239} INFO - Sync 1 DAGs
[2025-01-26T18:55:37.727+0000] {logging_mixin.py:190} INFO - [2025-01-26T18:55:37.727+0000] {dag.py:4180} INFO - Setting next_dagrun for simulative_example_basic_dag to 2025-01-26 00:00:00+00:00, run_after=2025-01-27 00:00:00+00:00
[2025-01-26T18:55:37.745+0000] {processor.py:208} INFO - Processing /opt/airflow/dags/simulative_example_basic_dag.py took 0.122 seconds
[2025-01-26T18:56:08.218+0000] {processor.py:186} INFO - Started process (PID=379) to work on /opt/airflow/dags/simulative_example_basic_dag.py
[2025-01-26T18:56:08.222+0000] {processor.py:914} INFO - Processing file /opt/airflow/dags/simulative_example_basic_dag.py for tasks to queue
[2025-01-26T18:56:08.230+0000] {logging_mixin.py:190} INFO - [2025-01-26T18:56:08.228+0000] {dagbag.py:588} INFO - Filling up the DagBag from /opt/airflow/dags/simulative_example_basic_dag.py
[2025-01-26T18:56:08.247+0000] {processor.py:925} INFO - DAG(s) 'simulative_example_basic_dag' retrieved from /opt/airflow/dags/simulative_example_basic_dag.py
[2025-01-26T18:56:08.282+0000] {logging_mixin.py:190} INFO - [2025-01-26T18:56:08.282+0000] {dag.py:3239} INFO - Sync 1 DAGs
[2025-01-26T18:56:08.302+0000] {logging_mixin.py:190} INFO - [2025-01-26T18:56:08.302+0000] {dag.py:4180} INFO - Setting next_dagrun for simulative_example_basic_dag to 2025-01-26 00:00:00+00:00, run_after=2025-01-27 00:00:00+00:00
[2025-01-26T18:56:08.317+0000] {processor.py:208} INFO - Processing /opt/airflow/dags/simulative_example_basic_dag.py took 0.119 seconds
[2025-01-26T18:56:36.389+0000] {processor.py:186} INFO - Started process (PID=437) to work on /opt/airflow/dags/simulative_example_basic_dag.py
[2025-01-26T18:56:36.393+0000] {processor.py:914} INFO - Processing file /opt/airflow/dags/simulative_example_basic_dag.py for tasks to queue
[2025-01-26T18:56:36.406+0000] {logging_mixin.py:190} INFO - [2025-01-26T18:56:36.404+0000] {dagbag.py:588} INFO - Filling up the DagBag from /opt/airflow/dags/simulative_example_basic_dag.py
[2025-01-26T18:56:36.439+0000] {processor.py:925} INFO - DAG(s) 'simulative_example_basic_dag' retrieved from /opt/airflow/dags/simulative_example_basic_dag.py
[2025-01-26T18:56:36.612+0000] {logging_mixin.py:190} INFO - [2025-01-26T18:56:36.612+0000] {dag.py:3239} INFO - Sync 1 DAGs
[2025-01-26T18:56:36.634+0000] {logging_mixin.py:190} INFO - [2025-01-26T18:56:36.633+0000] {dag.py:4180} INFO - Setting next_dagrun for simulative_example_basic_dag to 2025-01-26 00:00:00+00:00, run_after=2025-01-27 00:00:00+00:00
[2025-01-26T18:56:36.649+0000] {processor.py:208} INFO - Processing /opt/airflow/dags/simulative_example_basic_dag.py took 0.277 seconds
[2025-01-26T18:57:07.456+0000] {processor.py:186} INFO - Started process (PID=501) to work on /opt/airflow/dags/simulative_example_basic_dag.py
[2025-01-26T18:57:07.458+0000] {processor.py:914} INFO - Processing file /opt/airflow/dags/simulative_example_basic_dag.py for tasks to queue
[2025-01-26T18:57:07.464+0000] {logging_mixin.py:190} INFO - [2025-01-26T18:57:07.463+0000] {dagbag.py:588} INFO - Filling up the DagBag from /opt/airflow/dags/simulative_example_basic_dag.py
[2025-01-26T18:57:07.501+0000] {processor.py:925} INFO - DAG(s) 'simulative_example_basic_dag' retrieved from /opt/airflow/dags/simulative_example_basic_dag.py
[2025-01-26T18:57:07.531+0000] {logging_mixin.py:190} INFO - [2025-01-26T18:57:07.530+0000] {dag.py:3239} INFO - Sync 1 DAGs
[2025-01-26T18:57:07.569+0000] {logging_mixin.py:190} INFO - [2025-01-26T18:57:07.569+0000] {dag.py:4180} INFO - Setting next_dagrun for simulative_example_basic_dag to 2025-01-26 00:00:00+00:00, run_after=2025-01-27 00:00:00+00:00
[2025-01-26T18:57:07.594+0000] {processor.py:208} INFO - Processing /opt/airflow/dags/simulative_example_basic_dag.py took 0.150 seconds
[2025-01-26T18:57:38.069+0000] {processor.py:186} INFO - Started process (PID=565) to work on /opt/airflow/dags/simulative_example_basic_dag.py
[2025-01-26T18:57:38.074+0000] {processor.py:914} INFO - Processing file /opt/airflow/dags/simulative_example_basic_dag.py for tasks to queue
[2025-01-26T18:57:38.079+0000] {logging_mixin.py:190} INFO - [2025-01-26T18:57:38.078+0000] {dagbag.py:588} INFO - Filling up the DagBag from /opt/airflow/dags/simulative_example_basic_dag.py
[2025-01-26T18:57:38.120+0000] {processor.py:925} INFO - DAG(s) 'simulative_example_basic_dag' retrieved from /opt/airflow/dags/simulative_example_basic_dag.py
[2025-01-26T18:57:38.144+0000] {logging_mixin.py:190} INFO - [2025-01-26T18:57:38.144+0000] {dag.py:3239} INFO - Sync 1 DAGs
[2025-01-26T18:57:38.171+0000] {logging_mixin.py:190} INFO - [2025-01-26T18:57:38.171+0000] {dag.py:4180} INFO - Setting next_dagrun for simulative_example_basic_dag to 2025-01-26 00:00:00+00:00, run_after=2025-01-27 00:00:00+00:00
[2025-01-26T18:57:38.188+0000] {processor.py:208} INFO - Processing /opt/airflow/dags/simulative_example_basic_dag.py took 0.131 seconds
[2025-01-26T18:57:47.590+0000] {processor.py:186} INFO - Started process (PID=580) to work on /opt/airflow/dags/simulative_example_basic_dag.py
[2025-01-26T18:57:47.592+0000] {processor.py:914} INFO - Processing file /opt/airflow/dags/simulative_example_basic_dag.py for tasks to queue
[2025-01-26T18:57:47.601+0000] {logging_mixin.py:190} INFO - [2025-01-26T18:57:47.600+0000] {dagbag.py:588} INFO - Filling up the DagBag from /opt/airflow/dags/simulative_example_basic_dag.py
[2025-01-26T18:57:47.629+0000] {processor.py:925} INFO - DAG(s) 'simulative_example_basic_dag' retrieved from /opt/airflow/dags/simulative_example_basic_dag.py
[2025-01-26T18:57:47.680+0000] {logging_mixin.py:190} INFO - [2025-01-26T18:57:47.680+0000] {dag.py:3239} INFO - Sync 1 DAGs
[2025-01-26T18:57:47.715+0000] {logging_mixin.py:190} INFO - [2025-01-26T18:57:47.714+0000] {dag.py:4180} INFO - Setting next_dagrun for simulative_example_basic_dag to 2025-01-26 00:00:00+00:00, run_after=2025-01-27 00:00:00+00:00
[2025-01-26T18:57:47.730+0000] {processor.py:208} INFO - Processing /opt/airflow/dags/simulative_example_basic_dag.py took 0.155 seconds
[2025-01-26T18:58:18.511+0000] {processor.py:186} INFO - Started process (PID=644) to work on /opt/airflow/dags/simulative_example_basic_dag.py
[2025-01-26T18:58:18.512+0000] {processor.py:914} INFO - Processing file /opt/airflow/dags/simulative_example_basic_dag.py for tasks to queue
[2025-01-26T18:58:18.517+0000] {logging_mixin.py:190} INFO - [2025-01-26T18:58:18.516+0000] {dagbag.py:588} INFO - Filling up the DagBag from /opt/airflow/dags/simulative_example_basic_dag.py
[2025-01-26T18:58:18.535+0000] {processor.py:925} INFO - DAG(s) 'simulative_example_basic_dag' retrieved from /opt/airflow/dags/simulative_example_basic_dag.py
[2025-01-26T18:58:18.569+0000] {logging_mixin.py:190} INFO - [2025-01-26T18:58:18.568+0000] {dag.py:3239} INFO - Sync 1 DAGs
[2025-01-26T18:58:18.591+0000] {logging_mixin.py:190} INFO - [2025-01-26T18:58:18.590+0000] {dag.py:4180} INFO - Setting next_dagrun for simulative_example_basic_dag to 2025-01-26 00:00:00+00:00, run_after=2025-01-27 00:00:00+00:00
[2025-01-26T18:58:18.604+0000] {processor.py:208} INFO - Processing /opt/airflow/dags/simulative_example_basic_dag.py took 0.111 seconds
[2025-01-26T18:58:48.904+0000] {processor.py:186} INFO - Started process (PID=708) to work on /opt/airflow/dags/simulative_example_basic_dag.py
[2025-01-26T18:58:48.906+0000] {processor.py:914} INFO - Processing file /opt/airflow/dags/simulative_example_basic_dag.py for tasks to queue
[2025-01-26T18:58:48.908+0000] {logging_mixin.py:190} INFO - [2025-01-26T18:58:48.908+0000] {dagbag.py:588} INFO - Filling up the DagBag from /opt/airflow/dags/simulative_example_basic_dag.py
[2025-01-26T18:58:48.921+0000] {processor.py:925} INFO - DAG(s) 'simulative_example_basic_dag' retrieved from /opt/airflow/dags/simulative_example_basic_dag.py
[2025-01-26T18:58:48.941+0000] {logging_mixin.py:190} INFO - [2025-01-26T18:58:48.940+0000] {dag.py:3239} INFO - Sync 1 DAGs
[2025-01-26T18:58:48.954+0000] {logging_mixin.py:190} INFO - [2025-01-26T18:58:48.954+0000] {dag.py:4180} INFO - Setting next_dagrun for simulative_example_basic_dag to 2025-01-26 00:00:00+00:00, run_after=2025-01-27 00:00:00+00:00
[2025-01-26T18:58:48.963+0000] {processor.py:208} INFO - Processing /opt/airflow/dags/simulative_example_basic_dag.py took 0.065 seconds
[2025-01-26T18:59:19.192+0000] {processor.py:186} INFO - Started process (PID=772) to work on /opt/airflow/dags/simulative_example_basic_dag.py
[2025-01-26T18:59:19.194+0000] {processor.py:914} INFO - Processing file /opt/airflow/dags/simulative_example_basic_dag.py for tasks to queue
[2025-01-26T18:59:19.195+0000] {logging_mixin.py:190} INFO - [2025-01-26T18:59:19.195+0000] {dagbag.py:588} INFO - Filling up the DagBag from /opt/airflow/dags/simulative_example_basic_dag.py
[2025-01-26T18:59:19.203+0000] {processor.py:925} INFO - DAG(s) 'simulative_example_basic_dag' retrieved from /opt/airflow/dags/simulative_example_basic_dag.py
[2025-01-26T18:59:19.215+0000] {logging_mixin.py:190} INFO - [2025-01-26T18:59:19.215+0000] {dag.py:3239} INFO - Sync 1 DAGs
[2025-01-26T18:59:19.227+0000] {logging_mixin.py:190} INFO - [2025-01-26T18:59:19.227+0000] {dag.py:4180} INFO - Setting next_dagrun for simulative_example_basic_dag to 2025-01-26 00:00:00+00:00, run_after=2025-01-27 00:00:00+00:00
[2025-01-26T18:59:19.236+0000] {processor.py:208} INFO - Processing /opt/airflow/dags/simulative_example_basic_dag.py took 0.048 seconds
[2025-01-26T18:59:50.000+0000] {processor.py:186} INFO - Started process (PID=836) to work on /opt/airflow/dags/simulative_example_basic_dag.py
[2025-01-26T18:59:50.001+0000] {processor.py:914} INFO - Processing file /opt/airflow/dags/simulative_example_basic_dag.py for tasks to queue
[2025-01-26T18:59:50.003+0000] {logging_mixin.py:190} INFO - [2025-01-26T18:59:50.002+0000] {dagbag.py:588} INFO - Filling up the DagBag from /opt/airflow/dags/simulative_example_basic_dag.py
[2025-01-26T18:59:50.012+0000] {processor.py:925} INFO - DAG(s) 'simulative_example_basic_dag' retrieved from /opt/airflow/dags/simulative_example_basic_dag.py
[2025-01-26T18:59:50.029+0000] {logging_mixin.py:190} INFO - [2025-01-26T18:59:50.029+0000] {dag.py:3239} INFO - Sync 1 DAGs
[2025-01-26T18:59:50.044+0000] {logging_mixin.py:190} INFO - [2025-01-26T18:59:50.044+0000] {dag.py:4180} INFO - Setting next_dagrun for simulative_example_basic_dag to 2025-01-26 00:00:00+00:00, run_after=2025-01-27 00:00:00+00:00
[2025-01-26T18:59:50.054+0000] {processor.py:208} INFO - Processing /opt/airflow/dags/simulative_example_basic_dag.py took 0.057 seconds
[2025-01-26T19:00:20.982+0000] {processor.py:186} INFO - Started process (PID=900) to work on /opt/airflow/dags/simulative_example_basic_dag.py
[2025-01-26T19:00:20.983+0000] {processor.py:914} INFO - Processing file /opt/airflow/dags/simulative_example_basic_dag.py for tasks to queue
[2025-01-26T19:00:20.987+0000] {logging_mixin.py:190} INFO - [2025-01-26T19:00:20.986+0000] {dagbag.py:588} INFO - Filling up the DagBag from /opt/airflow/dags/simulative_example_basic_dag.py
[2025-01-26T19:00:21.007+0000] {processor.py:925} INFO - DAG(s) 'simulative_example_basic_dag' retrieved from /opt/airflow/dags/simulative_example_basic_dag.py
[2025-01-26T19:00:21.022+0000] {logging_mixin.py:190} INFO - [2025-01-26T19:00:21.021+0000] {dag.py:3239} INFO - Sync 1 DAGs
[2025-01-26T19:00:21.034+0000] {logging_mixin.py:190} INFO - [2025-01-26T19:00:21.034+0000] {dag.py:4180} INFO - Setting next_dagrun for simulative_example_basic_dag to 2025-01-26 00:00:00+00:00, run_after=2025-01-27 00:00:00+00:00
[2025-01-26T19:00:21.042+0000] {processor.py:208} INFO - Processing /opt/airflow/dags/simulative_example_basic_dag.py took 0.071 seconds
[2025-01-26T19:00:51.612+0000] {processor.py:186} INFO - Started process (PID=964) to work on /opt/airflow/dags/simulative_example_basic_dag.py
[2025-01-26T19:00:51.613+0000] {processor.py:914} INFO - Processing file /opt/airflow/dags/simulative_example_basic_dag.py for tasks to queue
[2025-01-26T19:00:51.616+0000] {logging_mixin.py:190} INFO - [2025-01-26T19:00:51.616+0000] {dagbag.py:588} INFO - Filling up the DagBag from /opt/airflow/dags/simulative_example_basic_dag.py
[2025-01-26T19:00:51.634+0000] {processor.py:925} INFO - DAG(s) 'simulative_example_basic_dag' retrieved from /opt/airflow/dags/simulative_example_basic_dag.py
[2025-01-26T19:00:51.650+0000] {logging_mixin.py:190} INFO - [2025-01-26T19:00:51.650+0000] {dag.py:3239} INFO - Sync 1 DAGs
[2025-01-26T19:00:51.663+0000] {logging_mixin.py:190} INFO - [2025-01-26T19:00:51.663+0000] {dag.py:4180} INFO - Setting next_dagrun for simulative_example_basic_dag to 2025-01-26 00:00:00+00:00, run_after=2025-01-27 00:00:00+00:00
[2025-01-26T19:00:51.672+0000] {processor.py:208} INFO - Processing /opt/airflow/dags/simulative_example_basic_dag.py took 0.072 seconds
[2025-01-26T19:01:22.261+0000] {processor.py:186} INFO - Started process (PID=1028) to work on /opt/airflow/dags/simulative_example_basic_dag.py
[2025-01-26T19:01:22.264+0000] {processor.py:914} INFO - Processing file /opt/airflow/dags/simulative_example_basic_dag.py for tasks to queue
[2025-01-26T19:01:22.272+0000] {logging_mixin.py:190} INFO - [2025-01-26T19:01:22.272+0000] {dagbag.py:588} INFO - Filling up the DagBag from /opt/airflow/dags/simulative_example_basic_dag.py
[2025-01-26T19:01:22.306+0000] {processor.py:925} INFO - DAG(s) 'simulative_example_basic_dag' retrieved from /opt/airflow/dags/simulative_example_basic_dag.py
[2025-01-26T19:01:22.338+0000] {logging_mixin.py:190} INFO - [2025-01-26T19:01:22.338+0000] {dag.py:3239} INFO - Sync 1 DAGs
[2025-01-26T19:01:22.365+0000] {logging_mixin.py:190} INFO - [2025-01-26T19:01:22.365+0000] {dag.py:4180} INFO - Setting next_dagrun for simulative_example_basic_dag to 2025-01-26 00:00:00+00:00, run_after=2025-01-27 00:00:00+00:00
[2025-01-26T19:01:22.378+0000] {processor.py:208} INFO - Processing /opt/airflow/dags/simulative_example_basic_dag.py took 0.129 seconds
[2025-01-26T19:01:52.974+0000] {processor.py:186} INFO - Started process (PID=1092) to work on /opt/airflow/dags/simulative_example_basic_dag.py
[2025-01-26T19:01:52.977+0000] {processor.py:914} INFO - Processing file /opt/airflow/dags/simulative_example_basic_dag.py for tasks to queue
[2025-01-26T19:01:52.979+0000] {logging_mixin.py:190} INFO - [2025-01-26T19:01:52.979+0000] {dagbag.py:588} INFO - Filling up the DagBag from /opt/airflow/dags/simulative_example_basic_dag.py
[2025-01-26T19:01:52.995+0000] {processor.py:925} INFO - DAG(s) 'simulative_example_basic_dag' retrieved from /opt/airflow/dags/simulative_example_basic_dag.py
[2025-01-26T19:01:53.018+0000] {logging_mixin.py:190} INFO - [2025-01-26T19:01:53.018+0000] {dag.py:3239} INFO - Sync 1 DAGs
[2025-01-26T19:01:53.034+0000] {logging_mixin.py:190} INFO - [2025-01-26T19:01:53.034+0000] {dag.py:4180} INFO - Setting next_dagrun for simulative_example_basic_dag to 2025-01-26 00:00:00+00:00, run_after=2025-01-27 00:00:00+00:00
[2025-01-26T19:01:53.051+0000] {processor.py:208} INFO - Processing /opt/airflow/dags/simulative_example_basic_dag.py took 0.086 seconds
[2025-01-26T19:01:57.038+0000] {processor.py:186} INFO - Started process (PID=1093) to work on /opt/airflow/dags/simulative_example_basic_dag.py
[2025-01-26T19:01:57.039+0000] {processor.py:914} INFO - Processing file /opt/airflow/dags/simulative_example_basic_dag.py for tasks to queue
[2025-01-26T19:01:57.041+0000] {logging_mixin.py:190} INFO - [2025-01-26T19:01:57.040+0000] {dagbag.py:588} INFO - Filling up the DagBag from /opt/airflow/dags/simulative_example_basic_dag.py
[2025-01-26T19:01:57.059+0000] {processor.py:925} INFO - DAG(s) 'simulative_example_basic_dag' retrieved from /opt/airflow/dags/simulative_example_basic_dag.py
[2025-01-26T19:01:57.079+0000] {logging_mixin.py:190} INFO - [2025-01-26T19:01:57.079+0000] {dag.py:3239} INFO - Sync 1 DAGs
[2025-01-26T19:01:57.097+0000] {logging_mixin.py:190} INFO - [2025-01-26T19:01:57.097+0000] {dag.py:4180} INFO - Setting next_dagrun for simulative_example_basic_dag to 2025-01-26 00:00:00+00:00, run_after=2025-01-27 00:00:00+00:00
[2025-01-26T19:01:57.110+0000] {processor.py:208} INFO - Processing /opt/airflow/dags/simulative_example_basic_dag.py took 0.077 seconds
[2025-01-26T19:02:27.959+0000] {processor.py:186} INFO - Started process (PID=1157) to work on /opt/airflow/dags/simulative_example_basic_dag.py
[2025-01-26T19:02:27.961+0000] {processor.py:914} INFO - Processing file /opt/airflow/dags/simulative_example_basic_dag.py for tasks to queue
[2025-01-26T19:02:27.964+0000] {logging_mixin.py:190} INFO - [2025-01-26T19:02:27.964+0000] {dagbag.py:588} INFO - Filling up the DagBag from /opt/airflow/dags/simulative_example_basic_dag.py
[2025-01-26T19:02:27.980+0000] {processor.py:925} INFO - DAG(s) 'simulative_example_basic_dag' retrieved from /opt/airflow/dags/simulative_example_basic_dag.py
[2025-01-26T19:02:28.001+0000] {logging_mixin.py:190} INFO - [2025-01-26T19:02:28.001+0000] {dag.py:3239} INFO - Sync 1 DAGs
[2025-01-26T19:02:28.029+0000] {logging_mixin.py:190} INFO - [2025-01-26T19:02:28.029+0000] {dag.py:4180} INFO - Setting next_dagrun for simulative_example_basic_dag to 2025-01-26 00:00:00+00:00, run_after=2025-01-27 00:00:00+00:00
[2025-01-26T19:02:28.063+0000] {processor.py:208} INFO - Processing /opt/airflow/dags/simulative_example_basic_dag.py took 0.118 seconds
[2025-01-26T19:02:47.039+0000] {processor.py:186} INFO - Started process (PID=1212) to work on /opt/airflow/dags/simulative_example_basic_dag.py
[2025-01-26T19:02:47.040+0000] {processor.py:914} INFO - Processing file /opt/airflow/dags/simulative_example_basic_dag.py for tasks to queue
[2025-01-26T19:02:47.045+0000] {logging_mixin.py:190} INFO - [2025-01-26T19:02:47.044+0000] {dagbag.py:588} INFO - Filling up the DagBag from /opt/airflow/dags/simulative_example_basic_dag.py
[2025-01-26T19:02:47.074+0000] {processor.py:925} INFO - DAG(s) 'simulative_example_basic_dag' retrieved from /opt/airflow/dags/simulative_example_basic_dag.py
[2025-01-26T19:02:47.095+0000] {logging_mixin.py:190} INFO - [2025-01-26T19:02:47.095+0000] {dag.py:3239} INFO - Sync 1 DAGs
[2025-01-26T19:02:47.120+0000] {logging_mixin.py:190} INFO - [2025-01-26T19:02:47.120+0000] {dag.py:4180} INFO - Setting next_dagrun for simulative_example_basic_dag to 2025-01-26 00:00:00+00:00, run_after=2025-01-27 00:00:00+00:00
[2025-01-26T19:02:47.137+0000] {processor.py:208} INFO - Processing /opt/airflow/dags/simulative_example_basic_dag.py took 0.107 seconds
[2025-01-26T19:03:17.473+0000] {processor.py:186} INFO - Started process (PID=1276) to work on /opt/airflow/dags/simulative_example_basic_dag.py
[2025-01-26T19:03:17.474+0000] {processor.py:914} INFO - Processing file /opt/airflow/dags/simulative_example_basic_dag.py for tasks to queue
[2025-01-26T19:03:17.479+0000] {logging_mixin.py:190} INFO - [2025-01-26T19:03:17.479+0000] {dagbag.py:588} INFO - Filling up the DagBag from /opt/airflow/dags/simulative_example_basic_dag.py
[2025-01-26T19:03:17.495+0000] {processor.py:925} INFO - DAG(s) 'simulative_example_basic_dag' retrieved from /opt/airflow/dags/simulative_example_basic_dag.py
[2025-01-26T19:03:17.515+0000] {logging_mixin.py:190} INFO - [2025-01-26T19:03:17.514+0000] {dag.py:3239} INFO - Sync 1 DAGs
[2025-01-26T19:03:17.532+0000] {logging_mixin.py:190} INFO - [2025-01-26T19:03:17.532+0000] {dag.py:4180} INFO - Setting next_dagrun for simulative_example_basic_dag to 2025-01-26 00:00:00+00:00, run_after=2025-01-27 00:00:00+00:00
[2025-01-26T19:03:17.548+0000] {processor.py:208} INFO - Processing /opt/airflow/dags/simulative_example_basic_dag.py took 0.085 seconds
[2025-01-26T19:03:48.207+0000] {processor.py:186} INFO - Started process (PID=1340) to work on /opt/airflow/dags/simulative_example_basic_dag.py
[2025-01-26T19:03:48.209+0000] {processor.py:914} INFO - Processing file /opt/airflow/dags/simulative_example_basic_dag.py for tasks to queue
[2025-01-26T19:03:48.220+0000] {logging_mixin.py:190} INFO - [2025-01-26T19:03:48.219+0000] {dagbag.py:588} INFO - Filling up the DagBag from /opt/airflow/dags/simulative_example_basic_dag.py
[2025-01-26T19:03:48.256+0000] {processor.py:925} INFO - DAG(s) 'simulative_example_basic_dag' retrieved from /opt/airflow/dags/simulative_example_basic_dag.py
[2025-01-26T19:03:48.321+0000] {logging_mixin.py:190} INFO - [2025-01-26T19:03:48.321+0000] {dag.py:3239} INFO - Sync 1 DAGs
[2025-01-26T19:03:48.360+0000] {logging_mixin.py:190} INFO - [2025-01-26T19:03:48.360+0000] {dag.py:4180} INFO - Setting next_dagrun for simulative_example_basic_dag to 2025-01-26 00:00:00+00:00, run_after=2025-01-27 00:00:00+00:00
[2025-01-26T19:03:48.380+0000] {processor.py:208} INFO - Processing /opt/airflow/dags/simulative_example_basic_dag.py took 0.196 seconds
[2025-01-26T19:03:52.639+0000] {processor.py:186} INFO - Started process (PID=1349) to work on /opt/airflow/dags/simulative_example_basic_dag.py
[2025-01-26T19:03:52.641+0000] {processor.py:914} INFO - Processing file /opt/airflow/dags/simulative_example_basic_dag.py for tasks to queue
[2025-01-26T19:03:52.649+0000] {logging_mixin.py:190} INFO - [2025-01-26T19:03:52.648+0000] {dagbag.py:588} INFO - Filling up the DagBag from /opt/airflow/dags/simulative_example_basic_dag.py
[2025-01-26T19:03:52.660+0000] {processor.py:925} INFO - DAG(s) 'simulative_example_basic_dag' retrieved from /opt/airflow/dags/simulative_example_basic_dag.py
[2025-01-26T19:03:52.677+0000] {logging_mixin.py:190} INFO - [2025-01-26T19:03:52.677+0000] {dag.py:3239} INFO - Sync 1 DAGs
[2025-01-26T19:03:52.689+0000] {logging_mixin.py:190} INFO - [2025-01-26T19:03:52.689+0000] {dag.py:4180} INFO - Setting next_dagrun for simulative_example_basic_dag to 2025-01-26 00:00:00+00:00, run_after=2025-01-27 00:00:00+00:00
[2025-01-26T19:03:52.699+0000] {processor.py:208} INFO - Processing /opt/airflow/dags/simulative_example_basic_dag.py took 0.068 seconds
[2025-01-26T19:04:18.577+0000] {processor.py:186} INFO - Started process (PID=1405) to work on /opt/airflow/dags/simulative_example_basic_dag.py
[2025-01-26T19:04:18.578+0000] {processor.py:914} INFO - Processing file /opt/airflow/dags/simulative_example_basic_dag.py for tasks to queue
[2025-01-26T19:04:18.586+0000] {logging_mixin.py:190} INFO - [2025-01-26T19:04:18.585+0000] {dagbag.py:588} INFO - Filling up the DagBag from /opt/airflow/dags/simulative_example_basic_dag.py
[2025-01-26T19:04:18.608+0000] {processor.py:925} INFO - DAG(s) 'simulative_example_basic_dag' retrieved from /opt/airflow/dags/simulative_example_basic_dag.py
[2025-01-26T19:04:18.629+0000] {logging_mixin.py:190} INFO - [2025-01-26T19:04:18.629+0000] {dag.py:3239} INFO - Sync 1 DAGs
[2025-01-26T19:04:18.659+0000] {logging_mixin.py:190} INFO - [2025-01-26T19:04:18.659+0000] {dag.py:4180} INFO - Setting next_dagrun for simulative_example_basic_dag to 2025-01-26 00:00:00+00:00, run_after=2025-01-27 00:00:00+00:00
[2025-01-26T19:04:18.677+0000] {processor.py:208} INFO - Processing /opt/airflow/dags/simulative_example_basic_dag.py took 0.107 seconds
[2025-01-26T19:04:49.370+0000] {processor.py:186} INFO - Started process (PID=1469) to work on /opt/airflow/dags/simulative_example_basic_dag.py
[2025-01-26T19:04:49.371+0000] {processor.py:914} INFO - Processing file /opt/airflow/dags/simulative_example_basic_dag.py for tasks to queue
[2025-01-26T19:04:49.375+0000] {logging_mixin.py:190} INFO - [2025-01-26T19:04:49.375+0000] {dagbag.py:588} INFO - Filling up the DagBag from /opt/airflow/dags/simulative_example_basic_dag.py
[2025-01-26T19:04:49.392+0000] {processor.py:925} INFO - DAG(s) 'simulative_example_basic_dag' retrieved from /opt/airflow/dags/simulative_example_basic_dag.py
[2025-01-26T19:04:49.409+0000] {logging_mixin.py:190} INFO - [2025-01-26T19:04:49.409+0000] {dag.py:3239} INFO - Sync 1 DAGs
[2025-01-26T19:04:49.428+0000] {logging_mixin.py:190} INFO - [2025-01-26T19:04:49.428+0000] {dag.py:4180} INFO - Setting next_dagrun for simulative_example_basic_dag to 2025-01-26 00:00:00+00:00, run_after=2025-01-27 00:00:00+00:00
[2025-01-26T19:04:49.442+0000] {processor.py:208} INFO - Processing /opt/airflow/dags/simulative_example_basic_dag.py took 0.084 seconds
[2025-01-26T19:05:12.955+0000] {processor.py:186} INFO - Started process (PID=1533) to work on /opt/airflow/dags/simulative_example_basic_dag.py
[2025-01-26T19:05:12.958+0000] {processor.py:914} INFO - Processing file /opt/airflow/dags/simulative_example_basic_dag.py for tasks to queue
[2025-01-26T19:05:12.962+0000] {logging_mixin.py:190} INFO - [2025-01-26T19:05:12.962+0000] {dagbag.py:588} INFO - Filling up the DagBag from /opt/airflow/dags/simulative_example_basic_dag.py
[2025-01-26T19:05:12.989+0000] {processor.py:925} INFO - DAG(s) 'simulative_example_basic_dag' retrieved from /opt/airflow/dags/simulative_example_basic_dag.py
[2025-01-26T19:05:13.032+0000] {logging_mixin.py:190} INFO - [2025-01-26T19:05:13.032+0000] {dag.py:3239} INFO - Sync 1 DAGs
[2025-01-26T19:05:13.074+0000] {logging_mixin.py:190} INFO - [2025-01-26T19:05:13.074+0000] {dag.py:4180} INFO - Setting next_dagrun for simulative_example_basic_dag to 2025-01-26 00:00:00+00:00, run_after=2025-01-27 00:00:00+00:00
[2025-01-26T19:05:13.088+0000] {processor.py:208} INFO - Processing /opt/airflow/dags/simulative_example_basic_dag.py took 0.148 seconds
[2025-01-26T19:05:43.673+0000] {processor.py:186} INFO - Started process (PID=1597) to work on /opt/airflow/dags/simulative_example_basic_dag.py
[2025-01-26T19:05:43.674+0000] {processor.py:914} INFO - Processing file /opt/airflow/dags/simulative_example_basic_dag.py for tasks to queue
[2025-01-26T19:05:43.677+0000] {logging_mixin.py:190} INFO - [2025-01-26T19:05:43.677+0000] {dagbag.py:588} INFO - Filling up the DagBag from /opt/airflow/dags/simulative_example_basic_dag.py
[2025-01-26T19:05:43.692+0000] {processor.py:925} INFO - DAG(s) 'simulative_example_basic_dag' retrieved from /opt/airflow/dags/simulative_example_basic_dag.py
[2025-01-26T19:05:43.711+0000] {logging_mixin.py:190} INFO - [2025-01-26T19:05:43.711+0000] {dag.py:3239} INFO - Sync 1 DAGs
[2025-01-26T19:05:43.725+0000] {logging_mixin.py:190} INFO - [2025-01-26T19:05:43.725+0000] {dag.py:4180} INFO - Setting next_dagrun for simulative_example_basic_dag to 2025-01-26 00:00:00+00:00, run_after=2025-01-27 00:00:00+00:00
[2025-01-26T19:05:43.734+0000] {processor.py:208} INFO - Processing /opt/airflow/dags/simulative_example_basic_dag.py took 0.068 seconds
[2025-01-26T19:06:14.505+0000] {processor.py:186} INFO - Started process (PID=1661) to work on /opt/airflow/dags/simulative_example_basic_dag.py
[2025-01-26T19:06:14.510+0000] {processor.py:914} INFO - Processing file /opt/airflow/dags/simulative_example_basic_dag.py for tasks to queue
[2025-01-26T19:06:14.522+0000] {logging_mixin.py:190} INFO - [2025-01-26T19:06:14.520+0000] {dagbag.py:588} INFO - Filling up the DagBag from /opt/airflow/dags/simulative_example_basic_dag.py
[2025-01-26T19:06:14.563+0000] {processor.py:925} INFO - DAG(s) 'simulative_example_basic_dag' retrieved from /opt/airflow/dags/simulative_example_basic_dag.py
[2025-01-26T19:06:14.603+0000] {logging_mixin.py:190} INFO - [2025-01-26T19:06:14.603+0000] {dag.py:3239} INFO - Sync 1 DAGs
[2025-01-26T19:06:14.629+0000] {logging_mixin.py:190} INFO - [2025-01-26T19:06:14.629+0000] {dag.py:4180} INFO - Setting next_dagrun for simulative_example_basic_dag to 2025-01-26 00:00:00+00:00, run_after=2025-01-27 00:00:00+00:00
[2025-01-26T19:06:14.645+0000] {processor.py:208} INFO - Processing /opt/airflow/dags/simulative_example_basic_dag.py took 0.158 seconds
